34.0 APEX_CODE,FINEST;APEX_PROFILING,INFO;CALLOUT,INFO;DB,INFO;NBA,INFO;SYSTEM,DEBUG;VALIDATION,INFO;VISUALFORCE,INFO;WAVE,INFO;WORKFLOW,INFO
12:08:58.0 (452885)|USER_INFO|[EXTERNAL]|0051H000008yiOQ|pavel@topengineer.io|Pacific Standard Time|GMT-07:00
12:08:58.0 (532885)|EXECUTION_STARTED
12:08:58.0 (539205)|CODE_UNIT_STARTED|[EXTERNAL]|0661H000002ugfO|VF: /apex/CustomerEvangelist
12:08:58.0 (1388616)|VF_DESERIALIZE_VIEWSTATE_BEGIN|0661H000002ugfO
12:08:58.0 (6804743)|HEAP_ALLOCATE|[72]|Bytes:3
12:08:58.0 (6874377)|HEAP_ALLOCATE|[77]|Bytes:152
12:08:58.0 (6890964)|HEAP_ALLOCATE|[342]|Bytes:408
12:08:58.0 (6905541)|HEAP_ALLOCATE|[355]|Bytes:408
12:08:58.0 (6920965)|HEAP_ALLOCATE|[467]|Bytes:48
12:08:58.0 (6947721)|HEAP_ALLOCATE|[139]|Bytes:6
12:08:58.0 (9853087)|VF_DESERIALIZE_VIEWSTATE_END
12:08:58.0 (10696145)|SYSTEM_MODE_ENTER|true
12:08:58.0 (10742033)|HEAP_ALLOCATE|[EXTERNAL]|Bytes:176
12:08:58.0 (10782145)|HEAP_ALLOCATE|[EXTERNAL]|Bytes:16
12:08:58.0 (10816111)|METHOD_ENTRY|[1]|01p1H000006LIeu|CustomerEvangelist.CustomerEvangelist()
12:08:58.0 (10826072)|STATEMENT_EXECUTE|[1]
12:08:58.0 (10834268)|STATEMENT_EXECUTE|[1]
12:08:58.0 (10879264)|HEAP_ALLOCATE|[50]|Bytes:5
12:08:58.0 (10914641)|HEAP_ALLOCATE|[56]|Bytes:5
12:08:58.0 (10927106)|HEAP_ALLOCATE|[64]|Bytes:7
12:08:58.0 (10952778)|SYSTEM_MODE_ENTER|false
12:08:58.0 (10964854)|HEAP_ALLOCATE|[EXTERNAL]|Bytes:5
12:08:58.0 (10977103)|SYSTEM_MODE_EXIT|false
12:08:58.0 (11002366)|METHOD_EXIT|[1]|CustomerEvangelist
12:08:58.0 (15691482)|HEAP_ALLOCATE|[EXTERNAL]|Bytes:20
12:08:58.0 (15717930)|VARIABLE_SCOPE_BEGIN|[16]|this|CustomerEvangelist|true|false
12:08:58.0 (15950573)|VARIABLE_ASSIGNMENT|[16]|this|{"accountContacts":"0x48d646cb","placeholderContact":"0x6cd7768f"}|0x64b563a0
12:08:58.0 (15973323)|SYSTEM_MODE_ENTER|false
12:08:58.0 (15983208)|HEAP_ALLOCATE|[17]|Bytes:5
12:08:58.0 (15992406)|STATEMENT_EXECUTE|[16]
12:08:58.0 (15995397)|STATEMENT_EXECUTE|[17]
12:08:58.0 (16053171)|METHOD_ENTRY|[17]|01p1H000006LIeu|CustomerEvangelist.refreshContacts()
12:08:58.0 (16104921)|VARIABLE_SCOPE_BEGIN|[22]|this|CustomerEvangelist|true|false
12:08:58.0 (16143522)|VARIABLE_ASSIGNMENT|[22]|this|{"accountContacts":"0x48d646cb","placeholderContact":"0x6cd7768f"}|0x64b563a0
12:08:58.0 (16162818)|HEAP_ALLOCATE|[24]|Bytes:5
12:08:58.0 (16169435)|STATEMENT_EXECUTE|[22]
12:08:58.0 (16171403)|STATEMENT_EXECUTE|[24]
12:08:58.0 (16174457)|HEAP_ALLOCATE|[24]|Bytes:48
12:08:58.0 (16199037)|HEAP_ALLOCATE|[24]|Bytes:4
12:08:58.0 (16222812)|HEAP_ALLOCATE|[24]|Bytes:7
12:08:58.0 (16269643)|VARIABLE_ASSIGNMENT|[EXTERNAL]|this|{"accountContacts":"0x48d646cb","placeholderContact":"0x6cd7768f"}|0x64b563a0
12:08:58.0 (17799542)|SOQL_EXECUTE_BEGIN|[24]|Aggregations:0|SELECT id, Name FROM Account WHERE id = :tmpVar1
12:08:58.0 (22124358)|SOQL_EXECUTE_END|[24]|Rows:0
12:08:58.0 (22164312)|HEAP_ALLOCATE|[24]|Bytes:4
12:08:58.0 (22179265)|HEAP_ALLOCATE|[24]|Bytes:0
12:08:58.0 (22210866)|HEAP_ALLOCATE|[24]|Bytes:4
12:08:58.0 (22234451)|HEAP_ALLOCATE|[24]|Bytes:33
12:08:58.0 (22342593)|HEAP_ALLOCATE|[24]|Bytes:46
12:08:58.0 (22373411)|METHOD_EXIT|[17]|01p1H000006LIeu|CustomerEvangelist.refreshContacts()
12:08:58.0 (22387725)|SYSTEM_MODE_EXIT|false
12:08:58.0 (22544696)|FATAL_ERROR|System.QueryException: List has no rows for assignment to SObject

Class.CustomerEvangelist.refreshContacts: line 24, column 1
Class.CustomerEvangelist.selectAccount: line 17, column 1
