34.0 APEX_CODE,DEBUG;APEX_PROFILING,INFO;CALLOUT,INFO;DB,INFO;NBA,INFO;SYSTEM,DEBUG;VALIDATION,INFO;VISUALFORCE,DEBUG;WAVE,INFO;WORKFLOW,INFO
14:10:48.0 (192374)|USER_INFO|[EXTERNAL]|0051H000008yiOQ|pavel@topengineer.io|Pacific Standard Time|GMT-07:00
14:10:48.0 (256978)|EXECUTION_STARTED
14:10:48.0 (263505)|CODE_UNIT_STARTED|[EXTERNAL]|TRIGGERS
14:10:48.0 (1136163)|CODE_UNIT_STARTED|[EXTERNAL]|01q1H000000rdCW|Contact_Trigger on Contact trigger event BeforeInsert|__sfdc_trigger/Contact_Trigger
14:10:48.0 (7218422)|SYSTEM_MODE_ENTER|false
14:10:48.0 (7447206)|SYSTEM_MODE_EXIT|false
14:10:48.0 (7584890)|SYSTEM_MODE_ENTER|false
14:10:48.0 (8304359)|SYSTEM_MODE_EXIT|false
14:10:48.8 (8327099)|CUMULATIVE_LIMIT_USAGE
14:10:48.8 (8327099)|LIMIT_USAGE_FOR_NS|(default)|
  Number of SOQL queries: 0 out of 100
  Number of query rows: 0 out of 50000
  Number of SOSL queries: 0 out of 20
  Number of DML statements: 0 out of 150
  Number of DML rows: 0 out of 10000
  Maximum CPU time: 0 out of 10000
  Maximum heap size: 0 out of 6000000
  Number of callouts: 0 out of 100
  Number of Email Invocations: 0 out of 10
  Number of future calls: 0 out of 50
  Number of queueable jobs added to the queue: 0 out of 50
  Number of Mobile Apex push calls: 0 out of 10

14:10:48.8 (8327099)|CUMULATIVE_LIMIT_USAGE_END

14:10:48.0 (10594731)|CODE_UNIT_FINISHED|Contact_Trigger on Contact trigger event BeforeInsert|__sfdc_trigger/Contact_Trigger
14:10:48.0 (18355894)|CODE_UNIT_STARTED|[EXTERNAL]|DuplicateDetector
14:10:48.0 (18376485)|DUPLICATE_DETECTION_BEGIN
14:10:48.0 (18473758)|DUPLICATE_DETECTION_RULE_INVOCATION|DuplicateRuleId:0Bm1H000000SIWX|DuplicateRuleName:Standard Contact Duplicate Rule|DmlType:INSERT
14:10:48.0 (68442609)|DUPLICATE_DETECTION_MATCH_INVOCATION_DETAILS|EntityType:Contact|ActionTaken:Allow_[Alert,Report]|DuplicateRecordIds:
14:10:48.0 (68464782)|DUPLICATE_DETECTION_MATCH_INVOCATION_SUMMARY|EntityType:Contact|NumRecordsToBeSaved:1|NumRecordsToBeSavedWithDuplicates:0|NumDuplicateRecordsFound:0
14:10:48.0 (68478855)|DUPLICATE_DETECTION_MATCH_INVOCATION_DETAILS|EntityType:Contact|ActionTaken:Allow_[Alert,Report]|DuplicateRecordIds:
14:10:48.0 (68485433)|DUPLICATE_DETECTION_MATCH_INVOCATION_SUMMARY|EntityType:Contact|NumRecordsToBeSaved:1|NumRecordsToBeSavedWithDuplicates:0|NumDuplicateRecordsFound:0
14:10:48.0 (68643945)|DUPLICATE_DETECTION_END
14:10:48.0 (68652317)|CODE_UNIT_FINISHED|DuplicateDetector
14:10:48.0 (166886970)|CODE_UNIT_STARTED|[EXTERNAL]|DuplicateDetector
14:10:48.0 (166908198)|DUPLICATE_DETECTION_BEGIN
14:10:48.0 (166995947)|DUPLICATE_DETECTION_RULE_INVOCATION|DuplicateRuleId:0Bm1H000000SIWX|DuplicateRuleName:Standard Contact Duplicate Rule|DmlType:INSERT
14:10:48.0 (180656524)|DUPLICATE_DETECTION_END
14:10:48.0 (180668305)|CODE_UNIT_FINISHED|DuplicateDetector
14:10:48.0 (268907471)|CODE_UNIT_FINISHED|TRIGGERS
14:10:48.0 (268922040)|EXECUTION_FINISHED
