34.0 APEX_CODE,FINEST;APEX_PROFILING,INFO;CALLOUT,INFO;DB,INFO;NBA,INFO;SYSTEM,DEBUG;VALIDATION,INFO;VISUALFORCE,INFO;WAVE,INFO;WORKFLOW,INFO
14:36:14.0 (76567)|USER_INFO|[EXTERNAL]|0051H000008yiOQ|pavel@topengineer.io|Pacific Standard Time|GMT-07:00
14:36:14.0 (109699)|EXECUTION_STARTED
14:36:14.0 (114523)|CODE_UNIT_STARTED|[EXTERNAL]|0661H000002Q8fN|VF: /apex/Potential_Manager
14:36:14.0 (2239675)|SYSTEM_MODE_ENTER|true
14:36:14.0 (2638363)|HEAP_ALLOCATE|[72]|Bytes:3
14:36:14.0 (2679940)|HEAP_ALLOCATE|[77]|Bytes:152
14:36:14.0 (2694269)|HEAP_ALLOCATE|[342]|Bytes:408
14:36:14.0 (2706003)|HEAP_ALLOCATE|[355]|Bytes:408
14:36:14.0 (2716533)|HEAP_ALLOCATE|[467]|Bytes:48
14:36:14.0 (2741931)|HEAP_ALLOCATE|[139]|Bytes:6
14:36:14.0 (2757966)|HEAP_ALLOCATE|[EXTERNAL]|Bytes:148
14:36:14.0 (2764732)|HEAP_ALLOCATE|[EXTERNAL]|Bytes:16
14:36:14.0 (2773387)|METHOD_ENTRY|[1]|01p1H000005w2NJ|potential_Manager.potential_Manager()
14:36:14.0 (2779765)|STATEMENT_EXECUTE|[1]
14:36:14.0 (2784831)|STATEMENT_EXECUTE|[1]
14:36:14.0 (2816499)|HEAP_ALLOCATE|[50]|Bytes:5
14:36:14.0 (2838383)|HEAP_ALLOCATE|[56]|Bytes:5
14:36:14.0 (2845443)|HEAP_ALLOCATE|[64]|Bytes:7
14:36:14.0 (2861333)|SYSTEM_MODE_ENTER|false
14:36:14.0 (2874828)|HEAP_ALLOCATE|[EXTERNAL]|Bytes:5
14:36:14.0 (2888502)|SYSTEM_MODE_EXIT|false
14:36:14.0 (2896705)|METHOD_EXIT|[1]|potential_Manager
14:36:14.0 (3008398)|HEAP_ALLOCATE|[EXTERNAL]|Bytes:16
14:36:14.0 (3019101)|VARIABLE_SCOPE_BEGIN|[8]|this|potential_Manager|true|false
14:36:14.0 (3074678)|VARIABLE_ASSIGNMENT|[8]|this|{}|0x2ba69668
14:36:14.0 (3090391)|SYSTEM_MODE_ENTER|false
14:36:14.0 (3096976)|HEAP_ALLOCATE|[9]|Bytes:5
14:36:14.0 (3101480)|STATEMENT_EXECUTE|[1]
14:36:14.0 (3104378)|HEAP_ALLOCATE|[9]|Bytes:5
14:36:14.0 (3107581)|STATEMENT_EXECUTE|[4]
14:36:14.0 (3109692)|STATEMENT_EXECUTE|[5]
14:36:14.0 (3111091)|STATEMENT_EXECUTE|[6]
14:36:14.0 (3119457)|HEAP_ALLOCATE|[9]|Bytes:6
14:36:14.0 (3152554)|STATEMENT_EXECUTE|[8]
14:36:14.0 (3154612)|STATEMENT_EXECUTE|[9]
14:36:14.0 (3176699)|HEAP_ALLOCATE|[9]|Bytes:4
14:36:14.0 (3323473)|VARIABLE_ASSIGNMENT|[EXTERNAL]|this|{}|0x2ba69668
14:36:14.0 (3338962)|VARIABLE_ASSIGNMENT|[EXTERNAL]|value|{}|0x38027738
14:36:14.0 (3353105)|VARIABLE_ASSIGNMENT|[4]|this.placeholderPotential|{}|0x2ba69668
14:36:14.0 (3364694)|STATEMENT_EXECUTE|[10]
14:36:14.0 (3377306)|HEAP_ALLOCATE|[10]|Bytes:4
14:36:14.0 (3462938)|VARIABLE_ASSIGNMENT|[EXTERNAL]|this|{"placeholderPotential":"0x38027738"}|0x2ba69668
14:36:14.0 (3474541)|HEAP_ALLOCATE|[EXTERNAL]|Bytes:4
14:36:14.0 (3483528)|VARIABLE_ASSIGNMENT|[EXTERNAL]|value|[]|0x7e90bd56
14:36:14.0 (3494644)|VARIABLE_ASSIGNMENT|[5]|this.accountPotentials|[]|0x2ba69668
14:36:14.0 (3502863)|STATEMENT_EXECUTE|[11]
14:36:14.0 (3510204)|HEAP_ALLOCATE|[11]|Bytes:4
14:36:14.0 (3546793)|VARIABLE_ASSIGNMENT|[EXTERNAL]|this|{"accountPotentials":"0x7e90bd56","placeholderPotential":"0x38027738"}|0x2ba69668
14:36:14.0 (3556258)|HEAP_ALLOCATE|[EXTERNAL]|Bytes:4
14:36:14.0 (3562551)|VARIABLE_ASSIGNMENT|[EXTERNAL]|value|[]|0xb86c265
14:36:14.0 (3571726)|VARIABLE_ASSIGNMENT|[6]|this.accountPot|[]|0x2ba69668
14:36:14.0 (3582614)|SYSTEM_MODE_EXIT|false
14:36:14.0 (4669293)|VF_SERIALIZE_VIEWSTATE_BEGIN|0661H000002Q8fN
14:36:14.0 (6299708)|VF_SERIALIZE_VIEWSTATE_END
14:36:14.8 (8613309)|CUMULATIVE_LIMIT_USAGE
14:36:14.8 (8613309)|LIMIT_USAGE_FOR_NS|(default)|
  Number of SOQL queries: 0 out of 100
  Number of query rows: 0 out of 50000
  Number of SOSL queries: 0 out of 20
  Number of DML statements: 0 out of 150
  Number of DML rows: 0 out of 10000
  Maximum CPU time: 0 out of 10000
  Maximum heap size: 0 out of 6000000
  Number of callouts: 0 out of 100
  Number of Email Invocations: 0 out of 10
  Number of future calls: 0 out of 50
  Number of queueable jobs added to the queue: 0 out of 50
  Number of Mobile Apex push calls: 0 out of 10

14:36:14.8 (8613309)|CUMULATIVE_LIMIT_USAGE_END

14:36:14.0 (8644372)|CODE_UNIT_FINISHED|VF: /apex/Potential_Manager
14:36:14.0 (9360086)|EXECUTION_FINISHED
