34.0 APEX_CODE,FINEST;APEX_PROFILING,INFO;CALLOUT,INFO;DB,INFO;NBA,INFO;SYSTEM,DEBUG;VALIDATION,INFO;VISUALFORCE,INFO;WAVE,INFO;WORKFLOW,INFO
12:20:09.0 (93308)|USER_INFO|[EXTERNAL]|0051H000008yiOQ|pavel@topengineer.io|Pacific Standard Time|GMT-07:00
12:20:09.0 (135301)|EXECUTION_STARTED
12:20:09.0 (141682)|CODE_UNIT_STARTED|[EXTERNAL]|0661H000002ugfO|VF: /apex/CustomerEvangelist
12:20:09.0 (277463)|VF_DESERIALIZE_VIEWSTATE_BEGIN|0661H000002ugfO
12:20:09.0 (3507669)|HEAP_ALLOCATE|[72]|Bytes:3
12:20:09.0 (3554204)|HEAP_ALLOCATE|[77]|Bytes:152
12:20:09.0 (3569968)|HEAP_ALLOCATE|[342]|Bytes:408
12:20:09.0 (3584432)|HEAP_ALLOCATE|[355]|Bytes:408
12:20:09.0 (3600907)|HEAP_ALLOCATE|[467]|Bytes:48
12:20:09.0 (3636381)|HEAP_ALLOCATE|[139]|Bytes:6
12:20:09.0 (5170007)|VF_DESERIALIZE_VIEWSTATE_END
12:20:09.0 (5843708)|HEAP_ALLOCATE|[EXTERNAL]|Bytes:176
12:20:09.0 (5858042)|HEAP_ALLOCATE|[EXTERNAL]|Bytes:16
12:20:09.0 (5871319)|METHOD_ENTRY|[1]|01p1H000006LIeu|CustomerEvangelist.CustomerEvangelist()
12:20:09.0 (5878483)|STATEMENT_EXECUTE|[1]
12:20:09.0 (5885393)|STATEMENT_EXECUTE|[1]
12:20:09.0 (5923949)|HEAP_ALLOCATE|[50]|Bytes:5
12:20:09.0 (5955346)|HEAP_ALLOCATE|[56]|Bytes:5
12:20:09.0 (5965007)|HEAP_ALLOCATE|[64]|Bytes:7
12:20:09.0 (5987640)|SYSTEM_MODE_ENTER|false
12:20:09.0 (6001250)|HEAP_ALLOCATE|[EXTERNAL]|Bytes:5
12:20:09.0 (6010358)|SYSTEM_MODE_EXIT|false
12:20:09.0 (6019398)|METHOD_EXIT|[1]|CustomerEvangelist
12:20:09.0 (6029269)|HEAP_ALLOCATE|[EXTERNAL]|Bytes:20
12:20:09.0 (6037373)|VARIABLE_SCOPE_BEGIN|[16]|this|CustomerEvangelist|true|false
12:20:09.0 (6110802)|VARIABLE_ASSIGNMENT|[16]|this|{"accountContacts":"0x43387376","placeholderContact":"0x24a21166"}|0x275a9bb8
12:20:09.0 (6126984)|SYSTEM_MODE_ENTER|false
12:20:09.0 (6132802)|HEAP_ALLOCATE|[17]|Bytes:5
12:20:09.0 (6137395)|STATEMENT_EXECUTE|[16]
12:20:09.0 (6139109)|STATEMENT_EXECUTE|[17]
12:20:09.0 (6158712)|METHOD_ENTRY|[17]|01p1H000006LIeu|CustomerEvangelist.refreshContacts()
12:20:09.0 (6185006)|VARIABLE_SCOPE_BEGIN|[22]|this|CustomerEvangelist|true|false
12:20:09.0 (6208303)|VARIABLE_ASSIGNMENT|[22]|this|{"accountContacts":"0x43387376","placeholderContact":"0x24a21166"}|0x275a9bb8
12:20:09.0 (6218798)|HEAP_ALLOCATE|[29]|Bytes:5
12:20:09.0 (6223349)|STATEMENT_EXECUTE|[22]
12:20:09.0 (6224900)|STATEMENT_EXECUTE|[29]
12:20:09.0 (6227662)|HEAP_ALLOCATE|[29]|Bytes:141
12:20:09.0 (6251102)|HEAP_ALLOCATE|[29]|Bytes:4
12:20:09.0 (7359724)|SOQL_EXECUTE_BEGIN|[29]|Aggregations:2|SELECT Name, (SELECT FirstName, LastName FROM Contacts), (SELECT Product__c FROM AccountPurchased__r) FROM Account WHERE Name = 'Exxon Mobil'
12:20:09.0 (19253331)|SOQL_EXECUTE_END|[29]|Rows:1
12:20:09.0 (19297864)|HEAP_ALLOCATE|[29]|Bytes:8
12:20:09.0 (19330940)|HEAP_ALLOCATE|[29]|Bytes:676
12:20:09.0 (19361787)|HEAP_ALLOCATE|[29]|Bytes:8
12:20:09.0 (19453207)|VARIABLE_ASSIGNMENT|[EXTERNAL]|this|{"accountContacts":"0x43387376","placeholderContact":"0x24a21166"}|0x275a9bb8
12:20:09.0 (19513688)|VARIABLE_ASSIGNMENT|[EXTERNAL]|value|[{"Name":"Exxon Mobil","Id":"0011H00001QiDMrQAN","AccountPurchased__r":[{"Account__c":"0011H00001QiDMrQAN","Id":"a031H00000M5yPgQAJ","Product__c":"Sales"},{"Account__c":"0011H00001QiDMrQAN","Id":"a031H00000M5yPWQAZ","Product__c":"Service"},{"Account__c":"0011H00001QiDMrQAN","Id":"a031H00000M5yPMQAZ","Product__c":"Mobile"},{"Account__c":"0011H00001QiDMrQAN","Id":"a031H00000M5yPRQAZ","Product__c":"Work.com"},{"Account__c":"0011H00001QiDMrQAN","Id":"a031H00000M5yPbQAJ","Product__c":"Platform"},{"Account__c":"0011H00001QiDMrQAN","Id":"a031H00000M5yPlQAJ","Product__c":"Service Cloud"}],"Contacts":[{"AccountId":"0011H00001QiDMrQAN","Id":"0031H00001rgbsaQAA","FirstName":"Justin","LastName":"Tweed"}]}]|0x7ab90bb3
12:20:09.0 (19577597)|VARIABLE_ASSIGNMENT|[7]|this.accountAccount|[{"Name":"Exxon Mobil","Id":"0011H00001QiDMrQAN","AccountPurchased__r":[{"Account__c":"0011H00001QiDMrQAN","Id":"a031H00000M5yPgQAJ","Product__c":"Sales"},{"Account__c":"0011H00001QiDMrQAN","Id":"a031H00000M5yPWQAZ","Product__c":"Service"},{"Account__c":"0011H00001QiDMrQAN","Id":"a031H00000M5yPMQAZ","Product__c":"Mobile"},{"Account__c":"0011H00001QiDMrQAN","Id":"a031H00000M5yPRQAZ","Product__c":"Work.com"},{"Account__c":"0011H00001QiDMrQAN","Id":"a031H00000M5yPbQAJ","Product__c":"Platform"},{"Account__c":"0011H00001QiDMrQAN","Id":"a031H00000M5yPlQAJ","Product__c":"Service Cloud"}],"Contacts":[{"AccountId":"0011H00001QiDMrQAN","Id":"0031H00001rgbsaQAA","FirstName":"Justin","LastName":"Tweed"}]}]|0x275a9bb8
12:20:09.0 (19605414)|METHOD_EXIT|[17]|01p1H000006LIeu|CustomerEvangelist.refreshContacts()
12:20:09.0 (19614232)|SYSTEM_MODE_EXIT|false
12:20:09.0 (21768971)|SYSTEM_MODE_ENTER|true
12:20:09.0 (24618616)|VF_SERIALIZE_VIEWSTATE_BEGIN|0661H000002ugfO
12:20:09.0 (26457336)|VF_SERIALIZE_VIEWSTATE_END
12:20:09.29 (29005779)|CUMULATIVE_LIMIT_USAGE
12:20:09.29 (29005779)|LIMIT_USAGE_FOR_NS|(default)|
  Number of SOQL queries: 1 out of 100
  Number of query rows: 8 out of 50000
  Number of SOSL queries: 0 out of 20
  Number of DML statements: 0 out of 150
  Number of DML rows: 0 out of 10000
  Maximum CPU time: 0 out of 10000
  Maximum heap size: 0 out of 6000000
  Number of callouts: 0 out of 100
  Number of Email Invocations: 0 out of 10
  Number of future calls: 0 out of 50
  Number of queueable jobs added to the queue: 0 out of 50
  Number of Mobile Apex push calls: 0 out of 10

12:20:09.29 (29005779)|CUMULATIVE_LIMIT_USAGE_END

12:20:09.0 (29041917)|CODE_UNIT_FINISHED|VF: /apex/CustomerEvangelist
12:20:09.0 (29890188)|EXECUTION_FINISHED
