43.0 APEX_CODE,FINEST;APEX_PROFILING,INFO;CALLOUT,INFO;DB,INFO;NBA,INFO;SYSTEM,DEBUG;VALIDATION,INFO;VISUALFORCE,INFO;WAVE,INFO;WORKFLOW,INFO
21:38:05.0 (461329)|USER_INFO|[EXTERNAL]|0051H000008yiOQ|pavel@topengineer.io|Pacific Standard Time|GMT-07:00
21:38:05.0 (511562)|EXECUTION_STARTED
21:38:05.0 (522255)|CODE_UNIT_STARTED|[EXTERNAL]|Aura
21:38:05.0 (1831386)|CODE_UNIT_STARTED|[EXTERNAL]|01p1H000007eSqs|D3ChartsController.getData()
21:38:05.0 (2118018)|HEAP_ALLOCATE|[72]|Bytes:3
21:38:05.0 (2206097)|HEAP_ALLOCATE|[77]|Bytes:152
21:38:05.0 (2222633)|HEAP_ALLOCATE|[342]|Bytes:408
21:38:05.0 (2240956)|HEAP_ALLOCATE|[355]|Bytes:408
21:38:05.0 (2252688)|HEAP_ALLOCATE|[467]|Bytes:48
21:38:05.0 (2279107)|HEAP_ALLOCATE|[139]|Bytes:6
21:38:05.0 (2298682)|HEAP_ALLOCATE|[EXTERNAL]|Bytes:4
21:38:05.0 (2342899)|METHOD_ENTRY|[1]|01p1H000007eSqs|D3ChartsController.D3ChartsController()
21:38:05.0 (2356416)|STATEMENT_EXECUTE|[1]
21:38:05.0 (2362686)|STATEMENT_EXECUTE|[1]
21:38:05.0 (2370125)|METHOD_EXIT|[1]|D3ChartsController
21:38:05.0 (2385842)|SYSTEM_MODE_ENTER|false
21:38:05.0 (2434086)|STATEMENT_EXECUTE|[4]
21:38:05.0 (2437657)|STATEMENT_EXECUTE|[6]
21:38:05.0 (2453150)|HEAP_ALLOCATE|[6]|Bytes:4
21:38:05.0 (2582304)|VARIABLE_SCOPE_BEGIN|[6]|lstData|List<Integer>|true|false
21:38:05.0 (2627835)|HEAP_ALLOCATE|[EXTERNAL]|Bytes:4
21:38:05.0 (2678491)|VARIABLE_ASSIGNMENT|[6]|lstData|[]|0x39b9510e
21:38:05.0 (2687993)|STATEMENT_EXECUTE|[7]
21:38:05.0 (2769276)|HEAP_ALLOCATE|[7]|Bytes:4
21:38:05.0 (2778953)|HEAP_ALLOCATE|[EXTERNAL]|Bytes:4
21:38:05.0 (2823131)|STATEMENT_EXECUTE|[8]
21:38:05.0 (2847323)|HEAP_ALLOCATE|[8]|Bytes:4
21:38:05.0 (2853880)|HEAP_ALLOCATE|[EXTERNAL]|Bytes:4
21:38:05.0 (2862920)|STATEMENT_EXECUTE|[9]
21:38:05.0 (2878921)|HEAP_ALLOCATE|[9]|Bytes:4
21:38:05.0 (2883636)|HEAP_ALLOCATE|[EXTERNAL]|Bytes:4
21:38:05.0 (2890958)|STATEMENT_EXECUTE|[11]
21:38:05.0 (2900648)|SYSTEM_MODE_EXIT|false
21:38:05.2 (2942936)|CUMULATIVE_LIMIT_USAGE
21:38:05.2 (2942936)|LIMIT_USAGE_FOR_NS|(default)|
  Number of SOQL queries: 0 out of 100
  Number of query rows: 0 out of 50000
  Number of SOSL queries: 0 out of 20
  Number of DML statements: 0 out of 150
  Number of DML rows: 0 out of 10000
  Maximum CPU time: 0 out of 10000
  Maximum heap size: 0 out of 6000000
  Number of callouts: 0 out of 100
  Number of Email Invocations: 0 out of 10
  Number of future calls: 0 out of 50
  Number of queueable jobs added to the queue: 0 out of 50
  Number of Mobile Apex push calls: 0 out of 10

21:38:05.2 (2942936)|CUMULATIVE_LIMIT_USAGE_END

21:38:05.0 (3003272)|CODE_UNIT_FINISHED|D3ChartsController.getData()
21:38:05.0 (3080274)|CODE_UNIT_FINISHED|Aura
21:38:05.0 (3863355)|EXECUTION_FINISHED
