34.0 APEX_CODE,FINEST;APEX_PROFILING,INFO;CALLOUT,INFO;DB,INFO;NBA,INFO;SYSTEM,DEBUG;VALIDATION,INFO;VISUALFORCE,INFO;WAVE,INFO;WORKFLOW,INFO
14:25:05.0 (349803)|USER_INFO|[EXTERNAL]|0051H000008yiOQ|pavel@topengineer.io|Pacific Standard Time|GMT-07:00
14:25:05.0 (381763)|EXECUTION_STARTED
14:25:05.0 (385774)|CODE_UNIT_STARTED|[EXTERNAL]|0661H000002Q8fN|VF: /apex/Potential_Manager
14:25:05.0 (2750292)|SYSTEM_MODE_ENTER|true
14:25:05.0 (3240740)|HEAP_ALLOCATE|[72]|Bytes:3
14:25:05.0 (3276542)|HEAP_ALLOCATE|[77]|Bytes:152
14:25:05.0 (3288791)|HEAP_ALLOCATE|[342]|Bytes:408
14:25:05.0 (3301091)|HEAP_ALLOCATE|[355]|Bytes:408
14:25:05.0 (3311493)|HEAP_ALLOCATE|[467]|Bytes:48
14:25:05.0 (3335004)|HEAP_ALLOCATE|[139]|Bytes:6
14:25:05.0 (3349227)|HEAP_ALLOCATE|[EXTERNAL]|Bytes:148
14:25:05.0 (3364285)|HEAP_ALLOCATE|[EXTERNAL]|Bytes:16
14:25:05.0 (3388696)|METHOD_ENTRY|[1]|01p1H000005w2NJ|potential_Manager.potential_Manager()
14:25:05.0 (3396118)|STATEMENT_EXECUTE|[1]
14:25:05.0 (3406658)|STATEMENT_EXECUTE|[1]
14:25:05.0 (3432784)|HEAP_ALLOCATE|[50]|Bytes:5
14:25:05.0 (3450886)|HEAP_ALLOCATE|[56]|Bytes:5
14:25:05.0 (3458395)|HEAP_ALLOCATE|[64]|Bytes:7
14:25:05.0 (3473234)|SYSTEM_MODE_ENTER|false
14:25:05.0 (3485783)|HEAP_ALLOCATE|[EXTERNAL]|Bytes:5
14:25:05.0 (3493004)|SYSTEM_MODE_EXIT|false
14:25:05.0 (3512495)|METHOD_EXIT|[1]|potential_Manager
14:25:05.0 (3597279)|HEAP_ALLOCATE|[EXTERNAL]|Bytes:16
14:25:05.0 (3607621)|VARIABLE_SCOPE_BEGIN|[8]|this|potential_Manager|true|false
14:25:05.0 (3667357)|VARIABLE_ASSIGNMENT|[8]|this|{}|0x13d4b69e
14:25:05.0 (3681184)|SYSTEM_MODE_ENTER|false
14:25:05.0 (3687959)|HEAP_ALLOCATE|[9]|Bytes:5
14:25:05.0 (3693039)|STATEMENT_EXECUTE|[1]
14:25:05.0 (3695816)|HEAP_ALLOCATE|[9]|Bytes:5
14:25:05.0 (3698756)|STATEMENT_EXECUTE|[4]
14:25:05.0 (3712302)|STATEMENT_EXECUTE|[5]
14:25:05.0 (3714344)|STATEMENT_EXECUTE|[6]
14:25:05.0 (3723361)|HEAP_ALLOCATE|[9]|Bytes:6
14:25:05.0 (3757337)|STATEMENT_EXECUTE|[8]
14:25:05.0 (3759334)|STATEMENT_EXECUTE|[9]
14:25:05.0 (3781396)|HEAP_ALLOCATE|[9]|Bytes:4
14:25:05.0 (3948252)|VARIABLE_ASSIGNMENT|[EXTERNAL]|this|{}|0x13d4b69e
14:25:05.0 (3963807)|VARIABLE_ASSIGNMENT|[EXTERNAL]|value|{}|0x14a394de
14:25:05.0 (3977837)|VARIABLE_ASSIGNMENT|[4]|this.placeholderPotential|{}|0x13d4b69e
14:25:05.0 (4007405)|STATEMENT_EXECUTE|[10]
14:25:05.0 (4020792)|HEAP_ALLOCATE|[10]|Bytes:4
14:25:05.0 (4150810)|VARIABLE_ASSIGNMENT|[EXTERNAL]|this|{"placeholderPotential":"0x14a394de"}|0x13d4b69e
14:25:05.0 (4162400)|HEAP_ALLOCATE|[EXTERNAL]|Bytes:4
14:25:05.0 (4172050)|VARIABLE_ASSIGNMENT|[EXTERNAL]|value|[]|0x7f8c44d
14:25:05.0 (4183230)|VARIABLE_ASSIGNMENT|[5]|this.accountPotentials|[]|0x13d4b69e
14:25:05.0 (4192019)|STATEMENT_EXECUTE|[11]
14:25:05.0 (4199803)|HEAP_ALLOCATE|[11]|Bytes:4
14:25:05.0 (4237898)|VARIABLE_ASSIGNMENT|[EXTERNAL]|this|{"accountPotentials":"0x7f8c44d","placeholderPotential":"0x14a394de"}|0x13d4b69e
14:25:05.0 (4246345)|HEAP_ALLOCATE|[EXTERNAL]|Bytes:4
14:25:05.0 (4251554)|VARIABLE_ASSIGNMENT|[EXTERNAL]|value|[]|0x2af2a6ab
14:25:05.0 (4260634)|VARIABLE_ASSIGNMENT|[6]|this.accountPot|[]|0x13d4b69e
14:25:05.0 (4271228)|SYSTEM_MODE_EXIT|false
14:25:05.0 (5311415)|VF_SERIALIZE_VIEWSTATE_BEGIN|0661H000002Q8fN
14:25:05.0 (6977012)|VF_SERIALIZE_VIEWSTATE_END
14:25:05.8 (8964398)|CUMULATIVE_LIMIT_USAGE
14:25:05.8 (8964398)|LIMIT_USAGE_FOR_NS|(default)|
  Number of SOQL queries: 0 out of 100
  Number of query rows: 0 out of 50000
  Number of SOSL queries: 0 out of 20
  Number of DML statements: 0 out of 150
  Number of DML rows: 0 out of 10000
  Maximum CPU time: 0 out of 10000
  Maximum heap size: 0 out of 6000000
  Number of callouts: 0 out of 100
  Number of Email Invocations: 0 out of 10
  Number of future calls: 0 out of 50
  Number of queueable jobs added to the queue: 0 out of 50
  Number of Mobile Apex push calls: 0 out of 10

14:25:05.8 (8964398)|CUMULATIVE_LIMIT_USAGE_END

14:25:05.0 (9020411)|CODE_UNIT_FINISHED|VF: /apex/Potential_Manager
14:25:05.0 (9783160)|EXECUTION_FINISHED
