43.0 APEX_CODE,FINEST;APEX_PROFILING,INFO;CALLOUT,INFO;DB,INFO;NBA,INFO;SYSTEM,DEBUG;VALIDATION,INFO;VISUALFORCE,INFO;WAVE,INFO;WORKFLOW,INFO
13:35:22.0 (387052)|USER_INFO|[EXTERNAL]|0051H000008yiOQ|pavel@topengineer.io|Pacific Standard Time|GMT-07:00
13:35:22.0 (419690)|EXECUTION_STARTED
13:35:22.0 (424347)|CODE_UNIT_STARTED|[EXTERNAL]|VF: /apextemplate/apexremote
13:35:22.89 (89542108)|CUMULATIVE_LIMIT_USAGE
13:35:22.89 (89542108)|LIMIT_USAGE_FOR_NS|(default)|
  Number of SOQL queries: 0 out of 100
  Number of query rows: 0 out of 50000
  Number of SOSL queries: 0 out of 20
  Number of DML statements: 0 out of 150
  Number of DML rows: 0 out of 10000
  Maximum CPU time: 0 out of 10000
  Maximum heap size: 0 out of 6000000
  Number of callouts: 0 out of 100
  Number of Email Invocations: 0 out of 10
  Number of future calls: 0 out of 50
  Number of queueable jobs added to the queue: 0 out of 50
  Number of Mobile Apex push calls: 0 out of 10

13:35:22.89 (89542108)|CUMULATIVE_LIMIT_USAGE_END

13:35:22.0 (89615524)|CODE_UNIT_FINISHED|VF: /apextemplate/apexremote
13:35:22.0 (90455049)|EXECUTION_FINISHED
