34.0 APEX_CODE,FINEST;APEX_PROFILING,INFO;CALLOUT,INFO;DB,INFO;NBA,INFO;SYSTEM,DEBUG;VALIDATION,INFO;VISUALFORCE,INFO;WAVE,INFO;WORKFLOW,INFO
12:43:58.0 (93700)|USER_INFO|[EXTERNAL]|0051H000008yiOQ|pavel@topengineer.io|Pacific Standard Time|GMT-07:00
12:43:58.0 (142178)|EXECUTION_STARTED
12:43:58.0 (148760)|CODE_UNIT_STARTED|[EXTERNAL]|0661H000002Q8fN|VF: /apex/Potential_Manager
12:43:58.0 (8144656)|SYSTEM_MODE_ENTER|true
12:43:58.0 (8692719)|HEAP_ALLOCATE|[72]|Bytes:3
12:43:58.0 (8752777)|HEAP_ALLOCATE|[77]|Bytes:152
12:43:58.0 (8768029)|HEAP_ALLOCATE|[342]|Bytes:408
12:43:58.0 (8781216)|HEAP_ALLOCATE|[355]|Bytes:408
12:43:58.0 (8800752)|HEAP_ALLOCATE|[467]|Bytes:48
12:43:58.0 (8828385)|HEAP_ALLOCATE|[139]|Bytes:6
12:43:58.0 (8843709)|HEAP_ALLOCATE|[EXTERNAL]|Bytes:148
12:43:58.0 (8858584)|HEAP_ALLOCATE|[EXTERNAL]|Bytes:16
12:43:58.0 (8872654)|METHOD_ENTRY|[1]|01p1H000005w2NJ|potential_Manager.potential_Manager()
12:43:58.0 (8879503)|STATEMENT_EXECUTE|[1]
12:43:58.0 (8885809)|STATEMENT_EXECUTE|[1]
12:43:58.0 (8917716)|HEAP_ALLOCATE|[50]|Bytes:5
12:43:58.0 (8942346)|HEAP_ALLOCATE|[56]|Bytes:5
12:43:58.0 (8949898)|HEAP_ALLOCATE|[64]|Bytes:7
12:43:58.0 (8966175)|SYSTEM_MODE_ENTER|false
12:43:58.0 (8979770)|HEAP_ALLOCATE|[EXTERNAL]|Bytes:5
12:43:58.0 (8988146)|SYSTEM_MODE_EXIT|false
12:43:58.0 (8995941)|METHOD_EXIT|[1]|potential_Manager
12:43:58.0 (9113767)|HEAP_ALLOCATE|[EXTERNAL]|Bytes:16
12:43:58.0 (9125004)|VARIABLE_SCOPE_BEGIN|[8]|this|potential_Manager|true|false
12:43:58.0 (9180834)|VARIABLE_ASSIGNMENT|[8]|this|{}|0x19b38309
12:43:58.0 (9196017)|SYSTEM_MODE_ENTER|false
12:43:58.0 (9202580)|HEAP_ALLOCATE|[9]|Bytes:5
12:43:58.0 (9206591)|STATEMENT_EXECUTE|[1]
12:43:58.0 (9209471)|HEAP_ALLOCATE|[9]|Bytes:5
12:43:58.0 (9212297)|STATEMENT_EXECUTE|[4]
12:43:58.0 (9214361)|STATEMENT_EXECUTE|[5]
12:43:58.0 (9215844)|STATEMENT_EXECUTE|[6]
12:43:58.0 (9223636)|HEAP_ALLOCATE|[9]|Bytes:6
12:43:58.0 (9258097)|STATEMENT_EXECUTE|[8]
12:43:58.0 (9260100)|STATEMENT_EXECUTE|[9]
12:43:58.0 (9283938)|HEAP_ALLOCATE|[9]|Bytes:4
12:43:58.0 (9431412)|VARIABLE_ASSIGNMENT|[EXTERNAL]|this|{}|0x19b38309
12:43:58.0 (9448384)|VARIABLE_ASSIGNMENT|[EXTERNAL]|value|{}|0x20757155
12:43:58.0 (9461637)|VARIABLE_ASSIGNMENT|[4]|this.placeholderPotential|{}|0x19b38309
12:43:58.0 (9473247)|STATEMENT_EXECUTE|[10]
12:43:58.0 (9486830)|HEAP_ALLOCATE|[10]|Bytes:4
12:43:58.0 (9581680)|VARIABLE_ASSIGNMENT|[EXTERNAL]|this|{"placeholderPotential":"0x20757155"}|0x19b38309
12:43:58.0 (9594820)|HEAP_ALLOCATE|[EXTERNAL]|Bytes:4
12:43:58.0 (9604970)|VARIABLE_ASSIGNMENT|[EXTERNAL]|value|[]|0x3fc6a077
12:43:58.0 (9615050)|VARIABLE_ASSIGNMENT|[5]|this.accountPotentials|[]|0x19b38309
12:43:58.0 (9623949)|STATEMENT_EXECUTE|[11]
12:43:58.0 (9631441)|HEAP_ALLOCATE|[11]|Bytes:4
12:43:58.0 (9667559)|VARIABLE_ASSIGNMENT|[EXTERNAL]|this|{"accountPotentials":"0x3fc6a077","placeholderPotential":"0x20757155"}|0x19b38309
12:43:58.0 (9676090)|HEAP_ALLOCATE|[EXTERNAL]|Bytes:4
12:43:58.0 (9681274)|VARIABLE_ASSIGNMENT|[EXTERNAL]|value|[]|0x50913163
12:43:58.0 (9689962)|VARIABLE_ASSIGNMENT|[6]|this.accountPot|[]|0x19b38309
12:43:58.0 (9700310)|SYSTEM_MODE_EXIT|false
12:43:58.0 (10837217)|VF_SERIALIZE_VIEWSTATE_BEGIN|0661H000002Q8fN
12:43:58.0 (12577919)|VF_SERIALIZE_VIEWSTATE_END
12:43:58.14 (14679006)|CUMULATIVE_LIMIT_USAGE
12:43:58.14 (14679006)|LIMIT_USAGE_FOR_NS|(default)|
  Number of SOQL queries: 0 out of 100
  Number of query rows: 0 out of 50000
  Number of SOSL queries: 0 out of 20
  Number of DML statements: 0 out of 150
  Number of DML rows: 0 out of 10000
  Maximum CPU time: 0 out of 10000
  Maximum heap size: 0 out of 6000000
  Number of callouts: 0 out of 100
  Number of Email Invocations: 0 out of 10
  Number of future calls: 0 out of 50
  Number of queueable jobs added to the queue: 0 out of 50
  Number of Mobile Apex push calls: 0 out of 10

12:43:58.14 (14679006)|CUMULATIVE_LIMIT_USAGE_END

12:43:58.0 (14720060)|CODE_UNIT_FINISHED|VF: /apex/Potential_Manager
12:43:58.0 (15530691)|EXECUTION_FINISHED
