34.0 APEX_CODE,FINEST;APEX_PROFILING,INFO;CALLOUT,INFO;DB,INFO;NBA,INFO;SYSTEM,DEBUG;VALIDATION,INFO;VISUALFORCE,INFO;WAVE,INFO;WORKFLOW,INFO
14:05:35.0 (325646)|USER_INFO|[EXTERNAL]|0051H000008yiOQ|pavel@topengineer.io|Pacific Standard Time|GMT-07:00
14:05:35.0 (478246)|EXECUTION_STARTED
14:05:35.0 (483195)|CODE_UNIT_STARTED|[EXTERNAL]|0661H000002Q8fN|VF: /apex/Potential_Manager
14:05:35.0 (2944921)|SYSTEM_MODE_ENTER|true
14:05:35.0 (3698003)|HEAP_ALLOCATE|[72]|Bytes:3
14:05:35.0 (3742029)|HEAP_ALLOCATE|[77]|Bytes:152
14:05:35.0 (3756383)|HEAP_ALLOCATE|[342]|Bytes:408
14:05:35.0 (3768916)|HEAP_ALLOCATE|[355]|Bytes:408
14:05:35.0 (3779100)|HEAP_ALLOCATE|[467]|Bytes:48
14:05:35.0 (3804766)|HEAP_ALLOCATE|[139]|Bytes:6
14:05:35.0 (3823896)|HEAP_ALLOCATE|[EXTERNAL]|Bytes:148
14:05:35.0 (3841134)|HEAP_ALLOCATE|[EXTERNAL]|Bytes:16
14:05:35.0 (3867607)|METHOD_ENTRY|[1]|01p1H000005w2NJ|potential_Manager.potential_Manager()
14:05:35.0 (3874792)|STATEMENT_EXECUTE|[1]
14:05:35.0 (3879557)|STATEMENT_EXECUTE|[1]
14:05:35.0 (3911878)|HEAP_ALLOCATE|[50]|Bytes:5
14:05:35.0 (3931889)|HEAP_ALLOCATE|[56]|Bytes:5
14:05:35.0 (3938922)|HEAP_ALLOCATE|[64]|Bytes:7
14:05:35.0 (3956910)|SYSTEM_MODE_ENTER|false
14:05:35.0 (3969899)|HEAP_ALLOCATE|[EXTERNAL]|Bytes:5
14:05:35.0 (3977996)|SYSTEM_MODE_EXIT|false
14:05:35.0 (3997233)|METHOD_EXIT|[1]|potential_Manager
14:05:35.0 (4102540)|HEAP_ALLOCATE|[EXTERNAL]|Bytes:16
14:05:35.0 (4114030)|VARIABLE_SCOPE_BEGIN|[8]|this|potential_Manager|true|false
14:05:35.0 (4171863)|VARIABLE_ASSIGNMENT|[8]|this|{}|0x2782ea7e
14:05:35.0 (4188199)|SYSTEM_MODE_ENTER|false
14:05:35.0 (4195356)|HEAP_ALLOCATE|[9]|Bytes:5
14:05:35.0 (4200358)|STATEMENT_EXECUTE|[1]
14:05:35.0 (4203293)|HEAP_ALLOCATE|[9]|Bytes:5
14:05:35.0 (4206324)|STATEMENT_EXECUTE|[4]
14:05:35.0 (4208410)|STATEMENT_EXECUTE|[5]
14:05:35.0 (4209953)|STATEMENT_EXECUTE|[6]
14:05:35.0 (4218683)|HEAP_ALLOCATE|[9]|Bytes:6
14:05:35.0 (4252554)|STATEMENT_EXECUTE|[8]
14:05:35.0 (4254543)|STATEMENT_EXECUTE|[9]
14:05:35.0 (4280065)|HEAP_ALLOCATE|[9]|Bytes:4
14:05:35.0 (4445233)|VARIABLE_ASSIGNMENT|[EXTERNAL]|this|{}|0x2782ea7e
14:05:35.0 (4461091)|VARIABLE_ASSIGNMENT|[EXTERNAL]|value|{}|0x67360502
14:05:35.0 (4476301)|VARIABLE_ASSIGNMENT|[4]|this.placeholderPotential|{}|0x2782ea7e
14:05:35.0 (4505857)|STATEMENT_EXECUTE|[10]
14:05:35.0 (4517456)|HEAP_ALLOCATE|[10]|Bytes:4
14:05:35.0 (4644891)|VARIABLE_ASSIGNMENT|[EXTERNAL]|this|{"placeholderPotential":"0x67360502"}|0x2782ea7e
14:05:35.0 (4674636)|HEAP_ALLOCATE|[EXTERNAL]|Bytes:4
14:05:35.0 (4684776)|VARIABLE_ASSIGNMENT|[EXTERNAL]|value|[]|0x6330b7be
14:05:35.0 (4697345)|VARIABLE_ASSIGNMENT|[5]|this.accountPotentials|[]|0x2782ea7e
14:05:35.0 (4706862)|STATEMENT_EXECUTE|[11]
14:05:35.0 (4714491)|HEAP_ALLOCATE|[11]|Bytes:4
14:05:35.0 (4754828)|VARIABLE_ASSIGNMENT|[EXTERNAL]|this|{"accountPotentials":"0x6330b7be","placeholderPotential":"0x67360502"}|0x2782ea7e
14:05:35.0 (4764829)|HEAP_ALLOCATE|[EXTERNAL]|Bytes:4
14:05:35.0 (4775268)|VARIABLE_ASSIGNMENT|[EXTERNAL]|value|[]|0x5f3831ed
14:05:35.0 (4785096)|VARIABLE_ASSIGNMENT|[6]|this.accountPot|[]|0x2782ea7e
14:05:35.0 (4796317)|SYSTEM_MODE_EXIT|false
14:05:35.0 (5936378)|VF_SERIALIZE_VIEWSTATE_BEGIN|0661H000002Q8fN
14:05:35.0 (7500873)|VF_SERIALIZE_VIEWSTATE_END
14:05:35.9 (9505007)|CUMULATIVE_LIMIT_USAGE
14:05:35.9 (9505007)|LIMIT_USAGE_FOR_NS|(default)|
  Number of SOQL queries: 0 out of 100
  Number of query rows: 0 out of 50000
  Number of SOSL queries: 0 out of 20
  Number of DML statements: 0 out of 150
  Number of DML rows: 0 out of 10000
  Maximum CPU time: 0 out of 10000
  Maximum heap size: 0 out of 6000000
  Number of callouts: 0 out of 100
  Number of Email Invocations: 0 out of 10
  Number of future calls: 0 out of 50
  Number of queueable jobs added to the queue: 0 out of 50
  Number of Mobile Apex push calls: 0 out of 10

14:05:35.9 (9505007)|CUMULATIVE_LIMIT_USAGE_END

14:05:35.0 (9545484)|CODE_UNIT_FINISHED|VF: /apex/Potential_Manager
14:05:35.0 (10261278)|EXECUTION_FINISHED
