34.0 APEX_CODE,FINEST;APEX_PROFILING,INFO;CALLOUT,INFO;DB,INFO;NBA,INFO;SYSTEM,DEBUG;VALIDATION,INFO;VISUALFORCE,INFO;WAVE,INFO;WORKFLOW,INFO
11:50:13.0 (398535)|USER_INFO|[EXTERNAL]|0051H000008yiOQ|pavel@topengineer.io|Pacific Standard Time|GMT-07:00
11:50:13.0 (595542)|EXECUTION_STARTED
11:50:13.0 (600738)|CODE_UNIT_STARTED|[EXTERNAL]|0661H000002Q8fN|VF: /apex/Potential_Manager
11:50:13.0 (3833959)|SYSTEM_MODE_ENTER|true
11:50:13.0 (4428982)|HEAP_ALLOCATE|[72]|Bytes:3
11:50:13.0 (4498345)|HEAP_ALLOCATE|[77]|Bytes:152
11:50:13.0 (4522516)|HEAP_ALLOCATE|[342]|Bytes:408
11:50:13.0 (4543905)|HEAP_ALLOCATE|[355]|Bytes:408
11:50:13.0 (4557541)|HEAP_ALLOCATE|[467]|Bytes:48
11:50:13.0 (4584504)|HEAP_ALLOCATE|[139]|Bytes:6
11:50:13.0 (4606310)|HEAP_ALLOCATE|[EXTERNAL]|Bytes:148
11:50:13.0 (4629521)|HEAP_ALLOCATE|[EXTERNAL]|Bytes:16
11:50:13.0 (4656548)|METHOD_ENTRY|[1]|01p1H000005w2NJ|potential_Manager.potential_Manager()
11:50:13.0 (4663609)|STATEMENT_EXECUTE|[1]
11:50:13.0 (4669304)|STATEMENT_EXECUTE|[1]
11:50:13.0 (4698171)|HEAP_ALLOCATE|[50]|Bytes:5
11:50:13.0 (4719402)|HEAP_ALLOCATE|[56]|Bytes:5
11:50:13.0 (4726609)|HEAP_ALLOCATE|[64]|Bytes:7
11:50:13.0 (4741779)|SYSTEM_MODE_ENTER|false
11:50:13.0 (4751680)|HEAP_ALLOCATE|[EXTERNAL]|Bytes:5
11:50:13.0 (4759127)|SYSTEM_MODE_EXIT|false
11:50:13.0 (4781244)|METHOD_EXIT|[1]|potential_Manager
11:50:13.0 (4885974)|HEAP_ALLOCATE|[EXTERNAL]|Bytes:16
11:50:13.0 (4896880)|VARIABLE_SCOPE_BEGIN|[8]|this|potential_Manager|true|false
11:50:13.0 (4950040)|VARIABLE_ASSIGNMENT|[8]|this|{}|0x146bcb0b
11:50:13.0 (4963471)|SYSTEM_MODE_ENTER|false
11:50:13.0 (4970129)|HEAP_ALLOCATE|[9]|Bytes:5
11:50:13.0 (4975153)|STATEMENT_EXECUTE|[1]
11:50:13.0 (4978218)|HEAP_ALLOCATE|[9]|Bytes:5
11:50:13.0 (4981648)|STATEMENT_EXECUTE|[4]
11:50:13.0 (4983318)|STATEMENT_EXECUTE|[5]
11:50:13.0 (4984801)|STATEMENT_EXECUTE|[6]
11:50:13.0 (4992910)|HEAP_ALLOCATE|[9]|Bytes:6
11:50:13.0 (5024940)|STATEMENT_EXECUTE|[8]
11:50:13.0 (5027546)|STATEMENT_EXECUTE|[9]
11:50:13.0 (5050921)|HEAP_ALLOCATE|[9]|Bytes:4
11:50:13.0 (5204720)|VARIABLE_ASSIGNMENT|[EXTERNAL]|this|{}|0x146bcb0b
11:50:13.0 (5221979)|VARIABLE_ASSIGNMENT|[EXTERNAL]|value|{}|0x1c2be8c3
11:50:13.0 (5241939)|VARIABLE_ASSIGNMENT|[4]|this.placeholderPotential|{}|0x146bcb0b
11:50:13.0 (5285870)|STATEMENT_EXECUTE|[10]
11:50:13.0 (5299964)|HEAP_ALLOCATE|[10]|Bytes:4
11:50:13.0 (5454679)|VARIABLE_ASSIGNMENT|[EXTERNAL]|this|{"placeholderPotential":"0x1c2be8c3"}|0x146bcb0b
11:50:13.0 (5467737)|HEAP_ALLOCATE|[EXTERNAL]|Bytes:4
11:50:13.0 (5476972)|VARIABLE_ASSIGNMENT|[EXTERNAL]|value|[]|0x72f26cc7
11:50:13.0 (5488434)|VARIABLE_ASSIGNMENT|[5]|this.accountPotentials|[]|0x146bcb0b
11:50:13.0 (5498100)|STATEMENT_EXECUTE|[11]
11:50:13.0 (5506135)|HEAP_ALLOCATE|[11]|Bytes:4
11:50:13.0 (5545405)|VARIABLE_ASSIGNMENT|[EXTERNAL]|this|{"accountPotentials":"0x72f26cc7","placeholderPotential":"0x1c2be8c3"}|0x146bcb0b
11:50:13.0 (5555751)|HEAP_ALLOCATE|[EXTERNAL]|Bytes:4
11:50:13.0 (5563515)|VARIABLE_ASSIGNMENT|[EXTERNAL]|value|[]|0x171584eb
11:50:13.0 (5577867)|VARIABLE_ASSIGNMENT|[6]|this.accountPot|[]|0x146bcb0b
11:50:13.0 (5595976)|SYSTEM_MODE_EXIT|false
11:50:13.0 (6849783)|VF_SERIALIZE_VIEWSTATE_BEGIN|0661H000002Q8fN
11:50:13.0 (30148036)|VF_SERIALIZE_VIEWSTATE_END
11:50:13.32 (32741343)|CUMULATIVE_LIMIT_USAGE
11:50:13.32 (32741343)|LIMIT_USAGE_FOR_NS|(default)|
  Number of SOQL queries: 0 out of 100
  Number of query rows: 0 out of 50000
  Number of SOSL queries: 0 out of 20
  Number of DML statements: 0 out of 150
  Number of DML rows: 0 out of 10000
  Maximum CPU time: 0 out of 10000
  Maximum heap size: 0 out of 6000000
  Number of callouts: 0 out of 100
  Number of Email Invocations: 0 out of 10
  Number of future calls: 0 out of 50
  Number of queueable jobs added to the queue: 0 out of 50
  Number of Mobile Apex push calls: 0 out of 10

11:50:13.32 (32741343)|CUMULATIVE_LIMIT_USAGE_END

11:50:13.0 (32788311)|CODE_UNIT_FINISHED|VF: /apex/Potential_Manager
11:50:13.0 (33723276)|EXECUTION_FINISHED
