34.0 APEX_CODE,FINEST;APEX_PROFILING,INFO;CALLOUT,INFO;DB,INFO;NBA,INFO;SYSTEM,DEBUG;VALIDATION,INFO;VISUALFORCE,INFO;WAVE,INFO;WORKFLOW,INFO
16:59:02.0 (321169)|USER_INFO|[EXTERNAL]|0051H000008yiOQ|pavel@topengineer.io|Pacific Standard Time|GMT-07:00
16:59:02.0 (356391)|EXECUTION_STARTED
16:59:02.0 (360584)|CODE_UNIT_STARTED|[EXTERNAL]|0661H000002ugfO|VF: /apex/CustomerEvangelist
16:59:02.0 (2155396)|SYSTEM_MODE_ENTER|true
16:59:02.0 (2431525)|HEAP_ALLOCATE|[72]|Bytes:3
16:59:02.0 (2463955)|HEAP_ALLOCATE|[77]|Bytes:152
16:59:02.0 (2477650)|HEAP_ALLOCATE|[342]|Bytes:408
16:59:02.0 (2491467)|HEAP_ALLOCATE|[355]|Bytes:408
16:59:02.0 (2502932)|HEAP_ALLOCATE|[467]|Bytes:48
16:59:02.0 (2526288)|HEAP_ALLOCATE|[139]|Bytes:6
16:59:02.0 (2540499)|HEAP_ALLOCATE|[EXTERNAL]|Bytes:176
16:59:02.0 (2545237)|HEAP_ALLOCATE|[EXTERNAL]|Bytes:19
16:59:02.0 (2554423)|METHOD_ENTRY|[1]|01p1H000006LIeu|CustomerEvangelist.CustomerEvangelist()
16:59:02.0 (2560829)|STATEMENT_EXECUTE|[1]
16:59:02.0 (2565202)|STATEMENT_EXECUTE|[1]
16:59:02.0 (2592309)|HEAP_ALLOCATE|[50]|Bytes:5
16:59:02.0 (2609963)|HEAP_ALLOCATE|[56]|Bytes:5
16:59:02.0 (2616881)|HEAP_ALLOCATE|[64]|Bytes:7
16:59:02.0 (2631734)|SYSTEM_MODE_ENTER|false
16:59:02.0 (2642629)|HEAP_ALLOCATE|[EXTERNAL]|Bytes:5
16:59:02.0 (2649542)|SYSTEM_MODE_EXIT|false
16:59:02.0 (2657376)|METHOD_EXIT|[1]|CustomerEvangelist
16:59:02.0 (2713588)|HEAP_ALLOCATE|[EXTERNAL]|Bytes:20
16:59:02.0 (2723736)|VARIABLE_SCOPE_BEGIN|[9]|this|CustomerEvangelist|true|false
16:59:02.0 (2776187)|VARIABLE_ASSIGNMENT|[9]|this|{}|0x30469b6c
16:59:02.0 (2790066)|SYSTEM_MODE_ENTER|false
16:59:02.0 (2796008)|HEAP_ALLOCATE|[10]|Bytes:5
16:59:02.0 (2800325)|STATEMENT_EXECUTE|[1]
16:59:02.0 (2803233)|HEAP_ALLOCATE|[10]|Bytes:5
16:59:02.0 (2806209)|STATEMENT_EXECUTE|[5]
16:59:02.0 (2808011)|STATEMENT_EXECUTE|[6]
16:59:02.0 (2809643)|STATEMENT_EXECUTE|[7]
16:59:02.0 (2811119)|STATEMENT_EXECUTE|[43]
16:59:02.0 (2818960)|HEAP_ALLOCATE|[10]|Bytes:6
16:59:02.0 (2850910)|STATEMENT_EXECUTE|[9]
16:59:02.0 (2852844)|STATEMENT_EXECUTE|[10]
16:59:02.0 (2868934)|HEAP_ALLOCATE|[10]|Bytes:4
16:59:02.0 (2996223)|VARIABLE_ASSIGNMENT|[EXTERNAL]|this|{}|0x30469b6c
16:59:02.0 (3013146)|VARIABLE_ASSIGNMENT|[EXTERNAL]|value|{}|0x4dd34eb2
16:59:02.0 (3028338)|VARIABLE_ASSIGNMENT|[5]|this.placeholderContact|{}|0x30469b6c
16:59:02.0 (3039386)|STATEMENT_EXECUTE|[11]
16:59:02.0 (3049446)|HEAP_ALLOCATE|[11]|Bytes:4
16:59:02.0 (3184540)|VARIABLE_ASSIGNMENT|[EXTERNAL]|this|{"placeholderContact":"0x4dd34eb2"}|0x30469b6c
16:59:02.0 (3215063)|HEAP_ALLOCATE|[EXTERNAL]|Bytes:4
16:59:02.0 (3226731)|VARIABLE_ASSIGNMENT|[EXTERNAL]|value|[]|0x589b161e
16:59:02.0 (3238337)|VARIABLE_ASSIGNMENT|[6]|this.accountContacts|[]|0x30469b6c
16:59:02.0 (3247301)|STATEMENT_EXECUTE|[12]
16:59:02.0 (3255601)|HEAP_ALLOCATE|[12]|Bytes:4
16:59:02.0 (3326825)|VARIABLE_ASSIGNMENT|[EXTERNAL]|this|{"accountContacts":"0x589b161e","placeholderContact":"0x4dd34eb2"}|0x30469b6c
16:59:02.0 (3336222)|HEAP_ALLOCATE|[EXTERNAL]|Bytes:4
16:59:02.0 (3342191)|VARIABLE_ASSIGNMENT|[EXTERNAL]|value|[]|0x6bda425d
16:59:02.0 (3351717)|VARIABLE_ASSIGNMENT|[7]|this.accountAccount|[]|0x30469b6c
16:59:02.0 (3362954)|SYSTEM_MODE_EXIT|false
16:59:02.0 (3408955)|SYSTEM_MODE_ENTER|true
16:59:02.0 (30183211)|VF_SERIALIZE_VIEWSTATE_BEGIN|0661H000002ugfO
16:59:02.0 (32040813)|VF_SERIALIZE_VIEWSTATE_END
16:59:02.34 (34061858)|CUMULATIVE_LIMIT_USAGE
16:59:02.34 (34061858)|LIMIT_USAGE_FOR_NS|(default)|
  Number of SOQL queries: 0 out of 100
  Number of query rows: 0 out of 50000
  Number of SOSL queries: 0 out of 20
  Number of DML statements: 0 out of 150
  Number of DML rows: 0 out of 10000
  Maximum CPU time: 0 out of 10000
  Maximum heap size: 0 out of 6000000
  Number of callouts: 0 out of 100
  Number of Email Invocations: 0 out of 10
  Number of future calls: 0 out of 50
  Number of queueable jobs added to the queue: 0 out of 50
  Number of Mobile Apex push calls: 0 out of 10

16:59:02.34 (34061858)|CUMULATIVE_LIMIT_USAGE_END

16:59:02.0 (34102617)|CODE_UNIT_FINISHED|VF: /apex/CustomerEvangelist
16:59:02.0 (34804999)|EXECUTION_FINISHED
