34.0 APEX_CODE,FINEST;APEX_PROFILING,INFO;CALLOUT,INFO;DB,INFO;NBA,INFO;SYSTEM,DEBUG;VALIDATION,INFO;VISUALFORCE,INFO;WAVE,INFO;WORKFLOW,INFO
16:51:09.0 (370951)|USER_INFO|[EXTERNAL]|0051H000008yiOQ|pavel@topengineer.io|Pacific Standard Time|GMT-07:00
16:51:09.0 (407936)|EXECUTION_STARTED
16:51:09.0 (412286)|CODE_UNIT_STARTED|[EXTERNAL]|0661H000002ugfO|VF: /apex/CustomerEvangelist
16:51:09.0 (2338769)|SYSTEM_MODE_ENTER|true
16:51:09.0 (2844922)|HEAP_ALLOCATE|[72]|Bytes:3
16:51:09.0 (2903275)|HEAP_ALLOCATE|[77]|Bytes:152
16:51:09.0 (2916764)|HEAP_ALLOCATE|[342]|Bytes:408
16:51:09.0 (2927484)|HEAP_ALLOCATE|[355]|Bytes:408
16:51:09.0 (2937446)|HEAP_ALLOCATE|[467]|Bytes:48
16:51:09.0 (2984022)|HEAP_ALLOCATE|[139]|Bytes:6
16:51:09.0 (3000810)|HEAP_ALLOCATE|[EXTERNAL]|Bytes:176
16:51:09.0 (3019275)|HEAP_ALLOCATE|[EXTERNAL]|Bytes:19
16:51:09.0 (3044387)|METHOD_ENTRY|[1]|01p1H000006LIeu|CustomerEvangelist.CustomerEvangelist()
16:51:09.0 (3051398)|STATEMENT_EXECUTE|[1]
16:51:09.0 (3057131)|STATEMENT_EXECUTE|[1]
16:51:09.0 (3088549)|HEAP_ALLOCATE|[50]|Bytes:5
16:51:09.0 (3109968)|HEAP_ALLOCATE|[56]|Bytes:5
16:51:09.0 (3117099)|HEAP_ALLOCATE|[64]|Bytes:7
16:51:09.0 (3144426)|SYSTEM_MODE_ENTER|false
16:51:09.0 (3157941)|HEAP_ALLOCATE|[EXTERNAL]|Bytes:5
16:51:09.0 (3165273)|SYSTEM_MODE_EXIT|false
16:51:09.0 (3184617)|METHOD_EXIT|[1]|CustomerEvangelist
16:51:09.0 (3259546)|HEAP_ALLOCATE|[EXTERNAL]|Bytes:20
16:51:09.0 (3268643)|VARIABLE_SCOPE_BEGIN|[9]|this|CustomerEvangelist|true|false
16:51:09.0 (3327091)|VARIABLE_ASSIGNMENT|[9]|this|{}|0x27f72ad
16:51:09.0 (3341806)|SYSTEM_MODE_ENTER|false
16:51:09.0 (3347923)|HEAP_ALLOCATE|[10]|Bytes:5
16:51:09.0 (3352084)|STATEMENT_EXECUTE|[1]
16:51:09.0 (3355105)|HEAP_ALLOCATE|[10]|Bytes:5
16:51:09.0 (3358042)|STATEMENT_EXECUTE|[5]
16:51:09.0 (3360171)|STATEMENT_EXECUTE|[6]
16:51:09.0 (3361656)|STATEMENT_EXECUTE|[7]
16:51:09.0 (3363262)|STATEMENT_EXECUTE|[43]
16:51:09.0 (3371586)|HEAP_ALLOCATE|[10]|Bytes:6
16:51:09.0 (3403992)|STATEMENT_EXECUTE|[9]
16:51:09.0 (3406056)|STATEMENT_EXECUTE|[10]
16:51:09.0 (3422112)|HEAP_ALLOCATE|[10]|Bytes:4
16:51:09.0 (3584805)|VARIABLE_ASSIGNMENT|[EXTERNAL]|this|{}|0x27f72ad
16:51:09.0 (3601317)|VARIABLE_ASSIGNMENT|[EXTERNAL]|value|{}|0x6bc75b49
16:51:09.0 (3616487)|VARIABLE_ASSIGNMENT|[5]|this.placeholderContact|{}|0x27f72ad
16:51:09.0 (3644730)|STATEMENT_EXECUTE|[11]
16:51:09.0 (3657111)|HEAP_ALLOCATE|[11]|Bytes:4
16:51:09.0 (3794192)|VARIABLE_ASSIGNMENT|[EXTERNAL]|this|{"placeholderContact":"0x6bc75b49"}|0x27f72ad
16:51:09.0 (3811294)|HEAP_ALLOCATE|[EXTERNAL]|Bytes:4
16:51:09.0 (3824505)|VARIABLE_ASSIGNMENT|[EXTERNAL]|value|[]|0x48029f7b
16:51:09.0 (3841851)|VARIABLE_ASSIGNMENT|[6]|this.accountContacts|[]|0x27f72ad
16:51:09.0 (3854094)|STATEMENT_EXECUTE|[12]
16:51:09.0 (3862480)|HEAP_ALLOCATE|[12]|Bytes:4
16:51:09.0 (3937145)|VARIABLE_ASSIGNMENT|[EXTERNAL]|this|{"accountContacts":"0x48029f7b","placeholderContact":"0x6bc75b49"}|0x27f72ad
16:51:09.0 (3948272)|HEAP_ALLOCATE|[EXTERNAL]|Bytes:4
16:51:09.0 (3954759)|VARIABLE_ASSIGNMENT|[EXTERNAL]|value|[]|0x17312a55
16:51:09.0 (3965037)|VARIABLE_ASSIGNMENT|[7]|this.accountAccount|[]|0x27f72ad
16:51:09.0 (3976813)|SYSTEM_MODE_EXIT|false
16:51:09.0 (4048581)|SYSTEM_MODE_ENTER|true
16:51:09.0 (36223948)|VF_SERIALIZE_VIEWSTATE_BEGIN|0661H000002ugfO
16:51:09.0 (38098066)|VF_SERIALIZE_VIEWSTATE_END
16:51:09.40 (40251489)|CUMULATIVE_LIMIT_USAGE
16:51:09.40 (40251489)|LIMIT_USAGE_FOR_NS|(default)|
  Number of SOQL queries: 0 out of 100
  Number of query rows: 0 out of 50000
  Number of SOSL queries: 0 out of 20
  Number of DML statements: 0 out of 150
  Number of DML rows: 0 out of 10000
  Maximum CPU time: 0 out of 10000
  Maximum heap size: 0 out of 6000000
  Number of callouts: 0 out of 100
  Number of Email Invocations: 0 out of 10
  Number of future calls: 0 out of 50
  Number of queueable jobs added to the queue: 0 out of 50
  Number of Mobile Apex push calls: 0 out of 10

16:51:09.40 (40251489)|CUMULATIVE_LIMIT_USAGE_END

16:51:09.0 (40284934)|CODE_UNIT_FINISHED|VF: /apex/CustomerEvangelist
16:51:09.0 (41057423)|EXECUTION_FINISHED
