34.0 APEX_CODE,FINEST;APEX_PROFILING,INFO;CALLOUT,INFO;DB,INFO;NBA,INFO;SYSTEM,DEBUG;VALIDATION,INFO;VISUALFORCE,INFO;WAVE,INFO;WORKFLOW,INFO
13:38:24.0 (493855)|USER_INFO|[EXTERNAL]|0051H000008yiOQ|pavel@topengineer.io|Pacific Standard Time|GMT-07:00
13:38:24.0 (740774)|EXECUTION_STARTED
13:38:24.0 (750429)|CODE_UNIT_STARTED|[EXTERNAL]|0661H000002Q8fN|VF: /apex/Potential_Manager
13:38:24.0 (1459598)|VF_DESERIALIZE_VIEWSTATE_BEGIN|0661H000002Q8fN
13:38:24.0 (9539906)|HEAP_ALLOCATE|[72]|Bytes:3
13:38:24.0 (9621463)|HEAP_ALLOCATE|[77]|Bytes:152
13:38:24.0 (9656331)|HEAP_ALLOCATE|[342]|Bytes:408
13:38:24.0 (9691675)|HEAP_ALLOCATE|[355]|Bytes:408
13:38:24.0 (9723741)|HEAP_ALLOCATE|[467]|Bytes:48
13:38:24.0 (9769410)|HEAP_ALLOCATE|[139]|Bytes:6
13:38:24.0 (11234749)|VF_DESERIALIZE_VIEWSTATE_END
13:38:24.0 (12341547)|HEAP_ALLOCATE|[EXTERNAL]|Bytes:148
13:38:24.0 (12385137)|HEAP_ALLOCATE|[EXTERNAL]|Bytes:16
13:38:24.0 (12434244)|METHOD_ENTRY|[1]|01p1H000005w2NJ|potential_Manager.potential_Manager()
13:38:24.0 (12445992)|STATEMENT_EXECUTE|[1]
13:38:24.0 (12454212)|STATEMENT_EXECUTE|[1]
13:38:24.0 (12569879)|HEAP_ALLOCATE|[50]|Bytes:5
13:38:24.0 (12604269)|HEAP_ALLOCATE|[56]|Bytes:5
13:38:24.0 (12620191)|HEAP_ALLOCATE|[64]|Bytes:7
13:38:24.0 (12655757)|SYSTEM_MODE_ENTER|false
13:38:24.0 (12836825)|HEAP_ALLOCATE|[EXTERNAL]|Bytes:5
13:38:24.0 (12848999)|SYSTEM_MODE_EXIT|false
13:38:24.0 (12880744)|METHOD_EXIT|[1]|potential_Manager
13:38:24.0 (12895419)|HEAP_ALLOCATE|[EXTERNAL]|Bytes:16
13:38:24.0 (12907733)|VARIABLE_SCOPE_BEGIN|[14]|this|potential_Manager|true|false
13:38:24.0 (13018620)|VARIABLE_ASSIGNMENT|[14]|this|{"accountPot":"0x59f0b485","accountPotentials":"0x5ae2b7c5","placeholderPotential":"0x42c2936"}|0x29b687f1
13:38:24.0 (13051985)|SYSTEM_MODE_ENTER|false
13:38:24.0 (13064773)|HEAP_ALLOCATE|[16]|Bytes:5
13:38:24.0 (13071917)|STATEMENT_EXECUTE|[14]
13:38:24.0 (13074386)|STATEMENT_EXECUTE|[16]
13:38:24.0 (13078881)|HEAP_ALLOCATE|[16]|Bytes:65
13:38:24.0 (13110187)|HEAP_ALLOCATE|[16]|Bytes:4
13:38:24.0 (14390880)|SOQL_EXECUTE_BEGIN|[16]|Aggregations:0|SELECT product__c, potential__c, probability__c FROM Potential__c
13:38:24.0 (17412863)|SOQL_EXECUTE_END|[16]|Rows:10
13:38:24.0 (17444301)|HEAP_ALLOCATE|[16]|Bytes:44
13:38:24.0 (17481631)|HEAP_ALLOCATE|[16]|Bytes:1568
13:38:24.0 (17519722)|HEAP_ALLOCATE|[16]|Bytes:44
13:38:24.0 (17632007)|VARIABLE_ASSIGNMENT|[EXTERNAL]|this|{"accountPot":"0x59f0b485","accountPotentials":"0x5ae2b7c5","placeholderPotential":"0x42c2936"}|0x29b687f1
13:38:24.0 (17660240)|VARIABLE_ASSIGNMENT|[EXTERNAL]|value|"List of size 10 too large to display"|0xad9a54a
13:38:24.0 (17684671)|VARIABLE_ASSIGNMENT|[5]|this.accountPotentials|"List of size 10 too large to display"|0x29b687f1
13:38:24.0 (17722392)|SYSTEM_MODE_EXIT|false
13:38:24.0 (21906233)|VF_SERIALIZE_VIEWSTATE_BEGIN|0661H000002Q8fN
13:38:24.0 (24121605)|VF_SERIALIZE_VIEWSTATE_END
13:38:24.29 (29493922)|CUMULATIVE_LIMIT_USAGE
13:38:24.29 (29493922)|LIMIT_USAGE_FOR_NS|(default)|
  Number of SOQL queries: 1 out of 100
  Number of query rows: 10 out of 50000
  Number of SOSL queries: 0 out of 20
  Number of DML statements: 0 out of 150
  Number of DML rows: 0 out of 10000
  Maximum CPU time: 0 out of 10000
  Maximum heap size: 0 out of 6000000
  Number of callouts: 0 out of 100
  Number of Email Invocations: 0 out of 10
  Number of future calls: 0 out of 50
  Number of queueable jobs added to the queue: 0 out of 50
  Number of Mobile Apex push calls: 0 out of 10

13:38:24.29 (29493922)|CUMULATIVE_LIMIT_USAGE_END

13:38:24.0 (29542369)|CODE_UNIT_FINISHED|VF: /apex/Potential_Manager
13:38:24.0 (30666650)|EXECUTION_FINISHED
