34.0 APEX_CODE,FINEST;APEX_PROFILING,INFO;CALLOUT,INFO;DB,INFO;NBA,INFO;SYSTEM,DEBUG;VALIDATION,INFO;VISUALFORCE,INFO;WAVE,INFO;WORKFLOW,INFO
13:36:15.0 (412334)|USER_INFO|[EXTERNAL]|0051H000008yiOQ|pavel@topengineer.io|Pacific Standard Time|GMT-07:00
13:36:15.0 (455886)|EXECUTION_STARTED
13:36:15.0 (461456)|CODE_UNIT_STARTED|[EXTERNAL]|0661H000002Q8fN|VF: /apex/Potential_Manager
13:36:15.0 (3621116)|SYSTEM_MODE_ENTER|true
13:36:15.0 (4087424)|HEAP_ALLOCATE|[72]|Bytes:3
13:36:15.0 (4154785)|HEAP_ALLOCATE|[77]|Bytes:152
13:36:15.0 (4169752)|HEAP_ALLOCATE|[342]|Bytes:408
13:36:15.0 (4182935)|HEAP_ALLOCATE|[355]|Bytes:408
13:36:15.0 (4194445)|HEAP_ALLOCATE|[467]|Bytes:48
13:36:15.0 (4224176)|HEAP_ALLOCATE|[139]|Bytes:6
13:36:15.0 (4240965)|HEAP_ALLOCATE|[EXTERNAL]|Bytes:148
13:36:15.0 (4262899)|HEAP_ALLOCATE|[EXTERNAL]|Bytes:16
13:36:15.0 (4284325)|METHOD_ENTRY|[1]|01p1H000005w2NJ|potential_Manager.potential_Manager()
13:36:15.0 (4291595)|STATEMENT_EXECUTE|[1]
13:36:15.0 (4297145)|STATEMENT_EXECUTE|[1]
13:36:15.0 (4328605)|HEAP_ALLOCATE|[50]|Bytes:5
13:36:15.0 (4351462)|HEAP_ALLOCATE|[56]|Bytes:5
13:36:15.0 (4359455)|HEAP_ALLOCATE|[64]|Bytes:7
13:36:15.0 (4375200)|SYSTEM_MODE_ENTER|false
13:36:15.0 (4387333)|HEAP_ALLOCATE|[EXTERNAL]|Bytes:5
13:36:15.0 (4394983)|SYSTEM_MODE_EXIT|false
13:36:15.0 (4414941)|METHOD_EXIT|[1]|potential_Manager
13:36:15.0 (4517933)|HEAP_ALLOCATE|[EXTERNAL]|Bytes:16
13:36:15.0 (4529461)|VARIABLE_SCOPE_BEGIN|[8]|this|potential_Manager|true|false
13:36:15.0 (4592027)|VARIABLE_ASSIGNMENT|[8]|this|{}|0x57c6fb98
13:36:15.0 (4606894)|SYSTEM_MODE_ENTER|false
13:36:15.0 (4613941)|HEAP_ALLOCATE|[9]|Bytes:5
13:36:15.0 (4618698)|STATEMENT_EXECUTE|[1]
13:36:15.0 (4621711)|HEAP_ALLOCATE|[9]|Bytes:5
13:36:15.0 (4625261)|STATEMENT_EXECUTE|[4]
13:36:15.0 (4627010)|STATEMENT_EXECUTE|[5]
13:36:15.0 (4628514)|STATEMENT_EXECUTE|[6]
13:36:15.0 (4637273)|HEAP_ALLOCATE|[9]|Bytes:6
13:36:15.0 (4669855)|STATEMENT_EXECUTE|[8]
13:36:15.0 (4671809)|STATEMENT_EXECUTE|[9]
13:36:15.0 (4695884)|HEAP_ALLOCATE|[9]|Bytes:4
13:36:15.0 (4837247)|VARIABLE_ASSIGNMENT|[EXTERNAL]|this|{}|0x57c6fb98
13:36:15.0 (4853825)|VARIABLE_ASSIGNMENT|[EXTERNAL]|value|{}|0x4b8d7911
13:36:15.0 (4870585)|VARIABLE_ASSIGNMENT|[4]|this.placeholderPotential|{}|0x57c6fb98
13:36:15.0 (4882636)|STATEMENT_EXECUTE|[10]
13:36:15.0 (4895280)|HEAP_ALLOCATE|[10]|Bytes:4
13:36:15.0 (4983303)|VARIABLE_ASSIGNMENT|[EXTERNAL]|this|{"placeholderPotential":"0x4b8d7911"}|0x57c6fb98
13:36:15.0 (4995164)|HEAP_ALLOCATE|[EXTERNAL]|Bytes:4
13:36:15.0 (5004543)|VARIABLE_ASSIGNMENT|[EXTERNAL]|value|[]|0x4400fe37
13:36:15.0 (5017241)|VARIABLE_ASSIGNMENT|[5]|this.accountPotentials|[]|0x57c6fb98
13:36:15.0 (5026229)|STATEMENT_EXECUTE|[11]
13:36:15.0 (5033476)|HEAP_ALLOCATE|[11]|Bytes:4
13:36:15.0 (5079966)|VARIABLE_ASSIGNMENT|[EXTERNAL]|this|{"accountPotentials":"0x4400fe37","placeholderPotential":"0x4b8d7911"}|0x57c6fb98
13:36:15.0 (5089994)|HEAP_ALLOCATE|[EXTERNAL]|Bytes:4
13:36:15.0 (5095973)|VARIABLE_ASSIGNMENT|[EXTERNAL]|value|[]|0x17b2d51e
13:36:15.0 (5106206)|VARIABLE_ASSIGNMENT|[6]|this.accountPot|[]|0x57c6fb98
13:36:15.0 (5120070)|SYSTEM_MODE_EXIT|false
13:36:15.0 (6234774)|VF_SERIALIZE_VIEWSTATE_BEGIN|0661H000002Q8fN
13:36:15.0 (7913925)|VF_SERIALIZE_VIEWSTATE_END
13:36:15.10 (10013201)|CUMULATIVE_LIMIT_USAGE
13:36:15.10 (10013201)|LIMIT_USAGE_FOR_NS|(default)|
  Number of SOQL queries: 0 out of 100
  Number of query rows: 0 out of 50000
  Number of SOSL queries: 0 out of 20
  Number of DML statements: 0 out of 150
  Number of DML rows: 0 out of 10000
  Maximum CPU time: 0 out of 10000
  Maximum heap size: 0 out of 6000000
  Number of callouts: 0 out of 100
  Number of Email Invocations: 0 out of 10
  Number of future calls: 0 out of 50
  Number of queueable jobs added to the queue: 0 out of 50
  Number of Mobile Apex push calls: 0 out of 10

13:36:15.10 (10013201)|CUMULATIVE_LIMIT_USAGE_END

13:36:15.0 (10056012)|CODE_UNIT_FINISHED|VF: /apex/Potential_Manager
13:36:15.0 (10783747)|EXECUTION_FINISHED
