34.0 APEX_CODE,FINEST;APEX_PROFILING,INFO;CALLOUT,INFO;DB,INFO;NBA,INFO;SYSTEM,DEBUG;VALIDATION,INFO;VISUALFORCE,INFO;WAVE,INFO;WORKFLOW,INFO
14:06:24.0 (83128)|USER_INFO|[EXTERNAL]|0051H000008yiOQ|pavel@topengineer.io|Pacific Standard Time|GMT-07:00
14:06:24.0 (118927)|EXECUTION_STARTED
14:06:24.0 (123589)|CODE_UNIT_STARTED|[EXTERNAL]|0661H000002Q8fN|VF: /apex/Potential_Manager
14:06:24.0 (4637479)|SYSTEM_MODE_ENTER|true
14:06:24.0 (5018338)|HEAP_ALLOCATE|[72]|Bytes:3
14:06:24.0 (5076718)|HEAP_ALLOCATE|[77]|Bytes:152
14:06:24.0 (5092918)|HEAP_ALLOCATE|[342]|Bytes:408
14:06:24.0 (5105762)|HEAP_ALLOCATE|[355]|Bytes:408
14:06:24.0 (5116572)|HEAP_ALLOCATE|[467]|Bytes:48
14:06:24.0 (5145007)|HEAP_ALLOCATE|[139]|Bytes:6
14:06:24.0 (5164149)|HEAP_ALLOCATE|[EXTERNAL]|Bytes:148
14:06:24.0 (5182489)|HEAP_ALLOCATE|[EXTERNAL]|Bytes:16
14:06:24.0 (5204835)|METHOD_ENTRY|[1]|01p1H000005w2NJ|potential_Manager.potential_Manager()
14:06:24.0 (5212471)|STATEMENT_EXECUTE|[1]
14:06:24.0 (5217930)|STATEMENT_EXECUTE|[1]
14:06:24.0 (5250632)|HEAP_ALLOCATE|[50]|Bytes:5
14:06:24.0 (5271391)|HEAP_ALLOCATE|[56]|Bytes:5
14:06:24.0 (5279094)|HEAP_ALLOCATE|[64]|Bytes:7
14:06:24.0 (5294271)|SYSTEM_MODE_ENTER|false
14:06:24.0 (5304946)|HEAP_ALLOCATE|[EXTERNAL]|Bytes:5
14:06:24.0 (5312726)|SYSTEM_MODE_EXIT|false
14:06:24.0 (5333254)|METHOD_EXIT|[1]|potential_Manager
14:06:24.0 (5447274)|HEAP_ALLOCATE|[EXTERNAL]|Bytes:16
14:06:24.0 (5457843)|VARIABLE_SCOPE_BEGIN|[8]|this|potential_Manager|true|false
14:06:24.0 (5510945)|VARIABLE_ASSIGNMENT|[8]|this|{}|0x4f8c5f5a
14:06:24.0 (5525790)|SYSTEM_MODE_ENTER|false
14:06:24.0 (5532615)|HEAP_ALLOCATE|[9]|Bytes:5
14:06:24.0 (5537322)|STATEMENT_EXECUTE|[1]
14:06:24.0 (5540448)|HEAP_ALLOCATE|[9]|Bytes:5
14:06:24.0 (5543055)|STATEMENT_EXECUTE|[4]
14:06:24.0 (5544702)|STATEMENT_EXECUTE|[5]
14:06:24.0 (5546125)|STATEMENT_EXECUTE|[6]
14:06:24.0 (5553975)|HEAP_ALLOCATE|[9]|Bytes:6
14:06:24.0 (5591307)|STATEMENT_EXECUTE|[8]
14:06:24.0 (5593563)|STATEMENT_EXECUTE|[9]
14:06:24.0 (5615971)|HEAP_ALLOCATE|[9]|Bytes:4
14:06:24.0 (5762469)|VARIABLE_ASSIGNMENT|[EXTERNAL]|this|{}|0x4f8c5f5a
14:06:24.0 (5777806)|VARIABLE_ASSIGNMENT|[EXTERNAL]|value|{}|0x29b154bf
14:06:24.0 (5790675)|VARIABLE_ASSIGNMENT|[4]|this.placeholderPotential|{}|0x4f8c5f5a
14:06:24.0 (5801233)|STATEMENT_EXECUTE|[10]
14:06:24.0 (5815014)|HEAP_ALLOCATE|[10]|Bytes:4
14:06:24.0 (5950295)|VARIABLE_ASSIGNMENT|[EXTERNAL]|this|{"placeholderPotential":"0x29b154bf"}|0x4f8c5f5a
14:06:24.0 (5962634)|HEAP_ALLOCATE|[EXTERNAL]|Bytes:4
14:06:24.0 (5972398)|VARIABLE_ASSIGNMENT|[EXTERNAL]|value|[]|0x1fc79544
14:06:24.0 (5983433)|VARIABLE_ASSIGNMENT|[5]|this.accountPotentials|[]|0x4f8c5f5a
14:06:24.0 (5992222)|STATEMENT_EXECUTE|[11]
14:06:24.0 (5999962)|HEAP_ALLOCATE|[11]|Bytes:4
14:06:24.0 (6037231)|VARIABLE_ASSIGNMENT|[EXTERNAL]|this|{"accountPotentials":"0x1fc79544","placeholderPotential":"0x29b154bf"}|0x4f8c5f5a
14:06:24.0 (6047616)|HEAP_ALLOCATE|[EXTERNAL]|Bytes:4
14:06:24.0 (6053893)|VARIABLE_ASSIGNMENT|[EXTERNAL]|value|[]|0x61fa88d4
14:06:24.0 (6063168)|VARIABLE_ASSIGNMENT|[6]|this.accountPot|[]|0x4f8c5f5a
14:06:24.0 (6074413)|SYSTEM_MODE_EXIT|false
14:06:24.0 (7150191)|VF_SERIALIZE_VIEWSTATE_BEGIN|0661H000002Q8fN
14:06:24.0 (8955567)|VF_SERIALIZE_VIEWSTATE_END
14:06:24.11 (11334379)|CUMULATIVE_LIMIT_USAGE
14:06:24.11 (11334379)|LIMIT_USAGE_FOR_NS|(default)|
  Number of SOQL queries: 0 out of 100
  Number of query rows: 0 out of 50000
  Number of SOSL queries: 0 out of 20
  Number of DML statements: 0 out of 150
  Number of DML rows: 0 out of 10000
  Maximum CPU time: 0 out of 10000
  Maximum heap size: 0 out of 6000000
  Number of callouts: 0 out of 100
  Number of Email Invocations: 0 out of 10
  Number of future calls: 0 out of 50
  Number of queueable jobs added to the queue: 0 out of 50
  Number of Mobile Apex push calls: 0 out of 10

14:06:24.11 (11334379)|CUMULATIVE_LIMIT_USAGE_END

14:06:24.0 (11376683)|CODE_UNIT_FINISHED|VF: /apex/Potential_Manager
14:06:24.0 (12108884)|EXECUTION_FINISHED
