43.0 APEX_CODE,FINEST;APEX_PROFILING,INFO;CALLOUT,INFO;DB,INFO;NBA,INFO;SYSTEM,DEBUG;VALIDATION,INFO;VISUALFORCE,INFO;WAVE,INFO;WORKFLOW,INFO
14:35:34.0 (402940)|USER_INFO|[EXTERNAL]|0051H000008yiOQ|pavel@topengineer.io|Pacific Standard Time|GMT-07:00
14:35:34.0 (439065)|EXECUTION_STARTED
14:35:34.0 (443059)|CODE_UNIT_STARTED|[EXTERNAL]|VF: /apextemplate/apexremote
14:35:34.111 (111778232)|CUMULATIVE_LIMIT_USAGE
14:35:34.111 (111778232)|LIMIT_USAGE_FOR_NS|(default)|
  Number of SOQL queries: 0 out of 100
  Number of query rows: 0 out of 50000
  Number of SOSL queries: 0 out of 20
  Number of DML statements: 0 out of 150
  Number of DML rows: 0 out of 10000
  Maximum CPU time: 0 out of 10000
  Maximum heap size: 0 out of 6000000
  Number of callouts: 0 out of 100
  Number of Email Invocations: 0 out of 10
  Number of future calls: 0 out of 50
  Number of queueable jobs added to the queue: 0 out of 50
  Number of Mobile Apex push calls: 0 out of 10

14:35:34.111 (111778232)|CUMULATIVE_LIMIT_USAGE_END

14:35:34.0 (111862649)|CODE_UNIT_FINISHED|VF: /apextemplate/apexremote
14:35:34.0 (113093920)|EXECUTION_FINISHED
