34.0 APEX_CODE,FINEST;APEX_PROFILING,INFO;CALLOUT,INFO;DB,INFO;NBA,INFO;SYSTEM,DEBUG;VALIDATION,INFO;VISUALFORCE,INFO;WAVE,INFO;WORKFLOW,INFO
13:37:08.0 (419949)|USER_INFO|[EXTERNAL]|0051H000008yiOQ|pavel@topengineer.io|Pacific Standard Time|GMT-07:00
13:37:08.0 (474963)|EXECUTION_STARTED
13:37:08.0 (486093)|CODE_UNIT_STARTED|[EXTERNAL]|0661H000002Q8fN|VF: /apex/Potential_Manager
13:37:08.0 (7711314)|SYSTEM_MODE_ENTER|true
13:37:08.0 (8199705)|HEAP_ALLOCATE|[72]|Bytes:3
13:37:08.0 (8247712)|HEAP_ALLOCATE|[77]|Bytes:152
13:37:08.0 (8265507)|HEAP_ALLOCATE|[342]|Bytes:408
13:37:08.0 (8280617)|HEAP_ALLOCATE|[355]|Bytes:408
13:37:08.0 (8291404)|HEAP_ALLOCATE|[467]|Bytes:48
13:37:08.0 (8319145)|HEAP_ALLOCATE|[139]|Bytes:6
13:37:08.0 (8339697)|HEAP_ALLOCATE|[EXTERNAL]|Bytes:148
13:37:08.0 (8346229)|HEAP_ALLOCATE|[EXTERNAL]|Bytes:16
13:37:08.0 (8358712)|METHOD_ENTRY|[1]|01p1H000005w2NJ|potential_Manager.potential_Manager()
13:37:08.0 (8365767)|STATEMENT_EXECUTE|[1]
13:37:08.0 (8370565)|STATEMENT_EXECUTE|[1]
13:37:08.0 (8414287)|HEAP_ALLOCATE|[50]|Bytes:5
13:37:08.0 (8437847)|HEAP_ALLOCATE|[56]|Bytes:5
13:37:08.0 (8445924)|HEAP_ALLOCATE|[64]|Bytes:7
13:37:08.0 (8459982)|SYSTEM_MODE_ENTER|false
13:37:08.0 (8471402)|HEAP_ALLOCATE|[EXTERNAL]|Bytes:5
13:37:08.0 (8484621)|SYSTEM_MODE_EXIT|false
13:37:08.0 (8495426)|METHOD_EXIT|[1]|potential_Manager
13:37:08.0 (8605407)|HEAP_ALLOCATE|[EXTERNAL]|Bytes:16
13:37:08.0 (8615538)|VARIABLE_SCOPE_BEGIN|[8]|this|potential_Manager|true|false
13:37:08.0 (8683818)|VARIABLE_ASSIGNMENT|[8]|this|{}|0x1bb564c2
13:37:08.0 (8699286)|SYSTEM_MODE_ENTER|false
13:37:08.0 (8706571)|HEAP_ALLOCATE|[9]|Bytes:5
13:37:08.0 (8711494)|STATEMENT_EXECUTE|[1]
13:37:08.0 (8714620)|HEAP_ALLOCATE|[9]|Bytes:5
13:37:08.0 (8718223)|STATEMENT_EXECUTE|[4]
13:37:08.0 (8720578)|STATEMENT_EXECUTE|[5]
13:37:08.0 (8726856)|STATEMENT_EXECUTE|[6]
13:37:08.0 (8737433)|HEAP_ALLOCATE|[9]|Bytes:6
13:37:08.0 (8774582)|STATEMENT_EXECUTE|[8]
13:37:08.0 (8777015)|STATEMENT_EXECUTE|[9]
13:37:08.0 (8803507)|HEAP_ALLOCATE|[9]|Bytes:4
13:37:08.0 (8959821)|VARIABLE_ASSIGNMENT|[EXTERNAL]|this|{}|0x1bb564c2
13:37:08.0 (8978763)|VARIABLE_ASSIGNMENT|[EXTERNAL]|value|{}|0x600b261c
13:37:08.0 (8992861)|VARIABLE_ASSIGNMENT|[4]|this.placeholderPotential|{}|0x1bb564c2
13:37:08.0 (9007609)|STATEMENT_EXECUTE|[10]
13:37:08.0 (9021075)|HEAP_ALLOCATE|[10]|Bytes:4
13:37:08.0 (9119384)|VARIABLE_ASSIGNMENT|[EXTERNAL]|this|{"placeholderPotential":"0x600b261c"}|0x1bb564c2
13:37:08.0 (9132408)|HEAP_ALLOCATE|[EXTERNAL]|Bytes:4
13:37:08.0 (9144188)|VARIABLE_ASSIGNMENT|[EXTERNAL]|value|[]|0x5f1f201e
13:37:08.0 (9162574)|VARIABLE_ASSIGNMENT|[5]|this.accountPotentials|[]|0x1bb564c2
13:37:08.0 (9174181)|STATEMENT_EXECUTE|[11]
13:37:08.0 (9182191)|HEAP_ALLOCATE|[11]|Bytes:4
13:37:08.0 (9221618)|VARIABLE_ASSIGNMENT|[EXTERNAL]|this|{"accountPotentials":"0x5f1f201e","placeholderPotential":"0x600b261c"}|0x1bb564c2
13:37:08.0 (9236742)|HEAP_ALLOCATE|[EXTERNAL]|Bytes:4
13:37:08.0 (9242964)|VARIABLE_ASSIGNMENT|[EXTERNAL]|value|[]|0x528fcbf3
13:37:08.0 (9253074)|VARIABLE_ASSIGNMENT|[6]|this.accountPot|[]|0x1bb564c2
13:37:08.0 (9264720)|SYSTEM_MODE_EXIT|false
13:37:08.0 (10677731)|VF_SERIALIZE_VIEWSTATE_BEGIN|0661H000002Q8fN
13:37:08.0 (13000385)|VF_SERIALIZE_VIEWSTATE_END
13:37:08.18 (18371406)|CUMULATIVE_LIMIT_USAGE
13:37:08.18 (18371406)|LIMIT_USAGE_FOR_NS|(default)|
  Number of SOQL queries: 0 out of 100
  Number of query rows: 0 out of 50000
  Number of SOSL queries: 0 out of 20
  Number of DML statements: 0 out of 150
  Number of DML rows: 0 out of 10000
  Maximum CPU time: 0 out of 10000
  Maximum heap size: 0 out of 6000000
  Number of callouts: 0 out of 100
  Number of Email Invocations: 0 out of 10
  Number of future calls: 0 out of 50
  Number of queueable jobs added to the queue: 0 out of 50
  Number of Mobile Apex push calls: 0 out of 10

13:37:08.18 (18371406)|CUMULATIVE_LIMIT_USAGE_END

13:37:08.0 (18420354)|CODE_UNIT_FINISHED|VF: /apex/Potential_Manager
13:37:08.0 (19240956)|EXECUTION_FINISHED
