34.0 APEX_CODE,FINEST;APEX_PROFILING,INFO;CALLOUT,INFO;DB,INFO;NBA,INFO;SYSTEM,DEBUG;VALIDATION,INFO;VISUALFORCE,INFO;WAVE,INFO;WORKFLOW,INFO
14:35:07.0 (387374)|USER_INFO|[EXTERNAL]|0051H000008yiOQ|pavel@topengineer.io|Pacific Standard Time|GMT-07:00
14:35:07.0 (429386)|EXECUTION_STARTED
14:35:07.0 (434819)|CODE_UNIT_STARTED|[EXTERNAL]|0661H000002Q8fN|VF: /apex/Potential_Manager
14:35:07.0 (3869129)|SYSTEM_MODE_ENTER|true
14:35:07.0 (4268600)|HEAP_ALLOCATE|[72]|Bytes:3
14:35:07.0 (4329249)|HEAP_ALLOCATE|[77]|Bytes:152
14:35:07.0 (4347801)|HEAP_ALLOCATE|[342]|Bytes:408
14:35:07.0 (4360500)|HEAP_ALLOCATE|[355]|Bytes:408
14:35:07.0 (4371336)|HEAP_ALLOCATE|[467]|Bytes:48
14:35:07.0 (4398259)|HEAP_ALLOCATE|[139]|Bytes:6
14:35:07.0 (4414248)|HEAP_ALLOCATE|[EXTERNAL]|Bytes:148
14:35:07.0 (4441512)|HEAP_ALLOCATE|[EXTERNAL]|Bytes:16
14:35:07.0 (4463606)|METHOD_ENTRY|[1]|01p1H000005w2NJ|potential_Manager.potential_Manager()
14:35:07.0 (4470574)|STATEMENT_EXECUTE|[1]
14:35:07.0 (4476162)|STATEMENT_EXECUTE|[1]
14:35:07.0 (4506036)|HEAP_ALLOCATE|[50]|Bytes:5
14:35:07.0 (4528795)|HEAP_ALLOCATE|[56]|Bytes:5
14:35:07.0 (4536560)|HEAP_ALLOCATE|[64]|Bytes:7
14:35:07.0 (4552138)|SYSTEM_MODE_ENTER|false
14:35:07.0 (4563184)|HEAP_ALLOCATE|[EXTERNAL]|Bytes:5
14:35:07.0 (4570340)|SYSTEM_MODE_EXIT|false
14:35:07.0 (4589311)|METHOD_EXIT|[1]|potential_Manager
14:35:07.0 (4687058)|HEAP_ALLOCATE|[EXTERNAL]|Bytes:16
14:35:07.0 (4697952)|VARIABLE_SCOPE_BEGIN|[8]|this|potential_Manager|true|false
14:35:07.0 (4757609)|VARIABLE_ASSIGNMENT|[8]|this|{}|0xabc49f1
14:35:07.0 (4774739)|SYSTEM_MODE_ENTER|false
14:35:07.0 (4781466)|HEAP_ALLOCATE|[9]|Bytes:5
14:35:07.0 (4786161)|STATEMENT_EXECUTE|[1]
14:35:07.0 (4789575)|HEAP_ALLOCATE|[9]|Bytes:5
14:35:07.0 (4792824)|STATEMENT_EXECUTE|[4]
14:35:07.0 (4794763)|STATEMENT_EXECUTE|[5]
14:35:07.0 (4796127)|STATEMENT_EXECUTE|[6]
14:35:07.0 (4804839)|HEAP_ALLOCATE|[9]|Bytes:6
14:35:07.0 (4841899)|STATEMENT_EXECUTE|[8]
14:35:07.0 (4843921)|STATEMENT_EXECUTE|[9]
14:35:07.0 (4866806)|HEAP_ALLOCATE|[9]|Bytes:4
14:35:07.0 (5011928)|VARIABLE_ASSIGNMENT|[EXTERNAL]|this|{}|0xabc49f1
14:35:07.0 (5029515)|VARIABLE_ASSIGNMENT|[EXTERNAL]|value|{}|0x511e94e8
14:35:07.0 (5049572)|VARIABLE_ASSIGNMENT|[4]|this.placeholderPotential|{}|0xabc49f1
14:35:07.0 (5061383)|STATEMENT_EXECUTE|[10]
14:35:07.0 (5074589)|HEAP_ALLOCATE|[10]|Bytes:4
14:35:07.0 (5148825)|VARIABLE_ASSIGNMENT|[EXTERNAL]|this|{"placeholderPotential":"0x511e94e8"}|0xabc49f1
14:35:07.0 (5161790)|HEAP_ALLOCATE|[EXTERNAL]|Bytes:4
14:35:07.0 (5171201)|VARIABLE_ASSIGNMENT|[EXTERNAL]|value|[]|0x6d6cfdfe
14:35:07.0 (5182368)|VARIABLE_ASSIGNMENT|[5]|this.accountPotentials|[]|0xabc49f1
14:35:07.0 (5191927)|STATEMENT_EXECUTE|[11]
14:35:07.0 (5199609)|HEAP_ALLOCATE|[11]|Bytes:4
14:35:07.0 (5241332)|VARIABLE_ASSIGNMENT|[EXTERNAL]|this|{"accountPotentials":"0x6d6cfdfe","placeholderPotential":"0x511e94e8"}|0xabc49f1
14:35:07.0 (5252724)|HEAP_ALLOCATE|[EXTERNAL]|Bytes:4
14:35:07.0 (5258741)|VARIABLE_ASSIGNMENT|[EXTERNAL]|value|[]|0x25241b69
14:35:07.0 (5268312)|VARIABLE_ASSIGNMENT|[6]|this.accountPot|[]|0xabc49f1
14:35:07.0 (5280096)|SYSTEM_MODE_EXIT|false
14:35:07.0 (6498427)|VF_SERIALIZE_VIEWSTATE_BEGIN|0661H000002Q8fN
14:35:07.0 (8178194)|VF_SERIALIZE_VIEWSTATE_END
14:35:07.10 (10334524)|CUMULATIVE_LIMIT_USAGE
14:35:07.10 (10334524)|LIMIT_USAGE_FOR_NS|(default)|
  Number of SOQL queries: 0 out of 100
  Number of query rows: 0 out of 50000
  Number of SOSL queries: 0 out of 20
  Number of DML statements: 0 out of 150
  Number of DML rows: 0 out of 10000
  Maximum CPU time: 0 out of 10000
  Maximum heap size: 0 out of 6000000
  Number of callouts: 0 out of 100
  Number of Email Invocations: 0 out of 10
  Number of future calls: 0 out of 50
  Number of queueable jobs added to the queue: 0 out of 50
  Number of Mobile Apex push calls: 0 out of 10

14:35:07.10 (10334524)|CUMULATIVE_LIMIT_USAGE_END

14:35:07.0 (10388929)|CODE_UNIT_FINISHED|VF: /apex/Potential_Manager
14:35:07.0 (11236321)|EXECUTION_FINISHED
