34.0 APEX_CODE,FINEST;APEX_PROFILING,INFO;CALLOUT,INFO;DB,INFO;NBA,INFO;SYSTEM,DEBUG;VALIDATION,INFO;VISUALFORCE,INFO;WAVE,INFO;WORKFLOW,INFO
16:35:53.0 (346181)|USER_INFO|[EXTERNAL]|0051H000008yiOQ|pavel@topengineer.io|Pacific Standard Time|GMT-07:00
16:35:53.0 (386908)|EXECUTION_STARTED
16:35:53.0 (392288)|CODE_UNIT_STARTED|[EXTERNAL]|0661H000002ugfO|VF: /apex/CustomerEvangelist
16:35:53.0 (2542353)|SYSTEM_MODE_ENTER|true
16:35:53.0 (2981997)|HEAP_ALLOCATE|[72]|Bytes:3
16:35:53.0 (3067007)|HEAP_ALLOCATE|[77]|Bytes:152
16:35:53.0 (3085654)|HEAP_ALLOCATE|[342]|Bytes:408
16:35:53.0 (3100115)|HEAP_ALLOCATE|[355]|Bytes:408
16:35:53.0 (3112817)|HEAP_ALLOCATE|[467]|Bytes:48
16:35:53.0 (3138956)|HEAP_ALLOCATE|[139]|Bytes:6
16:35:53.0 (3155647)|HEAP_ALLOCATE|[EXTERNAL]|Bytes:176
16:35:53.0 (3178532)|HEAP_ALLOCATE|[EXTERNAL]|Bytes:19
16:35:53.0 (3203570)|METHOD_ENTRY|[1]|01p1H000006LIeu|CustomerEvangelist.CustomerEvangelist()
16:35:53.0 (3211124)|STATEMENT_EXECUTE|[1]
16:35:53.0 (3216950)|STATEMENT_EXECUTE|[1]
16:35:53.0 (3251968)|HEAP_ALLOCATE|[50]|Bytes:5
16:35:53.0 (3275125)|HEAP_ALLOCATE|[56]|Bytes:5
16:35:53.0 (3282476)|HEAP_ALLOCATE|[64]|Bytes:7
16:35:53.0 (3298407)|SYSTEM_MODE_ENTER|false
16:35:53.0 (3311002)|HEAP_ALLOCATE|[EXTERNAL]|Bytes:5
16:35:53.0 (3320250)|SYSTEM_MODE_EXIT|false
16:35:53.0 (3340419)|METHOD_EXIT|[1]|CustomerEvangelist
16:35:53.0 (3415415)|HEAP_ALLOCATE|[EXTERNAL]|Bytes:20
16:35:53.0 (3427578)|VARIABLE_SCOPE_BEGIN|[9]|this|CustomerEvangelist|true|false
16:35:53.0 (3501286)|VARIABLE_ASSIGNMENT|[9]|this|{}|0x60305a2e
16:35:53.0 (3515893)|SYSTEM_MODE_ENTER|false
16:35:53.0 (3522124)|HEAP_ALLOCATE|[10]|Bytes:5
16:35:53.0 (3527359)|STATEMENT_EXECUTE|[1]
16:35:53.0 (3530260)|HEAP_ALLOCATE|[10]|Bytes:5
16:35:53.0 (3533976)|STATEMENT_EXECUTE|[5]
16:35:53.0 (3535663)|STATEMENT_EXECUTE|[6]
16:35:53.0 (3537268)|STATEMENT_EXECUTE|[7]
16:35:53.0 (3538690)|STATEMENT_EXECUTE|[43]
16:35:53.0 (3547676)|HEAP_ALLOCATE|[10]|Bytes:6
16:35:53.0 (3581568)|STATEMENT_EXECUTE|[9]
16:35:53.0 (3583363)|STATEMENT_EXECUTE|[10]
16:35:53.0 (3599905)|HEAP_ALLOCATE|[10]|Bytes:4
16:35:53.0 (3768742)|VARIABLE_ASSIGNMENT|[EXTERNAL]|this|{}|0x60305a2e
16:35:53.0 (3785896)|VARIABLE_ASSIGNMENT|[EXTERNAL]|value|{}|0x7d95a02b
16:35:53.0 (3801246)|VARIABLE_ASSIGNMENT|[5]|this.placeholderContact|{}|0x60305a2e
16:35:53.0 (3813072)|STATEMENT_EXECUTE|[11]
16:35:53.0 (3822602)|HEAP_ALLOCATE|[11]|Bytes:4
16:35:53.0 (3921775)|VARIABLE_ASSIGNMENT|[EXTERNAL]|this|{"placeholderContact":"0x7d95a02b"}|0x60305a2e
16:35:53.0 (3933485)|HEAP_ALLOCATE|[EXTERNAL]|Bytes:4
16:35:53.0 (3945087)|VARIABLE_ASSIGNMENT|[EXTERNAL]|value|[]|0x6ae1deaf
16:35:53.0 (3956978)|VARIABLE_ASSIGNMENT|[6]|this.accountContacts|[]|0x60305a2e
16:35:53.0 (3966125)|STATEMENT_EXECUTE|[12]
16:35:53.0 (3973310)|HEAP_ALLOCATE|[12]|Bytes:4
16:35:53.0 (4050668)|VARIABLE_ASSIGNMENT|[EXTERNAL]|this|{"accountContacts":"0x6ae1deaf","placeholderContact":"0x7d95a02b"}|0x60305a2e
16:35:53.0 (4061475)|HEAP_ALLOCATE|[EXTERNAL]|Bytes:4
16:35:53.0 (4068300)|VARIABLE_ASSIGNMENT|[EXTERNAL]|value|[]|0x28a8d48a
16:35:53.0 (4079454)|VARIABLE_ASSIGNMENT|[7]|this.accountAccount|[]|0x60305a2e
16:35:53.0 (4091004)|SYSTEM_MODE_EXIT|false
16:35:53.0 (4144114)|SYSTEM_MODE_ENTER|true
16:35:53.0 (35618719)|VF_SERIALIZE_VIEWSTATE_BEGIN|0661H000002ugfO
16:35:53.0 (76692271)|VF_SERIALIZE_VIEWSTATE_END
16:35:53.79 (79452066)|CUMULATIVE_LIMIT_USAGE
16:35:53.79 (79452066)|LIMIT_USAGE_FOR_NS|(default)|
  Number of SOQL queries: 0 out of 100
  Number of query rows: 0 out of 50000
  Number of SOSL queries: 0 out of 20
  Number of DML statements: 0 out of 150
  Number of DML rows: 0 out of 10000
  Maximum CPU time: 0 out of 10000
  Maximum heap size: 0 out of 6000000
  Number of callouts: 0 out of 100
  Number of Email Invocations: 0 out of 10
  Number of future calls: 0 out of 50
  Number of queueable jobs added to the queue: 0 out of 50
  Number of Mobile Apex push calls: 0 out of 10

16:35:53.79 (79452066)|CUMULATIVE_LIMIT_USAGE_END

16:35:53.0 (79490298)|CODE_UNIT_FINISHED|VF: /apex/CustomerEvangelist
16:35:53.0 (80220206)|EXECUTION_FINISHED
