34.0 APEX_CODE,FINEST;APEX_PROFILING,INFO;CALLOUT,INFO;DB,INFO;NBA,INFO;SYSTEM,DEBUG;VALIDATION,INFO;VISUALFORCE,INFO;WAVE,INFO;WORKFLOW,INFO
12:17:31.0 (570975)|USER_INFO|[EXTERNAL]|0051H000008yiOQ|pavel@topengineer.io|Pacific Standard Time|GMT-07:00
12:17:31.0 (643237)|EXECUTION_STARTED
12:17:31.0 (650243)|CODE_UNIT_STARTED|[EXTERNAL]|0661H000002Q8fN|VF: /apex/Potential_Manager
12:17:31.0 (8473052)|SYSTEM_MODE_ENTER|true
12:17:31.0 (9013714)|HEAP_ALLOCATE|[72]|Bytes:3
12:17:31.0 (9070768)|HEAP_ALLOCATE|[77]|Bytes:152
12:17:31.0 (9085338)|HEAP_ALLOCATE|[342]|Bytes:408
12:17:31.0 (9098739)|HEAP_ALLOCATE|[355]|Bytes:408
12:17:31.0 (9109663)|HEAP_ALLOCATE|[467]|Bytes:48
12:17:31.0 (9134173)|HEAP_ALLOCATE|[139]|Bytes:6
12:17:31.0 (9150609)|HEAP_ALLOCATE|[EXTERNAL]|Bytes:148
12:17:31.0 (9170549)|HEAP_ALLOCATE|[EXTERNAL]|Bytes:16
12:17:31.0 (9195590)|METHOD_ENTRY|[1]|01p1H000005w2NJ|potential_Manager.potential_Manager()
12:17:31.0 (9203784)|STATEMENT_EXECUTE|[1]
12:17:31.0 (9208831)|STATEMENT_EXECUTE|[1]
12:17:31.0 (9239430)|HEAP_ALLOCATE|[50]|Bytes:5
12:17:31.0 (9259120)|HEAP_ALLOCATE|[56]|Bytes:5
12:17:31.0 (9266415)|HEAP_ALLOCATE|[64]|Bytes:7
12:17:31.0 (9281392)|SYSTEM_MODE_ENTER|false
12:17:31.0 (9291229)|HEAP_ALLOCATE|[EXTERNAL]|Bytes:5
12:17:31.0 (9298085)|SYSTEM_MODE_EXIT|false
12:17:31.0 (9316527)|METHOD_EXIT|[1]|potential_Manager
12:17:31.0 (9406979)|HEAP_ALLOCATE|[EXTERNAL]|Bytes:16
12:17:31.0 (9417262)|VARIABLE_SCOPE_BEGIN|[8]|this|potential_Manager|true|false
12:17:31.0 (9467844)|VARIABLE_ASSIGNMENT|[8]|this|{}|0x4def86b
12:17:31.0 (9481438)|SYSTEM_MODE_ENTER|false
12:17:31.0 (9488017)|HEAP_ALLOCATE|[9]|Bytes:5
12:17:31.0 (9492797)|STATEMENT_EXECUTE|[1]
12:17:31.0 (9495983)|HEAP_ALLOCATE|[9]|Bytes:5
12:17:31.0 (9499178)|STATEMENT_EXECUTE|[4]
12:17:31.0 (9501002)|STATEMENT_EXECUTE|[5]
12:17:31.0 (9502373)|STATEMENT_EXECUTE|[6]
12:17:31.0 (9510462)|HEAP_ALLOCATE|[9]|Bytes:6
12:17:31.0 (9543728)|STATEMENT_EXECUTE|[8]
12:17:31.0 (9545705)|STATEMENT_EXECUTE|[9]
12:17:31.0 (9564203)|HEAP_ALLOCATE|[9]|Bytes:4
12:17:31.0 (9724724)|VARIABLE_ASSIGNMENT|[EXTERNAL]|this|{}|0x4def86b
12:17:31.0 (9742635)|VARIABLE_ASSIGNMENT|[EXTERNAL]|value|{}|0x8c10c2e
12:17:31.0 (9756150)|VARIABLE_ASSIGNMENT|[4]|this.placeholderPotential|{}|0x4def86b
12:17:31.0 (9785114)|STATEMENT_EXECUTE|[10]
12:17:31.0 (9795811)|HEAP_ALLOCATE|[10]|Bytes:4
12:17:31.0 (9914102)|VARIABLE_ASSIGNMENT|[EXTERNAL]|this|{"placeholderPotential":"0x8c10c2e"}|0x4def86b
12:17:31.0 (9926029)|HEAP_ALLOCATE|[EXTERNAL]|Bytes:4
12:17:31.0 (9936987)|VARIABLE_ASSIGNMENT|[EXTERNAL]|value|[]|0x6f97f505
12:17:31.0 (9948168)|VARIABLE_ASSIGNMENT|[5]|this.accountPotentials|[]|0x4def86b
12:17:31.0 (9956385)|STATEMENT_EXECUTE|[11]
12:17:31.0 (9964223)|HEAP_ALLOCATE|[11]|Bytes:4
12:17:31.0 (10003365)|VARIABLE_ASSIGNMENT|[EXTERNAL]|this|{"accountPotentials":"0x6f97f505","placeholderPotential":"0x8c10c2e"}|0x4def86b
12:17:31.0 (10014406)|HEAP_ALLOCATE|[EXTERNAL]|Bytes:4
12:17:31.0 (10020505)|VARIABLE_ASSIGNMENT|[EXTERNAL]|value|[]|0x6988e045
12:17:31.0 (10029369)|VARIABLE_ASSIGNMENT|[6]|this.accountPot|[]|0x4def86b
12:17:31.0 (10039832)|SYSTEM_MODE_EXIT|false
12:17:31.0 (11261004)|VF_SERIALIZE_VIEWSTATE_BEGIN|0661H000002Q8fN
12:17:31.0 (13356939)|VF_SERIALIZE_VIEWSTATE_END
12:17:31.16 (16177438)|CUMULATIVE_LIMIT_USAGE
12:17:31.16 (16177438)|LIMIT_USAGE_FOR_NS|(default)|
  Number of SOQL queries: 0 out of 100
  Number of query rows: 0 out of 50000
  Number of SOSL queries: 0 out of 20
  Number of DML statements: 0 out of 150
  Number of DML rows: 0 out of 10000
  Maximum CPU time: 0 out of 10000
  Maximum heap size: 0 out of 6000000
  Number of callouts: 0 out of 100
  Number of Email Invocations: 0 out of 10
  Number of future calls: 0 out of 50
  Number of queueable jobs added to the queue: 0 out of 50
  Number of Mobile Apex push calls: 0 out of 10

12:17:31.16 (16177438)|CUMULATIVE_LIMIT_USAGE_END

12:17:31.0 (16225469)|CODE_UNIT_FINISHED|VF: /apex/Potential_Manager
12:17:31.0 (17035321)|EXECUTION_FINISHED
