43.0 APEX_CODE,FINEST;APEX_PROFILING,INFO;CALLOUT,INFO;DB,INFO;NBA,INFO;SYSTEM,DEBUG;VALIDATION,INFO;VISUALFORCE,INFO;WAVE,INFO;WORKFLOW,INFO
12:44:31.0 (357169)|USER_INFO|[EXTERNAL]|0051H000008yiOQ|pavel@topengineer.io|Pacific Standard Time|GMT-07:00
12:44:31.0 (400908)|EXECUTION_STARTED
12:44:31.0 (406183)|CODE_UNIT_STARTED|[EXTERNAL]|0661H000002NMb5|VF: /apex/newAccount
12:44:31.0 (10532300)|VF_SERIALIZE_VIEWSTATE_BEGIN|0661H000002NMb5
12:44:31.0 (22261308)|VF_SERIALIZE_VIEWSTATE_END
12:44:31.24 (24776981)|CUMULATIVE_LIMIT_USAGE
12:44:31.24 (24776981)|LIMIT_USAGE_FOR_NS|(default)|
  Number of SOQL queries: 0 out of 100
  Number of query rows: 0 out of 50000
  Number of SOSL queries: 0 out of 20
  Number of DML statements: 0 out of 150
  Number of DML rows: 0 out of 10000
  Maximum CPU time: 0 out of 10000
  Maximum heap size: 0 out of 6000000
  Number of callouts: 0 out of 100
  Number of Email Invocations: 0 out of 10
  Number of future calls: 0 out of 50
  Number of queueable jobs added to the queue: 0 out of 50
  Number of Mobile Apex push calls: 0 out of 10

12:44:31.24 (24776981)|CUMULATIVE_LIMIT_USAGE_END

12:44:31.0 (24835166)|CODE_UNIT_FINISHED|VF: /apex/newAccount
12:44:31.0 (25623216)|EXECUTION_FINISHED
