43.0 APEX_CODE,FINEST;APEX_PROFILING,INFO;CALLOUT,INFO;DB,INFO;NBA,INFO;SYSTEM,DEBUG;VALIDATION,INFO;VISUALFORCE,INFO;WAVE,INFO;WORKFLOW,INFO
13:39:14.0 (323061)|USER_INFO|[EXTERNAL]|0051H000008yiOQ|pavel@topengineer.io|Pacific Standard Time|GMT-07:00
13:39:14.0 (477829)|EXECUTION_STARTED
13:39:14.0 (481869)|CODE_UNIT_STARTED|[EXTERNAL]|Aura
13:39:14.0 (1843456)|CODE_UNIT_STARTED|[EXTERNAL]|01p1H000007eSqs|D3ChartsController.selectPot()
13:39:14.0 (2197522)|HEAP_ALLOCATE|[72]|Bytes:3
13:39:14.0 (2278063)|HEAP_ALLOCATE|[77]|Bytes:152
13:39:14.0 (2297444)|HEAP_ALLOCATE|[342]|Bytes:408
13:39:14.0 (2314716)|HEAP_ALLOCATE|[355]|Bytes:408
13:39:14.0 (2325850)|HEAP_ALLOCATE|[467]|Bytes:48
13:39:14.0 (2372548)|HEAP_ALLOCATE|[139]|Bytes:6
13:39:14.0 (2389531)|HEAP_ALLOCATE|[EXTERNAL]|Bytes:7
13:39:14.0 (21551275)|METHOD_ENTRY|[1]|01p1H000007eSqs|D3ChartsController.D3ChartsController()
13:39:14.0 (21560331)|STATEMENT_EXECUTE|[1]
13:39:14.0 (21567197)|STATEMENT_EXECUTE|[1]
13:39:14.0 (21584634)|METHOD_EXIT|[1]|D3ChartsController
13:39:14.0 (21598979)|SYSTEM_MODE_ENTER|false
13:39:14.0 (21681640)|STATEMENT_EXECUTE|[14]
13:39:14.0 (21683785)|STATEMENT_EXECUTE|[16]
13:39:14.0 (21687067)|HEAP_ALLOCATE|[16]|Bytes:65
13:39:14.0 (21711286)|HEAP_ALLOCATE|[16]|Bytes:4
13:39:14.0 (21764164)|HEAP_ALLOCATE|[50]|Bytes:5
13:39:14.0 (21791198)|HEAP_ALLOCATE|[56]|Bytes:5
13:39:14.0 (21804793)|HEAP_ALLOCATE|[64]|Bytes:7
13:39:14.0 (22109469)|SOQL_EXECUTE_BEGIN|[16]|Aggregations:0|SELECT product__c, potential__c, probability__c FROM Potential__c
13:39:14.0 (25808949)|SOQL_EXECUTE_END|[16]|Rows:10
13:39:14.0 (25836238)|HEAP_ALLOCATE|[16]|Bytes:44
13:39:14.0 (25874285)|HEAP_ALLOCATE|[16]|Bytes:1568
13:39:14.0 (25917046)|HEAP_ALLOCATE|[16]|Bytes:44
13:39:14.0 (25954702)|SYSTEM_MODE_EXIT|false
13:39:14.25 (25982894)|CUMULATIVE_LIMIT_USAGE
13:39:14.25 (25982894)|LIMIT_USAGE_FOR_NS|(default)|
  Number of SOQL queries: 1 out of 100
  Number of query rows: 10 out of 50000
  Number of SOSL queries: 0 out of 20
  Number of DML statements: 0 out of 150
  Number of DML rows: 0 out of 10000
  Maximum CPU time: 0 out of 10000
  Maximum heap size: 0 out of 6000000
  Number of callouts: 0 out of 100
  Number of Email Invocations: 0 out of 10
  Number of future calls: 0 out of 50
  Number of queueable jobs added to the queue: 0 out of 50
  Number of Mobile Apex push calls: 0 out of 10

13:39:14.25 (25982894)|CUMULATIVE_LIMIT_USAGE_END

13:39:14.0 (26018709)|CODE_UNIT_FINISHED|D3ChartsController.selectPot()
13:39:14.0 (26167651)|CODE_UNIT_FINISHED|Aura
13:39:14.0 (27333446)|EXECUTION_FINISHED
13:39:14.34 (34472017)|USER_INFO|[EXTERNAL]|0051H000008yiOQ|pavel@topengineer.io|Pacific Standard Time|GMT-07:00
13:39:14.34 (34495488)|EXECUTION_STARTED
13:39:14.34 (34499762)|CODE_UNIT_STARTED|[EXTERNAL]|Aura
13:39:14.34 (35347876)|CODE_UNIT_STARTED|[EXTERNAL]|01p1H000007eSqs|D3ChartsController.selectPurchased()
13:39:14.34 (35554484)|SYSTEM_MODE_ENTER|false
13:39:14.34 (35580979)|STATEMENT_EXECUTE|[22]
13:39:14.34 (35585915)|STATEMENT_EXECUTE|[24]
13:39:14.34 (35615926)|HEAP_ALLOCATE|[24]|Bytes:283
13:39:14.34 (35652134)|HEAP_ALLOCATE|[24]|Bytes:4
13:39:14.34 (37578317)|SOQL_EXECUTE_BEGIN|[24]|Aggregations:2|SELECT Name, NumberOfEmployees, BillingAddress, Industry, (SELECT FirstName, LastName FROM Contacts), (SELECT Product__c FROM AccountPurchased__r) FROM Account WHERE (NumberOfEmployees > 10000 AND (Name = 'AXA' OR Name = 'Exxon Mobil' OR Name = 'General Electric' OR Name = 'Apple'))
13:39:14.34 (49977837)|SOQL_EXECUTE_END|[24]|Rows:4
13:39:14.34 (50057701)|HEAP_ALLOCATE|[24]|Bytes:20
13:39:14.34 (50144942)|HEAP_ALLOCATE|[24]|Bytes:2062
13:39:14.34 (50204008)|HEAP_ALLOCATE|[24]|Bytes:20
13:39:14.34 (50235589)|SYSTEM_MODE_EXIT|false
13:39:14.50 (50273116)|CUMULATIVE_LIMIT_USAGE
13:39:14.50 (50273116)|LIMIT_USAGE_FOR_NS|(default)|
  Number of SOQL queries: 2 out of 100
  Number of query rows: 32 out of 50000
  Number of SOSL queries: 0 out of 20
  Number of DML statements: 0 out of 150
  Number of DML rows: 0 out of 10000
  Maximum CPU time: 0 out of 10000
  Maximum heap size: 0 out of 6000000
  Number of callouts: 0 out of 100
  Number of Email Invocations: 0 out of 10
  Number of future calls: 0 out of 50
  Number of queueable jobs added to the queue: 0 out of 50
  Number of Mobile Apex push calls: 0 out of 10

13:39:14.50 (50273116)|CUMULATIVE_LIMIT_USAGE_END

13:39:14.34 (50321020)|CODE_UNIT_FINISHED|D3ChartsController.selectPurchased()
13:39:14.34 (50771011)|CODE_UNIT_FINISHED|Aura
13:39:14.34 (52358137)|EXECUTION_FINISHED
