34.0 APEX_CODE,FINEST;APEX_PROFILING,INFO;CALLOUT,INFO;DB,INFO;NBA,INFO;SYSTEM,DEBUG;VALIDATION,INFO;VISUALFORCE,INFO;WAVE,INFO;WORKFLOW,INFO
12:52:21.0 (400852)|USER_INFO|[EXTERNAL]|0051H000008yiOQ|pavel@topengineer.io|Pacific Standard Time|GMT-07:00
12:52:21.0 (448542)|EXECUTION_STARTED
12:52:21.0 (455227)|CODE_UNIT_STARTED|[EXTERNAL]|0661H000002Q8fN|VF: /apex/Potential_Manager
12:52:21.0 (7866788)|SYSTEM_MODE_ENTER|true
12:52:21.0 (8566449)|HEAP_ALLOCATE|[72]|Bytes:3
12:52:21.0 (8626300)|HEAP_ALLOCATE|[77]|Bytes:152
12:52:21.0 (8641006)|HEAP_ALLOCATE|[342]|Bytes:408
12:52:21.0 (8653230)|HEAP_ALLOCATE|[355]|Bytes:408
12:52:21.0 (8663733)|HEAP_ALLOCATE|[467]|Bytes:48
12:52:21.0 (8690745)|HEAP_ALLOCATE|[139]|Bytes:6
12:52:21.0 (8705082)|HEAP_ALLOCATE|[EXTERNAL]|Bytes:148
12:52:21.0 (8724152)|HEAP_ALLOCATE|[EXTERNAL]|Bytes:16
12:52:21.0 (8744913)|METHOD_ENTRY|[1]|01p1H000005w2NJ|potential_Manager.potential_Manager()
12:52:21.0 (8751934)|STATEMENT_EXECUTE|[1]
12:52:21.0 (8757090)|STATEMENT_EXECUTE|[1]
12:52:21.0 (8785933)|HEAP_ALLOCATE|[50]|Bytes:5
12:52:21.0 (8804599)|HEAP_ALLOCATE|[56]|Bytes:5
12:52:21.0 (8812956)|HEAP_ALLOCATE|[64]|Bytes:7
12:52:21.0 (8829614)|SYSTEM_MODE_ENTER|false
12:52:21.0 (8841772)|HEAP_ALLOCATE|[EXTERNAL]|Bytes:5
12:52:21.0 (8851155)|SYSTEM_MODE_EXIT|false
12:52:21.0 (8874308)|METHOD_EXIT|[1]|potential_Manager
12:52:21.0 (8959227)|HEAP_ALLOCATE|[EXTERNAL]|Bytes:16
12:52:21.0 (8976712)|VARIABLE_SCOPE_BEGIN|[8]|this|potential_Manager|true|false
12:52:21.0 (9041160)|VARIABLE_ASSIGNMENT|[8]|this|{}|0x5d72ad68
12:52:21.0 (9062108)|SYSTEM_MODE_ENTER|false
12:52:21.0 (9071966)|HEAP_ALLOCATE|[9]|Bytes:5
12:52:21.0 (9077653)|STATEMENT_EXECUTE|[1]
12:52:21.0 (9081169)|HEAP_ALLOCATE|[9]|Bytes:5
12:52:21.0 (9084434)|STATEMENT_EXECUTE|[4]
12:52:21.0 (9097069)|STATEMENT_EXECUTE|[5]
12:52:21.0 (9098703)|STATEMENT_EXECUTE|[6]
12:52:21.0 (9108493)|HEAP_ALLOCATE|[9]|Bytes:6
12:52:21.0 (9143059)|STATEMENT_EXECUTE|[8]
12:52:21.0 (9144975)|STATEMENT_EXECUTE|[9]
12:52:21.0 (9167608)|HEAP_ALLOCATE|[9]|Bytes:4
12:52:21.0 (9306658)|VARIABLE_ASSIGNMENT|[EXTERNAL]|this|{}|0x5d72ad68
12:52:21.0 (9322257)|VARIABLE_ASSIGNMENT|[EXTERNAL]|value|{}|0x7a7466d5
12:52:21.0 (9336321)|VARIABLE_ASSIGNMENT|[4]|this.placeholderPotential|{}|0x5d72ad68
12:52:21.0 (9347283)|STATEMENT_EXECUTE|[10]
12:52:21.0 (9356929)|HEAP_ALLOCATE|[10]|Bytes:4
12:52:21.0 (9430130)|VARIABLE_ASSIGNMENT|[EXTERNAL]|this|{"placeholderPotential":"0x7a7466d5"}|0x5d72ad68
12:52:21.0 (9440431)|HEAP_ALLOCATE|[EXTERNAL]|Bytes:4
12:52:21.0 (9451156)|VARIABLE_ASSIGNMENT|[EXTERNAL]|value|[]|0x76d18828
12:52:21.0 (9462116)|VARIABLE_ASSIGNMENT|[5]|this.accountPotentials|[]|0x5d72ad68
12:52:21.0 (9470592)|STATEMENT_EXECUTE|[11]
12:52:21.0 (9478342)|HEAP_ALLOCATE|[11]|Bytes:4
12:52:21.0 (9516824)|VARIABLE_ASSIGNMENT|[EXTERNAL]|this|{"accountPotentials":"0x76d18828","placeholderPotential":"0x7a7466d5"}|0x5d72ad68
12:52:21.0 (9525596)|HEAP_ALLOCATE|[EXTERNAL]|Bytes:4
12:52:21.0 (9530458)|VARIABLE_ASSIGNMENT|[EXTERNAL]|value|[]|0x2636daf5
12:52:21.0 (9539635)|VARIABLE_ASSIGNMENT|[6]|this.accountPot|[]|0x5d72ad68
12:52:21.0 (9550660)|SYSTEM_MODE_EXIT|false
12:52:21.0 (11110693)|VF_SERIALIZE_VIEWSTATE_BEGIN|0661H000002Q8fN
12:52:21.0 (160712071)|VF_SERIALIZE_VIEWSTATE_END
12:52:21.164 (164480462)|CUMULATIVE_LIMIT_USAGE
12:52:21.164 (164480462)|LIMIT_USAGE_FOR_NS|(default)|
  Number of SOQL queries: 0 out of 100
  Number of query rows: 0 out of 50000
  Number of SOSL queries: 0 out of 20
  Number of DML statements: 0 out of 150
  Number of DML rows: 0 out of 10000
  Maximum CPU time: 0 out of 10000
  Maximum heap size: 0 out of 6000000
  Number of callouts: 0 out of 100
  Number of Email Invocations: 0 out of 10
  Number of future calls: 0 out of 50
  Number of queueable jobs added to the queue: 0 out of 50
  Number of Mobile Apex push calls: 0 out of 10

12:52:21.164 (164480462)|CUMULATIVE_LIMIT_USAGE_END

12:52:21.0 (164534092)|CODE_UNIT_FINISHED|VF: /apex/Potential_Manager
12:52:21.0 (167882520)|EXECUTION_FINISHED
