34.0 APEX_CODE,FINEST;APEX_PROFILING,INFO;CALLOUT,INFO;DB,INFO;NBA,INFO;SYSTEM,DEBUG;VALIDATION,INFO;VISUALFORCE,INFO;WAVE,INFO;WORKFLOW,INFO
12:11:46.1 (1130393)|USER_INFO|[EXTERNAL]|0051H000008yiOQ|pavel@topengineer.io|Pacific Standard Time|GMT-07:00
12:11:46.1 (1183969)|EXECUTION_STARTED
12:11:46.1 (1190380)|CODE_UNIT_STARTED|[EXTERNAL]|0661H000002Q8fN|VF: /apex/Potential_Manager
12:11:46.1 (12544272)|SYSTEM_MODE_ENTER|true
12:11:46.1 (13149079)|HEAP_ALLOCATE|[72]|Bytes:3
12:11:46.1 (13230718)|HEAP_ALLOCATE|[77]|Bytes:152
12:11:46.1 (13256735)|HEAP_ALLOCATE|[342]|Bytes:408
12:11:46.1 (13279239)|HEAP_ALLOCATE|[355]|Bytes:408
12:11:46.1 (13295342)|HEAP_ALLOCATE|[467]|Bytes:48
12:11:46.1 (13326884)|HEAP_ALLOCATE|[139]|Bytes:6
12:11:46.1 (13344221)|HEAP_ALLOCATE|[EXTERNAL]|Bytes:148
12:11:46.1 (13378234)|HEAP_ALLOCATE|[EXTERNAL]|Bytes:16
12:11:46.1 (13391540)|METHOD_ENTRY|[1]|01p1H000005w2NJ|potential_Manager.potential_Manager()
12:11:46.1 (13398692)|STATEMENT_EXECUTE|[1]
12:11:46.1 (13404392)|STATEMENT_EXECUTE|[1]
12:11:46.1 (13437944)|HEAP_ALLOCATE|[50]|Bytes:5
12:11:46.1 (13462042)|HEAP_ALLOCATE|[56]|Bytes:5
12:11:46.1 (13469864)|HEAP_ALLOCATE|[64]|Bytes:7
12:11:46.1 (13487669)|SYSTEM_MODE_ENTER|false
12:11:46.1 (13502813)|HEAP_ALLOCATE|[EXTERNAL]|Bytes:5
12:11:46.1 (13511026)|SYSTEM_MODE_EXIT|false
12:11:46.1 (13518900)|METHOD_EXIT|[1]|potential_Manager
12:11:46.1 (13633461)|HEAP_ALLOCATE|[EXTERNAL]|Bytes:16
12:11:46.1 (13644820)|VARIABLE_SCOPE_BEGIN|[8]|this|potential_Manager|true|false
12:11:46.1 (13714651)|VARIABLE_ASSIGNMENT|[8]|this|{}|0x122ff3ea
12:11:46.1 (13731593)|SYSTEM_MODE_ENTER|false
12:11:46.1 (13740004)|HEAP_ALLOCATE|[9]|Bytes:5
12:11:46.1 (13745575)|STATEMENT_EXECUTE|[1]
12:11:46.1 (13748726)|HEAP_ALLOCATE|[9]|Bytes:5
12:11:46.1 (13752472)|STATEMENT_EXECUTE|[4]
12:11:46.1 (13754201)|STATEMENT_EXECUTE|[5]
12:11:46.1 (13755717)|STATEMENT_EXECUTE|[6]
12:11:46.1 (13764939)|HEAP_ALLOCATE|[9]|Bytes:6
12:11:46.1 (13799354)|STATEMENT_EXECUTE|[8]
12:11:46.1 (13801429)|STATEMENT_EXECUTE|[9]
12:11:46.1 (13830306)|HEAP_ALLOCATE|[9]|Bytes:4
12:11:46.1 (14054376)|VARIABLE_ASSIGNMENT|[EXTERNAL]|this|{}|0x122ff3ea
12:11:46.1 (14078290)|VARIABLE_ASSIGNMENT|[EXTERNAL]|value|{}|0x14f2461a
12:11:46.1 (14092827)|VARIABLE_ASSIGNMENT|[4]|this.placeholderPotential|{}|0x122ff3ea
12:11:46.1 (14106490)|STATEMENT_EXECUTE|[10]
12:11:46.1 (14121063)|HEAP_ALLOCATE|[10]|Bytes:4
12:11:46.1 (14236512)|VARIABLE_ASSIGNMENT|[EXTERNAL]|this|{"placeholderPotential":"0x14f2461a"}|0x122ff3ea
12:11:46.1 (14254822)|HEAP_ALLOCATE|[EXTERNAL]|Bytes:4
12:11:46.1 (14267452)|VARIABLE_ASSIGNMENT|[EXTERNAL]|value|[]|0x44ca90d
12:11:46.1 (14280083)|VARIABLE_ASSIGNMENT|[5]|this.accountPotentials|[]|0x122ff3ea
12:11:46.1 (14290975)|STATEMENT_EXECUTE|[11]
12:11:46.1 (14300517)|HEAP_ALLOCATE|[11]|Bytes:4
12:11:46.1 (14360094)|VARIABLE_ASSIGNMENT|[EXTERNAL]|this|{"accountPotentials":"0x44ca90d","placeholderPotential":"0x14f2461a"}|0x122ff3ea
12:11:46.1 (14377141)|HEAP_ALLOCATE|[EXTERNAL]|Bytes:4
12:11:46.1 (14385986)|VARIABLE_ASSIGNMENT|[EXTERNAL]|value|[]|0x10f02205
12:11:46.1 (14403724)|VARIABLE_ASSIGNMENT|[6]|this.accountPot|[]|0x122ff3ea
12:11:46.1 (14422946)|SYSTEM_MODE_EXIT|false
12:11:46.1 (15910645)|VF_SERIALIZE_VIEWSTATE_BEGIN|0661H000002Q8fN
12:11:46.1 (22665629)|VF_SERIALIZE_VIEWSTATE_END
12:11:46.25 (25090906)|CUMULATIVE_LIMIT_USAGE
12:11:46.25 (25090906)|LIMIT_USAGE_FOR_NS|(default)|
  Number of SOQL queries: 0 out of 100
  Number of query rows: 0 out of 50000
  Number of SOSL queries: 0 out of 20
  Number of DML statements: 0 out of 150
  Number of DML rows: 0 out of 10000
  Maximum CPU time: 0 out of 10000
  Maximum heap size: 0 out of 6000000
  Number of callouts: 0 out of 100
  Number of Email Invocations: 0 out of 10
  Number of future calls: 0 out of 50
  Number of queueable jobs added to the queue: 0 out of 50
  Number of Mobile Apex push calls: 0 out of 10

12:11:46.25 (25090906)|CUMULATIVE_LIMIT_USAGE_END

12:11:46.1 (25128792)|CODE_UNIT_FINISHED|VF: /apex/Potential_Manager
12:11:46.1 (25860340)|EXECUTION_FINISHED
