34.0 APEX_CODE,FINEST;APEX_PROFILING,INFO;CALLOUT,INFO;DB,INFO;NBA,INFO;SYSTEM,DEBUG;VALIDATION,INFO;VISUALFORCE,INFO;WAVE,INFO;WORKFLOW,INFO
12:13:59.0 (388177)|USER_INFO|[EXTERNAL]|0051H000008yiOQ|pavel@topengineer.io|Pacific Standard Time|GMT-07:00
12:13:59.0 (433278)|EXECUTION_STARTED
12:13:59.0 (438270)|CODE_UNIT_STARTED|[EXTERNAL]|0661H000002Q8fN|VF: /apex/Potential_Manager
12:13:59.0 (7298924)|SYSTEM_MODE_ENTER|true
12:13:59.0 (7697069)|HEAP_ALLOCATE|[72]|Bytes:3
12:13:59.0 (7751710)|HEAP_ALLOCATE|[77]|Bytes:152
12:13:59.0 (7768900)|HEAP_ALLOCATE|[342]|Bytes:408
12:13:59.0 (7781109)|HEAP_ALLOCATE|[355]|Bytes:408
12:13:59.0 (7792298)|HEAP_ALLOCATE|[467]|Bytes:48
12:13:59.0 (7817697)|HEAP_ALLOCATE|[139]|Bytes:6
12:13:59.0 (7831648)|HEAP_ALLOCATE|[EXTERNAL]|Bytes:148
12:13:59.0 (7861672)|HEAP_ALLOCATE|[EXTERNAL]|Bytes:16
12:13:59.0 (7871420)|METHOD_ENTRY|[1]|01p1H000005w2NJ|potential_Manager.potential_Manager()
12:13:59.0 (7877306)|STATEMENT_EXECUTE|[1]
12:13:59.0 (7881224)|STATEMENT_EXECUTE|[1]
12:13:59.0 (7908326)|HEAP_ALLOCATE|[50]|Bytes:5
12:13:59.0 (7927309)|HEAP_ALLOCATE|[56]|Bytes:5
12:13:59.0 (7934877)|HEAP_ALLOCATE|[64]|Bytes:7
12:13:59.0 (7949106)|SYSTEM_MODE_ENTER|false
12:13:59.0 (7959395)|HEAP_ALLOCATE|[EXTERNAL]|Bytes:5
12:13:59.0 (7967755)|SYSTEM_MODE_EXIT|false
12:13:59.0 (7974813)|METHOD_EXIT|[1]|potential_Manager
12:13:59.0 (8070363)|HEAP_ALLOCATE|[EXTERNAL]|Bytes:16
12:13:59.0 (8081196)|VARIABLE_SCOPE_BEGIN|[8]|this|potential_Manager|true|false
12:13:59.0 (8134552)|VARIABLE_ASSIGNMENT|[8]|this|{}|0x34ea7522
12:13:59.0 (8148477)|SYSTEM_MODE_ENTER|false
12:13:59.0 (8154973)|HEAP_ALLOCATE|[9]|Bytes:5
12:13:59.0 (8159611)|STATEMENT_EXECUTE|[1]
12:13:59.0 (8162507)|HEAP_ALLOCATE|[9]|Bytes:5
12:13:59.0 (8165549)|STATEMENT_EXECUTE|[4]
12:13:59.0 (8167060)|STATEMENT_EXECUTE|[5]
12:13:59.0 (8168516)|STATEMENT_EXECUTE|[6]
12:13:59.0 (8176405)|HEAP_ALLOCATE|[9]|Bytes:6
12:13:59.0 (8208084)|STATEMENT_EXECUTE|[8]
12:13:59.0 (8210454)|STATEMENT_EXECUTE|[9]
12:13:59.0 (8234592)|HEAP_ALLOCATE|[9]|Bytes:4
12:13:59.0 (8370634)|VARIABLE_ASSIGNMENT|[EXTERNAL]|this|{}|0x34ea7522
12:13:59.0 (8385655)|VARIABLE_ASSIGNMENT|[EXTERNAL]|value|{}|0x6f73d26
12:13:59.0 (8400715)|VARIABLE_ASSIGNMENT|[4]|this.placeholderPotential|{}|0x34ea7522
12:13:59.0 (8410987)|STATEMENT_EXECUTE|[10]
12:13:59.0 (8421088)|HEAP_ALLOCATE|[10]|Bytes:4
12:13:59.0 (8498613)|VARIABLE_ASSIGNMENT|[EXTERNAL]|this|{"placeholderPotential":"0x6f73d26"}|0x34ea7522
12:13:59.0 (8510631)|HEAP_ALLOCATE|[EXTERNAL]|Bytes:4
12:13:59.0 (8520248)|VARIABLE_ASSIGNMENT|[EXTERNAL]|value|[]|0x3aba573e
12:13:59.0 (8530697)|VARIABLE_ASSIGNMENT|[5]|this.accountPotentials|[]|0x34ea7522
12:13:59.0 (8538806)|STATEMENT_EXECUTE|[11]
12:13:59.0 (8546442)|HEAP_ALLOCATE|[11]|Bytes:4
12:13:59.0 (8582391)|VARIABLE_ASSIGNMENT|[EXTERNAL]|this|{"accountPotentials":"0x3aba573e","placeholderPotential":"0x6f73d26"}|0x34ea7522
12:13:59.0 (8590849)|HEAP_ALLOCATE|[EXTERNAL]|Bytes:4
12:13:59.0 (8596036)|VARIABLE_ASSIGNMENT|[EXTERNAL]|value|[]|0x6fdf03a
12:13:59.0 (8605192)|VARIABLE_ASSIGNMENT|[6]|this.accountPot|[]|0x34ea7522
12:13:59.0 (8615853)|SYSTEM_MODE_EXIT|false
12:13:59.0 (9705109)|VF_SERIALIZE_VIEWSTATE_BEGIN|0661H000002Q8fN
12:13:59.0 (11310302)|VF_SERIALIZE_VIEWSTATE_END
12:13:59.13 (13360978)|CUMULATIVE_LIMIT_USAGE
12:13:59.13 (13360978)|LIMIT_USAGE_FOR_NS|(default)|
  Number of SOQL queries: 0 out of 100
  Number of query rows: 0 out of 50000
  Number of SOSL queries: 0 out of 20
  Number of DML statements: 0 out of 150
  Number of DML rows: 0 out of 10000
  Maximum CPU time: 0 out of 10000
  Maximum heap size: 0 out of 6000000
  Number of callouts: 0 out of 100
  Number of Email Invocations: 0 out of 10
  Number of future calls: 0 out of 50
  Number of queueable jobs added to the queue: 0 out of 50
  Number of Mobile Apex push calls: 0 out of 10

12:13:59.13 (13360978)|CUMULATIVE_LIMIT_USAGE_END

12:13:59.0 (13395891)|CODE_UNIT_FINISHED|VF: /apex/Potential_Manager
12:13:59.0 (14114742)|EXECUTION_FINISHED
