34.0 APEX_CODE,FINEST;APEX_PROFILING,INFO;CALLOUT,INFO;DB,INFO;NBA,INFO;SYSTEM,DEBUG;VALIDATION,INFO;VISUALFORCE,INFO;WAVE,INFO;WORKFLOW,INFO
16:59:59.0 (386650)|USER_INFO|[EXTERNAL]|0051H000008yiOQ|pavel@topengineer.io|Pacific Standard Time|GMT-07:00
16:59:59.0 (538503)|EXECUTION_STARTED
16:59:59.0 (543744)|CODE_UNIT_STARTED|[EXTERNAL]|0661H000002ugfO|VF: /apex/CustomerEvangelist
16:59:59.0 (5739166)|SYSTEM_MODE_ENTER|true
16:59:59.0 (6248959)|HEAP_ALLOCATE|[72]|Bytes:3
16:59:59.0 (6310940)|HEAP_ALLOCATE|[77]|Bytes:152
16:59:59.0 (6328107)|HEAP_ALLOCATE|[342]|Bytes:408
16:59:59.0 (6342254)|HEAP_ALLOCATE|[355]|Bytes:408
16:59:59.0 (6353575)|HEAP_ALLOCATE|[467]|Bytes:48
16:59:59.0 (6380398)|HEAP_ALLOCATE|[139]|Bytes:6
16:59:59.0 (6396227)|HEAP_ALLOCATE|[EXTERNAL]|Bytes:176
16:59:59.0 (6415486)|HEAP_ALLOCATE|[EXTERNAL]|Bytes:19
16:59:59.0 (6438889)|METHOD_ENTRY|[1]|01p1H000006LIeu|CustomerEvangelist.CustomerEvangelist()
16:59:59.0 (6446260)|STATEMENT_EXECUTE|[1]
16:59:59.0 (6451300)|STATEMENT_EXECUTE|[1]
16:59:59.0 (6481745)|HEAP_ALLOCATE|[50]|Bytes:5
16:59:59.0 (6505243)|HEAP_ALLOCATE|[56]|Bytes:5
16:59:59.0 (6513100)|HEAP_ALLOCATE|[64]|Bytes:7
16:59:59.0 (6528765)|SYSTEM_MODE_ENTER|false
16:59:59.0 (6541116)|HEAP_ALLOCATE|[EXTERNAL]|Bytes:5
16:59:59.0 (6549980)|SYSTEM_MODE_EXIT|false
16:59:59.0 (6568638)|METHOD_EXIT|[1]|CustomerEvangelist
16:59:59.0 (6622918)|HEAP_ALLOCATE|[EXTERNAL]|Bytes:20
16:59:59.0 (6632071)|VARIABLE_SCOPE_BEGIN|[9]|this|CustomerEvangelist|true|false
16:59:59.0 (6686002)|VARIABLE_ASSIGNMENT|[9]|this|{}|0x4ec56538
16:59:59.0 (6700112)|SYSTEM_MODE_ENTER|false
16:59:59.0 (6705936)|HEAP_ALLOCATE|[10]|Bytes:5
16:59:59.0 (6710849)|STATEMENT_EXECUTE|[1]
16:59:59.0 (6714096)|HEAP_ALLOCATE|[10]|Bytes:5
16:59:59.0 (6717134)|STATEMENT_EXECUTE|[5]
16:59:59.0 (6718654)|STATEMENT_EXECUTE|[6]
16:59:59.0 (6720071)|STATEMENT_EXECUTE|[7]
16:59:59.0 (6721511)|STATEMENT_EXECUTE|[43]
16:59:59.0 (6730167)|HEAP_ALLOCATE|[10]|Bytes:6
16:59:59.0 (6760390)|STATEMENT_EXECUTE|[9]
16:59:59.0 (6762557)|STATEMENT_EXECUTE|[10]
16:59:59.0 (6781912)|HEAP_ALLOCATE|[10]|Bytes:4
16:59:59.0 (6972316)|VARIABLE_ASSIGNMENT|[EXTERNAL]|this|{}|0x4ec56538
16:59:59.0 (6988566)|VARIABLE_ASSIGNMENT|[EXTERNAL]|value|{}|0xcbe0717
16:59:59.0 (7005412)|VARIABLE_ASSIGNMENT|[5]|this.placeholderContact|{}|0x4ec56538
16:59:59.0 (7035863)|STATEMENT_EXECUTE|[11]
16:59:59.0 (7047795)|HEAP_ALLOCATE|[11]|Bytes:4
16:59:59.0 (7181759)|VARIABLE_ASSIGNMENT|[EXTERNAL]|this|{"placeholderContact":"0xcbe0717"}|0x4ec56538
16:59:59.0 (7193654)|HEAP_ALLOCATE|[EXTERNAL]|Bytes:4
16:59:59.0 (7204374)|VARIABLE_ASSIGNMENT|[EXTERNAL]|value|[]|0x6be134ed
16:59:59.0 (7220458)|VARIABLE_ASSIGNMENT|[6]|this.accountContacts|[]|0x4ec56538
16:59:59.0 (7230065)|STATEMENT_EXECUTE|[12]
16:59:59.0 (7238074)|HEAP_ALLOCATE|[12]|Bytes:4
16:59:59.0 (7291717)|VARIABLE_ASSIGNMENT|[EXTERNAL]|this|{"accountContacts":"0x6be134ed","placeholderContact":"0xcbe0717"}|0x4ec56538
16:59:59.0 (7300809)|HEAP_ALLOCATE|[EXTERNAL]|Bytes:4
16:59:59.0 (7306587)|VARIABLE_ASSIGNMENT|[EXTERNAL]|value|[]|0x942717e
16:59:59.0 (7316499)|VARIABLE_ASSIGNMENT|[7]|this.accountAccount|[]|0x4ec56538
16:59:59.0 (7327326)|SYSTEM_MODE_EXIT|false
16:59:59.0 (7381063)|SYSTEM_MODE_ENTER|true
16:59:59.0 (31705056)|VF_SERIALIZE_VIEWSTATE_BEGIN|0661H000002ugfO
16:59:59.0 (33636924)|VF_SERIALIZE_VIEWSTATE_END
16:59:59.35 (35677893)|CUMULATIVE_LIMIT_USAGE
16:59:59.35 (35677893)|LIMIT_USAGE_FOR_NS|(default)|
  Number of SOQL queries: 0 out of 100
  Number of query rows: 0 out of 50000
  Number of SOSL queries: 0 out of 20
  Number of DML statements: 0 out of 150
  Number of DML rows: 0 out of 10000
  Maximum CPU time: 0 out of 10000
  Maximum heap size: 0 out of 6000000
  Number of callouts: 0 out of 100
  Number of Email Invocations: 0 out of 10
  Number of future calls: 0 out of 50
  Number of queueable jobs added to the queue: 0 out of 50
  Number of Mobile Apex push calls: 0 out of 10

16:59:59.35 (35677893)|CUMULATIVE_LIMIT_USAGE_END

16:59:59.0 (35716029)|CODE_UNIT_FINISHED|VF: /apex/CustomerEvangelist
16:59:59.0 (36445842)|EXECUTION_FINISHED
