34.0 APEX_CODE,FINEST;APEX_PROFILING,INFO;CALLOUT,INFO;DB,INFO;NBA,INFO;SYSTEM,DEBUG;VALIDATION,INFO;VISUALFORCE,INFO;WAVE,INFO;WORKFLOW,INFO
16:43:10.0 (345584)|USER_INFO|[EXTERNAL]|0051H000008yiOQ|pavel@topengineer.io|Pacific Standard Time|GMT-07:00
16:43:10.0 (524886)|EXECUTION_STARTED
16:43:10.0 (530629)|CODE_UNIT_STARTED|[EXTERNAL]|0661H000002ugfO|VF: /apex/CustomerEvangelist
16:43:10.0 (2496511)|SYSTEM_MODE_ENTER|true
16:43:10.0 (3031705)|HEAP_ALLOCATE|[72]|Bytes:3
16:43:10.0 (3098464)|HEAP_ALLOCATE|[77]|Bytes:152
16:43:10.0 (3118185)|HEAP_ALLOCATE|[342]|Bytes:408
16:43:10.0 (3131780)|HEAP_ALLOCATE|[355]|Bytes:408
16:43:10.0 (3142883)|HEAP_ALLOCATE|[467]|Bytes:48
16:43:10.0 (3176546)|HEAP_ALLOCATE|[139]|Bytes:6
16:43:10.0 (3198873)|HEAP_ALLOCATE|[EXTERNAL]|Bytes:176
16:43:10.0 (3221384)|HEAP_ALLOCATE|[EXTERNAL]|Bytes:19
16:43:10.0 (3250429)|METHOD_ENTRY|[1]|01p1H000006LIeu|CustomerEvangelist.CustomerEvangelist()
16:43:10.0 (3257010)|STATEMENT_EXECUTE|[1]
16:43:10.0 (3264023)|STATEMENT_EXECUTE|[1]
16:43:10.0 (3301680)|HEAP_ALLOCATE|[50]|Bytes:5
16:43:10.0 (3328555)|HEAP_ALLOCATE|[56]|Bytes:5
16:43:10.0 (3338888)|HEAP_ALLOCATE|[64]|Bytes:7
16:43:10.0 (3362208)|SYSTEM_MODE_ENTER|false
16:43:10.0 (3377690)|HEAP_ALLOCATE|[EXTERNAL]|Bytes:5
16:43:10.0 (3387936)|SYSTEM_MODE_EXIT|false
16:43:10.0 (3408864)|METHOD_EXIT|[1]|CustomerEvangelist
16:43:10.0 (3487821)|HEAP_ALLOCATE|[EXTERNAL]|Bytes:20
16:43:10.0 (3499508)|VARIABLE_SCOPE_BEGIN|[9]|this|CustomerEvangelist|true|false
16:43:10.0 (3566744)|VARIABLE_ASSIGNMENT|[9]|this|{}|0x31aeec90
16:43:10.0 (3581301)|SYSTEM_MODE_ENTER|false
16:43:10.0 (3587622)|HEAP_ALLOCATE|[10]|Bytes:5
16:43:10.0 (3592332)|STATEMENT_EXECUTE|[1]
16:43:10.0 (3595183)|HEAP_ALLOCATE|[10]|Bytes:5
16:43:10.0 (3598483)|STATEMENT_EXECUTE|[5]
16:43:10.0 (3600574)|STATEMENT_EXECUTE|[6]
16:43:10.0 (3602062)|STATEMENT_EXECUTE|[7]
16:43:10.0 (3603677)|STATEMENT_EXECUTE|[43]
16:43:10.0 (3613320)|HEAP_ALLOCATE|[10]|Bytes:6
16:43:10.0 (3645185)|STATEMENT_EXECUTE|[9]
16:43:10.0 (3647316)|STATEMENT_EXECUTE|[10]
16:43:10.0 (3667262)|HEAP_ALLOCATE|[10]|Bytes:4
16:43:10.0 (3847203)|VARIABLE_ASSIGNMENT|[EXTERNAL]|this|{}|0x31aeec90
16:43:10.0 (3865044)|VARIABLE_ASSIGNMENT|[EXTERNAL]|value|{}|0x6c605ba0
16:43:10.0 (3878868)|VARIABLE_ASSIGNMENT|[5]|this.placeholderContact|{}|0x31aeec90
16:43:10.0 (3910353)|STATEMENT_EXECUTE|[11]
16:43:10.0 (3923812)|HEAP_ALLOCATE|[11]|Bytes:4
16:43:10.0 (4069522)|VARIABLE_ASSIGNMENT|[EXTERNAL]|this|{"placeholderContact":"0x6c605ba0"}|0x31aeec90
16:43:10.0 (4083430)|HEAP_ALLOCATE|[EXTERNAL]|Bytes:4
16:43:10.0 (4094204)|VARIABLE_ASSIGNMENT|[EXTERNAL]|value|[]|0x1fdf6359
16:43:10.0 (4105575)|VARIABLE_ASSIGNMENT|[6]|this.accountContacts|[]|0x31aeec90
16:43:10.0 (4117898)|STATEMENT_EXECUTE|[12]
16:43:10.0 (4125945)|HEAP_ALLOCATE|[12]|Bytes:4
16:43:10.0 (4189321)|VARIABLE_ASSIGNMENT|[EXTERNAL]|this|{"accountContacts":"0x1fdf6359","placeholderContact":"0x6c605ba0"}|0x31aeec90
16:43:10.0 (4199038)|HEAP_ALLOCATE|[EXTERNAL]|Bytes:4
16:43:10.0 (4205133)|VARIABLE_ASSIGNMENT|[EXTERNAL]|value|[]|0x53c1062c
16:43:10.0 (4214538)|VARIABLE_ASSIGNMENT|[7]|this.accountAccount|[]|0x31aeec90
16:43:10.0 (4227914)|SYSTEM_MODE_EXIT|false
16:43:10.0 (4289207)|SYSTEM_MODE_ENTER|true
16:43:10.0 (33889666)|VF_SERIALIZE_VIEWSTATE_BEGIN|0661H000002ugfO
16:43:10.0 (35983196)|VF_SERIALIZE_VIEWSTATE_END
16:43:10.38 (38085482)|CUMULATIVE_LIMIT_USAGE
16:43:10.38 (38085482)|LIMIT_USAGE_FOR_NS|(default)|
  Number of SOQL queries: 0 out of 100
  Number of query rows: 0 out of 50000
  Number of SOSL queries: 0 out of 20
  Number of DML statements: 0 out of 150
  Number of DML rows: 0 out of 10000
  Maximum CPU time: 0 out of 10000
  Maximum heap size: 0 out of 6000000
  Number of callouts: 0 out of 100
  Number of Email Invocations: 0 out of 10
  Number of future calls: 0 out of 50
  Number of queueable jobs added to the queue: 0 out of 50
  Number of Mobile Apex push calls: 0 out of 10

16:43:10.38 (38085482)|CUMULATIVE_LIMIT_USAGE_END

16:43:10.0 (38123591)|CODE_UNIT_FINISHED|VF: /apex/CustomerEvangelist
16:43:10.0 (38892442)|EXECUTION_FINISHED
