34.0 APEX_CODE,FINEST;APEX_PROFILING,INFO;CALLOUT,INFO;DB,INFO;NBA,INFO;SYSTEM,DEBUG;VALIDATION,INFO;VISUALFORCE,INFO;WAVE,INFO;WORKFLOW,INFO
13:29:19.0 (337274)|USER_INFO|[EXTERNAL]|0051H000008yiOQ|pavel@topengineer.io|Pacific Standard Time|GMT-07:00
13:29:19.0 (372371)|EXECUTION_STARTED
13:29:19.0 (376517)|CODE_UNIT_STARTED|[EXTERNAL]|0661H000002Q8fN|VF: /apex/Potential_Manager
13:29:19.0 (6357218)|SYSTEM_MODE_ENTER|true
13:29:19.0 (6915467)|HEAP_ALLOCATE|[72]|Bytes:3
13:29:19.0 (6960055)|HEAP_ALLOCATE|[77]|Bytes:152
13:29:19.0 (6975728)|HEAP_ALLOCATE|[342]|Bytes:408
13:29:19.0 (6989223)|HEAP_ALLOCATE|[355]|Bytes:408
13:29:19.0 (6999502)|HEAP_ALLOCATE|[467]|Bytes:48
13:29:19.0 (7026828)|HEAP_ALLOCATE|[139]|Bytes:6
13:29:19.0 (7042568)|HEAP_ALLOCATE|[EXTERNAL]|Bytes:148
13:29:19.0 (7063109)|HEAP_ALLOCATE|[EXTERNAL]|Bytes:16
13:29:19.0 (7091432)|METHOD_ENTRY|[1]|01p1H000005w2NJ|potential_Manager.potential_Manager()
13:29:19.0 (7098663)|STATEMENT_EXECUTE|[1]
13:29:19.0 (7104072)|STATEMENT_EXECUTE|[1]
13:29:19.0 (7136954)|HEAP_ALLOCATE|[50]|Bytes:5
13:29:19.0 (7157988)|HEAP_ALLOCATE|[56]|Bytes:5
13:29:19.0 (7166120)|HEAP_ALLOCATE|[64]|Bytes:7
13:29:19.0 (7180429)|SYSTEM_MODE_ENTER|false
13:29:19.0 (7190930)|HEAP_ALLOCATE|[EXTERNAL]|Bytes:5
13:29:19.0 (7197923)|SYSTEM_MODE_EXIT|false
13:29:19.0 (7216954)|METHOD_EXIT|[1]|potential_Manager
13:29:19.0 (7326994)|HEAP_ALLOCATE|[EXTERNAL]|Bytes:16
13:29:19.0 (7337226)|VARIABLE_SCOPE_BEGIN|[8]|this|potential_Manager|true|false
13:29:19.0 (7477426)|VARIABLE_ASSIGNMENT|[8]|this|{}|0x2b78db61
13:29:19.0 (7497116)|SYSTEM_MODE_ENTER|false
13:29:19.0 (7504518)|HEAP_ALLOCATE|[9]|Bytes:5
13:29:19.0 (7509424)|STATEMENT_EXECUTE|[1]
13:29:19.0 (7512316)|HEAP_ALLOCATE|[9]|Bytes:5
13:29:19.0 (7515564)|STATEMENT_EXECUTE|[4]
13:29:19.0 (7528571)|STATEMENT_EXECUTE|[5]
13:29:19.0 (7530244)|STATEMENT_EXECUTE|[6]
13:29:19.0 (7538995)|HEAP_ALLOCATE|[9]|Bytes:6
13:29:19.0 (7574995)|STATEMENT_EXECUTE|[8]
13:29:19.0 (7576861)|STATEMENT_EXECUTE|[9]
13:29:19.0 (7601754)|HEAP_ALLOCATE|[9]|Bytes:4
13:29:19.0 (7778189)|VARIABLE_ASSIGNMENT|[EXTERNAL]|this|{}|0x2b78db61
13:29:19.0 (7796188)|VARIABLE_ASSIGNMENT|[EXTERNAL]|value|{}|0xac220a7
13:29:19.0 (7810318)|VARIABLE_ASSIGNMENT|[4]|this.placeholderPotential|{}|0x2b78db61
13:29:19.0 (7840752)|STATEMENT_EXECUTE|[10]
13:29:19.0 (7857698)|HEAP_ALLOCATE|[10]|Bytes:4
13:29:19.0 (8040657)|VARIABLE_ASSIGNMENT|[EXTERNAL]|this|{"placeholderPotential":"0xac220a7"}|0x2b78db61
13:29:19.0 (8054993)|HEAP_ALLOCATE|[EXTERNAL]|Bytes:4
13:29:19.0 (8066409)|VARIABLE_ASSIGNMENT|[EXTERNAL]|value|[]|0x225acc3e
13:29:19.0 (8081187)|VARIABLE_ASSIGNMENT|[5]|this.accountPotentials|[]|0x2b78db61
13:29:19.0 (8091169)|STATEMENT_EXECUTE|[11]
13:29:19.0 (8099521)|HEAP_ALLOCATE|[11]|Bytes:4
13:29:19.0 (8141007)|VARIABLE_ASSIGNMENT|[EXTERNAL]|this|{"accountPotentials":"0x225acc3e","placeholderPotential":"0xac220a7"}|0x2b78db61
13:29:19.0 (8150047)|HEAP_ALLOCATE|[EXTERNAL]|Bytes:4
13:29:19.0 (8155740)|VARIABLE_ASSIGNMENT|[EXTERNAL]|value|[]|0x200eb9fe
13:29:19.0 (8165530)|VARIABLE_ASSIGNMENT|[6]|this.accountPot|[]|0x2b78db61
13:29:19.0 (8176284)|SYSTEM_MODE_EXIT|false
13:29:19.0 (9440388)|VF_SERIALIZE_VIEWSTATE_BEGIN|0661H000002Q8fN
13:29:19.0 (11271439)|VF_SERIALIZE_VIEWSTATE_END
13:29:19.13 (13462475)|CUMULATIVE_LIMIT_USAGE
13:29:19.13 (13462475)|LIMIT_USAGE_FOR_NS|(default)|
  Number of SOQL queries: 0 out of 100
  Number of query rows: 0 out of 50000
  Number of SOSL queries: 0 out of 20
  Number of DML statements: 0 out of 150
  Number of DML rows: 0 out of 10000
  Maximum CPU time: 0 out of 10000
  Maximum heap size: 0 out of 6000000
  Number of callouts: 0 out of 100
  Number of Email Invocations: 0 out of 10
  Number of future calls: 0 out of 50
  Number of queueable jobs added to the queue: 0 out of 50
  Number of Mobile Apex push calls: 0 out of 10

13:29:19.13 (13462475)|CUMULATIVE_LIMIT_USAGE_END

13:29:19.0 (13501427)|CODE_UNIT_FINISHED|VF: /apex/Potential_Manager
13:29:19.0 (14222082)|EXECUTION_FINISHED
