34.0 APEX_CODE,FINEST;APEX_PROFILING,INFO;CALLOUT,INFO;DB,INFO;NBA,INFO;SYSTEM,DEBUG;VALIDATION,INFO;VISUALFORCE,INFO;WAVE,INFO;WORKFLOW,INFO
13:37:15.0 (69685)|USER_INFO|[EXTERNAL]|0051H000008yiOQ|pavel@topengineer.io|Pacific Standard Time|GMT-07:00
13:37:15.0 (105040)|EXECUTION_STARTED
13:37:15.0 (108801)|CODE_UNIT_STARTED|[EXTERNAL]|0661H000002Q8fN|VF: /apex/Potential_Manager
13:37:15.0 (2175414)|SYSTEM_MODE_ENTER|true
13:37:15.0 (2675936)|HEAP_ALLOCATE|[72]|Bytes:3
13:37:15.0 (2717738)|HEAP_ALLOCATE|[77]|Bytes:152
13:37:15.0 (2731234)|HEAP_ALLOCATE|[342]|Bytes:408
13:37:15.0 (2743241)|HEAP_ALLOCATE|[355]|Bytes:408
13:37:15.0 (2753190)|HEAP_ALLOCATE|[467]|Bytes:48
13:37:15.0 (2776751)|HEAP_ALLOCATE|[139]|Bytes:6
13:37:15.0 (2790278)|HEAP_ALLOCATE|[EXTERNAL]|Bytes:148
13:37:15.0 (2813416)|HEAP_ALLOCATE|[EXTERNAL]|Bytes:16
13:37:15.0 (2836514)|METHOD_ENTRY|[1]|01p1H000005w2NJ|potential_Manager.potential_Manager()
13:37:15.0 (2844966)|STATEMENT_EXECUTE|[1]
13:37:15.0 (2850171)|STATEMENT_EXECUTE|[1]
13:37:15.0 (2879412)|HEAP_ALLOCATE|[50]|Bytes:5
13:37:15.0 (2896562)|HEAP_ALLOCATE|[56]|Bytes:5
13:37:15.0 (2904471)|HEAP_ALLOCATE|[64]|Bytes:7
13:37:15.0 (2919202)|SYSTEM_MODE_ENTER|false
13:37:15.0 (2928902)|HEAP_ALLOCATE|[EXTERNAL]|Bytes:5
13:37:15.0 (2934943)|SYSTEM_MODE_EXIT|false
13:37:15.0 (2953104)|METHOD_EXIT|[1]|potential_Manager
13:37:15.0 (3046783)|HEAP_ALLOCATE|[EXTERNAL]|Bytes:16
13:37:15.0 (3057974)|VARIABLE_SCOPE_BEGIN|[8]|this|potential_Manager|true|false
13:37:15.0 (3113118)|VARIABLE_ASSIGNMENT|[8]|this|{}|0x43c6b6d5
13:37:15.0 (3127748)|SYSTEM_MODE_ENTER|false
13:37:15.0 (3139314)|HEAP_ALLOCATE|[9]|Bytes:5
13:37:15.0 (3144651)|STATEMENT_EXECUTE|[1]
13:37:15.0 (3147932)|HEAP_ALLOCATE|[9]|Bytes:5
13:37:15.0 (3151644)|STATEMENT_EXECUTE|[4]
13:37:15.0 (3154009)|STATEMENT_EXECUTE|[5]
13:37:15.0 (3156050)|STATEMENT_EXECUTE|[6]
13:37:15.0 (3164901)|HEAP_ALLOCATE|[9]|Bytes:6
13:37:15.0 (3196597)|STATEMENT_EXECUTE|[8]
13:37:15.0 (3198680)|STATEMENT_EXECUTE|[9]
13:37:15.0 (3216821)|HEAP_ALLOCATE|[9]|Bytes:4
13:37:15.0 (3361606)|VARIABLE_ASSIGNMENT|[EXTERNAL]|this|{}|0x43c6b6d5
13:37:15.0 (3377125)|VARIABLE_ASSIGNMENT|[EXTERNAL]|value|{}|0x640298f
13:37:15.0 (3391565)|VARIABLE_ASSIGNMENT|[4]|this.placeholderPotential|{}|0x43c6b6d5
13:37:15.0 (3419505)|STATEMENT_EXECUTE|[10]
13:37:15.0 (3430377)|HEAP_ALLOCATE|[10]|Bytes:4
13:37:15.0 (3555431)|VARIABLE_ASSIGNMENT|[EXTERNAL]|this|{"placeholderPotential":"0x640298f"}|0x43c6b6d5
13:37:15.0 (3566604)|HEAP_ALLOCATE|[EXTERNAL]|Bytes:4
13:37:15.0 (3575282)|VARIABLE_ASSIGNMENT|[EXTERNAL]|value|[]|0x7b585bd0
13:37:15.0 (3586106)|VARIABLE_ASSIGNMENT|[5]|this.accountPotentials|[]|0x43c6b6d5
13:37:15.0 (3595064)|STATEMENT_EXECUTE|[11]
13:37:15.0 (3602357)|HEAP_ALLOCATE|[11]|Bytes:4
13:37:15.0 (3658952)|VARIABLE_ASSIGNMENT|[EXTERNAL]|this|{"accountPotentials":"0x7b585bd0","placeholderPotential":"0x640298f"}|0x43c6b6d5
13:37:15.0 (3668877)|HEAP_ALLOCATE|[EXTERNAL]|Bytes:4
13:37:15.0 (3675053)|VARIABLE_ASSIGNMENT|[EXTERNAL]|value|[]|0x59affd00
13:37:15.0 (3684614)|VARIABLE_ASSIGNMENT|[6]|this.accountPot|[]|0x43c6b6d5
13:37:15.0 (3696302)|SYSTEM_MODE_EXIT|false
13:37:15.0 (4789007)|VF_SERIALIZE_VIEWSTATE_BEGIN|0661H000002Q8fN
13:37:15.0 (6373147)|VF_SERIALIZE_VIEWSTATE_END
13:37:15.8 (8351610)|CUMULATIVE_LIMIT_USAGE
13:37:15.8 (8351610)|LIMIT_USAGE_FOR_NS|(default)|
  Number of SOQL queries: 0 out of 100
  Number of query rows: 0 out of 50000
  Number of SOSL queries: 0 out of 20
  Number of DML statements: 0 out of 150
  Number of DML rows: 0 out of 10000
  Maximum CPU time: 0 out of 10000
  Maximum heap size: 0 out of 6000000
  Number of callouts: 0 out of 100
  Number of Email Invocations: 0 out of 10
  Number of future calls: 0 out of 50
  Number of queueable jobs added to the queue: 0 out of 50
  Number of Mobile Apex push calls: 0 out of 10

13:37:15.8 (8351610)|CUMULATIVE_LIMIT_USAGE_END

13:37:15.0 (8390284)|CODE_UNIT_FINISHED|VF: /apex/Potential_Manager
13:37:15.0 (9078663)|EXECUTION_FINISHED
