34.0 APEX_CODE,FINEST;APEX_PROFILING,INFO;CALLOUT,INFO;DB,INFO;NBA,INFO;SYSTEM,DEBUG;VALIDATION,INFO;VISUALFORCE,INFO;WAVE,INFO;WORKFLOW,INFO
12:44:15.0 (426938)|USER_INFO|[EXTERNAL]|0051H000008yiOQ|pavel@topengineer.io|Pacific Standard Time|GMT-07:00
12:44:15.0 (467368)|EXECUTION_STARTED
12:44:15.0 (471652)|CODE_UNIT_STARTED|[EXTERNAL]|0661H000002Q8fN|VF: /apex/Potential_Manager
12:44:15.0 (7244579)|SYSTEM_MODE_ENTER|true
12:44:15.0 (7692901)|HEAP_ALLOCATE|[72]|Bytes:3
12:44:15.0 (7764961)|HEAP_ALLOCATE|[77]|Bytes:152
12:44:15.0 (7786706)|HEAP_ALLOCATE|[342]|Bytes:408
12:44:15.0 (7801323)|HEAP_ALLOCATE|[355]|Bytes:408
12:44:15.0 (7813496)|HEAP_ALLOCATE|[467]|Bytes:48
12:44:15.0 (7841209)|HEAP_ALLOCATE|[139]|Bytes:6
12:44:15.0 (7857655)|HEAP_ALLOCATE|[EXTERNAL]|Bytes:148
12:44:15.0 (7878804)|HEAP_ALLOCATE|[EXTERNAL]|Bytes:16
12:44:15.0 (7907559)|METHOD_ENTRY|[1]|01p1H000005w2NJ|potential_Manager.potential_Manager()
12:44:15.0 (7914619)|STATEMENT_EXECUTE|[1]
12:44:15.0 (7920598)|STATEMENT_EXECUTE|[1]
12:44:15.0 (7952834)|HEAP_ALLOCATE|[50]|Bytes:5
12:44:15.0 (7976674)|HEAP_ALLOCATE|[56]|Bytes:5
12:44:15.0 (7984418)|HEAP_ALLOCATE|[64]|Bytes:7
12:44:15.0 (7998835)|SYSTEM_MODE_ENTER|false
12:44:15.0 (8013678)|HEAP_ALLOCATE|[EXTERNAL]|Bytes:5
12:44:15.0 (8022672)|SYSTEM_MODE_EXIT|false
12:44:15.0 (8042650)|METHOD_EXIT|[1]|potential_Manager
12:44:15.0 (8157990)|HEAP_ALLOCATE|[EXTERNAL]|Bytes:16
12:44:15.0 (8167532)|VARIABLE_SCOPE_BEGIN|[8]|this|potential_Manager|true|false
12:44:15.0 (8226539)|VARIABLE_ASSIGNMENT|[8]|this|{}|0x59aa10b1
12:44:15.0 (8240844)|SYSTEM_MODE_ENTER|false
12:44:15.0 (8247652)|HEAP_ALLOCATE|[9]|Bytes:5
12:44:15.0 (8252250)|STATEMENT_EXECUTE|[1]
12:44:15.0 (8255471)|HEAP_ALLOCATE|[9]|Bytes:5
12:44:15.0 (8258494)|STATEMENT_EXECUTE|[4]
12:44:15.0 (8260287)|STATEMENT_EXECUTE|[5]
12:44:15.0 (8261918)|STATEMENT_EXECUTE|[6]
12:44:15.0 (8270195)|HEAP_ALLOCATE|[9]|Bytes:6
12:44:15.0 (8303168)|STATEMENT_EXECUTE|[8]
12:44:15.0 (8305044)|STATEMENT_EXECUTE|[9]
12:44:15.0 (8332956)|HEAP_ALLOCATE|[9]|Bytes:4
12:44:15.0 (8530977)|VARIABLE_ASSIGNMENT|[EXTERNAL]|this|{}|0x59aa10b1
12:44:15.0 (8550780)|VARIABLE_ASSIGNMENT|[EXTERNAL]|value|{}|0x431a85f3
12:44:15.0 (8573363)|VARIABLE_ASSIGNMENT|[4]|this.placeholderPotential|{}|0x59aa10b1
12:44:15.0 (8602995)|STATEMENT_EXECUTE|[10]
12:44:15.0 (8621152)|HEAP_ALLOCATE|[10]|Bytes:4
12:44:15.0 (8756211)|VARIABLE_ASSIGNMENT|[EXTERNAL]|this|{"placeholderPotential":"0x431a85f3"}|0x59aa10b1
12:44:15.0 (8776984)|HEAP_ALLOCATE|[EXTERNAL]|Bytes:4
12:44:15.0 (8788878)|VARIABLE_ASSIGNMENT|[EXTERNAL]|value|[]|0x68e0fde7
12:44:15.0 (8800320)|VARIABLE_ASSIGNMENT|[5]|this.accountPotentials|[]|0x59aa10b1
12:44:15.0 (8809198)|STATEMENT_EXECUTE|[11]
12:44:15.0 (8817092)|HEAP_ALLOCATE|[11]|Bytes:4
12:44:15.0 (8858841)|VARIABLE_ASSIGNMENT|[EXTERNAL]|this|{"accountPotentials":"0x68e0fde7","placeholderPotential":"0x431a85f3"}|0x59aa10b1
12:44:15.0 (8872131)|HEAP_ALLOCATE|[EXTERNAL]|Bytes:4
12:44:15.0 (8880293)|VARIABLE_ASSIGNMENT|[EXTERNAL]|value|[]|0x4b46f0a8
12:44:15.0 (8893787)|VARIABLE_ASSIGNMENT|[6]|this.accountPot|[]|0x59aa10b1
12:44:15.0 (8908656)|SYSTEM_MODE_EXIT|false
12:44:15.0 (10242794)|VF_SERIALIZE_VIEWSTATE_BEGIN|0661H000002Q8fN
12:44:15.0 (12002070)|VF_SERIALIZE_VIEWSTATE_END
12:44:15.14 (14263734)|CUMULATIVE_LIMIT_USAGE
12:44:15.14 (14263734)|LIMIT_USAGE_FOR_NS|(default)|
  Number of SOQL queries: 0 out of 100
  Number of query rows: 0 out of 50000
  Number of SOSL queries: 0 out of 20
  Number of DML statements: 0 out of 150
  Number of DML rows: 0 out of 10000
  Maximum CPU time: 0 out of 10000
  Maximum heap size: 0 out of 6000000
  Number of callouts: 0 out of 100
  Number of Email Invocations: 0 out of 10
  Number of future calls: 0 out of 50
  Number of queueable jobs added to the queue: 0 out of 50
  Number of Mobile Apex push calls: 0 out of 10

12:44:15.14 (14263734)|CUMULATIVE_LIMIT_USAGE_END

12:44:15.0 (14303824)|CODE_UNIT_FINISHED|VF: /apex/Potential_Manager
12:44:15.0 (15067786)|EXECUTION_FINISHED
