34.0 APEX_CODE,FINEST;APEX_PROFILING,INFO;CALLOUT,INFO;DB,INFO;NBA,INFO;SYSTEM,DEBUG;VALIDATION,INFO;VISUALFORCE,INFO;WAVE,INFO;WORKFLOW,INFO
12:07:39.0 (424169)|USER_INFO|[EXTERNAL]|0051H000008yiOQ|pavel@topengineer.io|Pacific Standard Time|GMT-07:00
12:07:39.0 (466631)|EXECUTION_STARTED
12:07:39.0 (471497)|CODE_UNIT_STARTED|[EXTERNAL]|0661H000002ugfO|VF: /apex/CustomerEvangelist
12:07:39.6 (6047001)|SYSTEM_MODE_ENTER|true
12:07:39.6 (6787578)|SYSTEM_MODE_ENTER|true
12:07:39.6 (6876987)|HEAP_ALLOCATE|[EXTERNAL]|Bytes:8
12:07:39.6 (6903251)|VARIABLE_SCOPE_BEGIN|[88]|this|ApexPage.PageMessagesComponentController|true|false
12:07:39.6 (6982619)|VARIABLE_ASSIGNMENT|[88]|this|{}|0x6eacd5d6
12:07:39.6 (6990556)|VARIABLE_SCOPE_BEGIN|[88]|escape|Boolean|false|false
12:07:39.6 (6999670)|VARIABLE_ASSIGNMENT|[88]|escape|null
12:07:39.7 (7176099)|SYSTEM_MODE_ENTER|true
12:07:39.7 (7217997)|HEAP_ALLOCATE|[EXTERNAL]|Bytes:8
12:07:39.7 (7225761)|VARIABLE_SCOPE_BEGIN|[2]|this|ApexPage.PageMessagesComponentController|true|false
12:07:39.7 (7248336)|VARIABLE_ASSIGNMENT|[2]|this|{}|0x6eacd5d6
12:07:39.0 (26174054)|SYSTEM_MODE_ENTER|true
12:07:39.0 (26479076)|HEAP_ALLOCATE|[EXTERNAL]|Bytes:176
12:07:39.0 (26516730)|HEAP_ALLOCATE|[EXTERNAL]|Bytes:16
12:07:39.0 (26540827)|METHOD_ENTRY|[1]|01p1H000006LIeu|CustomerEvangelist.CustomerEvangelist()
12:07:39.0 (26548271)|STATEMENT_EXECUTE|[1]
12:07:39.0 (26554171)|STATEMENT_EXECUTE|[1]
12:07:39.0 (26563197)|SYSTEM_MODE_ENTER|false
12:07:39.0 (26570660)|HEAP_ALLOCATE|[EXTERNAL]|Bytes:5
12:07:39.0 (26588031)|SYSTEM_MODE_EXIT|false
12:07:39.0 (26597180)|METHOD_EXIT|[1]|CustomerEvangelist
12:07:39.0 (26674017)|HEAP_ALLOCATE|[EXTERNAL]|Bytes:20
12:07:39.0 (26723712)|VARIABLE_SCOPE_BEGIN|[9]|this|CustomerEvangelist|true|false
12:07:39.0 (26810216)|VARIABLE_ASSIGNMENT|[9]|this|{}|0x2f1e77d4
12:07:39.0 (26832205)|SYSTEM_MODE_ENTER|false
12:07:39.0 (26842375)|HEAP_ALLOCATE|[10]|Bytes:5
12:07:39.0 (26854128)|STATEMENT_EXECUTE|[1]
12:07:39.0 (26859594)|HEAP_ALLOCATE|[10]|Bytes:5
12:07:39.0 (26864894)|STATEMENT_EXECUTE|[5]
12:07:39.0 (26867113)|STATEMENT_EXECUTE|[6]
12:07:39.0 (26869215)|STATEMENT_EXECUTE|[7]
12:07:39.0 (26871307)|STATEMENT_EXECUTE|[50]
12:07:39.0 (26919329)|STATEMENT_EXECUTE|[9]
12:07:39.0 (26927647)|STATEMENT_EXECUTE|[10]
12:07:39.0 (26952096)|HEAP_ALLOCATE|[10]|Bytes:4
12:07:39.0 (27187178)|VARIABLE_ASSIGNMENT|[EXTERNAL]|this|{}|0x2f1e77d4
12:07:39.0 (27216351)|VARIABLE_ASSIGNMENT|[EXTERNAL]|value|{}|0x3db3c2fb
12:07:39.0 (27239846)|VARIABLE_ASSIGNMENT|[5]|this.placeholderContact|{}|0x2f1e77d4
12:07:39.0 (27288398)|STATEMENT_EXECUTE|[11]
12:07:39.0 (27303735)|HEAP_ALLOCATE|[11]|Bytes:4
12:07:39.0 (27448452)|VARIABLE_ASSIGNMENT|[EXTERNAL]|this|{"placeholderContact":"0x3db3c2fb"}|0x2f1e77d4
12:07:39.0 (27466553)|HEAP_ALLOCATE|[EXTERNAL]|Bytes:4
12:07:39.0 (27482197)|VARIABLE_ASSIGNMENT|[EXTERNAL]|value|[]|0x24115fad
12:07:39.0 (27507889)|VARIABLE_ASSIGNMENT|[6]|this.accountContacts|[]|0x2f1e77d4
12:07:39.0 (27527204)|SYSTEM_MODE_EXIT|false
12:07:39.0 (27588246)|SYSTEM_MODE_ENTER|true
12:07:39.62 (62212434)|SYSTEM_MODE_ENTER|true
12:07:39.62 (62341627)|HEAP_ALLOCATE|[EXTERNAL]|Bytes:8
12:07:39.62 (62362975)|VARIABLE_SCOPE_BEGIN|[88]|this|ApexPage.PageMessagesComponentController|true|false
12:07:39.62 (62437399)|VARIABLE_ASSIGNMENT|[88]|this|{}|0x6eacd5d6
12:07:39.62 (62452302)|VARIABLE_SCOPE_BEGIN|[88]|escape|Boolean|false|false
12:07:39.62 (62466870)|VARIABLE_ASSIGNMENT|[88]|escape|null
12:07:39.62 (62657367)|SYSTEM_MODE_ENTER|true
12:07:39.62 (62713567)|HEAP_ALLOCATE|[EXTERNAL]|Bytes:8
12:07:39.62 (62724930)|VARIABLE_SCOPE_BEGIN|[2]|this|ApexPage.PageMessagesComponentController|true|false
12:07:39.62 (62759959)|VARIABLE_ASSIGNMENT|[2]|this|{}|0x6eacd5d6
12:07:39.0 (66447183)|VF_SERIALIZE_VIEWSTATE_BEGIN|0661H000002ugfO
12:07:39.0 (68988921)|VF_SERIALIZE_VIEWSTATE_END
12:07:39.71 (71214747)|CUMULATIVE_LIMIT_USAGE
12:07:39.71 (71214747)|LIMIT_USAGE_FOR_NS|(default)|
  Number of SOQL queries: 0 out of 100
  Number of query rows: 0 out of 50000
  Number of SOSL queries: 0 out of 20
  Number of DML statements: 0 out of 150
  Number of DML rows: 0 out of 10000
  Maximum CPU time: 0 out of 10000
  Maximum heap size: 0 out of 6000000
  Number of callouts: 0 out of 100
  Number of Email Invocations: 0 out of 10
  Number of future calls: 0 out of 50
  Number of queueable jobs added to the queue: 0 out of 50
  Number of Mobile Apex push calls: 0 out of 10

12:07:39.71 (71214747)|CUMULATIVE_LIMIT_USAGE_END

12:07:39.0 (71249979)|CODE_UNIT_FINISHED|VF: /apex/CustomerEvangelist
12:07:39.0 (72006229)|EXECUTION_FINISHED
