34.0 APEX_CODE,FINEST;APEX_PROFILING,INFO;CALLOUT,INFO;DB,INFO;NBA,INFO;SYSTEM,DEBUG;VALIDATION,INFO;VISUALFORCE,INFO;WAVE,INFO;WORKFLOW,INFO
16:55:40.0 (339410)|USER_INFO|[EXTERNAL]|0051H000008yiOQ|pavel@topengineer.io|Pacific Standard Time|GMT-07:00
16:55:40.0 (521804)|EXECUTION_STARTED
16:55:40.0 (527630)|CODE_UNIT_STARTED|[EXTERNAL]|0661H000002ugfO|VF: /apex/CustomerEvangelist
16:55:40.0 (2377616)|SYSTEM_MODE_ENTER|true
16:55:40.0 (2838779)|HEAP_ALLOCATE|[72]|Bytes:3
16:55:40.0 (2898992)|HEAP_ALLOCATE|[77]|Bytes:152
16:55:40.0 (2915555)|HEAP_ALLOCATE|[342]|Bytes:408
16:55:40.0 (2929578)|HEAP_ALLOCATE|[355]|Bytes:408
16:55:40.0 (2940305)|HEAP_ALLOCATE|[467]|Bytes:48
16:55:40.0 (2967612)|HEAP_ALLOCATE|[139]|Bytes:6
16:55:40.0 (2983533)|HEAP_ALLOCATE|[EXTERNAL]|Bytes:176
16:55:40.0 (3002274)|HEAP_ALLOCATE|[EXTERNAL]|Bytes:19
16:55:40.0 (3028360)|METHOD_ENTRY|[1]|01p1H000006LIeu|CustomerEvangelist.CustomerEvangelist()
16:55:40.0 (3036663)|STATEMENT_EXECUTE|[1]
16:55:40.0 (3043269)|STATEMENT_EXECUTE|[1]
16:55:40.0 (3074259)|HEAP_ALLOCATE|[50]|Bytes:5
16:55:40.0 (3099439)|HEAP_ALLOCATE|[56]|Bytes:5
16:55:40.0 (3107296)|HEAP_ALLOCATE|[64]|Bytes:7
16:55:40.0 (3122387)|SYSTEM_MODE_ENTER|false
16:55:40.0 (3137242)|HEAP_ALLOCATE|[EXTERNAL]|Bytes:5
16:55:40.0 (3145719)|SYSTEM_MODE_EXIT|false
16:55:40.0 (3169403)|METHOD_EXIT|[1]|CustomerEvangelist
16:55:40.0 (3245756)|HEAP_ALLOCATE|[EXTERNAL]|Bytes:20
16:55:40.0 (3254788)|VARIABLE_SCOPE_BEGIN|[9]|this|CustomerEvangelist|true|false
16:55:40.0 (3314519)|VARIABLE_ASSIGNMENT|[9]|this|{}|0x5979c88a
16:55:40.0 (3329882)|SYSTEM_MODE_ENTER|false
16:55:40.0 (3336343)|HEAP_ALLOCATE|[10]|Bytes:5
16:55:40.0 (3340736)|STATEMENT_EXECUTE|[1]
16:55:40.0 (3343820)|HEAP_ALLOCATE|[10]|Bytes:5
16:55:40.0 (3346717)|STATEMENT_EXECUTE|[5]
16:55:40.0 (3348335)|STATEMENT_EXECUTE|[6]
16:55:40.0 (3350062)|STATEMENT_EXECUTE|[7]
16:55:40.0 (3351719)|STATEMENT_EXECUTE|[43]
16:55:40.0 (3359694)|HEAP_ALLOCATE|[10]|Bytes:6
16:55:40.0 (3392064)|STATEMENT_EXECUTE|[9]
16:55:40.0 (3394200)|STATEMENT_EXECUTE|[10]
16:55:40.0 (3411846)|HEAP_ALLOCATE|[10]|Bytes:4
16:55:40.0 (3580128)|VARIABLE_ASSIGNMENT|[EXTERNAL]|this|{}|0x5979c88a
16:55:40.0 (3596156)|VARIABLE_ASSIGNMENT|[EXTERNAL]|value|{}|0x437f77db
16:55:40.0 (3611332)|VARIABLE_ASSIGNMENT|[5]|this.placeholderContact|{}|0x5979c88a
16:55:40.0 (3640834)|STATEMENT_EXECUTE|[11]
16:55:40.0 (3655134)|HEAP_ALLOCATE|[11]|Bytes:4
16:55:40.0 (3790620)|VARIABLE_ASSIGNMENT|[EXTERNAL]|this|{"placeholderContact":"0x437f77db"}|0x5979c88a
16:55:40.0 (3803426)|HEAP_ALLOCATE|[EXTERNAL]|Bytes:4
16:55:40.0 (3815129)|VARIABLE_ASSIGNMENT|[EXTERNAL]|value|[]|0x4cb7ef9f
16:55:40.0 (3827514)|VARIABLE_ASSIGNMENT|[6]|this.accountContacts|[]|0x5979c88a
16:55:40.0 (3836678)|STATEMENT_EXECUTE|[12]
16:55:40.0 (3844822)|HEAP_ALLOCATE|[12]|Bytes:4
16:55:40.0 (3899437)|VARIABLE_ASSIGNMENT|[EXTERNAL]|this|{"accountContacts":"0x4cb7ef9f","placeholderContact":"0x437f77db"}|0x5979c88a
16:55:40.0 (3909744)|HEAP_ALLOCATE|[EXTERNAL]|Bytes:4
16:55:40.0 (3915768)|VARIABLE_ASSIGNMENT|[EXTERNAL]|value|[]|0x1012f61a
16:55:40.0 (3926038)|VARIABLE_ASSIGNMENT|[7]|this.accountAccount|[]|0x5979c88a
16:55:40.0 (3937545)|SYSTEM_MODE_EXIT|false
16:55:40.0 (4006497)|SYSTEM_MODE_ENTER|true
16:55:40.0 (30235184)|VF_SERIALIZE_VIEWSTATE_BEGIN|0661H000002ugfO
16:55:40.0 (32143812)|VF_SERIALIZE_VIEWSTATE_END
16:55:40.34 (34185603)|CUMULATIVE_LIMIT_USAGE
16:55:40.34 (34185603)|LIMIT_USAGE_FOR_NS|(default)|
  Number of SOQL queries: 0 out of 100
  Number of query rows: 0 out of 50000
  Number of SOSL queries: 0 out of 20
  Number of DML statements: 0 out of 150
  Number of DML rows: 0 out of 10000
  Maximum CPU time: 0 out of 10000
  Maximum heap size: 0 out of 6000000
  Number of callouts: 0 out of 100
  Number of Email Invocations: 0 out of 10
  Number of future calls: 0 out of 50
  Number of queueable jobs added to the queue: 0 out of 50
  Number of Mobile Apex push calls: 0 out of 10

16:55:40.34 (34185603)|CUMULATIVE_LIMIT_USAGE_END

16:55:40.0 (34222102)|CODE_UNIT_FINISHED|VF: /apex/CustomerEvangelist
16:55:40.0 (34922714)|EXECUTION_FINISHED
