34.0 APEX_CODE,FINEST;APEX_PROFILING,INFO;CALLOUT,INFO;DB,INFO;NBA,INFO;SYSTEM,DEBUG;VALIDATION,INFO;VISUALFORCE,INFO;WAVE,INFO;WORKFLOW,INFO
16:42:29.0 (368951)|USER_INFO|[EXTERNAL]|0051H000008yiOQ|pavel@topengineer.io|Pacific Standard Time|GMT-07:00
16:42:29.0 (414260)|EXECUTION_STARTED
16:42:29.0 (419342)|CODE_UNIT_STARTED|[EXTERNAL]|0661H000002ugfO|VF: /apex/CustomerEvangelist
16:42:29.0 (2299932)|SYSTEM_MODE_ENTER|true
16:42:29.0 (2860853)|HEAP_ALLOCATE|[72]|Bytes:3
16:42:29.0 (2921356)|HEAP_ALLOCATE|[77]|Bytes:152
16:42:29.0 (2937824)|HEAP_ALLOCATE|[342]|Bytes:408
16:42:29.0 (2952831)|HEAP_ALLOCATE|[355]|Bytes:408
16:42:29.0 (2964562)|HEAP_ALLOCATE|[467]|Bytes:48
16:42:29.0 (2999238)|HEAP_ALLOCATE|[139]|Bytes:6
16:42:29.0 (3016685)|HEAP_ALLOCATE|[EXTERNAL]|Bytes:176
16:42:29.0 (3036473)|HEAP_ALLOCATE|[EXTERNAL]|Bytes:19
16:42:29.0 (3062715)|METHOD_ENTRY|[1]|01p1H000006LIeu|CustomerEvangelist.CustomerEvangelist()
16:42:29.0 (3072446)|STATEMENT_EXECUTE|[1]
16:42:29.0 (3077695)|STATEMENT_EXECUTE|[1]
16:42:29.0 (3117335)|HEAP_ALLOCATE|[50]|Bytes:5
16:42:29.0 (3142152)|HEAP_ALLOCATE|[56]|Bytes:5
16:42:29.0 (3149428)|HEAP_ALLOCATE|[64]|Bytes:7
16:42:29.0 (3174062)|SYSTEM_MODE_ENTER|false
16:42:29.0 (3188599)|HEAP_ALLOCATE|[EXTERNAL]|Bytes:5
16:42:29.0 (3198922)|SYSTEM_MODE_EXIT|false
16:42:29.0 (3218010)|METHOD_EXIT|[1]|CustomerEvangelist
16:42:29.0 (3289491)|HEAP_ALLOCATE|[EXTERNAL]|Bytes:20
16:42:29.0 (3300727)|VARIABLE_SCOPE_BEGIN|[9]|this|CustomerEvangelist|true|false
16:42:29.0 (3359472)|VARIABLE_ASSIGNMENT|[9]|this|{}|0x184eed2b
16:42:29.0 (3375070)|SYSTEM_MODE_ENTER|false
16:42:29.0 (3383939)|HEAP_ALLOCATE|[10]|Bytes:5
16:42:29.0 (3388621)|STATEMENT_EXECUTE|[1]
16:42:29.0 (3391825)|HEAP_ALLOCATE|[10]|Bytes:5
16:42:29.0 (3395071)|STATEMENT_EXECUTE|[5]
16:42:29.0 (3397080)|STATEMENT_EXECUTE|[6]
16:42:29.0 (3398598)|STATEMENT_EXECUTE|[7]
16:42:29.0 (3400044)|STATEMENT_EXECUTE|[43]
16:42:29.0 (3407945)|HEAP_ALLOCATE|[10]|Bytes:6
16:42:29.0 (3441030)|STATEMENT_EXECUTE|[9]
16:42:29.0 (3443356)|STATEMENT_EXECUTE|[10]
16:42:29.0 (3463670)|HEAP_ALLOCATE|[10]|Bytes:4
16:42:29.0 (3631188)|VARIABLE_ASSIGNMENT|[EXTERNAL]|this|{}|0x184eed2b
16:42:29.0 (3650170)|VARIABLE_ASSIGNMENT|[EXTERNAL]|value|{}|0x51f90109
16:42:29.0 (3664185)|VARIABLE_ASSIGNMENT|[5]|this.placeholderContact|{}|0x184eed2b
16:42:29.0 (3691934)|STATEMENT_EXECUTE|[11]
16:42:29.0 (3707343)|HEAP_ALLOCATE|[11]|Bytes:4
16:42:29.0 (3840708)|VARIABLE_ASSIGNMENT|[EXTERNAL]|this|{"placeholderContact":"0x51f90109"}|0x184eed2b
16:42:29.0 (3858501)|HEAP_ALLOCATE|[EXTERNAL]|Bytes:4
16:42:29.0 (3869930)|VARIABLE_ASSIGNMENT|[EXTERNAL]|value|[]|0x79aace20
16:42:29.0 (3881884)|VARIABLE_ASSIGNMENT|[6]|this.accountContacts|[]|0x184eed2b
16:42:29.0 (3893049)|STATEMENT_EXECUTE|[12]
16:42:29.0 (3902070)|HEAP_ALLOCATE|[12]|Bytes:4
16:42:29.0 (3957761)|VARIABLE_ASSIGNMENT|[EXTERNAL]|this|{"accountContacts":"0x79aace20","placeholderContact":"0x51f90109"}|0x184eed2b
16:42:29.0 (3969284)|HEAP_ALLOCATE|[EXTERNAL]|Bytes:4
16:42:29.0 (3975746)|VARIABLE_ASSIGNMENT|[EXTERNAL]|value|[]|0x69972580
16:42:29.0 (3985495)|VARIABLE_ASSIGNMENT|[7]|this.accountAccount|[]|0x184eed2b
16:42:29.0 (4000340)|SYSTEM_MODE_EXIT|false
16:42:29.0 (4059766)|SYSTEM_MODE_ENTER|true
16:42:29.0 (50146852)|VF_SERIALIZE_VIEWSTATE_BEGIN|0661H000002ugfO
16:42:29.0 (52206227)|VF_SERIALIZE_VIEWSTATE_END
16:42:29.54 (54368723)|CUMULATIVE_LIMIT_USAGE
16:42:29.54 (54368723)|LIMIT_USAGE_FOR_NS|(default)|
  Number of SOQL queries: 0 out of 100
  Number of query rows: 0 out of 50000
  Number of SOSL queries: 0 out of 20
  Number of DML statements: 0 out of 150
  Number of DML rows: 0 out of 10000
  Maximum CPU time: 0 out of 10000
  Maximum heap size: 0 out of 6000000
  Number of callouts: 0 out of 100
  Number of Email Invocations: 0 out of 10
  Number of future calls: 0 out of 50
  Number of queueable jobs added to the queue: 0 out of 50
  Number of Mobile Apex push calls: 0 out of 10

16:42:29.54 (54368723)|CUMULATIVE_LIMIT_USAGE_END

16:42:29.0 (54412698)|CODE_UNIT_FINISHED|VF: /apex/CustomerEvangelist
16:42:29.0 (55163553)|EXECUTION_FINISHED
