34.0 APEX_CODE,FINEST;APEX_PROFILING,INFO;CALLOUT,INFO;DB,INFO;NBA,INFO;SYSTEM,DEBUG;VALIDATION,INFO;VISUALFORCE,INFO;WAVE,INFO;WORKFLOW,INFO
12:20:18.0 (405857)|USER_INFO|[EXTERNAL]|0051H000008yiOQ|pavel@topengineer.io|Pacific Standard Time|GMT-07:00
12:20:18.0 (573845)|EXECUTION_STARTED
12:20:18.0 (578290)|CODE_UNIT_STARTED|[EXTERNAL]|0661H000002ugfO|VF: /apex/CustomerEvangelist
12:20:18.0 (6891575)|SYSTEM_MODE_ENTER|true
12:20:18.0 (7708355)|HEAP_ALLOCATE|[72]|Bytes:3
12:20:18.0 (7782963)|HEAP_ALLOCATE|[77]|Bytes:152
12:20:18.0 (7807933)|HEAP_ALLOCATE|[342]|Bytes:408
12:20:18.0 (7832674)|HEAP_ALLOCATE|[355]|Bytes:408
12:20:18.0 (7854422)|HEAP_ALLOCATE|[467]|Bytes:48
12:20:18.0 (7888699)|HEAP_ALLOCATE|[139]|Bytes:6
12:20:18.0 (7910081)|HEAP_ALLOCATE|[EXTERNAL]|Bytes:176
12:20:18.0 (7939093)|HEAP_ALLOCATE|[EXTERNAL]|Bytes:16
12:20:18.0 (8001426)|METHOD_ENTRY|[1]|01p1H000006LIeu|CustomerEvangelist.CustomerEvangelist()
12:20:18.0 (8015002)|STATEMENT_EXECUTE|[1]
12:20:18.0 (8022178)|STATEMENT_EXECUTE|[1]
12:20:18.0 (8086909)|HEAP_ALLOCATE|[50]|Bytes:5
12:20:18.0 (8118397)|HEAP_ALLOCATE|[56]|Bytes:5
12:20:18.0 (8129308)|HEAP_ALLOCATE|[64]|Bytes:7
12:20:18.0 (8153542)|SYSTEM_MODE_ENTER|false
12:20:18.0 (8165138)|HEAP_ALLOCATE|[EXTERNAL]|Bytes:5
12:20:18.0 (8173879)|SYSTEM_MODE_EXIT|false
12:20:18.0 (8198481)|METHOD_EXIT|[1]|CustomerEvangelist
12:20:18.0 (8264550)|HEAP_ALLOCATE|[EXTERNAL]|Bytes:20
12:20:18.0 (8277143)|VARIABLE_SCOPE_BEGIN|[9]|this|CustomerEvangelist|true|false
12:20:18.0 (8370637)|VARIABLE_ASSIGNMENT|[9]|this|{}|0x53c0499e
12:20:18.0 (8393531)|SYSTEM_MODE_ENTER|false
12:20:18.0 (8402650)|HEAP_ALLOCATE|[10]|Bytes:5
12:20:18.0 (8408932)|STATEMENT_EXECUTE|[1]
12:20:18.0 (8413506)|HEAP_ALLOCATE|[10]|Bytes:5
12:20:18.0 (8418616)|STATEMENT_EXECUTE|[5]
12:20:18.0 (8421389)|STATEMENT_EXECUTE|[6]
12:20:18.0 (8423518)|STATEMENT_EXECUTE|[7]
12:20:18.0 (8425600)|STATEMENT_EXECUTE|[50]
12:20:18.0 (8437136)|HEAP_ALLOCATE|[10]|Bytes:6
12:20:18.0 (8489232)|STATEMENT_EXECUTE|[9]
12:20:18.0 (8492416)|STATEMENT_EXECUTE|[10]
12:20:18.0 (8513012)|HEAP_ALLOCATE|[10]|Bytes:4
12:20:18.0 (8730062)|VARIABLE_ASSIGNMENT|[EXTERNAL]|this|{}|0x53c0499e
12:20:18.0 (8749646)|VARIABLE_ASSIGNMENT|[EXTERNAL]|value|{}|0x421e18de
12:20:18.0 (8766398)|VARIABLE_ASSIGNMENT|[5]|this.placeholderContact|{}|0x53c0499e
12:20:18.0 (8798968)|STATEMENT_EXECUTE|[11]
12:20:18.0 (8810812)|HEAP_ALLOCATE|[11]|Bytes:4
12:20:18.0 (28526324)|VARIABLE_ASSIGNMENT|[EXTERNAL]|this|{"placeholderContact":"0x421e18de"}|0x53c0499e
12:20:18.0 (28558755)|HEAP_ALLOCATE|[EXTERNAL]|Bytes:4
12:20:18.0 (28575042)|VARIABLE_ASSIGNMENT|[EXTERNAL]|value|[]|0x7c348fa5
12:20:18.0 (28600671)|VARIABLE_ASSIGNMENT|[6]|this.accountContacts|[]|0x53c0499e
12:20:18.0 (28626378)|SYSTEM_MODE_EXIT|false
12:20:18.0 (28763934)|SYSTEM_MODE_ENTER|true
12:20:18.0 (63319007)|VF_SERIALIZE_VIEWSTATE_BEGIN|0661H000002ugfO
12:20:18.0 (65253601)|VF_SERIALIZE_VIEWSTATE_END
12:20:18.67 (67393009)|CUMULATIVE_LIMIT_USAGE
12:20:18.67 (67393009)|LIMIT_USAGE_FOR_NS|(default)|
  Number of SOQL queries: 0 out of 100
  Number of query rows: 0 out of 50000
  Number of SOSL queries: 0 out of 20
  Number of DML statements: 0 out of 150
  Number of DML rows: 0 out of 10000
  Maximum CPU time: 0 out of 10000
  Maximum heap size: 0 out of 6000000
  Number of callouts: 0 out of 100
  Number of Email Invocations: 0 out of 10
  Number of future calls: 0 out of 50
  Number of queueable jobs added to the queue: 0 out of 50
  Number of Mobile Apex push calls: 0 out of 10

12:20:18.67 (67393009)|CUMULATIVE_LIMIT_USAGE_END

12:20:18.0 (67438700)|CODE_UNIT_FINISHED|VF: /apex/CustomerEvangelist
12:20:18.0 (68334507)|EXECUTION_FINISHED
