34.0 APEX_CODE,FINEST;APEX_PROFILING,INFO;CALLOUT,INFO;DB,INFO;NBA,INFO;SYSTEM,DEBUG;VALIDATION,INFO;VISUALFORCE,INFO;WAVE,INFO;WORKFLOW,INFO
13:20:35.0 (493151)|USER_INFO|[EXTERNAL]|0051H000008yiOQ|pavel@topengineer.io|Pacific Standard Time|GMT-07:00
13:20:35.0 (532090)|EXECUTION_STARTED
13:20:35.0 (536157)|CODE_UNIT_STARTED|[EXTERNAL]|0661H000002Q8fN|VF: /apex/Potential_Manager
13:20:35.0 (6390722)|SYSTEM_MODE_ENTER|true
13:20:35.0 (7011227)|HEAP_ALLOCATE|[72]|Bytes:3
13:20:35.0 (7088270)|HEAP_ALLOCATE|[77]|Bytes:152
13:20:35.0 (7111729)|HEAP_ALLOCATE|[342]|Bytes:408
13:20:35.0 (7129727)|HEAP_ALLOCATE|[355]|Bytes:408
13:20:35.0 (7141542)|HEAP_ALLOCATE|[467]|Bytes:48
13:20:35.0 (7178831)|HEAP_ALLOCATE|[139]|Bytes:6
13:20:35.0 (7195805)|HEAP_ALLOCATE|[EXTERNAL]|Bytes:148
13:20:35.0 (7216158)|HEAP_ALLOCATE|[EXTERNAL]|Bytes:16
13:20:35.0 (7242924)|METHOD_ENTRY|[1]|01p1H000005w2NJ|potential_Manager.potential_Manager()
13:20:35.0 (7250818)|STATEMENT_EXECUTE|[1]
13:20:35.0 (7255734)|STATEMENT_EXECUTE|[1]
13:20:35.0 (7290854)|HEAP_ALLOCATE|[50]|Bytes:5
13:20:35.0 (7311230)|HEAP_ALLOCATE|[56]|Bytes:5
13:20:35.0 (7318899)|HEAP_ALLOCATE|[64]|Bytes:7
13:20:35.0 (7341719)|SYSTEM_MODE_ENTER|false
13:20:35.0 (7353384)|HEAP_ALLOCATE|[EXTERNAL]|Bytes:5
13:20:35.0 (7361199)|SYSTEM_MODE_EXIT|false
13:20:35.0 (7379931)|METHOD_EXIT|[1]|potential_Manager
13:20:35.0 (7479286)|HEAP_ALLOCATE|[EXTERNAL]|Bytes:16
13:20:35.0 (7490712)|VARIABLE_SCOPE_BEGIN|[8]|this|potential_Manager|true|false
13:20:35.0 (7552341)|VARIABLE_ASSIGNMENT|[8]|this|{}|0x78fb8da6
13:20:35.0 (7565510)|SYSTEM_MODE_ENTER|false
13:20:35.0 (7572691)|HEAP_ALLOCATE|[9]|Bytes:5
13:20:35.0 (7577860)|STATEMENT_EXECUTE|[1]
13:20:35.0 (7580799)|HEAP_ALLOCATE|[9]|Bytes:5
13:20:35.0 (7587735)|STATEMENT_EXECUTE|[4]
13:20:35.0 (7591946)|STATEMENT_EXECUTE|[5]
13:20:35.0 (7594094)|STATEMENT_EXECUTE|[6]
13:20:35.0 (7605767)|HEAP_ALLOCATE|[9]|Bytes:6
13:20:35.0 (7656072)|STATEMENT_EXECUTE|[8]
13:20:35.0 (7659047)|STATEMENT_EXECUTE|[9]
13:20:35.0 (7686606)|HEAP_ALLOCATE|[9]|Bytes:4
13:20:35.0 (7872470)|VARIABLE_ASSIGNMENT|[EXTERNAL]|this|{}|0x78fb8da6
13:20:35.0 (7890293)|VARIABLE_ASSIGNMENT|[EXTERNAL]|value|{}|0x6c2f2a0a
13:20:35.0 (7910661)|VARIABLE_ASSIGNMENT|[4]|this.placeholderPotential|{}|0x78fb8da6
13:20:35.0 (7937701)|STATEMENT_EXECUTE|[10]
13:20:35.0 (7950263)|HEAP_ALLOCATE|[10]|Bytes:4
13:20:35.0 (8079331)|VARIABLE_ASSIGNMENT|[EXTERNAL]|this|{"placeholderPotential":"0x6c2f2a0a"}|0x78fb8da6
13:20:35.0 (8091751)|HEAP_ALLOCATE|[EXTERNAL]|Bytes:4
13:20:35.0 (8102413)|VARIABLE_ASSIGNMENT|[EXTERNAL]|value|[]|0x57d42ef6
13:20:35.0 (8112956)|VARIABLE_ASSIGNMENT|[5]|this.accountPotentials|[]|0x78fb8da6
13:20:35.0 (8121421)|STATEMENT_EXECUTE|[11]
13:20:35.0 (8128700)|HEAP_ALLOCATE|[11]|Bytes:4
13:20:35.0 (8167732)|VARIABLE_ASSIGNMENT|[EXTERNAL]|this|{"accountPotentials":"0x57d42ef6","placeholderPotential":"0x6c2f2a0a"}|0x78fb8da6
13:20:35.0 (8177245)|HEAP_ALLOCATE|[EXTERNAL]|Bytes:4
13:20:35.0 (8182638)|VARIABLE_ASSIGNMENT|[EXTERNAL]|value|[]|0x2f976041
13:20:35.0 (8191314)|VARIABLE_ASSIGNMENT|[6]|this.accountPot|[]|0x78fb8da6
13:20:35.0 (8202319)|SYSTEM_MODE_EXIT|false
13:20:35.0 (9330710)|VF_SERIALIZE_VIEWSTATE_BEGIN|0661H000002Q8fN
13:20:35.0 (11054262)|VF_SERIALIZE_VIEWSTATE_END
13:20:35.13 (13219292)|CUMULATIVE_LIMIT_USAGE
13:20:35.13 (13219292)|LIMIT_USAGE_FOR_NS|(default)|
  Number of SOQL queries: 0 out of 100
  Number of query rows: 0 out of 50000
  Number of SOSL queries: 0 out of 20
  Number of DML statements: 0 out of 150
  Number of DML rows: 0 out of 10000
  Maximum CPU time: 0 out of 10000
  Maximum heap size: 0 out of 6000000
  Number of callouts: 0 out of 100
  Number of Email Invocations: 0 out of 10
  Number of future calls: 0 out of 50
  Number of queueable jobs added to the queue: 0 out of 50
  Number of Mobile Apex push calls: 0 out of 10

13:20:35.13 (13219292)|CUMULATIVE_LIMIT_USAGE_END

13:20:35.0 (13253803)|CODE_UNIT_FINISHED|VF: /apex/Potential_Manager
13:20:35.0 (14029628)|EXECUTION_FINISHED
