43.0 APEX_CODE,DEBUG;APEX_PROFILING,INFO;CALLOUT,INFO;DB,INFO;NBA,INFO;SYSTEM,DEBUG;VALIDATION,INFO;VISUALFORCE,DEBUG;WAVE,INFO;WORKFLOW,INFO
14:54:57.0 (356137)|USER_INFO|[EXTERNAL]|0051H000008yiOQ|pavel@topengineer.io|Pacific Standard Time|GMT-07:00
14:54:57.0 (535646)|EXECUTION_STARTED
14:54:57.0 (539554)|CODE_UNIT_STARTED|[EXTERNAL]|0661H000002NMb5|VF: /apex/newAccount
14:54:57.0 (1023967)|VF_DESERIALIZE_VIEWSTATE_BEGIN|0661H000002NMb5
14:54:57.0 (60267989)|VF_DESERIALIZE_VIEWSTATE_END
14:54:57.67 (67137104)|CUMULATIVE_LIMIT_USAGE
14:54:57.67 (67137104)|LIMIT_USAGE_FOR_NS|(default)|
  Number of SOQL queries: 0 out of 100
  Number of query rows: 0 out of 50000
  Number of SOSL queries: 0 out of 20
  Number of DML statements: 0 out of 150
  Number of DML rows: 0 out of 10000
  Maximum CPU time: 0 out of 10000
  Maximum heap size: 0 out of 6000000
  Number of callouts: 0 out of 100
  Number of Email Invocations: 0 out of 10
  Number of future calls: 0 out of 50
  Number of queueable jobs added to the queue: 0 out of 50
  Number of Mobile Apex push calls: 0 out of 10

14:54:57.67 (67137104)|CUMULATIVE_LIMIT_USAGE_END

14:54:57.0 (67176701)|CODE_UNIT_FINISHED|VF: /apex/newAccount
14:54:57.0 (67960891)|EXECUTION_FINISHED
