34.0 APEX_CODE,FINEST;APEX_PROFILING,INFO;CALLOUT,INFO;DB,INFO;NBA,INFO;SYSTEM,DEBUG;VALIDATION,INFO;VISUALFORCE,INFO;WAVE,INFO;WORKFLOW,INFO
13:27:13.0 (466466)|USER_INFO|[EXTERNAL]|0051H000008yiOQ|pavel@topengineer.io|Pacific Standard Time|GMT-07:00
13:27:13.0 (525324)|EXECUTION_STARTED
13:27:13.0 (531590)|CODE_UNIT_STARTED|[EXTERNAL]|0661H000002Q8fN|VF: /apex/Potential_Manager
13:27:13.0 (6390555)|SYSTEM_MODE_ENTER|true
13:27:13.0 (6879722)|HEAP_ALLOCATE|[72]|Bytes:3
13:27:13.0 (6928230)|HEAP_ALLOCATE|[77]|Bytes:152
13:27:13.0 (6948791)|HEAP_ALLOCATE|[342]|Bytes:408
13:27:13.0 (6993005)|HEAP_ALLOCATE|[355]|Bytes:408
13:27:13.0 (7012274)|HEAP_ALLOCATE|[467]|Bytes:48
13:27:13.0 (7050045)|HEAP_ALLOCATE|[139]|Bytes:6
13:27:13.0 (7073372)|HEAP_ALLOCATE|[EXTERNAL]|Bytes:148
13:27:13.0 (7082480)|HEAP_ALLOCATE|[EXTERNAL]|Bytes:16
13:27:13.0 (7098089)|METHOD_ENTRY|[1]|01p1H000005w2NJ|potential_Manager.potential_Manager()
13:27:13.0 (7125319)|STATEMENT_EXECUTE|[1]
13:27:13.0 (7131633)|STATEMENT_EXECUTE|[1]
13:27:13.0 (7175538)|HEAP_ALLOCATE|[50]|Bytes:5
13:27:13.0 (7202491)|HEAP_ALLOCATE|[56]|Bytes:5
13:27:13.0 (7215641)|HEAP_ALLOCATE|[64]|Bytes:7
13:27:13.0 (7243524)|SYSTEM_MODE_ENTER|false
13:27:13.0 (7259690)|HEAP_ALLOCATE|[EXTERNAL]|Bytes:5
13:27:13.0 (7271275)|SYSTEM_MODE_EXIT|false
13:27:13.0 (7284757)|METHOD_EXIT|[1]|potential_Manager
13:27:13.0 (7436537)|HEAP_ALLOCATE|[EXTERNAL]|Bytes:16
13:27:13.0 (7451918)|VARIABLE_SCOPE_BEGIN|[8]|this|potential_Manager|true|false
13:27:13.0 (7538674)|VARIABLE_ASSIGNMENT|[8]|this|{}|0x5afc6798
13:27:13.0 (7559180)|SYSTEM_MODE_ENTER|false
13:27:13.0 (7568674)|HEAP_ALLOCATE|[9]|Bytes:5
13:27:13.0 (7575887)|STATEMENT_EXECUTE|[1]
13:27:13.0 (7581166)|HEAP_ALLOCATE|[9]|Bytes:5
13:27:13.0 (7586154)|STATEMENT_EXECUTE|[4]
13:27:13.0 (7588760)|STATEMENT_EXECUTE|[5]
13:27:13.0 (7590791)|STATEMENT_EXECUTE|[6]
13:27:13.0 (7601814)|HEAP_ALLOCATE|[9]|Bytes:6
13:27:13.0 (7646965)|STATEMENT_EXECUTE|[8]
13:27:13.0 (7649825)|STATEMENT_EXECUTE|[9]
13:27:13.0 (7677881)|HEAP_ALLOCATE|[9]|Bytes:4
13:27:13.0 (7892881)|VARIABLE_ASSIGNMENT|[EXTERNAL]|this|{}|0x5afc6798
13:27:13.0 (7918331)|VARIABLE_ASSIGNMENT|[EXTERNAL]|value|{}|0x3abbd097
13:27:13.0 (7940262)|VARIABLE_ASSIGNMENT|[4]|this.placeholderPotential|{}|0x5afc6798
13:27:13.0 (7959260)|STATEMENT_EXECUTE|[10]
13:27:13.0 (7978009)|HEAP_ALLOCATE|[10]|Bytes:4
13:27:13.0 (8187255)|VARIABLE_ASSIGNMENT|[EXTERNAL]|this|{"placeholderPotential":"0x3abbd097"}|0x5afc6798
13:27:13.0 (8208837)|HEAP_ALLOCATE|[EXTERNAL]|Bytes:4
13:27:13.0 (8223529)|VARIABLE_ASSIGNMENT|[EXTERNAL]|value|[]|0x4388d31f
13:27:13.0 (8246983)|VARIABLE_ASSIGNMENT|[5]|this.accountPotentials|[]|0x5afc6798
13:27:13.0 (8262796)|STATEMENT_EXECUTE|[11]
13:27:13.0 (8274858)|HEAP_ALLOCATE|[11]|Bytes:4
13:27:13.0 (8337241)|VARIABLE_ASSIGNMENT|[EXTERNAL]|this|{"accountPotentials":"0x4388d31f","placeholderPotential":"0x3abbd097"}|0x5afc6798
13:27:13.0 (8351985)|HEAP_ALLOCATE|[EXTERNAL]|Bytes:4
13:27:13.0 (8360880)|VARIABLE_ASSIGNMENT|[EXTERNAL]|value|[]|0x43635e32
13:27:13.0 (8377166)|VARIABLE_ASSIGNMENT|[6]|this.accountPot|[]|0x5afc6798
13:27:13.0 (8394064)|SYSTEM_MODE_EXIT|false
13:27:13.0 (10301210)|VF_SERIALIZE_VIEWSTATE_BEGIN|0661H000002Q8fN
13:27:13.0 (12289385)|VF_SERIALIZE_VIEWSTATE_END
13:27:13.14 (14665140)|CUMULATIVE_LIMIT_USAGE
13:27:13.14 (14665140)|LIMIT_USAGE_FOR_NS|(default)|
  Number of SOQL queries: 0 out of 100
  Number of query rows: 0 out of 50000
  Number of SOSL queries: 0 out of 20
  Number of DML statements: 0 out of 150
  Number of DML rows: 0 out of 10000
  Maximum CPU time: 0 out of 10000
  Maximum heap size: 0 out of 6000000
  Number of callouts: 0 out of 100
  Number of Email Invocations: 0 out of 10
  Number of future calls: 0 out of 50
  Number of queueable jobs added to the queue: 0 out of 50
  Number of Mobile Apex push calls: 0 out of 10

13:27:13.14 (14665140)|CUMULATIVE_LIMIT_USAGE_END

13:27:13.0 (14718745)|CODE_UNIT_FINISHED|VF: /apex/Potential_Manager
13:27:13.0 (15512477)|EXECUTION_FINISHED
