43.0 APEX_CODE,FINEST;APEX_PROFILING,INFO;CALLOUT,INFO;DB,INFO;NBA,INFO;SYSTEM,DEBUG;VALIDATION,INFO;VISUALFORCE,INFO;WAVE,INFO;WORKFLOW,INFO
13:32:24.0 (348696)|USER_INFO|[EXTERNAL]|0051H000008yiOQ|pavel@topengineer.io|Pacific Standard Time|GMT-07:00
13:32:24.0 (380149)|EXECUTION_STARTED
13:32:24.0 (383903)|CODE_UNIT_STARTED|[EXTERNAL]|VF: /apextemplate/apexremote
13:32:24.100 (100307336)|CUMULATIVE_LIMIT_USAGE
13:32:24.100 (100307336)|LIMIT_USAGE_FOR_NS|(default)|
  Number of SOQL queries: 0 out of 100
  Number of query rows: 0 out of 50000
  Number of SOSL queries: 0 out of 20
  Number of DML statements: 0 out of 150
  Number of DML rows: 0 out of 10000
  Maximum CPU time: 0 out of 10000
  Maximum heap size: 0 out of 6000000
  Number of callouts: 0 out of 100
  Number of Email Invocations: 0 out of 10
  Number of future calls: 0 out of 50
  Number of queueable jobs added to the queue: 0 out of 50
  Number of Mobile Apex push calls: 0 out of 10

13:32:24.100 (100307336)|CUMULATIVE_LIMIT_USAGE_END

13:32:24.0 (100378462)|CODE_UNIT_FINISHED|VF: /apextemplate/apexremote
13:32:24.0 (101179512)|EXECUTION_FINISHED
89)|HEAP_ALLOCATE|[64]|Bytes:7
13:32:24.0 (744448)|SYSTEM_MODE_ENTER|false
13:32:24.0 (757881)|HEAP_ALLOCATE|[EXTERNAL]|Bytes:5
13:32:24.0 (765600)|SYSTEM_MODE_EXIT|false
13:32:24.0 (774080)|METHOD_EXIT|[1]|potential_Manager
13:32:24.0 (783999)|VARIABLE_SCOPE_BEGIN|[23]|name|String|false|false
13:32:24.0 (809214)|VARIABLE_ASSIGNMENT|[23]|name|""
13:32:24.0 (820357)|SYSTEM_MODE_ENTER|false
13:32:24.0 (825949)|HEAP_ALLOCATE|[24]|Bytes:5
13:32:24.0 (903430)|STATEMENT_EXECUTE|[23]
13:32:24.0 (907501)|STATEMENT_EXECUTE|[24]
13:32:24.0 (911223)|HEAP_ALLOCATE|[24]|Bytes:1
13:32:24.0 (930700)|HEAP_ALLOCATE|[24]|Bytes:1
13:32:24.0 (942729)|VARIABLE_ASSIGNMENT|[24]|name|"%"
13:32:24.0 (947946)|STATEMENT_EXECUTE|[25]
13:32:24.0 (950426)|HEAP_ALLOCATE|[25]|Bytes:65
13:32:24.0 (970585)|HEAP_ALLOCATE|[25]|Bytes:4
13:32:24.0 (1145970)|SOQL_EXECUTE_BEGIN|[25]|Aggregations:0|SELECT product__c, potential__c, probability__c FROM Potential__c
13:32:24.0 (3088879)|SOQL_EXECUTE_END|[25]|Rows:10
13:32:24.0 (3109517)|HEAP_ALLOCATE|[25]|Bytes:44
13:32:24.0 (3142971)|HEAP_ALLOCATE|[25]|Bytes:1568
13:32:24.0 (3225972)|HEAP_ALLOCATE|[25]|Bytes:44
13:32:24.0 (3238487)|SYSTEM_MODE_EXIT|false
13:32:24.0 (3340000)|CODE_UNIT_FINISHED|VFRemote: potential_Manager invoke(selectPot)
13:32:24.0 (4367254)|EXECUTION_FINISHED
