34.0 APEX_CODE,FINEST;APEX_PROFILING,INFO;CALLOUT,INFO;DB,INFO;NBA,INFO;SYSTEM,DEBUG;VALIDATION,INFO;VISUALFORCE,INFO;WAVE,INFO;WORKFLOW,INFO
14:06:08.0 (426260)|USER_INFO|[EXTERNAL]|0051H000008yiOQ|pavel@topengineer.io|Pacific Standard Time|GMT-07:00
14:06:08.0 (463463)|EXECUTION_STARTED
14:06:08.0 (467752)|CODE_UNIT_STARTED|[EXTERNAL]|0661H000002Q8fN|VF: /apex/Potential_Manager
14:06:08.0 (4004151)|SYSTEM_MODE_ENTER|true
14:06:08.0 (4545188)|HEAP_ALLOCATE|[72]|Bytes:3
14:06:08.0 (4615571)|HEAP_ALLOCATE|[77]|Bytes:152
14:06:08.0 (4633437)|HEAP_ALLOCATE|[342]|Bytes:408
14:06:08.0 (4651175)|HEAP_ALLOCATE|[355]|Bytes:408
14:06:08.0 (4664613)|HEAP_ALLOCATE|[467]|Bytes:48
14:06:08.0 (4697907)|HEAP_ALLOCATE|[139]|Bytes:6
14:06:08.0 (4717975)|HEAP_ALLOCATE|[EXTERNAL]|Bytes:148
14:06:08.0 (4736264)|HEAP_ALLOCATE|[EXTERNAL]|Bytes:16
14:06:08.0 (4761602)|METHOD_ENTRY|[1]|01p1H000005w2NJ|potential_Manager.potential_Manager()
14:06:08.0 (4769595)|STATEMENT_EXECUTE|[1]
14:06:08.0 (4774735)|STATEMENT_EXECUTE|[1]
14:06:08.0 (4808174)|HEAP_ALLOCATE|[50]|Bytes:5
14:06:08.0 (4831668)|HEAP_ALLOCATE|[56]|Bytes:5
14:06:08.0 (4843384)|HEAP_ALLOCATE|[64]|Bytes:7
14:06:08.0 (4865072)|SYSTEM_MODE_ENTER|false
14:06:08.0 (4878720)|HEAP_ALLOCATE|[EXTERNAL]|Bytes:5
14:06:08.0 (4885477)|SYSTEM_MODE_EXIT|false
14:06:08.0 (4905775)|METHOD_EXIT|[1]|potential_Manager
14:06:08.0 (5034399)|HEAP_ALLOCATE|[EXTERNAL]|Bytes:16
14:06:08.0 (5053058)|VARIABLE_SCOPE_BEGIN|[8]|this|potential_Manager|true|false
14:06:08.0 (5296225)|VARIABLE_ASSIGNMENT|[8]|this|{}|0x129bf57f
14:06:08.0 (5320509)|SYSTEM_MODE_ENTER|false
14:06:08.0 (5330638)|HEAP_ALLOCATE|[9]|Bytes:5
14:06:08.0 (5339493)|STATEMENT_EXECUTE|[1]
14:06:08.0 (5344651)|HEAP_ALLOCATE|[9]|Bytes:5
14:06:08.0 (5349615)|STATEMENT_EXECUTE|[4]
14:06:08.0 (5352303)|STATEMENT_EXECUTE|[5]
14:06:08.0 (5354289)|STATEMENT_EXECUTE|[6]
14:06:08.0 (5366970)|HEAP_ALLOCATE|[9]|Bytes:6
14:06:08.0 (5414342)|STATEMENT_EXECUTE|[8]
14:06:08.0 (5416616)|STATEMENT_EXECUTE|[9]
14:06:08.0 (5443924)|HEAP_ALLOCATE|[9]|Bytes:4
14:06:08.0 (5664686)|VARIABLE_ASSIGNMENT|[EXTERNAL]|this|{}|0x129bf57f
14:06:08.0 (5689282)|VARIABLE_ASSIGNMENT|[EXTERNAL]|value|{}|0x40759560
14:06:08.0 (5712512)|VARIABLE_ASSIGNMENT|[4]|this.placeholderPotential|{}|0x129bf57f
14:06:08.0 (5760728)|STATEMENT_EXECUTE|[10]
14:06:08.0 (5774742)|HEAP_ALLOCATE|[10]|Bytes:4
14:06:08.0 (5929836)|VARIABLE_ASSIGNMENT|[EXTERNAL]|this|{"placeholderPotential":"0x40759560"}|0x129bf57f
14:06:08.0 (5947065)|HEAP_ALLOCATE|[EXTERNAL]|Bytes:4
14:06:08.0 (5961112)|VARIABLE_ASSIGNMENT|[EXTERNAL]|value|[]|0x5084ce25
14:06:08.0 (5977935)|VARIABLE_ASSIGNMENT|[5]|this.accountPotentials|[]|0x129bf57f
14:06:08.0 (5989037)|STATEMENT_EXECUTE|[11]
14:06:08.0 (5998016)|HEAP_ALLOCATE|[11]|Bytes:4
14:06:08.0 (6044970)|VARIABLE_ASSIGNMENT|[EXTERNAL]|this|{"accountPotentials":"0x5084ce25","placeholderPotential":"0x40759560"}|0x129bf57f
14:06:08.0 (6056115)|HEAP_ALLOCATE|[EXTERNAL]|Bytes:4
14:06:08.0 (6062471)|VARIABLE_ASSIGNMENT|[EXTERNAL]|value|[]|0x4db6ab74
14:06:08.0 (6072452)|VARIABLE_ASSIGNMENT|[6]|this.accountPot|[]|0x129bf57f
14:06:08.0 (6083746)|SYSTEM_MODE_EXIT|false
14:06:08.0 (7934357)|VF_SERIALIZE_VIEWSTATE_BEGIN|0661H000002Q8fN
14:06:08.0 (20231155)|VF_SERIALIZE_VIEWSTATE_END
14:06:08.22 (22632405)|CUMULATIVE_LIMIT_USAGE
14:06:08.22 (22632405)|LIMIT_USAGE_FOR_NS|(default)|
  Number of SOQL queries: 0 out of 100
  Number of query rows: 0 out of 50000
  Number of SOSL queries: 0 out of 20
  Number of DML statements: 0 out of 150
  Number of DML rows: 0 out of 10000
  Maximum CPU time: 0 out of 10000
  Maximum heap size: 0 out of 6000000
  Number of callouts: 0 out of 100
  Number of Email Invocations: 0 out of 10
  Number of future calls: 0 out of 50
  Number of queueable jobs added to the queue: 0 out of 50
  Number of Mobile Apex push calls: 0 out of 10

14:06:08.22 (22632405)|CUMULATIVE_LIMIT_USAGE_END

14:06:08.0 (22680715)|CODE_UNIT_FINISHED|VF: /apex/Potential_Manager
14:06:08.0 (23439023)|EXECUTION_FINISHED
