34.0 APEX_CODE,FINEST;APEX_PROFILING,INFO;CALLOUT,INFO;DB,INFO;NBA,INFO;SYSTEM,DEBUG;VALIDATION,INFO;VISUALFORCE,INFO;WAVE,INFO;WORKFLOW,INFO
13:26:17.0 (520875)|USER_INFO|[EXTERNAL]|0051H000008yiOQ|pavel@topengineer.io|Pacific Standard Time|GMT-07:00
13:26:17.0 (568963)|EXECUTION_STARTED
13:26:17.0 (576070)|CODE_UNIT_STARTED|[EXTERNAL]|0661H000002Q8fN|VF: /apex/Potential_Manager
13:26:17.0 (7310804)|SYSTEM_MODE_ENTER|true
13:26:17.0 (7764732)|HEAP_ALLOCATE|[72]|Bytes:3
13:26:17.0 (7797273)|HEAP_ALLOCATE|[77]|Bytes:152
13:26:17.0 (7811973)|HEAP_ALLOCATE|[342]|Bytes:408
13:26:17.0 (7825886)|HEAP_ALLOCATE|[355]|Bytes:408
13:26:17.0 (7837177)|HEAP_ALLOCATE|[467]|Bytes:48
13:26:17.0 (7864508)|HEAP_ALLOCATE|[139]|Bytes:6
13:26:17.0 (7879062)|HEAP_ALLOCATE|[EXTERNAL]|Bytes:148
13:26:17.0 (7884646)|HEAP_ALLOCATE|[EXTERNAL]|Bytes:16
13:26:17.0 (7895290)|METHOD_ENTRY|[1]|01p1H000005w2NJ|potential_Manager.potential_Manager()
13:26:17.0 (7903361)|STATEMENT_EXECUTE|[1]
13:26:17.0 (7908422)|STATEMENT_EXECUTE|[1]
13:26:17.0 (7941580)|HEAP_ALLOCATE|[50]|Bytes:5
13:26:17.0 (7959437)|HEAP_ALLOCATE|[56]|Bytes:5
13:26:17.0 (7966774)|HEAP_ALLOCATE|[64]|Bytes:7
13:26:17.0 (7981964)|SYSTEM_MODE_ENTER|false
13:26:17.0 (7992082)|HEAP_ALLOCATE|[EXTERNAL]|Bytes:5
13:26:17.0 (7998716)|SYSTEM_MODE_EXIT|false
13:26:17.0 (8007210)|METHOD_EXIT|[1]|potential_Manager
13:26:17.0 (8107080)|HEAP_ALLOCATE|[EXTERNAL]|Bytes:16
13:26:17.0 (8116642)|VARIABLE_SCOPE_BEGIN|[8]|this|potential_Manager|true|false
13:26:17.0 (8173533)|VARIABLE_ASSIGNMENT|[8]|this|{}|0x6b73ffcd
13:26:17.0 (8187896)|SYSTEM_MODE_ENTER|false
13:26:17.0 (8194610)|HEAP_ALLOCATE|[9]|Bytes:5
13:26:17.0 (8200024)|STATEMENT_EXECUTE|[1]
13:26:17.0 (8203444)|HEAP_ALLOCATE|[9]|Bytes:5
13:26:17.0 (8206611)|STATEMENT_EXECUTE|[4]
13:26:17.0 (8209168)|STATEMENT_EXECUTE|[5]
13:26:17.0 (8210729)|STATEMENT_EXECUTE|[6]
13:26:17.0 (8218405)|HEAP_ALLOCATE|[9]|Bytes:6
13:26:17.0 (8250313)|STATEMENT_EXECUTE|[8]
13:26:17.0 (8252308)|STATEMENT_EXECUTE|[9]
13:26:17.0 (8274685)|HEAP_ALLOCATE|[9]|Bytes:4
13:26:17.0 (8407702)|VARIABLE_ASSIGNMENT|[EXTERNAL]|this|{}|0x6b73ffcd
13:26:17.0 (8424082)|VARIABLE_ASSIGNMENT|[EXTERNAL]|value|{}|0x7d69b42f
13:26:17.0 (8443957)|VARIABLE_ASSIGNMENT|[4]|this.placeholderPotential|{}|0x6b73ffcd
13:26:17.0 (8455983)|STATEMENT_EXECUTE|[10]
13:26:17.0 (8466620)|HEAP_ALLOCATE|[10]|Bytes:4
13:26:17.0 (8558981)|VARIABLE_ASSIGNMENT|[EXTERNAL]|this|{"placeholderPotential":"0x7d69b42f"}|0x6b73ffcd
13:26:17.0 (8570493)|HEAP_ALLOCATE|[EXTERNAL]|Bytes:4
13:26:17.0 (8581138)|VARIABLE_ASSIGNMENT|[EXTERNAL]|value|[]|0x6bc7294a
13:26:17.0 (8592289)|VARIABLE_ASSIGNMENT|[5]|this.accountPotentials|[]|0x6b73ffcd
13:26:17.0 (8601807)|STATEMENT_EXECUTE|[11]
13:26:17.0 (8608859)|HEAP_ALLOCATE|[11]|Bytes:4
13:26:17.0 (8646598)|VARIABLE_ASSIGNMENT|[EXTERNAL]|this|{"accountPotentials":"0x6bc7294a","placeholderPotential":"0x7d69b42f"}|0x6b73ffcd
13:26:17.0 (8655561)|HEAP_ALLOCATE|[EXTERNAL]|Bytes:4
13:26:17.0 (8661061)|VARIABLE_ASSIGNMENT|[EXTERNAL]|value|[]|0x23240794
13:26:17.0 (8670493)|VARIABLE_ASSIGNMENT|[6]|this.accountPot|[]|0x6b73ffcd
13:26:17.0 (8681136)|SYSTEM_MODE_EXIT|false
13:26:17.0 (9976309)|VF_SERIALIZE_VIEWSTATE_BEGIN|0661H000002Q8fN
13:26:17.0 (11894268)|VF_SERIALIZE_VIEWSTATE_END
13:26:17.14 (14179716)|CUMULATIVE_LIMIT_USAGE
13:26:17.14 (14179716)|LIMIT_USAGE_FOR_NS|(default)|
  Number of SOQL queries: 0 out of 100
  Number of query rows: 0 out of 50000
  Number of SOSL queries: 0 out of 20
  Number of DML statements: 0 out of 150
  Number of DML rows: 0 out of 10000
  Maximum CPU time: 0 out of 10000
  Maximum heap size: 0 out of 6000000
  Number of callouts: 0 out of 100
  Number of Email Invocations: 0 out of 10
  Number of future calls: 0 out of 50
  Number of queueable jobs added to the queue: 0 out of 50
  Number of Mobile Apex push calls: 0 out of 10

13:26:17.14 (14179716)|CUMULATIVE_LIMIT_USAGE_END

13:26:17.0 (14235844)|CODE_UNIT_FINISHED|VF: /apex/Potential_Manager
13:26:17.0 (15129134)|EXECUTION_FINISHED
