34.0 APEX_CODE,FINEST;APEX_PROFILING,INFO;CALLOUT,INFO;DB,INFO;NBA,INFO;SYSTEM,DEBUG;VALIDATION,INFO;VISUALFORCE,INFO;WAVE,INFO;WORKFLOW,INFO
12:18:36.1 (1101585)|USER_INFO|[EXTERNAL]|0051H000008yiOQ|pavel@topengineer.io|Pacific Standard Time|GMT-07:00
12:18:36.1 (1152322)|EXECUTION_STARTED
12:18:36.1 (1158907)|CODE_UNIT_STARTED|[EXTERNAL]|0661H000002ugfO|VF: /apex/CustomerEvangelist
12:18:36.1 (1795163)|VF_DESERIALIZE_VIEWSTATE_BEGIN|0661H000002ugfO
12:18:36.1 (7410788)|HEAP_ALLOCATE|[72]|Bytes:3
12:18:36.1 (7474818)|HEAP_ALLOCATE|[77]|Bytes:152
12:18:36.1 (7489122)|HEAP_ALLOCATE|[342]|Bytes:408
12:18:36.1 (7503361)|HEAP_ALLOCATE|[355]|Bytes:408
12:18:36.1 (7515599)|HEAP_ALLOCATE|[467]|Bytes:48
12:18:36.1 (7541685)|HEAP_ALLOCATE|[139]|Bytes:6
12:18:36.1 (8926456)|VF_DESERIALIZE_VIEWSTATE_END
12:18:36.1 (9688724)|HEAP_ALLOCATE|[EXTERNAL]|Bytes:176
12:18:36.1 (9730528)|HEAP_ALLOCATE|[EXTERNAL]|Bytes:16
12:18:36.1 (9757986)|METHOD_ENTRY|[1]|01p1H000006LIeu|CustomerEvangelist.CustomerEvangelist()
12:18:36.1 (9768787)|STATEMENT_EXECUTE|[1]
12:18:36.1 (9773701)|STATEMENT_EXECUTE|[1]
12:18:36.1 (9812037)|HEAP_ALLOCATE|[50]|Bytes:5
12:18:36.1 (9838300)|HEAP_ALLOCATE|[56]|Bytes:5
12:18:36.1 (9848995)|HEAP_ALLOCATE|[64]|Bytes:7
12:18:36.1 (9870505)|SYSTEM_MODE_ENTER|false
12:18:36.1 (9883326)|HEAP_ALLOCATE|[EXTERNAL]|Bytes:5
12:18:36.1 (9891160)|SYSTEM_MODE_EXIT|false
12:18:36.1 (9937623)|METHOD_EXIT|[1]|CustomerEvangelist
12:18:36.1 (9958127)|HEAP_ALLOCATE|[EXTERNAL]|Bytes:20
12:18:36.1 (9971902)|VARIABLE_SCOPE_BEGIN|[16]|this|CustomerEvangelist|true|false
12:18:36.1 (10082059)|VARIABLE_ASSIGNMENT|[16]|this|{"accountContacts":"0x432bf3d9","placeholderContact":"0x788bead3"}|0x49922750
12:18:36.1 (10104969)|SYSTEM_MODE_ENTER|false
12:18:36.1 (10114115)|HEAP_ALLOCATE|[17]|Bytes:5
12:18:36.1 (10120718)|STATEMENT_EXECUTE|[16]
12:18:36.1 (10123223)|STATEMENT_EXECUTE|[17]
12:18:36.1 (10149171)|METHOD_ENTRY|[17]|01p1H000006LIeu|CustomerEvangelist.refreshContacts()
12:18:36.1 (10189418)|VARIABLE_SCOPE_BEGIN|[22]|this|CustomerEvangelist|true|false
12:18:36.1 (10224071)|VARIABLE_ASSIGNMENT|[22]|this|{"accountContacts":"0x432bf3d9","placeholderContact":"0x788bead3"}|0x49922750
12:18:36.1 (10241044)|HEAP_ALLOCATE|[24]|Bytes:5
12:18:36.1 (10247863)|STATEMENT_EXECUTE|[22]
12:18:36.1 (10250071)|STATEMENT_EXECUTE|[24]
12:18:36.1 (10254328)|HEAP_ALLOCATE|[24]|Bytes:48
12:18:36.1 (10275664)|HEAP_ALLOCATE|[24]|Bytes:4
12:18:36.1 (10293351)|HEAP_ALLOCATE|[24]|Bytes:7
12:18:36.1 (10353873)|VARIABLE_ASSIGNMENT|[EXTERNAL]|this|{"accountContacts":"0x432bf3d9","placeholderContact":"0x788bead3"}|0x49922750
12:18:36.1 (12180452)|SOQL_EXECUTE_BEGIN|[24]|Aggregations:0|SELECT id, Name FROM Account WHERE id = :tmpVar1
12:18:36.1 (14712233)|SOQL_EXECUTE_END|[24]|Rows:0
12:18:36.1 (14748835)|HEAP_ALLOCATE|[24]|Bytes:4
12:18:36.1 (14765343)|HEAP_ALLOCATE|[24]|Bytes:0
12:18:36.1 (14800329)|HEAP_ALLOCATE|[24]|Bytes:4
12:18:36.1 (14819608)|HEAP_ALLOCATE|[24]|Bytes:33
12:18:36.1 (14945868)|HEAP_ALLOCATE|[24]|Bytes:46
12:18:36.1 (14967936)|METHOD_EXIT|[17]|01p1H000006LIeu|CustomerEvangelist.refreshContacts()
12:18:36.1 (14978222)|SYSTEM_MODE_EXIT|false
12:18:36.1 (15080692)|FATAL_ERROR|System.QueryException: List has no rows for assignment to SObject

Class.CustomerEvangelist.refreshContacts: line 24, column 1
Class.CustomerEvangelist.selectAccount: line 17, column 1
