34.0 APEX_CODE,FINEST;APEX_PROFILING,INFO;CALLOUT,INFO;DB,INFO;NBA,INFO;SYSTEM,DEBUG;VALIDATION,INFO;VISUALFORCE,INFO;WAVE,INFO;WORKFLOW,INFO
12:20:20.0 (400896)|USER_INFO|[EXTERNAL]|0051H000008yiOQ|pavel@topengineer.io|Pacific Standard Time|GMT-07:00
12:20:20.0 (584414)|EXECUTION_STARTED
12:20:20.0 (589466)|CODE_UNIT_STARTED|[EXTERNAL]|0661H000002ugfO|VF: /apex/CustomerEvangelist
12:20:20.0 (1202216)|VF_DESERIALIZE_VIEWSTATE_BEGIN|0661H000002ugfO
12:20:20.0 (49850238)|HEAP_ALLOCATE|[72]|Bytes:3
12:20:20.0 (49929592)|HEAP_ALLOCATE|[77]|Bytes:152
12:20:20.0 (49945723)|HEAP_ALLOCATE|[342]|Bytes:408
12:20:20.0 (49959226)|HEAP_ALLOCATE|[355]|Bytes:408
12:20:20.0 (49991828)|HEAP_ALLOCATE|[467]|Bytes:48
12:20:20.0 (50033789)|HEAP_ALLOCATE|[139]|Bytes:6
12:20:20.0 (51479485)|VF_DESERIALIZE_VIEWSTATE_END
12:20:20.0 (52753868)|HEAP_ALLOCATE|[EXTERNAL]|Bytes:176
12:20:20.0 (52789872)|HEAP_ALLOCATE|[EXTERNAL]|Bytes:16
12:20:20.0 (52845580)|METHOD_ENTRY|[1]|01p1H000006LIeu|CustomerEvangelist.CustomerEvangelist()
12:20:20.0 (52854746)|STATEMENT_EXECUTE|[1]
12:20:20.0 (52873430)|STATEMENT_EXECUTE|[1]
12:20:20.0 (52934972)|HEAP_ALLOCATE|[50]|Bytes:5
12:20:20.0 (52981127)|HEAP_ALLOCATE|[56]|Bytes:5
12:20:20.0 (52990965)|HEAP_ALLOCATE|[64]|Bytes:7
12:20:20.0 (53012692)|SYSTEM_MODE_ENTER|false
12:20:20.0 (53156597)|HEAP_ALLOCATE|[EXTERNAL]|Bytes:5
12:20:20.0 (53169595)|SYSTEM_MODE_EXIT|false
12:20:20.0 (53197730)|METHOD_EXIT|[1]|CustomerEvangelist
12:20:20.0 (53210172)|HEAP_ALLOCATE|[EXTERNAL]|Bytes:20
12:20:20.0 (53219457)|VARIABLE_SCOPE_BEGIN|[16]|this|CustomerEvangelist|true|false
12:20:20.0 (53297594)|VARIABLE_ASSIGNMENT|[16]|this|{"accountContacts":"0x7f029dd5","placeholderContact":"0xe2ba89b"}|0x6eecb150
12:20:20.0 (53313714)|SYSTEM_MODE_ENTER|false
12:20:20.0 (53319742)|HEAP_ALLOCATE|[17]|Bytes:5
12:20:20.0 (53324527)|STATEMENT_EXECUTE|[16]
12:20:20.0 (53326450)|STATEMENT_EXECUTE|[17]
12:20:20.0 (53363049)|METHOD_ENTRY|[17]|01p1H000006LIeu|CustomerEvangelist.refreshContacts()
12:20:20.0 (53398323)|VARIABLE_SCOPE_BEGIN|[22]|this|CustomerEvangelist|true|false
12:20:20.0 (53424378)|VARIABLE_ASSIGNMENT|[22]|this|{"accountContacts":"0x7f029dd5","placeholderContact":"0xe2ba89b"}|0x6eecb150
12:20:20.0 (53435274)|HEAP_ALLOCATE|[29]|Bytes:5
12:20:20.0 (53439343)|STATEMENT_EXECUTE|[22]
12:20:20.0 (53441613)|STATEMENT_EXECUTE|[29]
12:20:20.0 (53445443)|HEAP_ALLOCATE|[29]|Bytes:141
12:20:20.0 (53481341)|HEAP_ALLOCATE|[29]|Bytes:4
12:20:20.0 (56865680)|SOQL_EXECUTE_BEGIN|[29]|Aggregations:2|SELECT Name, (SELECT FirstName, LastName FROM Contacts), (SELECT Product__c FROM AccountPurchased__r) FROM Account WHERE Name = 'Exxon Mobil'
12:20:20.0 (69726422)|SOQL_EXECUTE_END|[29]|Rows:1
12:20:20.0 (69783487)|HEAP_ALLOCATE|[29]|Bytes:8
12:20:20.0 (69830679)|HEAP_ALLOCATE|[29]|Bytes:676
12:20:20.0 (69877596)|HEAP_ALLOCATE|[29]|Bytes:8
12:20:20.0 (69996188)|VARIABLE_ASSIGNMENT|[EXTERNAL]|this|{"accountContacts":"0x7f029dd5","placeholderContact":"0xe2ba89b"}|0x6eecb150
12:20:20.0 (70090320)|VARIABLE_ASSIGNMENT|[EXTERNAL]|value|[{"Name":"Exxon Mobil","Id":"0011H00001QiDMrQAN","AccountPurchased__r":[{"Account__c":"0011H00001QiDMrQAN","Id":"a031H00000M5yPgQAJ","Product__c":"Sales"},{"Account__c":"0011H00001QiDMrQAN","Id":"a031H00000M5yPWQAZ","Product__c":"Service"},{"Account__c":"0011H00001QiDMrQAN","Id":"a031H00000M5yPMQAZ","Product__c":"Mobile"},{"Account__c":"0011H00001QiDMrQAN","Id":"a031H00000M5yPRQAZ","Product__c":"Work.com"},{"Account__c":"0011H00001QiDMrQAN","Id":"a031H00000M5yPbQAJ","Product__c":"Platform"},{"Account__c":"0011H00001QiDMrQAN","Id":"a031H00000M5yPlQAJ","Product__c":"Service Cloud"}],"Contacts":[{"AccountId":"0011H00001QiDMrQAN","Id":"0031H00001rgbsaQAA","FirstName":"Justin","LastName":"Tweed"}]}]|0x26ed5ff3
12:20:20.0 (70186409)|VARIABLE_ASSIGNMENT|[7]|this.accountAccount|[{"Name":"Exxon Mobil","Id":"0011H00001QiDMrQAN","AccountPurchased__r":[{"Account__c":"0011H00001QiDMrQAN","Id":"a031H00000M5yPgQAJ","Product__c":"Sales"},{"Account__c":"0011H00001QiDMrQAN","Id":"a031H00000M5yPWQAZ","Product__c":"Service"},{"Account__c":"0011H00001QiDMrQAN","Id":"a031H00000M5yPMQAZ","Product__c":"Mobile"},{"Account__c":"0011H00001QiDMrQAN","Id":"a031H00000M5yPRQAZ","Product__c":"Work.com"},{"Account__c":"0011H00001QiDMrQAN","Id":"a031H00000M5yPbQAJ","Product__c":"Platform"},{"Account__c":"0011H00001QiDMrQAN","Id":"a031H00000M5yPlQAJ","Product__c":"Service Cloud"}],"Contacts":[{"AccountId":"0011H00001QiDMrQAN","Id":"0031H00001rgbsaQAA","FirstName":"Justin","LastName":"Tweed"}]}]|0x6eecb150
12:20:20.0 (70292973)|METHOD_EXIT|[17]|01p1H000006LIeu|CustomerEvangelist.refreshContacts()
12:20:20.0 (70305517)|SYSTEM_MODE_EXIT|false
12:20:20.0 (73358322)|SYSTEM_MODE_ENTER|true
12:20:20.0 (76252687)|VF_SERIALIZE_VIEWSTATE_BEGIN|0661H000002ugfO
12:20:20.0 (78698095)|VF_SERIALIZE_VIEWSTATE_END
12:20:20.81 (81198098)|CUMULATIVE_LIMIT_USAGE
12:20:20.81 (81198098)|LIMIT_USAGE_FOR_NS|(default)|
  Number of SOQL queries: 1 out of 100
  Number of query rows: 8 out of 50000
  Number of SOSL queries: 0 out of 20
  Number of DML statements: 0 out of 150
  Number of DML rows: 0 out of 10000
  Maximum CPU time: 0 out of 10000
  Maximum heap size: 0 out of 6000000
  Number of callouts: 0 out of 100
  Number of Email Invocations: 0 out of 10
  Number of future calls: 0 out of 50
  Number of queueable jobs added to the queue: 0 out of 50
  Number of Mobile Apex push calls: 0 out of 10

12:20:20.81 (81198098)|CUMULATIVE_LIMIT_USAGE_END

12:20:20.0 (81232528)|CODE_UNIT_FINISHED|VF: /apex/CustomerEvangelist
12:20:20.0 (81975075)|EXECUTION_FINISHED
