34.0 APEX_CODE,FINEST;APEX_PROFILING,INFO;CALLOUT,INFO;DB,INFO;NBA,INFO;SYSTEM,DEBUG;VALIDATION,INFO;VISUALFORCE,INFO;WAVE,INFO;WORKFLOW,INFO
14:19:03.22 (22770364)|USER_INFO|[EXTERNAL]|0051H000008yiOQ|pavel@topengineer.io|Pacific Standard Time|GMT-07:00
14:19:03.22 (22954550)|EXECUTION_STARTED
14:19:03.22 (22961576)|CODE_UNIT_STARTED|[EXTERNAL]|0661H000002Q8fN|VF: /apex/Potential_Manager
14:19:03.22 (47106222)|SYSTEM_MODE_ENTER|true
14:19:03.22 (47928496)|HEAP_ALLOCATE|[72]|Bytes:3
14:19:03.22 (47985082)|HEAP_ALLOCATE|[77]|Bytes:152
14:19:03.22 (48008395)|HEAP_ALLOCATE|[342]|Bytes:408
14:19:03.22 (48030318)|HEAP_ALLOCATE|[355]|Bytes:408
14:19:03.22 (48048193)|HEAP_ALLOCATE|[467]|Bytes:48
14:19:03.22 (48085229)|HEAP_ALLOCATE|[139]|Bytes:6
14:19:03.22 (48111946)|HEAP_ALLOCATE|[EXTERNAL]|Bytes:148
14:19:03.22 (48139586)|HEAP_ALLOCATE|[EXTERNAL]|Bytes:16
14:19:03.22 (48174427)|METHOD_ENTRY|[1]|01p1H000005w2NJ|potential_Manager.potential_Manager()
14:19:03.22 (48185313)|STATEMENT_EXECUTE|[1]
14:19:03.22 (48191978)|STATEMENT_EXECUTE|[1]
14:19:03.22 (48236403)|HEAP_ALLOCATE|[50]|Bytes:5
14:19:03.22 (48266724)|HEAP_ALLOCATE|[56]|Bytes:5
14:19:03.22 (48277554)|HEAP_ALLOCATE|[64]|Bytes:7
14:19:03.22 (48318117)|SYSTEM_MODE_ENTER|false
14:19:03.22 (48330841)|HEAP_ALLOCATE|[EXTERNAL]|Bytes:5
14:19:03.22 (48341415)|SYSTEM_MODE_EXIT|false
14:19:03.22 (48368529)|METHOD_EXIT|[1]|potential_Manager
14:19:03.22 (48500268)|HEAP_ALLOCATE|[EXTERNAL]|Bytes:16
14:19:03.22 (48514717)|VARIABLE_SCOPE_BEGIN|[8]|this|potential_Manager|true|false
14:19:03.22 (48598881)|VARIABLE_ASSIGNMENT|[8]|this|{}|0x1ffc50ac
14:19:03.22 (48619557)|SYSTEM_MODE_ENTER|false
14:19:03.22 (48629356)|HEAP_ALLOCATE|[9]|Bytes:5
14:19:03.22 (48637394)|STATEMENT_EXECUTE|[1]
14:19:03.22 (48641604)|HEAP_ALLOCATE|[9]|Bytes:5
14:19:03.22 (48646429)|STATEMENT_EXECUTE|[4]
14:19:03.22 (48649007)|STATEMENT_EXECUTE|[5]
14:19:03.22 (48650783)|STATEMENT_EXECUTE|[6]
14:19:03.22 (48662850)|HEAP_ALLOCATE|[9]|Bytes:6
14:19:03.22 (48709252)|STATEMENT_EXECUTE|[8]
14:19:03.22 (48712376)|STATEMENT_EXECUTE|[9]
14:19:03.22 (48740551)|HEAP_ALLOCATE|[9]|Bytes:4
14:19:03.22 (48988096)|VARIABLE_ASSIGNMENT|[EXTERNAL]|this|{}|0x1ffc50ac
14:19:03.22 (49011985)|VARIABLE_ASSIGNMENT|[EXTERNAL]|value|{}|0x733e220b
14:19:03.22 (49034236)|VARIABLE_ASSIGNMENT|[4]|this.placeholderPotential|{}|0x1ffc50ac
14:19:03.22 (49077579)|STATEMENT_EXECUTE|[10]
14:19:03.22 (49094793)|HEAP_ALLOCATE|[10]|Bytes:4
14:19:03.22 (49325400)|VARIABLE_ASSIGNMENT|[EXTERNAL]|this|{"placeholderPotential":"0x733e220b"}|0x1ffc50ac
14:19:03.22 (49344400)|HEAP_ALLOCATE|[EXTERNAL]|Bytes:4
14:19:03.22 (49359355)|VARIABLE_ASSIGNMENT|[EXTERNAL]|value|[]|0x539ac729
14:19:03.22 (49374820)|VARIABLE_ASSIGNMENT|[5]|this.accountPotentials|[]|0x1ffc50ac
14:19:03.22 (49389083)|STATEMENT_EXECUTE|[11]
14:19:03.22 (49413490)|HEAP_ALLOCATE|[11]|Bytes:4
14:19:03.22 (49478156)|VARIABLE_ASSIGNMENT|[EXTERNAL]|this|{"accountPotentials":"0x539ac729","placeholderPotential":"0x733e220b"}|0x1ffc50ac
14:19:03.22 (49492443)|HEAP_ALLOCATE|[EXTERNAL]|Bytes:4
14:19:03.22 (49501844)|VARIABLE_ASSIGNMENT|[EXTERNAL]|value|[]|0x1cc99149
14:19:03.22 (49516115)|VARIABLE_ASSIGNMENT|[6]|this.accountPot|[]|0x1ffc50ac
14:19:03.22 (49532812)|SYSTEM_MODE_EXIT|false
14:19:03.22 (51276630)|VF_SERIALIZE_VIEWSTATE_BEGIN|0661H000002Q8fN
14:19:03.22 (53285437)|VF_SERIALIZE_VIEWSTATE_END
14:19:03.77 (77668440)|CUMULATIVE_LIMIT_USAGE
14:19:03.77 (77668440)|LIMIT_USAGE_FOR_NS|(default)|
  Number of SOQL queries: 0 out of 100
  Number of query rows: 0 out of 50000
  Number of SOSL queries: 0 out of 20
  Number of DML statements: 0 out of 150
  Number of DML rows: 0 out of 10000
  Maximum CPU time: 0 out of 10000
  Maximum heap size: 0 out of 6000000
  Number of callouts: 0 out of 100
  Number of Email Invocations: 0 out of 10
  Number of future calls: 0 out of 50
  Number of queueable jobs added to the queue: 0 out of 50
  Number of Mobile Apex push calls: 0 out of 10

14:19:03.77 (77668440)|CUMULATIVE_LIMIT_USAGE_END

14:19:03.22 (77720104)|CODE_UNIT_FINISHED|VF: /apex/Potential_Manager
14:19:03.22 (78502322)|EXECUTION_FINISHED
