34.0 APEX_CODE,FINEST;APEX_PROFILING,INFO;CALLOUT,INFO;DB,INFO;NBA,INFO;SYSTEM,DEBUG;VALIDATION,INFO;VISUALFORCE,INFO;WAVE,INFO;WORKFLOW,INFO
16:59:47.0 (427652)|USER_INFO|[EXTERNAL]|0051H000008yiOQ|pavel@topengineer.io|Pacific Standard Time|GMT-07:00
16:59:47.0 (468127)|EXECUTION_STARTED
16:59:47.0 (473368)|CODE_UNIT_STARTED|[EXTERNAL]|0661H000002ugfO|VF: /apex/CustomerEvangelist
16:59:47.0 (5644652)|SYSTEM_MODE_ENTER|true
16:59:47.0 (5997679)|HEAP_ALLOCATE|[72]|Bytes:3
16:59:47.0 (6039373)|HEAP_ALLOCATE|[77]|Bytes:152
16:59:47.0 (6057584)|HEAP_ALLOCATE|[342]|Bytes:408
16:59:47.0 (6074519)|HEAP_ALLOCATE|[355]|Bytes:408
16:59:47.0 (6090250)|HEAP_ALLOCATE|[467]|Bytes:48
16:59:47.0 (6124219)|HEAP_ALLOCATE|[139]|Bytes:6
16:59:47.0 (6144843)|HEAP_ALLOCATE|[EXTERNAL]|Bytes:176
16:59:47.0 (6150431)|HEAP_ALLOCATE|[EXTERNAL]|Bytes:19
16:59:47.0 (6159947)|METHOD_ENTRY|[1]|01p1H000006LIeu|CustomerEvangelist.CustomerEvangelist()
16:59:47.0 (6168009)|STATEMENT_EXECUTE|[1]
16:59:47.0 (6173867)|STATEMENT_EXECUTE|[1]
16:59:47.0 (6205793)|HEAP_ALLOCATE|[50]|Bytes:5
16:59:47.0 (6227769)|HEAP_ALLOCATE|[56]|Bytes:5
16:59:47.0 (6235314)|HEAP_ALLOCATE|[64]|Bytes:7
16:59:47.0 (6250701)|SYSTEM_MODE_ENTER|false
16:59:47.0 (6261908)|HEAP_ALLOCATE|[EXTERNAL]|Bytes:5
16:59:47.0 (6268909)|SYSTEM_MODE_EXIT|false
16:59:47.0 (6276604)|METHOD_EXIT|[1]|CustomerEvangelist
16:59:47.0 (6331696)|HEAP_ALLOCATE|[EXTERNAL]|Bytes:20
16:59:47.0 (6347439)|VARIABLE_SCOPE_BEGIN|[9]|this|CustomerEvangelist|true|false
16:59:47.0 (6409588)|VARIABLE_ASSIGNMENT|[9]|this|{}|0x19429d2c
16:59:47.0 (6423824)|SYSTEM_MODE_ENTER|false
16:59:47.0 (6430352)|HEAP_ALLOCATE|[10]|Bytes:5
16:59:47.0 (6434687)|STATEMENT_EXECUTE|[1]
16:59:47.0 (6440432)|HEAP_ALLOCATE|[10]|Bytes:5
16:59:47.0 (6444074)|STATEMENT_EXECUTE|[5]
16:59:47.0 (6445839)|STATEMENT_EXECUTE|[6]
16:59:47.0 (6447225)|STATEMENT_EXECUTE|[7]
16:59:47.0 (6448595)|STATEMENT_EXECUTE|[43]
16:59:47.0 (6456716)|HEAP_ALLOCATE|[10]|Bytes:6
16:59:47.0 (6491010)|STATEMENT_EXECUTE|[9]
16:59:47.0 (6493036)|STATEMENT_EXECUTE|[10]
16:59:47.0 (6508657)|HEAP_ALLOCATE|[10]|Bytes:4
16:59:47.0 (6669282)|VARIABLE_ASSIGNMENT|[EXTERNAL]|this|{}|0x19429d2c
16:59:47.0 (6686075)|VARIABLE_ASSIGNMENT|[EXTERNAL]|value|{}|0x47366fc7
16:59:47.0 (6700214)|VARIABLE_ASSIGNMENT|[5]|this.placeholderContact|{}|0x19429d2c
16:59:47.0 (6712506)|STATEMENT_EXECUTE|[11]
16:59:47.0 (6722522)|HEAP_ALLOCATE|[11]|Bytes:4
16:59:47.0 (6823127)|VARIABLE_ASSIGNMENT|[EXTERNAL]|this|{"placeholderContact":"0x47366fc7"}|0x19429d2c
16:59:47.0 (6835759)|HEAP_ALLOCATE|[EXTERNAL]|Bytes:4
16:59:47.0 (6847397)|VARIABLE_ASSIGNMENT|[EXTERNAL]|value|[]|0xfc56261
16:59:47.0 (6858507)|VARIABLE_ASSIGNMENT|[6]|this.accountContacts|[]|0x19429d2c
16:59:47.0 (6867589)|STATEMENT_EXECUTE|[12]
16:59:47.0 (6875334)|HEAP_ALLOCATE|[12]|Bytes:4
16:59:47.0 (6930271)|VARIABLE_ASSIGNMENT|[EXTERNAL]|this|{"accountContacts":"0xfc56261","placeholderContact":"0x47366fc7"}|0x19429d2c
16:59:47.0 (6939866)|HEAP_ALLOCATE|[EXTERNAL]|Bytes:4
16:59:47.0 (6945584)|VARIABLE_ASSIGNMENT|[EXTERNAL]|value|[]|0x2bbf3b3d
16:59:47.0 (6954668)|VARIABLE_ASSIGNMENT|[7]|this.accountAccount|[]|0x19429d2c
16:59:47.0 (6965542)|SYSTEM_MODE_EXIT|false
16:59:47.0 (7017544)|SYSTEM_MODE_ENTER|true
16:59:47.0 (35286328)|VF_SERIALIZE_VIEWSTATE_BEGIN|0661H000002ugfO
16:59:47.0 (37264373)|VF_SERIALIZE_VIEWSTATE_END
16:59:47.39 (39354822)|CUMULATIVE_LIMIT_USAGE
16:59:47.39 (39354822)|LIMIT_USAGE_FOR_NS|(default)|
  Number of SOQL queries: 0 out of 100
  Number of query rows: 0 out of 50000
  Number of SOSL queries: 0 out of 20
  Number of DML statements: 0 out of 150
  Number of DML rows: 0 out of 10000
  Maximum CPU time: 0 out of 10000
  Maximum heap size: 0 out of 6000000
  Number of callouts: 0 out of 100
  Number of Email Invocations: 0 out of 10
  Number of future calls: 0 out of 50
  Number of queueable jobs added to the queue: 0 out of 50
  Number of Mobile Apex push calls: 0 out of 10

16:59:47.39 (39354822)|CUMULATIVE_LIMIT_USAGE_END

16:59:47.0 (39392248)|CODE_UNIT_FINISHED|VF: /apex/CustomerEvangelist
16:59:47.0 (40087889)|EXECUTION_FINISHED
