43.0 APEX_CODE,FINEST;APEX_PROFILING,INFO;CALLOUT,INFO;DB,INFO;NBA,INFO;SYSTEM,DEBUG;VALIDATION,INFO;VISUALFORCE,INFO;WAVE,INFO;WORKFLOW,INFO
12:34:20.0 (362341)|USER_INFO|[EXTERNAL]|0051H000008yiOQ|pavel@topengineer.io|Pacific Standard Time|GMT-07:00
12:34:20.0 (411539)|EXECUTION_STARTED
12:34:20.0 (415872)|CODE_UNIT_STARTED|[EXTERNAL]|0661H000002NMb5|VF: /apex/newAccount
12:34:20.0 (435098)|CODE_UNIT_STARTED|[EXTERNAL]|VF Controller Save
12:34:20.0 (462583)|CODE_UNIT_FINISHED|VF Controller Save
12:34:20.0 (18639891)|VF_SERIALIZE_VIEWSTATE_BEGIN|0661H000002NMb5
12:34:20.0 (47096115)|VF_SERIALIZE_VIEWSTATE_END
12:34:20.50 (50001966)|CUMULATIVE_LIMIT_USAGE
12:34:20.50 (50001966)|LIMIT_USAGE_FOR_NS|(default)|
  Number of SOQL queries: 0 out of 100
  Number of query rows: 0 out of 50000
  Number of SOSL queries: 0 out of 20
  Number of DML statements: 0 out of 150
  Number of DML rows: 0 out of 10000
  Maximum CPU time: 0 out of 10000
  Maximum heap size: 0 out of 6000000
  Number of callouts: 0 out of 100
  Number of Email Invocations: 0 out of 10
  Number of future calls: 0 out of 50
  Number of queueable jobs added to the queue: 0 out of 50
  Number of Mobile Apex push calls: 0 out of 10

12:34:20.50 (50001966)|CUMULATIVE_LIMIT_USAGE_END

12:34:20.0 (50042511)|CODE_UNIT_FINISHED|VF: /apex/newAccount
12:34:20.0 (51311538)|EXECUTION_FINISHED
