34.0 APEX_CODE,DEBUG;APEX_PROFILING,INFO;CALLOUT,INFO;DB,INFO;NBA,INFO;SYSTEM,DEBUG;VALIDATION,INFO;VISUALFORCE,DEBUG;WAVE,INFO;WORKFLOW,INFO
15:00:26.0 (396427)|USER_INFO|[EXTERNAL]|0051H000008yiOQ|pavel@topengineer.io|Pacific Standard Time|GMT-07:00
15:00:26.0 (447670)|EXECUTION_STARTED
15:00:26.0 (453826)|CODE_UNIT_STARTED|[EXTERNAL]|TRIGGERS
15:00:26.0 (481552)|CODE_UNIT_STARTED|[EXTERNAL]|01q1H000000rdCW|Contact_Trigger on Contact trigger event BeforeInsert|__sfdc_trigger/Contact_Trigger
15:00:26.0 (5592424)|SYSTEM_MODE_ENTER|false
15:00:26.0 (5627104)|SYSTEM_MODE_EXIT|false
15:00:26.0 (5703678)|SYSTEM_MODE_ENTER|false
15:00:26.0 (6282598)|SYSTEM_MODE_EXIT|false
15:00:26.6 (6309361)|CUMULATIVE_LIMIT_USAGE
15:00:26.6 (6309361)|LIMIT_USAGE_FOR_NS|(default)|
  Number of SOQL queries: 0 out of 100
  Number of query rows: 0 out of 50000
  Number of SOSL queries: 0 out of 20
  Number of DML statements: 0 out of 150
  Number of DML rows: 0 out of 10000
  Maximum CPU time: 0 out of 10000
  Maximum heap size: 0 out of 6000000
  Number of callouts: 0 out of 100
  Number of Email Invocations: 0 out of 10
  Number of future calls: 0 out of 50
  Number of queueable jobs added to the queue: 0 out of 50
  Number of Mobile Apex push calls: 0 out of 10

15:00:26.6 (6309361)|CUMULATIVE_LIMIT_USAGE_END

15:00:26.0 (7947935)|CODE_UNIT_FINISHED|Contact_Trigger on Contact trigger event BeforeInsert|__sfdc_trigger/Contact_Trigger
15:00:26.0 (12465283)|CODE_UNIT_STARTED|[EXTERNAL]|DuplicateDetector
15:00:26.0 (12482707)|DUPLICATE_DETECTION_BEGIN
15:00:26.0 (13399514)|DUPLICATE_DETECTION_RULE_INVOCATION|DuplicateRuleId:0Bm1H000000SIWX|DuplicateRuleName:Standard Contact Duplicate Rule|DmlType:INSERT
15:00:26.0 (45172539)|DUPLICATE_DETECTION_MATCH_INVOCATION_DETAILS|EntityType:Contact|ActionTaken:Allow_[Alert,Report]|DuplicateRecordIds:
15:00:26.0 (45201069)|DUPLICATE_DETECTION_MATCH_INVOCATION_SUMMARY|EntityType:Contact|NumRecordsToBeSaved:1|NumRecordsToBeSavedWithDuplicates:0|NumDuplicateRecordsFound:0
15:00:26.0 (45213684)|DUPLICATE_DETECTION_MATCH_INVOCATION_DETAILS|EntityType:Contact|ActionTaken:Allow_[Alert,Report]|DuplicateRecordIds:
15:00:26.0 (45219912)|DUPLICATE_DETECTION_MATCH_INVOCATION_SUMMARY|EntityType:Contact|NumRecordsToBeSaved:1|NumRecordsToBeSavedWithDuplicates:0|NumDuplicateRecordsFound:0
15:00:26.0 (45390529)|DUPLICATE_DETECTION_END
15:00:26.0 (45397586)|CODE_UNIT_FINISHED|DuplicateDetector
15:00:26.0 (71504838)|CODE_UNIT_STARTED|[EXTERNAL]|01q1H000000rdCW|Contact_Trigger on Contact trigger event AfterInsert|__sfdc_trigger/Contact_Trigger
15:00:26.0 (72821516)|SYSTEM_MODE_ENTER|false
15:00:26.0 (73300680)|SOQL_EXECUTE_BEGIN|[46]|Aggregations:0|SELECT accountId, COUNT(id) ContactCount FROM Contact WHERE accountId = :tmpVar1 GROUP BY accountId
15:00:26.0 (80643870)|SOQL_EXECUTE_END|[46]|Rows:1
15:00:26.0 (81399198)|DML_BEGIN|[67]|Op:Update|Type:Account|Rows:1
15:00:26.0 (100793555)|CODE_UNIT_STARTED|[EXTERNAL]|DuplicateDetector
15:00:26.0 (100817711)|DUPLICATE_DETECTION_BEGIN
15:00:26.0 (100863397)|DUPLICATE_DETECTION_RULE_INVOCATION|DuplicateRuleId:0Bm1H000000SIWW|DuplicateRuleName:Standard Account Duplicate Rule|DmlType:UPDATE
15:00:26.0 (100921850)|DUPLICATE_DETECTION_END
15:00:26.0 (100926943)|CODE_UNIT_FINISHED|DuplicateDetector
15:00:26.0 (118880396)|DML_END|[67]
15:00:26.0 (118960552)|SYSTEM_MODE_EXIT|false
15:00:26.118 (118983920)|CUMULATIVE_LIMIT_USAGE
15:00:26.118 (118983920)|LIMIT_USAGE_FOR_NS|(default)|
  Number of SOQL queries: 1 out of 100
  Number of query rows: 1 out of 50000
  Number of SOSL queries: 0 out of 20
  Number of DML statements: 1 out of 150
  Number of DML rows: 1 out of 10000
  Maximum CPU time: 0 out of 10000
  Maximum heap size: 0 out of 6000000
  Number of callouts: 0 out of 100
  Number of Email Invocations: 0 out of 10
  Number of future calls: 0 out of 50
  Number of queueable jobs added to the queue: 0 out of 50
  Number of Mobile Apex push calls: 0 out of 10

15:00:26.118 (118983920)|CUMULATIVE_LIMIT_USAGE_END

15:00:26.0 (120179903)|CODE_UNIT_FINISHED|Contact_Trigger on Contact trigger event AfterInsert|__sfdc_trigger/Contact_Trigger
15:00:26.0 (137950932)|CODE_UNIT_STARTED|[EXTERNAL]|DuplicateDetector
15:00:26.0 (137973140)|DUPLICATE_DETECTION_BEGIN
15:00:26.0 (138021596)|DUPLICATE_DETECTION_RULE_INVOCATION|DuplicateRuleId:0Bm1H000000SIWW|DuplicateRuleName:Standard Account Duplicate Rule|DmlType:UPDATE
15:00:26.0 (149029454)|DUPLICATE_DETECTION_END
15:00:26.0 (149040088)|CODE_UNIT_FINISHED|DuplicateDetector
15:00:26.0 (149114974)|CODE_UNIT_STARTED|[EXTERNAL]|DuplicateDetector
15:00:26.0 (149123994)|DUPLICATE_DETECTION_BEGIN
15:00:26.0 (149177179)|DUPLICATE_DETECTION_RULE_INVOCATION|DuplicateRuleId:0Bm1H000000SIWX|DuplicateRuleName:Standard Contact Duplicate Rule|DmlType:INSERT
15:00:26.0 (159180442)|DUPLICATE_DETECTION_END
15:00:26.0 (159190973)|CODE_UNIT_FINISHED|DuplicateDetector
15:00:26.0 (163317819)|CODE_UNIT_FINISHED|TRIGGERS
15:00:26.0 (163330344)|EXECUTION_FINISHED
