34.0 APEX_CODE,FINEST;APEX_PROFILING,INFO;CALLOUT,INFO;DB,INFO;NBA,INFO;SYSTEM,DEBUG;VALIDATION,INFO;VISUALFORCE,INFO;WAVE,INFO;WORKFLOW,INFO
16:59:43.0 (465407)|USER_INFO|[EXTERNAL]|0051H000008yiOQ|pavel@topengineer.io|Pacific Standard Time|GMT-07:00
16:59:43.0 (507404)|EXECUTION_STARTED
16:59:43.0 (513614)|CODE_UNIT_STARTED|[EXTERNAL]|0661H000002ugfO|VF: /apex/CustomerEvangelist
16:59:43.0 (2117410)|SYSTEM_MODE_ENTER|true
16:59:43.0 (2512966)|HEAP_ALLOCATE|[72]|Bytes:3
16:59:43.0 (2567797)|HEAP_ALLOCATE|[77]|Bytes:152
16:59:43.0 (2585511)|HEAP_ALLOCATE|[342]|Bytes:408
16:59:43.0 (2599624)|HEAP_ALLOCATE|[355]|Bytes:408
16:59:43.0 (2611202)|HEAP_ALLOCATE|[467]|Bytes:48
16:59:43.0 (2638632)|HEAP_ALLOCATE|[139]|Bytes:6
16:59:43.0 (2655952)|HEAP_ALLOCATE|[EXTERNAL]|Bytes:176
16:59:43.0 (2663331)|HEAP_ALLOCATE|[EXTERNAL]|Bytes:19
16:59:43.0 (2698744)|METHOD_ENTRY|[1]|01p1H000006LIeu|CustomerEvangelist.CustomerEvangelist()
16:59:43.0 (2705738)|STATEMENT_EXECUTE|[1]
16:59:43.0 (2711689)|STATEMENT_EXECUTE|[1]
16:59:43.0 (2743214)|HEAP_ALLOCATE|[50]|Bytes:5
16:59:43.0 (2769667)|HEAP_ALLOCATE|[56]|Bytes:5
16:59:43.0 (2777531)|HEAP_ALLOCATE|[64]|Bytes:7
16:59:43.0 (2794902)|SYSTEM_MODE_ENTER|false
16:59:43.0 (2808843)|HEAP_ALLOCATE|[EXTERNAL]|Bytes:5
16:59:43.0 (2817373)|SYSTEM_MODE_EXIT|false
16:59:43.0 (2825718)|METHOD_EXIT|[1]|CustomerEvangelist
16:59:43.0 (2900066)|HEAP_ALLOCATE|[EXTERNAL]|Bytes:20
16:59:43.0 (2951875)|VARIABLE_SCOPE_BEGIN|[9]|this|CustomerEvangelist|true|false
16:59:43.0 (3020434)|VARIABLE_ASSIGNMENT|[9]|this|{}|0x7307d5e3
16:59:43.0 (3036852)|SYSTEM_MODE_ENTER|false
16:59:43.0 (3043164)|HEAP_ALLOCATE|[10]|Bytes:5
16:59:43.0 (3047986)|STATEMENT_EXECUTE|[1]
16:59:43.0 (3051131)|HEAP_ALLOCATE|[10]|Bytes:5
16:59:43.0 (3054174)|STATEMENT_EXECUTE|[5]
16:59:43.0 (3055676)|STATEMENT_EXECUTE|[6]
16:59:43.0 (3057039)|STATEMENT_EXECUTE|[7]
16:59:43.0 (3058446)|STATEMENT_EXECUTE|[43]
16:59:43.0 (3066922)|HEAP_ALLOCATE|[10]|Bytes:6
16:59:43.0 (3102974)|STATEMENT_EXECUTE|[9]
16:59:43.0 (3105097)|STATEMENT_EXECUTE|[10]
16:59:43.0 (3125374)|HEAP_ALLOCATE|[10]|Bytes:4
16:59:43.0 (3283276)|VARIABLE_ASSIGNMENT|[EXTERNAL]|this|{}|0x7307d5e3
16:59:43.0 (3300279)|VARIABLE_ASSIGNMENT|[EXTERNAL]|value|{}|0x36b0808e
16:59:43.0 (3313979)|VARIABLE_ASSIGNMENT|[5]|this.placeholderContact|{}|0x7307d5e3
16:59:43.0 (3324451)|STATEMENT_EXECUTE|[11]
16:59:43.0 (3336625)|HEAP_ALLOCATE|[11]|Bytes:4
16:59:43.0 (3430844)|VARIABLE_ASSIGNMENT|[EXTERNAL]|this|{"placeholderContact":"0x36b0808e"}|0x7307d5e3
16:59:43.0 (3444521)|HEAP_ALLOCATE|[EXTERNAL]|Bytes:4
16:59:43.0 (3455989)|VARIABLE_ASSIGNMENT|[EXTERNAL]|value|[]|0x36a846be
16:59:43.0 (3466904)|VARIABLE_ASSIGNMENT|[6]|this.accountContacts|[]|0x7307d5e3
16:59:43.0 (3476304)|STATEMENT_EXECUTE|[12]
16:59:43.0 (3484529)|HEAP_ALLOCATE|[12]|Bytes:4
16:59:43.0 (3545781)|VARIABLE_ASSIGNMENT|[EXTERNAL]|this|{"accountContacts":"0x36a846be","placeholderContact":"0x36b0808e"}|0x7307d5e3
16:59:43.0 (3555877)|HEAP_ALLOCATE|[EXTERNAL]|Bytes:4
16:59:43.0 (3561997)|VARIABLE_ASSIGNMENT|[EXTERNAL]|value|[]|0xd504032
16:59:43.0 (3572717)|VARIABLE_ASSIGNMENT|[7]|this.accountAccount|[]|0x7307d5e3
16:59:43.0 (3584784)|SYSTEM_MODE_EXIT|false
16:59:43.0 (3643588)|SYSTEM_MODE_ENTER|true
16:59:43.0 (32710220)|VF_SERIALIZE_VIEWSTATE_BEGIN|0661H000002ugfO
16:59:43.0 (34822197)|VF_SERIALIZE_VIEWSTATE_END
16:59:43.36 (36958871)|CUMULATIVE_LIMIT_USAGE
16:59:43.36 (36958871)|LIMIT_USAGE_FOR_NS|(default)|
  Number of SOQL queries: 0 out of 100
  Number of query rows: 0 out of 50000
  Number of SOSL queries: 0 out of 20
  Number of DML statements: 0 out of 150
  Number of DML rows: 0 out of 10000
  Maximum CPU time: 0 out of 10000
  Maximum heap size: 0 out of 6000000
  Number of callouts: 0 out of 100
  Number of Email Invocations: 0 out of 10
  Number of future calls: 0 out of 50
  Number of queueable jobs added to the queue: 0 out of 50
  Number of Mobile Apex push calls: 0 out of 10

16:59:43.36 (36958871)|CUMULATIVE_LIMIT_USAGE_END

16:59:43.0 (36996224)|CODE_UNIT_FINISHED|VF: /apex/CustomerEvangelist
16:59:43.0 (37725141)|EXECUTION_FINISHED
