34.0 APEX_CODE,FINEST;APEX_PROFILING,INFO;CALLOUT,INFO;DB,INFO;NBA,INFO;SYSTEM,DEBUG;VALIDATION,INFO;VISUALFORCE,INFO;WAVE,INFO;WORKFLOW,INFO
13:19:46.0 (385501)|USER_INFO|[EXTERNAL]|0051H000008yiOQ|pavel@topengineer.io|Pacific Standard Time|GMT-07:00
13:19:46.0 (427699)|EXECUTION_STARTED
13:19:46.0 (432199)|CODE_UNIT_STARTED|[EXTERNAL]|0661H000002Q8fN|VF: /apex/Potential_Manager
13:19:46.0 (7764567)|SYSTEM_MODE_ENTER|true
13:19:46.0 (8193227)|HEAP_ALLOCATE|[72]|Bytes:3
13:19:46.0 (8255594)|HEAP_ALLOCATE|[77]|Bytes:152
13:19:46.0 (8270116)|HEAP_ALLOCATE|[342]|Bytes:408
13:19:46.0 (8283807)|HEAP_ALLOCATE|[355]|Bytes:408
13:19:46.0 (8295309)|HEAP_ALLOCATE|[467]|Bytes:48
13:19:46.0 (8345322)|HEAP_ALLOCATE|[139]|Bytes:6
13:19:46.0 (8365456)|HEAP_ALLOCATE|[EXTERNAL]|Bytes:148
13:19:46.0 (8423194)|HEAP_ALLOCATE|[EXTERNAL]|Bytes:16
13:19:46.0 (8451980)|METHOD_ENTRY|[1]|01p1H000005w2NJ|potential_Manager.potential_Manager()
13:19:46.0 (8459316)|STATEMENT_EXECUTE|[1]
13:19:46.0 (8464427)|STATEMENT_EXECUTE|[1]
13:19:46.0 (8498424)|HEAP_ALLOCATE|[50]|Bytes:5
13:19:46.0 (8522221)|HEAP_ALLOCATE|[56]|Bytes:5
13:19:46.0 (8530279)|HEAP_ALLOCATE|[64]|Bytes:7
13:19:46.0 (8549972)|SYSTEM_MODE_ENTER|false
13:19:46.0 (8565529)|HEAP_ALLOCATE|[EXTERNAL]|Bytes:5
13:19:46.0 (8576293)|SYSTEM_MODE_EXIT|false
13:19:46.0 (8604492)|METHOD_EXIT|[1]|potential_Manager
13:19:46.0 (8740884)|HEAP_ALLOCATE|[EXTERNAL]|Bytes:16
13:19:46.0 (8756891)|VARIABLE_SCOPE_BEGIN|[8]|this|potential_Manager|true|false
13:19:46.0 (8832566)|VARIABLE_ASSIGNMENT|[8]|this|{}|0x16f6a92d
13:19:46.0 (8850781)|SYSTEM_MODE_ENTER|false
13:19:46.0 (8860136)|HEAP_ALLOCATE|[9]|Bytes:5
13:19:46.0 (8865430)|STATEMENT_EXECUTE|[1]
13:19:46.0 (8868586)|HEAP_ALLOCATE|[9]|Bytes:5
13:19:46.0 (8871656)|STATEMENT_EXECUTE|[4]
13:19:46.0 (8873151)|STATEMENT_EXECUTE|[5]
13:19:46.0 (8874528)|STATEMENT_EXECUTE|[6]
13:19:46.0 (8883851)|HEAP_ALLOCATE|[9]|Bytes:6
13:19:46.0 (8923711)|STATEMENT_EXECUTE|[8]
13:19:46.0 (8926503)|STATEMENT_EXECUTE|[9]
13:19:46.0 (8956132)|HEAP_ALLOCATE|[9]|Bytes:4
13:19:46.0 (9175859)|VARIABLE_ASSIGNMENT|[EXTERNAL]|this|{}|0x16f6a92d
13:19:46.0 (9199537)|VARIABLE_ASSIGNMENT|[EXTERNAL]|value|{}|0x5e4b9168
13:19:46.0 (9224465)|VARIABLE_ASSIGNMENT|[4]|this.placeholderPotential|{}|0x16f6a92d
13:19:46.0 (9266122)|STATEMENT_EXECUTE|[10]
13:19:46.0 (9282227)|HEAP_ALLOCATE|[10]|Bytes:4
13:19:46.0 (9448334)|VARIABLE_ASSIGNMENT|[EXTERNAL]|this|{"placeholderPotential":"0x5e4b9168"}|0x16f6a92d
13:19:46.0 (9464318)|HEAP_ALLOCATE|[EXTERNAL]|Bytes:4
13:19:46.0 (9476734)|VARIABLE_ASSIGNMENT|[EXTERNAL]|value|[]|0x7f21cd92
13:19:46.0 (9492790)|VARIABLE_ASSIGNMENT|[5]|this.accountPotentials|[]|0x16f6a92d
13:19:46.0 (9507801)|STATEMENT_EXECUTE|[11]
13:19:46.0 (9519515)|HEAP_ALLOCATE|[11]|Bytes:4
13:19:46.0 (9582921)|VARIABLE_ASSIGNMENT|[EXTERNAL]|this|{"accountPotentials":"0x7f21cd92","placeholderPotential":"0x5e4b9168"}|0x16f6a92d
13:19:46.0 (9597588)|HEAP_ALLOCATE|[EXTERNAL]|Bytes:4
13:19:46.0 (9611130)|VARIABLE_ASSIGNMENT|[EXTERNAL]|value|[]|0x1ed24f71
13:19:46.0 (9626907)|VARIABLE_ASSIGNMENT|[6]|this.accountPot|[]|0x16f6a92d
13:19:46.0 (9646409)|SYSTEM_MODE_EXIT|false
13:19:46.0 (11390133)|VF_SERIALIZE_VIEWSTATE_BEGIN|0661H000002Q8fN
13:19:46.0 (12968309)|VF_SERIALIZE_VIEWSTATE_END
13:19:46.15 (15191951)|CUMULATIVE_LIMIT_USAGE
13:19:46.15 (15191951)|LIMIT_USAGE_FOR_NS|(default)|
  Number of SOQL queries: 0 out of 100
  Number of query rows: 0 out of 50000
  Number of SOSL queries: 0 out of 20
  Number of DML statements: 0 out of 150
  Number of DML rows: 0 out of 10000
  Maximum CPU time: 0 out of 10000
  Maximum heap size: 0 out of 6000000
  Number of callouts: 0 out of 100
  Number of Email Invocations: 0 out of 10
  Number of future calls: 0 out of 50
  Number of queueable jobs added to the queue: 0 out of 50
  Number of Mobile Apex push calls: 0 out of 10

13:19:46.15 (15191951)|CUMULATIVE_LIMIT_USAGE_END

13:19:46.0 (15244749)|CODE_UNIT_FINISHED|VF: /apex/Potential_Manager
13:19:46.0 (16059790)|EXECUTION_FINISHED
