34.0 APEX_CODE,FINEST;APEX_PROFILING,INFO;CALLOUT,INFO;DB,INFO;NBA,INFO;SYSTEM,DEBUG;VALIDATION,INFO;VISUALFORCE,INFO;WAVE,INFO;WORKFLOW,INFO
16:40:56.0 (390176)|USER_INFO|[EXTERNAL]|0051H000008yiOQ|pavel@topengineer.io|Pacific Standard Time|GMT-07:00
16:40:56.0 (433711)|EXECUTION_STARTED
16:40:56.0 (438801)|CODE_UNIT_STARTED|[EXTERNAL]|0661H000002ugfO|VF: /apex/CustomerEvangelist
16:40:56.0 (2416945)|SYSTEM_MODE_ENTER|true
16:40:56.0 (2779017)|HEAP_ALLOCATE|[72]|Bytes:3
16:40:56.0 (2832823)|HEAP_ALLOCATE|[77]|Bytes:152
16:40:56.0 (2848828)|HEAP_ALLOCATE|[342]|Bytes:408
16:40:56.0 (2864484)|HEAP_ALLOCATE|[355]|Bytes:408
16:40:56.0 (2875681)|HEAP_ALLOCATE|[467]|Bytes:48
16:40:56.0 (2902372)|HEAP_ALLOCATE|[139]|Bytes:6
16:40:56.0 (2922435)|HEAP_ALLOCATE|[EXTERNAL]|Bytes:176
16:40:56.0 (2949462)|HEAP_ALLOCATE|[EXTERNAL]|Bytes:19
16:40:56.0 (2960722)|METHOD_ENTRY|[1]|01p1H000006LIeu|CustomerEvangelist.CustomerEvangelist()
16:40:56.0 (2966793)|STATEMENT_EXECUTE|[1]
16:40:56.0 (2971273)|STATEMENT_EXECUTE|[1]
16:40:56.0 (2998687)|HEAP_ALLOCATE|[50]|Bytes:5
16:40:56.0 (3017488)|HEAP_ALLOCATE|[56]|Bytes:5
16:40:56.0 (3026196)|HEAP_ALLOCATE|[64]|Bytes:7
16:40:56.0 (3040703)|SYSTEM_MODE_ENTER|false
16:40:56.0 (3050491)|HEAP_ALLOCATE|[EXTERNAL]|Bytes:5
16:40:56.0 (3056695)|SYSTEM_MODE_EXIT|false
16:40:56.0 (3063295)|METHOD_EXIT|[1]|CustomerEvangelist
16:40:56.0 (3128773)|HEAP_ALLOCATE|[EXTERNAL]|Bytes:20
16:40:56.0 (3138671)|VARIABLE_SCOPE_BEGIN|[9]|this|CustomerEvangelist|true|false
16:40:56.0 (3194441)|VARIABLE_ASSIGNMENT|[9]|this|{}|0x6b8dac8d
16:40:56.0 (3207261)|SYSTEM_MODE_ENTER|false
16:40:56.0 (3213554)|HEAP_ALLOCATE|[10]|Bytes:5
16:40:56.0 (3218182)|STATEMENT_EXECUTE|[1]
16:40:56.0 (3221134)|HEAP_ALLOCATE|[10]|Bytes:5
16:40:56.0 (3224264)|STATEMENT_EXECUTE|[5]
16:40:56.0 (3226062)|STATEMENT_EXECUTE|[6]
16:40:56.0 (3227462)|STATEMENT_EXECUTE|[7]
16:40:56.0 (3228933)|STATEMENT_EXECUTE|[43]
16:40:56.0 (3236618)|HEAP_ALLOCATE|[10]|Bytes:6
16:40:56.0 (3267735)|STATEMENT_EXECUTE|[9]
16:40:56.0 (3269743)|STATEMENT_EXECUTE|[10]
16:40:56.0 (3285597)|HEAP_ALLOCATE|[10]|Bytes:4
16:40:56.0 (3426360)|VARIABLE_ASSIGNMENT|[EXTERNAL]|this|{}|0x6b8dac8d
16:40:56.0 (3443374)|VARIABLE_ASSIGNMENT|[EXTERNAL]|value|{}|0x4a84547d
16:40:56.0 (3460075)|VARIABLE_ASSIGNMENT|[5]|this.placeholderContact|{}|0x6b8dac8d
16:40:56.0 (3471974)|STATEMENT_EXECUTE|[11]
16:40:56.0 (3482127)|HEAP_ALLOCATE|[11]|Bytes:4
16:40:56.0 (3556626)|VARIABLE_ASSIGNMENT|[EXTERNAL]|this|{"placeholderContact":"0x4a84547d"}|0x6b8dac8d
16:40:56.0 (3568122)|HEAP_ALLOCATE|[EXTERNAL]|Bytes:4
16:40:56.0 (3577584)|VARIABLE_ASSIGNMENT|[EXTERNAL]|value|[]|0x555189fe
16:40:56.0 (3588495)|VARIABLE_ASSIGNMENT|[6]|this.accountContacts|[]|0x6b8dac8d
16:40:56.0 (3596805)|STATEMENT_EXECUTE|[12]
16:40:56.0 (3604588)|HEAP_ALLOCATE|[12]|Bytes:4
16:40:56.0 (3656386)|VARIABLE_ASSIGNMENT|[EXTERNAL]|this|{"accountContacts":"0x555189fe","placeholderContact":"0x4a84547d"}|0x6b8dac8d
16:40:56.0 (3665490)|HEAP_ALLOCATE|[EXTERNAL]|Bytes:4
16:40:56.0 (3671258)|VARIABLE_ASSIGNMENT|[EXTERNAL]|value|[]|0x45e1e1af
16:40:56.0 (3680661)|VARIABLE_ASSIGNMENT|[7]|this.accountAccount|[]|0x6b8dac8d
16:40:56.0 (3690808)|SYSTEM_MODE_EXIT|false
16:40:56.0 (3733268)|SYSTEM_MODE_ENTER|true
16:40:56.0 (30381529)|VF_SERIALIZE_VIEWSTATE_BEGIN|0661H000002ugfO
16:40:56.0 (32356306)|VF_SERIALIZE_VIEWSTATE_END
16:40:56.34 (34463217)|CUMULATIVE_LIMIT_USAGE
16:40:56.34 (34463217)|LIMIT_USAGE_FOR_NS|(default)|
  Number of SOQL queries: 0 out of 100
  Number of query rows: 0 out of 50000
  Number of SOSL queries: 0 out of 20
  Number of DML statements: 0 out of 150
  Number of DML rows: 0 out of 10000
  Maximum CPU time: 0 out of 10000
  Maximum heap size: 0 out of 6000000
  Number of callouts: 0 out of 100
  Number of Email Invocations: 0 out of 10
  Number of future calls: 0 out of 50
  Number of queueable jobs added to the queue: 0 out of 50
  Number of Mobile Apex push calls: 0 out of 10

16:40:56.34 (34463217)|CUMULATIVE_LIMIT_USAGE_END

16:40:56.0 (34500660)|CODE_UNIT_FINISHED|VF: /apex/CustomerEvangelist
16:40:56.0 (35224885)|EXECUTION_FINISHED
