34.0 APEX_CODE,FINEST;APEX_PROFILING,INFO;CALLOUT,INFO;DB,INFO;NBA,INFO;SYSTEM,DEBUG;VALIDATION,INFO;VISUALFORCE,INFO;WAVE,INFO;WORKFLOW,INFO
14:29:15.0 (78482)|USER_INFO|[EXTERNAL]|0051H000008yiOQ|pavel@topengineer.io|Pacific Standard Time|GMT-07:00
14:29:15.0 (122097)|EXECUTION_STARTED
14:29:15.0 (127114)|CODE_UNIT_STARTED|[EXTERNAL]|0661H000002Q8fN|VFRemote: potential_Manager invoke(selectPot)
14:29:15.0 (144575)|SYSTEM_MODE_ENTER|true
14:29:15.0 (576423)|HEAP_ALLOCATE|[72]|Bytes:3
14:29:15.0 (628798)|HEAP_ALLOCATE|[77]|Bytes:152
14:29:15.0 (651419)|HEAP_ALLOCATE|[342]|Bytes:408
14:29:15.0 (673005)|HEAP_ALLOCATE|[355]|Bytes:408
14:29:15.0 (694076)|HEAP_ALLOCATE|[467]|Bytes:48
14:29:15.0 (730849)|HEAP_ALLOCATE|[139]|Bytes:6
14:29:15.0 (882487)|HEAP_ALLOCATE|[EXTERNAL]|Bytes:148
14:29:15.0 (893214)|HEAP_ALLOCATE|[EXTERNAL]|Bytes:16
14:29:15.0 (910348)|METHOD_ENTRY|[1]|01p1H000005w2NJ|potential_Manager.potential_Manager()
14:29:15.0 (919756)|STATEMENT_EXECUTE|[1]
14:29:15.0 (925875)|STATEMENT_EXECUTE|[1]
14:29:15.0 (964460)|HEAP_ALLOCATE|[50]|Bytes:5
14:29:15.0 (993242)|HEAP_ALLOCATE|[56]|Bytes:5
14:29:15.0 (1007240)|HEAP_ALLOCATE|[64]|Bytes:7
14:29:15.0 (1031904)|SYSTEM_MODE_ENTER|false
14:29:15.0 (1047469)|HEAP_ALLOCATE|[EXTERNAL]|Bytes:5
14:29:15.0 (1057640)|SYSTEM_MODE_EXIT|false
14:29:15.0 (1070739)|METHOD_EXIT|[1]|potential_Manager
14:29:15.0 (1085796)|VARIABLE_SCOPE_BEGIN|[23]|name|String|false|false
14:29:15.0 (1120323)|VARIABLE_ASSIGNMENT|[23]|name|""
14:29:15.0 (1136220)|SYSTEM_MODE_ENTER|false
14:29:15.0 (1144743)|HEAP_ALLOCATE|[24]|Bytes:5
14:29:15.0 (1151935)|STATEMENT_EXECUTE|[23]
14:29:15.0 (1154671)|STATEMENT_EXECUTE|[24]
14:29:15.0 (1159106)|HEAP_ALLOCATE|[24]|Bytes:1
14:29:15.0 (1180092)|HEAP_ALLOCATE|[24]|Bytes:1
14:29:15.0 (1197243)|VARIABLE_ASSIGNMENT|[24]|name|"%"
14:29:15.0 (1205350)|STATEMENT_EXECUTE|[25]
14:29:15.0 (1208867)|HEAP_ALLOCATE|[25]|Bytes:65
14:29:15.0 (1235337)|HEAP_ALLOCATE|[25]|Bytes:4
14:29:15.0 (1484270)|SOQL_EXECUTE_BEGIN|[25]|Aggregations:0|SELECT product__c, potential__c, probability__c FROM Potential__c
14:29:15.0 (3634003)|SOQL_EXECUTE_END|[25]|Rows:10
14:29:15.0 (3653987)|HEAP_ALLOCATE|[25]|Bytes:44
14:29:15.0 (3687632)|HEAP_ALLOCATE|[25]|Bytes:1568
14:29:15.0 (21995340)|HEAP_ALLOCATE|[25]|Bytes:44
14:29:15.0 (22014133)|SYSTEM_MODE_EXIT|false
14:29:15.0 (22120264)|CODE_UNIT_FINISHED|VFRemote: potential_Manager invoke(selectPot)
14:29:15.0 (23462069)|EXECUTION_FINISHED
ISHED
