34.0 APEX_CODE,FINEST;APEX_PROFILING,INFO;CALLOUT,INFO;DB,INFO;NBA,INFO;SYSTEM,DEBUG;VALIDATION,INFO;VISUALFORCE,INFO;WAVE,INFO;WORKFLOW,INFO
13:30:21.0 (387170)|USER_INFO|[EXTERNAL]|0051H000008yiOQ|pavel@topengineer.io|Pacific Standard Time|GMT-07:00
13:30:21.0 (435381)|EXECUTION_STARTED
13:30:21.0 (440684)|CODE_UNIT_STARTED|[EXTERNAL]|0661H000002Q8fN|VF: /apex/Potential_Manager
13:30:21.0 (6395006)|SYSTEM_MODE_ENTER|true
13:30:21.0 (7067441)|HEAP_ALLOCATE|[72]|Bytes:3
13:30:21.0 (7141712)|HEAP_ALLOCATE|[77]|Bytes:152
13:30:21.0 (7162569)|HEAP_ALLOCATE|[342]|Bytes:408
13:30:21.0 (7182288)|HEAP_ALLOCATE|[355]|Bytes:408
13:30:21.0 (7201895)|HEAP_ALLOCATE|[467]|Bytes:48
13:30:21.0 (7237398)|HEAP_ALLOCATE|[139]|Bytes:6
13:30:21.0 (7259136)|HEAP_ALLOCATE|[EXTERNAL]|Bytes:148
13:30:21.0 (7289114)|HEAP_ALLOCATE|[EXTERNAL]|Bytes:16
13:30:21.0 (7326179)|METHOD_ENTRY|[1]|01p1H000005w2NJ|potential_Manager.potential_Manager()
13:30:21.0 (7337691)|STATEMENT_EXECUTE|[1]
13:30:21.0 (7348760)|STATEMENT_EXECUTE|[1]
13:30:21.0 (7390654)|HEAP_ALLOCATE|[50]|Bytes:5
13:30:21.0 (7419687)|HEAP_ALLOCATE|[56]|Bytes:5
13:30:21.0 (7432073)|HEAP_ALLOCATE|[64]|Bytes:7
13:30:21.0 (7453675)|SYSTEM_MODE_ENTER|false
13:30:21.0 (7468361)|HEAP_ALLOCATE|[EXTERNAL]|Bytes:5
13:30:21.0 (7477539)|SYSTEM_MODE_EXIT|false
13:30:21.0 (7503769)|METHOD_EXIT|[1]|potential_Manager
13:30:21.0 (7612849)|HEAP_ALLOCATE|[EXTERNAL]|Bytes:16
13:30:21.0 (7624769)|VARIABLE_SCOPE_BEGIN|[8]|this|potential_Manager|true|false
13:30:21.0 (7682327)|VARIABLE_ASSIGNMENT|[8]|this|{}|0x4ca4dae8
13:30:21.0 (7697055)|SYSTEM_MODE_ENTER|false
13:30:21.0 (7709366)|HEAP_ALLOCATE|[9]|Bytes:5
13:30:21.0 (7714887)|STATEMENT_EXECUTE|[1]
13:30:21.0 (7718778)|HEAP_ALLOCATE|[9]|Bytes:5
13:30:21.0 (7722201)|STATEMENT_EXECUTE|[4]
13:30:21.0 (7723897)|STATEMENT_EXECUTE|[5]
13:30:21.0 (7725246)|STATEMENT_EXECUTE|[6]
13:30:21.0 (7733906)|HEAP_ALLOCATE|[9]|Bytes:6
13:30:21.0 (7798048)|STATEMENT_EXECUTE|[8]
13:30:21.0 (7801405)|STATEMENT_EXECUTE|[9]
13:30:21.0 (7823781)|HEAP_ALLOCATE|[9]|Bytes:4
13:30:21.0 (8046438)|VARIABLE_ASSIGNMENT|[EXTERNAL]|this|{}|0x4ca4dae8
13:30:21.0 (8069147)|VARIABLE_ASSIGNMENT|[EXTERNAL]|value|{}|0x4efde37c
13:30:21.0 (8095777)|VARIABLE_ASSIGNMENT|[4]|this.placeholderPotential|{}|0x4ca4dae8
13:30:21.0 (8138883)|STATEMENT_EXECUTE|[10]
13:30:21.0 (8152749)|HEAP_ALLOCATE|[10]|Bytes:4
13:30:21.0 (8332150)|VARIABLE_ASSIGNMENT|[EXTERNAL]|this|{"placeholderPotential":"0x4efde37c"}|0x4ca4dae8
13:30:21.0 (8350132)|HEAP_ALLOCATE|[EXTERNAL]|Bytes:4
13:30:21.0 (8362788)|VARIABLE_ASSIGNMENT|[EXTERNAL]|value|[]|0x54467df6
13:30:21.0 (8382380)|VARIABLE_ASSIGNMENT|[5]|this.accountPotentials|[]|0x4ca4dae8
13:30:21.0 (8396974)|STATEMENT_EXECUTE|[11]
13:30:21.0 (8408102)|HEAP_ALLOCATE|[11]|Bytes:4
13:30:21.0 (8470214)|VARIABLE_ASSIGNMENT|[EXTERNAL]|this|{"accountPotentials":"0x54467df6","placeholderPotential":"0x4efde37c"}|0x4ca4dae8
13:30:21.0 (8484831)|HEAP_ALLOCATE|[EXTERNAL]|Bytes:4
13:30:21.0 (8493498)|VARIABLE_ASSIGNMENT|[EXTERNAL]|value|[]|0x46c97064
13:30:21.0 (8509249)|VARIABLE_ASSIGNMENT|[6]|this.accountPot|[]|0x4ca4dae8
13:30:21.0 (8525944)|SYSTEM_MODE_EXIT|false
13:30:21.0 (10271869)|VF_SERIALIZE_VIEWSTATE_BEGIN|0661H000002Q8fN
13:30:21.0 (12371384)|VF_SERIALIZE_VIEWSTATE_END
13:30:21.15 (15164994)|CUMULATIVE_LIMIT_USAGE
13:30:21.15 (15164994)|LIMIT_USAGE_FOR_NS|(default)|
  Number of SOQL queries: 0 out of 100
  Number of query rows: 0 out of 50000
  Number of SOSL queries: 0 out of 20
  Number of DML statements: 0 out of 150
  Number of DML rows: 0 out of 10000
  Maximum CPU time: 0 out of 10000
  Maximum heap size: 0 out of 6000000
  Number of callouts: 0 out of 100
  Number of Email Invocations: 0 out of 10
  Number of future calls: 0 out of 50
  Number of queueable jobs added to the queue: 0 out of 50
  Number of Mobile Apex push calls: 0 out of 10

13:30:21.15 (15164994)|CUMULATIVE_LIMIT_USAGE_END

13:30:21.0 (15197767)|CODE_UNIT_FINISHED|VF: /apex/Potential_Manager
13:30:21.0 (16287276)|EXECUTION_FINISHED
