43.0 APEX_CODE,FINEST;APEX_PROFILING,INFO;CALLOUT,INFO;DB,INFO;NBA,INFO;SYSTEM,DEBUG;VALIDATION,INFO;VISUALFORCE,INFO;WAVE,INFO;WORKFLOW,INFO
12:37:50.0 (457615)|USER_INFO|[EXTERNAL]|0051H000008yiOQ|pavel@topengineer.io|Pacific Standard Time|GMT-07:00
12:37:50.0 (500935)|EXECUTION_STARTED
12:37:50.0 (504801)|CODE_UNIT_STARTED|[EXTERNAL]|0661H000002NMb5|VF: /apex/newAccount
12:37:50.0 (1222269)|VF_DESERIALIZE_VIEWSTATE_BEGIN|0661H000002NMb5
12:37:50.0 (5889240)|VF_DESERIALIZE_VIEWSTATE_END
12:37:50.12 (12578702)|HEAP_ALLOCATE|[EXTERNAL]|Bytes:-4
12:37:50.12 (12828904)|HEAP_ALLOCATE|[EXTERNAL]|Bytes:-4
12:37:50.13 (13071168)|HEAP_ALLOCATE|[EXTERNAL]|Bytes:-4
12:37:50.0 (13278946)|CODE_UNIT_STARTED|[EXTERNAL]|VF Controller Save
12:37:50.0 (13315594)|SYSTEM_MODE_ENTER|false
12:37:50.0 (27209610)|CODE_UNIT_STARTED|[EXTERNAL]|01q1H000000rd4q|AccounbeforeInsert on Account trigger event BeforeInsert|__sfdc_trigger/AccounbeforeInsert
12:37:50.0 (27262303)|HEAP_ALLOCATE|[EXTERNAL]|Bytes:8
12:37:50.0 (27721766)|HEAP_ALLOCATE|[72]|Bytes:3
12:37:50.0 (27769161)|HEAP_ALLOCATE|[77]|Bytes:152
12:37:50.0 (27787132)|HEAP_ALLOCATE|[342]|Bytes:408
12:37:50.0 (27804469)|HEAP_ALLOCATE|[355]|Bytes:408
12:37:50.0 (27816194)|HEAP_ALLOCATE|[467]|Bytes:48
12:37:50.0 (27841175)|HEAP_ALLOCATE|[139]|Bytes:6
12:37:50.0 (27863839)|HEAP_ALLOCATE|[EXTERNAL]|Bytes:4
12:37:50.0 (27883975)|VARIABLE_SCOPE_BEGIN|[5]|this|AccounbeforeInsert|true|false
12:37:50.0 (27944402)|VARIABLE_ASSIGNMENT|[5]|this|{}|0x29fb0e47
12:37:50.0 (28017721)|HEAP_ALLOCATE|[EXTERNAL]|Bytes:4
12:37:50.0 (28033343)|VARIABLE_SCOPE_BEGIN|[5]|this|AccounbeforeInsert|true|false
12:37:50.0 (28047491)|VARIABLE_ASSIGNMENT|[5]|this|{}|0x29fb0e47
12:37:50.0 (28055043)|STATEMENT_EXECUTE|[5]
12:37:50.0 (28087860)|HEAP_ALLOCATE|[50]|Bytes:5
12:37:50.0 (28106872)|HEAP_ALLOCATE|[56]|Bytes:5
12:37:50.0 (28115755)|HEAP_ALLOCATE|[64]|Bytes:7
12:37:50.0 (28499269)|HEAP_ALLOCATE|[6]|Bytes:5
12:37:50.0 (28540436)|HEAP_ALLOCATE|[6]|Bytes:4
12:37:50.0 (28550678)|VARIABLE_SCOPE_BEGIN|[6]|a|Account|true|false
12:37:50.0 (29153219)|VARIABLE_ASSIGNMENT|[6]|a|{"IsDeleted":false,"CleanStatus":"Pending","Description":"other test","OwnerId":"0051H000008yiOQQAY","Phone":"(951) 127-3090","Name":"test02"}|0x27ac5bfc
12:37:50.0 (29164313)|STATEMENT_EXECUTE|[6]
12:37:50.0 (29180215)|STATEMENT_EXECUTE|[10]
12:37:50.0 (29226787)|HEAP_ALLOCATE|[10]|Bytes:6
12:37:50.0 (29615853)|VARIABLE_ASSIGNMENT|[10]|this.Name|"Test02"|0x27ac5bfc
12:37:50.0 (29637653)|HEAP_ALLOCATE|[6]|Bytes:5
12:37:50.0 (29652740)|VARIABLE_ASSIGNMENT|[6]|a|null|
12:37:50.29 (29662402)|CUMULATIVE_LIMIT_USAGE
12:37:50.29 (29662402)|LIMIT_USAGE_FOR_NS|(default)|
  Number of SOQL queries: 0 out of 100
  Number of query rows: 0 out of 50000
  Number of SOSL queries: 0 out of 20
  Number of DML statements: 0 out of 150
  Number of DML rows: 0 out of 10000
  Maximum CPU time: 0 out of 10000
  Maximum heap size: 0 out of 6000000
  Number of callouts: 0 out of 100
  Number of Email Invocations: 0 out of 10
  Number of future calls: 0 out of 50
  Number of queueable jobs added to the queue: 0 out of 50
  Number of Mobile Apex push calls: 0 out of 10

12:37:50.29 (29662402)|CUMULATIVE_LIMIT_USAGE_END

12:37:50.0 (30522982)|CODE_UNIT_FINISHED|AccounbeforeInsert on Account trigger event BeforeInsert|__sfdc_trigger/AccounbeforeInsert
12:37:50.0 (33401925)|CODE_UNIT_STARTED|[EXTERNAL]|01q1H000000rd4W|myAccountTrigger on Account trigger event BeforeInsert|__sfdc_trigger/myAccountTrigger
12:37:50.0 (33440259)|HEAP_ALLOCATE|[EXTERNAL]|Bytes:8
12:37:50.0 (33510341)|HEAP_ALLOCATE|[EXTERNAL]|Bytes:4
12:37:50.0 (33520841)|VARIABLE_SCOPE_BEGIN|[1]|this|myAccountTrigger|true|false
12:37:50.0 (33563840)|VARIABLE_ASSIGNMENT|[1]|this|{}|0x47215341
12:37:50.0 (33621414)|HEAP_ALLOCATE|[EXTERNAL]|Bytes:4
12:37:50.0 (33628830)|VARIABLE_SCOPE_BEGIN|[1]|this|myAccountTrigger|true|false
12:37:50.0 (33641587)|VARIABLE_ASSIGNMENT|[1]|this|{}|0x47215341
12:37:50.0 (33649583)|STATEMENT_EXECUTE|[1]
12:37:50.0 (33671240)|STATEMENT_EXECUTE|[2]
12:37:50.0 (33677523)|STATEMENT_EXECUTE|[5]
12:37:50.33 (33681123)|CUMULATIVE_LIMIT_USAGE
12:37:50.33 (33681123)|LIMIT_USAGE_FOR_NS|(default)|
  Number of SOQL queries: 0 out of 100
  Number of query rows: 0 out of 50000
  Number of SOSL queries: 0 out of 20
  Number of DML statements: 0 out of 150
  Number of DML rows: 0 out of 10000
  Maximum CPU time: 0 out of 10000
  Maximum heap size: 0 out of 6000000
  Number of callouts: 0 out of 100
  Number of Email Invocations: 0 out of 10
  Number of future calls: 0 out of 50
  Number of queueable jobs added to the queue: 0 out of 50
  Number of Mobile Apex push calls: 0 out of 10

12:37:50.33 (33681123)|CUMULATIVE_LIMIT_USAGE_END

12:37:50.0 (34405553)|CODE_UNIT_FINISHED|myAccountTrigger on Account trigger event BeforeInsert|__sfdc_trigger/myAccountTrigger
12:37:50.0 (37557060)|CODE_UNIT_STARTED|[EXTERNAL]|DuplicateDetector
12:37:50.0 (37596367)|DUPLICATE_DETECTION_BEGIN
12:37:50.0 (38151930)|DUPLICATE_DETECTION_RULE_INVOCATION|DuplicateRuleId:0Bm1H000000SIWW|DuplicateRuleName:Standard Account Duplicate Rule|DmlType:INSERT
12:37:50.0 (69308608)|DUPLICATE_DETECTION_MATCH_INVOCATION_DETAILS|EntityType:Account|ActionTaken:Allow_[Alert,Report]|DuplicateRecordIds:
12:37:50.0 (69355678)|DUPLICATE_DETECTION_MATCH_INVOCATION_SUMMARY|EntityType:Account|NumRecordsToBeSaved:1|NumRecordsToBeSavedWithDuplicates:0|NumDuplicateRecordsFound:0
12:37:50.0 (69629541)|DUPLICATE_DETECTION_END
12:37:50.0 (69637429)|CODE_UNIT_FINISHED|DuplicateDetector
12:37:50.0 (115444581)|CODE_UNIT_STARTED|[EXTERNAL]|01q1H000000rd4W|myAccountTrigger on Account trigger event AfterInsert|__sfdc_trigger/myAccountTrigger
12:37:50.0 (115509049)|HEAP_ALLOCATE|[EXTERNAL]|Bytes:8
12:37:50.0 (115606039)|HEAP_ALLOCATE|[EXTERNAL]|Bytes:4
12:37:50.0 (115622344)|VARIABLE_SCOPE_BEGIN|[1]|this|myAccountTrigger|true|false
12:37:50.0 (115665541)|VARIABLE_ASSIGNMENT|[1]|this|{}|0xa6a1d3f
12:37:50.0 (115725852)|HEAP_ALLOCATE|[EXTERNAL]|Bytes:4
12:37:50.0 (115736007)|VARIABLE_SCOPE_BEGIN|[1]|this|myAccountTrigger|true|false
12:37:50.0 (115752601)|VARIABLE_ASSIGNMENT|[1]|this|{}|0xa6a1d3f
12:37:50.0 (115764169)|STATEMENT_EXECUTE|[1]
12:37:50.0 (115782571)|STATEMENT_EXECUTE|[2]
12:37:50.0 (115793937)|STATEMENT_EXECUTE|[5]
12:37:50.115 (115798781)|CUMULATIVE_LIMIT_USAGE
12:37:50.115 (115798781)|LIMIT_USAGE_FOR_NS|(default)|
  Number of SOQL queries: 0 out of 100
  Number of query rows: 0 out of 50000
  Number of SOSL queries: 0 out of 20
  Number of DML statements: 0 out of 150
  Number of DML rows: 0 out of 10000
  Maximum CPU time: 0 out of 10000
  Maximum heap size: 0 out of 6000000
  Number of callouts: 0 out of 100
  Number of Email Invocations: 0 out of 10
  Number of future calls: 0 out of 50
  Number of queueable jobs added to the queue: 0 out of 50
  Number of Mobile Apex push calls: 0 out of 10

12:37:50.115 (115798781)|CUMULATIVE_LIMIT_USAGE_END

12:37:50.0 (116558725)|CODE_UNIT_FINISHED|myAccountTrigger on Account trigger event AfterInsert|__sfdc_trigger/myAccountTrigger
12:37:50.0 (169635122)|CODE_UNIT_STARTED|[EXTERNAL]|DuplicateDetector
12:37:50.0 (169666012)|DUPLICATE_DETECTION_BEGIN
12:37:50.0 (169762571)|DUPLICATE_DETECTION_RULE_INVOCATION|DuplicateRuleId:0Bm1H000000SIWW|DuplicateRuleName:Standard Account Duplicate Rule|DmlType:INSERT
12:37:50.0 (179796451)|DUPLICATE_DETECTION_END
12:37:50.0 (179810609)|CODE_UNIT_FINISHED|DuplicateDetector
12:37:50.0 (181520110)|CODE_UNIT_FINISHED|VF Controller Save
12:37:50.183 (183834108)|CUMULATIVE_LIMIT_USAGE
12:37:50.183 (183834108)|LIMIT_USAGE_FOR_NS|(default)|
  Number of SOQL queries: 0 out of 100
  Number of query rows: 0 out of 50000
  Number of SOSL queries: 0 out of 20
  Number of DML statements: 0 out of 150
  Number of DML rows: 0 out of 10000
  Maximum CPU time: 0 out of 10000
  Maximum heap size: 0 out of 6000000
  Number of callouts: 0 out of 100
  Number of Email Invocations: 0 out of 10
  Number of future calls: 0 out of 50
  Number of queueable jobs added to the queue: 0 out of 50
  Number of Mobile Apex push calls: 0 out of 10

12:37:50.183 (183834108)|CUMULATIVE_LIMIT_USAGE_END

12:37:50.0 (183881745)|CODE_UNIT_FINISHED|VF: /apex/newAccount
12:37:50.0 (184652965)|EXECUTION_FINISHED
