34.0 APEX_CODE,FINEST;APEX_PROFILING,INFO;CALLOUT,INFO;DB,INFO;NBA,INFO;SYSTEM,DEBUG;VALIDATION,INFO;VISUALFORCE,INFO;WAVE,INFO;WORKFLOW,INFO
16:41:23.0 (331226)|USER_INFO|[EXTERNAL]|0051H000008yiOQ|pavel@topengineer.io|Pacific Standard Time|GMT-07:00
16:41:23.0 (519045)|EXECUTION_STARTED
16:41:23.0 (525545)|CODE_UNIT_STARTED|[EXTERNAL]|0661H000002ugfO|VF: /apex/CustomerEvangelist
16:41:23.0 (2671937)|SYSTEM_MODE_ENTER|true
16:41:23.0 (3252037)|HEAP_ALLOCATE|[72]|Bytes:3
16:41:23.0 (3321102)|HEAP_ALLOCATE|[77]|Bytes:152
16:41:23.0 (3341634)|HEAP_ALLOCATE|[342]|Bytes:408
16:41:23.0 (3359512)|HEAP_ALLOCATE|[355]|Bytes:408
16:41:23.0 (3370380)|HEAP_ALLOCATE|[467]|Bytes:48
16:41:23.0 (3404263)|HEAP_ALLOCATE|[139]|Bytes:6
16:41:23.0 (3421499)|HEAP_ALLOCATE|[EXTERNAL]|Bytes:176
16:41:23.0 (3441021)|HEAP_ALLOCATE|[EXTERNAL]|Bytes:19
16:41:23.0 (3467592)|METHOD_ENTRY|[1]|01p1H000006LIeu|CustomerEvangelist.CustomerEvangelist()
16:41:23.0 (3475605)|STATEMENT_EXECUTE|[1]
16:41:23.0 (3482159)|STATEMENT_EXECUTE|[1]
16:41:23.0 (3522915)|HEAP_ALLOCATE|[50]|Bytes:5
16:41:23.0 (3549268)|HEAP_ALLOCATE|[56]|Bytes:5
16:41:23.0 (3557649)|HEAP_ALLOCATE|[64]|Bytes:7
16:41:23.0 (3582240)|SYSTEM_MODE_ENTER|false
16:41:23.0 (3599884)|HEAP_ALLOCATE|[EXTERNAL]|Bytes:5
16:41:23.0 (3609156)|SYSTEM_MODE_EXIT|false
16:41:23.0 (3627660)|METHOD_EXIT|[1]|CustomerEvangelist
16:41:23.0 (3711466)|HEAP_ALLOCATE|[EXTERNAL]|Bytes:20
16:41:23.0 (3722241)|VARIABLE_SCOPE_BEGIN|[9]|this|CustomerEvangelist|true|false
16:41:23.0 (3786860)|VARIABLE_ASSIGNMENT|[9]|this|{}|0x1a899755
16:41:23.0 (3802448)|SYSTEM_MODE_ENTER|false
16:41:23.0 (3808634)|HEAP_ALLOCATE|[10]|Bytes:5
16:41:23.0 (3813594)|STATEMENT_EXECUTE|[1]
16:41:23.0 (3817061)|HEAP_ALLOCATE|[10]|Bytes:5
16:41:23.0 (3820620)|STATEMENT_EXECUTE|[5]
16:41:23.0 (3822682)|STATEMENT_EXECUTE|[6]
16:41:23.0 (3824801)|STATEMENT_EXECUTE|[7]
16:41:23.0 (3826312)|STATEMENT_EXECUTE|[43]
16:41:23.0 (3835102)|HEAP_ALLOCATE|[10]|Bytes:6
16:41:23.0 (3868224)|STATEMENT_EXECUTE|[9]
16:41:23.0 (3870294)|STATEMENT_EXECUTE|[10]
16:41:23.0 (3889794)|HEAP_ALLOCATE|[10]|Bytes:4
16:41:23.0 (4066446)|VARIABLE_ASSIGNMENT|[EXTERNAL]|this|{}|0x1a899755
16:41:23.0 (4083661)|VARIABLE_ASSIGNMENT|[EXTERNAL]|value|{}|0x3e8575cb
16:41:23.0 (4098783)|VARIABLE_ASSIGNMENT|[5]|this.placeholderContact|{}|0x1a899755
16:41:23.0 (4128070)|STATEMENT_EXECUTE|[11]
16:41:23.0 (4142881)|HEAP_ALLOCATE|[11]|Bytes:4
16:41:23.0 (4280808)|VARIABLE_ASSIGNMENT|[EXTERNAL]|this|{"placeholderContact":"0x3e8575cb"}|0x1a899755
16:41:23.0 (4293057)|HEAP_ALLOCATE|[EXTERNAL]|Bytes:4
16:41:23.0 (4305707)|VARIABLE_ASSIGNMENT|[EXTERNAL]|value|[]|0x679e1f50
16:41:23.0 (4317730)|VARIABLE_ASSIGNMENT|[6]|this.accountContacts|[]|0x1a899755
16:41:23.0 (4326899)|STATEMENT_EXECUTE|[12]
16:41:23.0 (4335262)|HEAP_ALLOCATE|[12]|Bytes:4
16:41:23.0 (4391987)|VARIABLE_ASSIGNMENT|[EXTERNAL]|this|{"accountContacts":"0x679e1f50","placeholderContact":"0x3e8575cb"}|0x1a899755
16:41:23.0 (4402368)|HEAP_ALLOCATE|[EXTERNAL]|Bytes:4
16:41:23.0 (4408867)|VARIABLE_ASSIGNMENT|[EXTERNAL]|value|[]|0x5af8d7b2
16:41:23.0 (4419284)|VARIABLE_ASSIGNMENT|[7]|this.accountAccount|[]|0x1a899755
16:41:23.0 (4430578)|SYSTEM_MODE_EXIT|false
16:41:23.0 (4500096)|SYSTEM_MODE_ENTER|true
16:41:23.0 (31972325)|VF_SERIALIZE_VIEWSTATE_BEGIN|0661H000002ugfO
16:41:23.0 (33848456)|VF_SERIALIZE_VIEWSTATE_END
16:41:23.35 (35741606)|CUMULATIVE_LIMIT_USAGE
16:41:23.35 (35741606)|LIMIT_USAGE_FOR_NS|(default)|
  Number of SOQL queries: 0 out of 100
  Number of query rows: 0 out of 50000
  Number of SOSL queries: 0 out of 20
  Number of DML statements: 0 out of 150
  Number of DML rows: 0 out of 10000
  Maximum CPU time: 0 out of 10000
  Maximum heap size: 0 out of 6000000
  Number of callouts: 0 out of 100
  Number of Email Invocations: 0 out of 10
  Number of future calls: 0 out of 50
  Number of queueable jobs added to the queue: 0 out of 50
  Number of Mobile Apex push calls: 0 out of 10

16:41:23.35 (35741606)|CUMULATIVE_LIMIT_USAGE_END

16:41:23.0 (35774371)|CODE_UNIT_FINISHED|VF: /apex/CustomerEvangelist
16:41:23.0 (36477578)|EXECUTION_FINISHED
