34.0 APEX_CODE,FINEST;APEX_PROFILING,INFO;CALLOUT,INFO;DB,INFO;NBA,INFO;SYSTEM,DEBUG;VALIDATION,INFO;VISUALFORCE,INFO;WAVE,INFO;WORKFLOW,INFO
12:52:14.0 (429328)|USER_INFO|[EXTERNAL]|0051H000008yiOQ|pavel@topengineer.io|Pacific Standard Time|GMT-07:00
12:52:14.0 (621768)|EXECUTION_STARTED
12:52:14.0 (627555)|CODE_UNIT_STARTED|[EXTERNAL]|0661H000002Q8fN|VF: /apex/Potential_Manager
12:52:14.0 (7142255)|SYSTEM_MODE_ENTER|true
12:52:14.0 (7754821)|HEAP_ALLOCATE|[72]|Bytes:3
12:52:14.0 (7816014)|HEAP_ALLOCATE|[77]|Bytes:152
12:52:14.0 (7836083)|HEAP_ALLOCATE|[342]|Bytes:408
12:52:14.0 (7856582)|HEAP_ALLOCATE|[355]|Bytes:408
12:52:14.0 (7869811)|HEAP_ALLOCATE|[467]|Bytes:48
12:52:14.0 (7901494)|HEAP_ALLOCATE|[139]|Bytes:6
12:52:14.0 (7920936)|HEAP_ALLOCATE|[EXTERNAL]|Bytes:148
12:52:14.0 (7941685)|HEAP_ALLOCATE|[EXTERNAL]|Bytes:16
12:52:14.0 (7968512)|METHOD_ENTRY|[1]|01p1H000005w2NJ|potential_Manager.potential_Manager()
12:52:14.0 (7978620)|STATEMENT_EXECUTE|[1]
12:52:14.0 (7986463)|STATEMENT_EXECUTE|[1]
12:52:14.0 (8037239)|HEAP_ALLOCATE|[50]|Bytes:5
12:52:14.0 (8064820)|HEAP_ALLOCATE|[56]|Bytes:5
12:52:14.0 (8076016)|HEAP_ALLOCATE|[64]|Bytes:7
12:52:14.0 (8097069)|SYSTEM_MODE_ENTER|false
12:52:14.0 (8113750)|HEAP_ALLOCATE|[EXTERNAL]|Bytes:5
12:52:14.0 (8123930)|SYSTEM_MODE_EXIT|false
12:52:14.0 (8145108)|METHOD_EXIT|[1]|potential_Manager
12:52:14.0 (8275572)|HEAP_ALLOCATE|[EXTERNAL]|Bytes:16
12:52:14.0 (8287203)|VARIABLE_SCOPE_BEGIN|[8]|this|potential_Manager|true|false
12:52:14.0 (8352159)|VARIABLE_ASSIGNMENT|[8]|this|{}|0x64425a18
12:52:14.0 (8374965)|SYSTEM_MODE_ENTER|false
12:52:14.0 (8383336)|HEAP_ALLOCATE|[9]|Bytes:5
12:52:14.0 (8389471)|STATEMENT_EXECUTE|[1]
12:52:14.0 (8394431)|HEAP_ALLOCATE|[9]|Bytes:5
12:52:14.0 (8400098)|STATEMENT_EXECUTE|[4]
12:52:14.0 (8402332)|STATEMENT_EXECUTE|[5]
12:52:14.0 (8403711)|STATEMENT_EXECUTE|[6]
12:52:14.0 (8414833)|HEAP_ALLOCATE|[9]|Bytes:6
12:52:14.0 (8449238)|STATEMENT_EXECUTE|[8]
12:52:14.0 (8453987)|STATEMENT_EXECUTE|[9]
12:52:14.0 (8480902)|HEAP_ALLOCATE|[9]|Bytes:4
12:52:14.0 (8677899)|VARIABLE_ASSIGNMENT|[EXTERNAL]|this|{}|0x64425a18
12:52:14.0 (8700803)|VARIABLE_ASSIGNMENT|[EXTERNAL]|value|{}|0x18e6dee1
12:52:14.0 (8722105)|VARIABLE_ASSIGNMENT|[4]|this.placeholderPotential|{}|0x64425a18
12:52:14.0 (8759731)|STATEMENT_EXECUTE|[10]
12:52:14.0 (8779054)|HEAP_ALLOCATE|[10]|Bytes:4
12:52:14.0 (8925443)|VARIABLE_ASSIGNMENT|[EXTERNAL]|this|{"placeholderPotential":"0x18e6dee1"}|0x64425a18
12:52:14.0 (8944903)|HEAP_ALLOCATE|[EXTERNAL]|Bytes:4
12:52:14.0 (8956718)|VARIABLE_ASSIGNMENT|[EXTERNAL]|value|[]|0x39bed4f8
12:52:14.0 (8977099)|VARIABLE_ASSIGNMENT|[5]|this.accountPotentials|[]|0x64425a18
12:52:14.0 (8991910)|STATEMENT_EXECUTE|[11]
12:52:14.0 (9002964)|HEAP_ALLOCATE|[11]|Bytes:4
12:52:14.0 (9054037)|VARIABLE_ASSIGNMENT|[EXTERNAL]|this|{"accountPotentials":"0x39bed4f8","placeholderPotential":"0x18e6dee1"}|0x64425a18
12:52:14.0 (9068498)|HEAP_ALLOCATE|[EXTERNAL]|Bytes:4
12:52:14.0 (9076447)|VARIABLE_ASSIGNMENT|[EXTERNAL]|value|[]|0x1186c4c2
12:52:14.0 (9090962)|VARIABLE_ASSIGNMENT|[6]|this.accountPot|[]|0x64425a18
12:52:14.0 (9108159)|SYSTEM_MODE_EXIT|false
12:52:14.0 (10377719)|VF_SERIALIZE_VIEWSTATE_BEGIN|0661H000002Q8fN
12:52:14.0 (12204040)|VF_SERIALIZE_VIEWSTATE_END
12:52:14.14 (14462974)|CUMULATIVE_LIMIT_USAGE
12:52:14.14 (14462974)|LIMIT_USAGE_FOR_NS|(default)|
  Number of SOQL queries: 0 out of 100
  Number of query rows: 0 out of 50000
  Number of SOSL queries: 0 out of 20
  Number of DML statements: 0 out of 150
  Number of DML rows: 0 out of 10000
  Maximum CPU time: 0 out of 10000
  Maximum heap size: 0 out of 6000000
  Number of callouts: 0 out of 100
  Number of Email Invocations: 0 out of 10
  Number of future calls: 0 out of 50
  Number of queueable jobs added to the queue: 0 out of 50
  Number of Mobile Apex push calls: 0 out of 10

12:52:14.14 (14462974)|CUMULATIVE_LIMIT_USAGE_END

12:52:14.0 (14506172)|CODE_UNIT_FINISHED|VF: /apex/Potential_Manager
12:52:14.0 (15243285)|EXECUTION_FINISHED
