34.0 APEX_CODE,FINEST;APEX_PROFILING,INFO;CALLOUT,INFO;DB,INFO;NBA,INFO;SYSTEM,DEBUG;VALIDATION,INFO;VISUALFORCE,INFO;WAVE,INFO;WORKFLOW,INFO
14:35:32.0 (444649)|USER_INFO|[EXTERNAL]|0051H000008yiOQ|pavel@topengineer.io|Pacific Standard Time|GMT-07:00
14:35:32.0 (494633)|EXECUTION_STARTED
14:35:32.0 (500932)|CODE_UNIT_STARTED|[EXTERNAL]|0661H000002Q8fN|VF: /apex/Potential_Manager
14:35:32.0 (3681360)|SYSTEM_MODE_ENTER|true
14:35:32.0 (4097734)|HEAP_ALLOCATE|[72]|Bytes:3
14:35:32.0 (4133658)|HEAP_ALLOCATE|[77]|Bytes:152
14:35:32.0 (4148190)|HEAP_ALLOCATE|[342]|Bytes:408
14:35:32.0 (4161418)|HEAP_ALLOCATE|[355]|Bytes:408
14:35:32.0 (4172629)|HEAP_ALLOCATE|[467]|Bytes:48
14:35:32.0 (4199435)|HEAP_ALLOCATE|[139]|Bytes:6
14:35:32.0 (4214434)|HEAP_ALLOCATE|[EXTERNAL]|Bytes:148
14:35:32.0 (4220632)|HEAP_ALLOCATE|[EXTERNAL]|Bytes:16
14:35:32.0 (4230790)|METHOD_ENTRY|[1]|01p1H000005w2NJ|potential_Manager.potential_Manager()
14:35:32.0 (4237808)|STATEMENT_EXECUTE|[1]
14:35:32.0 (4242899)|STATEMENT_EXECUTE|[1]
14:35:32.0 (4273289)|HEAP_ALLOCATE|[50]|Bytes:5
14:35:32.0 (4290853)|HEAP_ALLOCATE|[56]|Bytes:5
14:35:32.0 (4298733)|HEAP_ALLOCATE|[64]|Bytes:7
14:35:32.0 (4313529)|SYSTEM_MODE_ENTER|false
14:35:32.0 (4323612)|HEAP_ALLOCATE|[EXTERNAL]|Bytes:5
14:35:32.0 (4331007)|SYSTEM_MODE_EXIT|false
14:35:32.0 (4339004)|METHOD_EXIT|[1]|potential_Manager
14:35:32.0 (4431053)|HEAP_ALLOCATE|[EXTERNAL]|Bytes:16
14:35:32.0 (4441054)|VARIABLE_SCOPE_BEGIN|[8]|this|potential_Manager|true|false
14:35:32.0 (4525442)|VARIABLE_ASSIGNMENT|[8]|this|{}|0x4aecb8ac
14:35:32.0 (4540843)|SYSTEM_MODE_ENTER|false
14:35:32.0 (4547583)|HEAP_ALLOCATE|[9]|Bytes:5
14:35:32.0 (4552522)|STATEMENT_EXECUTE|[1]
14:35:32.0 (4555477)|HEAP_ALLOCATE|[9]|Bytes:5
14:35:32.0 (4558761)|STATEMENT_EXECUTE|[4]
14:35:32.0 (4560750)|STATEMENT_EXECUTE|[5]
14:35:32.0 (4562229)|STATEMENT_EXECUTE|[6]
14:35:32.0 (4570247)|HEAP_ALLOCATE|[9]|Bytes:6
14:35:32.0 (4604917)|STATEMENT_EXECUTE|[8]
14:35:32.0 (4607027)|STATEMENT_EXECUTE|[9]
14:35:32.0 (4628999)|HEAP_ALLOCATE|[9]|Bytes:4
14:35:32.0 (4774257)|VARIABLE_ASSIGNMENT|[EXTERNAL]|this|{}|0x4aecb8ac
14:35:32.0 (4798553)|VARIABLE_ASSIGNMENT|[EXTERNAL]|value|{}|0xaa9fa44
14:35:32.0 (4821629)|VARIABLE_ASSIGNMENT|[4]|this.placeholderPotential|{}|0x4aecb8ac
14:35:32.0 (4835151)|STATEMENT_EXECUTE|[10]
14:35:32.0 (4845280)|HEAP_ALLOCATE|[10]|Bytes:4
14:35:32.0 (4947693)|VARIABLE_ASSIGNMENT|[EXTERNAL]|this|{"placeholderPotential":"0xaa9fa44"}|0x4aecb8ac
14:35:32.0 (4965431)|HEAP_ALLOCATE|[EXTERNAL]|Bytes:4
14:35:32.0 (4974921)|VARIABLE_ASSIGNMENT|[EXTERNAL]|value|[]|0x67a3fe84
14:35:32.0 (4988418)|VARIABLE_ASSIGNMENT|[5]|this.accountPotentials|[]|0x4aecb8ac
14:35:32.0 (4998368)|STATEMENT_EXECUTE|[11]
14:35:32.0 (5006390)|HEAP_ALLOCATE|[11]|Bytes:4
14:35:32.0 (5056890)|VARIABLE_ASSIGNMENT|[EXTERNAL]|this|{"accountPotentials":"0x67a3fe84","placeholderPotential":"0xaa9fa44"}|0x4aecb8ac
14:35:32.0 (5066636)|HEAP_ALLOCATE|[EXTERNAL]|Bytes:4
14:35:32.0 (5072774)|VARIABLE_ASSIGNMENT|[EXTERNAL]|value|[]|0x4fcea1f2
14:35:32.0 (5082896)|VARIABLE_ASSIGNMENT|[6]|this.accountPot|[]|0x4aecb8ac
14:35:32.0 (5094755)|SYSTEM_MODE_EXIT|false
14:35:32.0 (6203894)|VF_SERIALIZE_VIEWSTATE_BEGIN|0661H000002Q8fN
14:35:32.0 (7975791)|VF_SERIALIZE_VIEWSTATE_END
14:35:32.10 (10080563)|CUMULATIVE_LIMIT_USAGE
14:35:32.10 (10080563)|LIMIT_USAGE_FOR_NS|(default)|
  Number of SOQL queries: 0 out of 100
  Number of query rows: 0 out of 50000
  Number of SOSL queries: 0 out of 20
  Number of DML statements: 0 out of 150
  Number of DML rows: 0 out of 10000
  Maximum CPU time: 0 out of 10000
  Maximum heap size: 0 out of 6000000
  Number of callouts: 0 out of 100
  Number of Email Invocations: 0 out of 10
  Number of future calls: 0 out of 50
  Number of queueable jobs added to the queue: 0 out of 50
  Number of Mobile Apex push calls: 0 out of 10

14:35:32.10 (10080563)|CUMULATIVE_LIMIT_USAGE_END

14:35:32.0 (10118996)|CODE_UNIT_FINISHED|VF: /apex/Potential_Manager
14:35:32.0 (10865123)|EXECUTION_FINISHED
