34.0 APEX_CODE,FINEST;APEX_PROFILING,INFO;CALLOUT,INFO;DB,INFO;NBA,INFO;SYSTEM,DEBUG;VALIDATION,INFO;VISUALFORCE,INFO;WAVE,INFO;WORKFLOW,INFO
13:51:28.0 (347656)|USER_INFO|[EXTERNAL]|0051H000008yiOQ|pavel@topengineer.io|Pacific Standard Time|GMT-07:00
13:51:28.0 (382459)|EXECUTION_STARTED
13:51:28.0 (386870)|CODE_UNIT_STARTED|[EXTERNAL]|0661H000002Q8fN|VF: /apex/Potential_Manager
13:51:28.0 (2546092)|SYSTEM_MODE_ENTER|true
13:51:28.0 (2994373)|HEAP_ALLOCATE|[72]|Bytes:3
13:51:28.0 (3038571)|HEAP_ALLOCATE|[77]|Bytes:152
13:51:28.0 (3052401)|HEAP_ALLOCATE|[342]|Bytes:408
13:51:28.0 (3065287)|HEAP_ALLOCATE|[355]|Bytes:408
13:51:28.0 (3078436)|HEAP_ALLOCATE|[467]|Bytes:48
13:51:28.0 (3102595)|HEAP_ALLOCATE|[139]|Bytes:6
13:51:28.0 (3117010)|HEAP_ALLOCATE|[EXTERNAL]|Bytes:148
13:51:28.0 (3136456)|HEAP_ALLOCATE|[EXTERNAL]|Bytes:16
13:51:28.0 (3161685)|METHOD_ENTRY|[1]|01p1H000005w2NJ|potential_Manager.potential_Manager()
13:51:28.0 (3168667)|STATEMENT_EXECUTE|[1]
13:51:28.0 (3173802)|STATEMENT_EXECUTE|[1]
13:51:28.0 (3203689)|HEAP_ALLOCATE|[50]|Bytes:5
13:51:28.0 (3224835)|HEAP_ALLOCATE|[56]|Bytes:5
13:51:28.0 (3236498)|HEAP_ALLOCATE|[64]|Bytes:7
13:51:28.0 (3256507)|SYSTEM_MODE_ENTER|false
13:51:28.0 (3270282)|HEAP_ALLOCATE|[EXTERNAL]|Bytes:5
13:51:28.0 (3277972)|SYSTEM_MODE_EXIT|false
13:51:28.0 (3297863)|METHOD_EXIT|[1]|potential_Manager
13:51:28.0 (3405481)|HEAP_ALLOCATE|[EXTERNAL]|Bytes:16
13:51:28.0 (3416579)|VARIABLE_SCOPE_BEGIN|[8]|this|potential_Manager|true|false
13:51:28.0 (3598721)|VARIABLE_ASSIGNMENT|[8]|this|{}|0x72d2dd07
13:51:28.0 (3614068)|SYSTEM_MODE_ENTER|false
13:51:28.0 (3621497)|HEAP_ALLOCATE|[9]|Bytes:5
13:51:28.0 (3626627)|STATEMENT_EXECUTE|[1]
13:51:28.0 (3629735)|HEAP_ALLOCATE|[9]|Bytes:5
13:51:28.0 (3633425)|STATEMENT_EXECUTE|[4]
13:51:28.0 (3635335)|STATEMENT_EXECUTE|[5]
13:51:28.0 (3636685)|STATEMENT_EXECUTE|[6]
13:51:28.0 (3645423)|HEAP_ALLOCATE|[9]|Bytes:6
13:51:28.0 (3676973)|STATEMENT_EXECUTE|[8]
13:51:28.0 (3678896)|STATEMENT_EXECUTE|[9]
13:51:28.0 (3701264)|HEAP_ALLOCATE|[9]|Bytes:4
13:51:28.0 (3867577)|VARIABLE_ASSIGNMENT|[EXTERNAL]|this|{}|0x72d2dd07
13:51:28.0 (3883990)|VARIABLE_ASSIGNMENT|[EXTERNAL]|value|{}|0x523f7e03
13:51:28.0 (3898894)|VARIABLE_ASSIGNMENT|[4]|this.placeholderPotential|{}|0x72d2dd07
13:51:28.0 (3937301)|STATEMENT_EXECUTE|[10]
13:51:28.0 (3951226)|HEAP_ALLOCATE|[10]|Bytes:4
13:51:28.0 (4082860)|VARIABLE_ASSIGNMENT|[EXTERNAL]|this|{"placeholderPotential":"0x523f7e03"}|0x72d2dd07
13:51:28.0 (4096946)|HEAP_ALLOCATE|[EXTERNAL]|Bytes:4
13:51:28.0 (4106964)|VARIABLE_ASSIGNMENT|[EXTERNAL]|value|[]|0x4b6d7a1a
13:51:28.0 (4118376)|VARIABLE_ASSIGNMENT|[5]|this.accountPotentials|[]|0x72d2dd07
13:51:28.0 (4127459)|STATEMENT_EXECUTE|[11]
13:51:28.0 (4136084)|HEAP_ALLOCATE|[11]|Bytes:4
13:51:28.0 (4175319)|VARIABLE_ASSIGNMENT|[EXTERNAL]|this|{"accountPotentials":"0x4b6d7a1a","placeholderPotential":"0x523f7e03"}|0x72d2dd07
13:51:28.0 (4184125)|HEAP_ALLOCATE|[EXTERNAL]|Bytes:4
13:51:28.0 (4190056)|VARIABLE_ASSIGNMENT|[EXTERNAL]|value|[]|0x3d08c678
13:51:28.0 (4199214)|VARIABLE_ASSIGNMENT|[6]|this.accountPot|[]|0x72d2dd07
13:51:28.0 (4209840)|SYSTEM_MODE_EXIT|false
13:51:28.0 (5380989)|VF_SERIALIZE_VIEWSTATE_BEGIN|0661H000002Q8fN
13:51:28.0 (7182903)|VF_SERIALIZE_VIEWSTATE_END
13:51:28.9 (9181458)|CUMULATIVE_LIMIT_USAGE
13:51:28.9 (9181458)|LIMIT_USAGE_FOR_NS|(default)|
  Number of SOQL queries: 0 out of 100
  Number of query rows: 0 out of 50000
  Number of SOSL queries: 0 out of 20
  Number of DML statements: 0 out of 150
  Number of DML rows: 0 out of 10000
  Maximum CPU time: 0 out of 10000
  Maximum heap size: 0 out of 6000000
  Number of callouts: 0 out of 100
  Number of Email Invocations: 0 out of 10
  Number of future calls: 0 out of 50
  Number of queueable jobs added to the queue: 0 out of 50
  Number of Mobile Apex push calls: 0 out of 10

13:51:28.9 (9181458)|CUMULATIVE_LIMIT_USAGE_END

13:51:28.0 (9226842)|CODE_UNIT_FINISHED|VF: /apex/Potential_Manager
13:51:28.0 (10008643)|EXECUTION_FINISHED
