34.0 APEX_CODE,FINEST;APEX_PROFILING,INFO;CALLOUT,INFO;DB,INFO;NBA,INFO;SYSTEM,DEBUG;VALIDATION,INFO;VISUALFORCE,INFO;WAVE,INFO;WORKFLOW,INFO
13:37:28.0 (373021)|USER_INFO|[EXTERNAL]|0051H000008yiOQ|pavel@topengineer.io|Pacific Standard Time|GMT-07:00
13:37:28.0 (421697)|EXECUTION_STARTED
13:37:28.0 (427429)|CODE_UNIT_STARTED|[EXTERNAL]|0661H000002Q8fN|VF: /apex/Potential_Manager
13:37:28.0 (28964551)|SYSTEM_MODE_ENTER|true
13:37:28.0 (29611030)|HEAP_ALLOCATE|[72]|Bytes:3
13:37:28.0 (29658565)|HEAP_ALLOCATE|[77]|Bytes:152
13:37:28.0 (29677505)|HEAP_ALLOCATE|[342]|Bytes:408
13:37:28.0 (29705400)|HEAP_ALLOCATE|[355]|Bytes:408
13:37:28.0 (29731815)|HEAP_ALLOCATE|[467]|Bytes:48
13:37:28.0 (29774352)|HEAP_ALLOCATE|[139]|Bytes:6
13:37:28.0 (29797413)|HEAP_ALLOCATE|[EXTERNAL]|Bytes:148
13:37:28.0 (29817242)|HEAP_ALLOCATE|[EXTERNAL]|Bytes:16
13:37:28.0 (29845064)|METHOD_ENTRY|[1]|01p1H000005w2NJ|potential_Manager.potential_Manager()
13:37:28.0 (29854353)|STATEMENT_EXECUTE|[1]
13:37:28.0 (29860568)|STATEMENT_EXECUTE|[1]
13:37:28.0 (29930100)|HEAP_ALLOCATE|[50]|Bytes:5
13:37:28.0 (29956881)|HEAP_ALLOCATE|[56]|Bytes:5
13:37:28.0 (29967731)|HEAP_ALLOCATE|[64]|Bytes:7
13:37:28.0 (29995261)|SYSTEM_MODE_ENTER|false
13:37:28.0 (30010421)|HEAP_ALLOCATE|[EXTERNAL]|Bytes:5
13:37:28.0 (30021079)|SYSTEM_MODE_EXIT|false
13:37:28.0 (30043942)|METHOD_EXIT|[1]|potential_Manager
13:37:28.0 (30156530)|HEAP_ALLOCATE|[EXTERNAL]|Bytes:16
13:37:28.0 (30168413)|VARIABLE_SCOPE_BEGIN|[8]|this|potential_Manager|true|false
13:37:28.0 (30240260)|VARIABLE_ASSIGNMENT|[8]|this|{}|0x6f278fba
13:37:28.0 (30262800)|SYSTEM_MODE_ENTER|false
13:37:28.0 (30274734)|HEAP_ALLOCATE|[9]|Bytes:5
13:37:28.0 (30280928)|STATEMENT_EXECUTE|[1]
13:37:28.0 (30284816)|HEAP_ALLOCATE|[9]|Bytes:5
13:37:28.0 (30291219)|STATEMENT_EXECUTE|[4]
13:37:28.0 (30293429)|STATEMENT_EXECUTE|[5]
13:37:28.0 (30297111)|STATEMENT_EXECUTE|[6]
13:37:28.0 (30306374)|HEAP_ALLOCATE|[9]|Bytes:6
13:37:28.0 (30349054)|STATEMENT_EXECUTE|[8]
13:37:28.0 (30353945)|STATEMENT_EXECUTE|[9]
13:37:28.0 (30378159)|HEAP_ALLOCATE|[9]|Bytes:4
13:37:28.0 (30543556)|VARIABLE_ASSIGNMENT|[EXTERNAL]|this|{}|0x6f278fba
13:37:28.0 (30575627)|VARIABLE_ASSIGNMENT|[EXTERNAL]|value|{}|0x86a0219
13:37:28.0 (30597469)|VARIABLE_ASSIGNMENT|[4]|this.placeholderPotential|{}|0x6f278fba
13:37:28.0 (30611744)|STATEMENT_EXECUTE|[10]
13:37:28.0 (30626903)|HEAP_ALLOCATE|[10]|Bytes:4
13:37:28.0 (30778826)|VARIABLE_ASSIGNMENT|[EXTERNAL]|this|{"placeholderPotential":"0x86a0219"}|0x6f278fba
13:37:28.0 (30799013)|HEAP_ALLOCATE|[EXTERNAL]|Bytes:4
13:37:28.0 (30815074)|VARIABLE_ASSIGNMENT|[EXTERNAL]|value|[]|0x3d0283e4
13:37:28.0 (30840697)|VARIABLE_ASSIGNMENT|[5]|this.accountPotentials|[]|0x6f278fba
13:37:28.0 (30858594)|STATEMENT_EXECUTE|[11]
13:37:28.0 (30869698)|HEAP_ALLOCATE|[11]|Bytes:4
13:37:28.0 (30922869)|VARIABLE_ASSIGNMENT|[EXTERNAL]|this|{"accountPotentials":"0x3d0283e4","placeholderPotential":"0x86a0219"}|0x6f278fba
13:37:28.0 (30940850)|HEAP_ALLOCATE|[EXTERNAL]|Bytes:4
13:37:28.0 (30949328)|VARIABLE_ASSIGNMENT|[EXTERNAL]|value|[]|0x4ed0b7a7
13:37:28.0 (30966694)|VARIABLE_ASSIGNMENT|[6]|this.accountPot|[]|0x6f278fba
13:37:28.0 (30983424)|SYSTEM_MODE_EXIT|false
13:37:28.0 (32731299)|VF_SERIALIZE_VIEWSTATE_BEGIN|0661H000002Q8fN
13:37:28.0 (34708218)|VF_SERIALIZE_VIEWSTATE_END
13:37:28.39 (39894076)|CUMULATIVE_LIMIT_USAGE
13:37:28.39 (39894076)|LIMIT_USAGE_FOR_NS|(default)|
  Number of SOQL queries: 0 out of 100
  Number of query rows: 0 out of 50000
  Number of SOSL queries: 0 out of 20
  Number of DML statements: 0 out of 150
  Number of DML rows: 0 out of 10000
  Maximum CPU time: 0 out of 10000
  Maximum heap size: 0 out of 6000000
  Number of callouts: 0 out of 100
  Number of Email Invocations: 0 out of 10
  Number of future calls: 0 out of 50
  Number of queueable jobs added to the queue: 0 out of 50
  Number of Mobile Apex push calls: 0 out of 10

13:37:28.39 (39894076)|CUMULATIVE_LIMIT_USAGE_END

13:37:28.0 (39937633)|CODE_UNIT_FINISHED|VF: /apex/Potential_Manager
13:37:28.0 (40764774)|EXECUTION_FINISHED
