34.0 APEX_CODE,FINEST;APEX_PROFILING,INFO;CALLOUT,INFO;DB,INFO;NBA,INFO;SYSTEM,DEBUG;VALIDATION,INFO;VISUALFORCE,INFO;WAVE,INFO;WORKFLOW,INFO
12:09:05.0 (431370)|USER_INFO|[EXTERNAL]|0051H000008yiOQ|pavel@topengineer.io|Pacific Standard Time|GMT-07:00
12:09:05.0 (571902)|EXECUTION_STARTED
12:09:05.0 (576984)|CODE_UNIT_STARTED|[EXTERNAL]|0661H000002ugfO|VF: /apex/CustomerEvangelist
12:09:05.28 (28851247)|SYSTEM_MODE_ENTER|true
12:09:05.52 (52519135)|SYSTEM_MODE_ENTER|true
12:09:05.52 (52623824)|HEAP_ALLOCATE|[EXTERNAL]|Bytes:8
12:09:05.52 (52654697)|VARIABLE_SCOPE_BEGIN|[88]|this|ApexPage.PageMessagesComponentController|true|false
12:09:05.52 (52724453)|VARIABLE_ASSIGNMENT|[88]|this|{}|0x61878205
12:09:05.52 (52733509)|VARIABLE_SCOPE_BEGIN|[88]|escape|Boolean|false|false
12:09:05.52 (52743885)|VARIABLE_ASSIGNMENT|[88]|escape|null
12:09:05.52 (52968051)|SYSTEM_MODE_ENTER|true
12:09:05.52 (53016969)|HEAP_ALLOCATE|[EXTERNAL]|Bytes:8
12:09:05.52 (53027227)|VARIABLE_SCOPE_BEGIN|[2]|this|ApexPage.PageMessagesComponentController|true|false
12:09:05.52 (53055341)|VARIABLE_ASSIGNMENT|[2]|this|{}|0x61878205
12:09:05.0 (89659652)|SYSTEM_MODE_ENTER|true
12:09:05.0 (90277924)|HEAP_ALLOCATE|[EXTERNAL]|Bytes:176
12:09:05.0 (90331946)|HEAP_ALLOCATE|[EXTERNAL]|Bytes:16
12:09:05.0 (90354467)|METHOD_ENTRY|[1]|01p1H000006LIeu|CustomerEvangelist.CustomerEvangelist()
12:09:05.0 (90363656)|STATEMENT_EXECUTE|[1]
12:09:05.0 (90369253)|STATEMENT_EXECUTE|[1]
12:09:05.0 (90384083)|SYSTEM_MODE_ENTER|false
12:09:05.0 (90393017)|HEAP_ALLOCATE|[EXTERNAL]|Bytes:5
12:09:05.0 (90412474)|SYSTEM_MODE_EXIT|false
12:09:05.0 (90422650)|METHOD_EXIT|[1]|CustomerEvangelist
12:09:05.0 (90501233)|HEAP_ALLOCATE|[EXTERNAL]|Bytes:20
12:09:05.0 (90516659)|VARIABLE_SCOPE_BEGIN|[9]|this|CustomerEvangelist|true|false
12:09:05.0 (90578322)|VARIABLE_ASSIGNMENT|[9]|this|{}|0x3a5bd16
12:09:05.0 (90592687)|SYSTEM_MODE_ENTER|false
12:09:05.0 (90599224)|HEAP_ALLOCATE|[10]|Bytes:5
12:09:05.0 (90605775)|STATEMENT_EXECUTE|[1]
12:09:05.0 (90610548)|HEAP_ALLOCATE|[10]|Bytes:5
12:09:05.0 (90614176)|STATEMENT_EXECUTE|[5]
12:09:05.0 (90616027)|STATEMENT_EXECUTE|[6]
12:09:05.0 (90617587)|STATEMENT_EXECUTE|[7]
12:09:05.0 (90619313)|STATEMENT_EXECUTE|[50]
12:09:05.0 (90645658)|STATEMENT_EXECUTE|[9]
12:09:05.0 (90647462)|STATEMENT_EXECUTE|[10]
12:09:05.0 (90668066)|HEAP_ALLOCATE|[10]|Bytes:4
12:09:05.0 (114825567)|VARIABLE_ASSIGNMENT|[EXTERNAL]|this|{}|0x3a5bd16
12:09:05.0 (114854438)|VARIABLE_ASSIGNMENT|[EXTERNAL]|value|{}|0x5dfbf032
12:09:05.0 (114879223)|VARIABLE_ASSIGNMENT|[5]|this.placeholderContact|{}|0x3a5bd16
12:09:05.0 (114901428)|STATEMENT_EXECUTE|[11]
12:09:05.0 (114937919)|HEAP_ALLOCATE|[11]|Bytes:4
12:09:05.0 (115083585)|VARIABLE_ASSIGNMENT|[EXTERNAL]|this|{"placeholderContact":"0x5dfbf032"}|0x3a5bd16
12:09:05.0 (115098474)|HEAP_ALLOCATE|[EXTERNAL]|Bytes:4
12:09:05.0 (115111198)|VARIABLE_ASSIGNMENT|[EXTERNAL]|value|[]|0x302350c
12:09:05.0 (115124999)|VARIABLE_ASSIGNMENT|[6]|this.accountContacts|[]|0x3a5bd16
12:09:05.0 (115145139)|SYSTEM_MODE_EXIT|false
12:09:05.0 (115211840)|SYSTEM_MODE_ENTER|true
12:09:05.350 (350009736)|SYSTEM_MODE_ENTER|true
12:09:05.350 (350174662)|HEAP_ALLOCATE|[EXTERNAL]|Bytes:8
12:09:05.350 (350221681)|VARIABLE_SCOPE_BEGIN|[88]|this|ApexPage.PageMessagesComponentController|true|false
12:09:05.350 (350284128)|VARIABLE_ASSIGNMENT|[88]|this|{}|0x61878205
12:09:05.350 (350296232)|VARIABLE_SCOPE_BEGIN|[88]|escape|Boolean|false|false
12:09:05.350 (350309599)|VARIABLE_ASSIGNMENT|[88]|escape|null
12:09:05.350 (350491332)|SYSTEM_MODE_ENTER|true
12:09:05.350 (350553079)|HEAP_ALLOCATE|[EXTERNAL]|Bytes:8
12:09:05.350 (350567580)|VARIABLE_SCOPE_BEGIN|[2]|this|ApexPage.PageMessagesComponentController|true|false
12:09:05.350 (350601103)|VARIABLE_ASSIGNMENT|[2]|this|{}|0x61878205
12:09:05.0 (381036869)|VF_SERIALIZE_VIEWSTATE_BEGIN|0661H000002ugfO
12:09:05.0 (447758468)|VF_SERIALIZE_VIEWSTATE_END
12:09:05.450 (450908226)|CUMULATIVE_LIMIT_USAGE
12:09:05.450 (450908226)|LIMIT_USAGE_FOR_NS|(default)|
  Number of SOQL queries: 0 out of 100
  Number of query rows: 0 out of 50000
  Number of SOSL queries: 0 out of 20
  Number of DML statements: 0 out of 150
  Number of DML rows: 0 out of 10000
  Maximum CPU time: 0 out of 10000
  Maximum heap size: 0 out of 6000000
  Number of callouts: 0 out of 100
  Number of Email Invocations: 0 out of 10
  Number of future calls: 0 out of 50
  Number of queueable jobs added to the queue: 0 out of 50
  Number of Mobile Apex push calls: 0 out of 10

12:09:05.450 (450908226)|CUMULATIVE_LIMIT_USAGE_END

12:09:05.0 (450976521)|CODE_UNIT_FINISHED|VF: /apex/CustomerEvangelist
12:09:05.0 (477578458)|EXECUTION_FINISHED
