43.0 APEX_CODE,FINEST;APEX_PROFILING,INFO;CALLOUT,INFO;DB,INFO;NBA,INFO;SYSTEM,DEBUG;VALIDATION,INFO;VISUALFORCE,INFO;WAVE,INFO;WORKFLOW,INFO
16:35:54.0 (73077)|USER_INFO|[EXTERNAL]|0051H000008yiOQ|pavel@topengineer.io|Pacific Standard Time|GMT-07:00
16:35:54.0 (257363)|EXECUTION_STARTED
16:35:54.0 (261756)|CODE_UNIT_STARTED|[EXTERNAL]|VF: /apextemplate/apexremote
16:35:54.237 (237449607)|CUMULATIVE_LIMIT_USAGE
16:35:54.237 (237449607)|LIMIT_USAGE_FOR_NS|(default)|
  Number of SOQL queries: 0 out of 100
  Number of query rows: 0 out of 50000
  Number of SOSL queries: 0 out of 20
  Number of DML statements: 0 out of 150
  Number of DML rows: 0 out of 10000
  Maximum CPU time: 0 out of 10000
  Maximum heap size: 0 out of 6000000
  Number of callouts: 0 out of 100
  Number of Email Invocations: 0 out of 10
  Number of future calls: 0 out of 50
  Number of queueable jobs added to the queue: 0 out of 50
  Number of Mobile Apex push calls: 0 out of 10

16:35:54.237 (237449607)|CUMULATIVE_LIMIT_USAGE_END

16:35:54.0 (237504607)|CODE_UNIT_FINISHED|VF: /apextemplate/apexremote
16:35:54.0 (238452470)|EXECUTION_FINISHED
