34.0 APEX_CODE,FINEST;APEX_PROFILING,INFO;CALLOUT,INFO;DB,INFO;NBA,INFO;SYSTEM,DEBUG;VALIDATION,INFO;VISUALFORCE,INFO;WAVE,INFO;WORKFLOW,INFO
14:04:16.0 (394186)|USER_INFO|[EXTERNAL]|0051H000008yiOQ|pavel@topengineer.io|Pacific Standard Time|GMT-07:00
14:04:16.0 (424752)|EXECUTION_STARTED
14:04:16.0 (428823)|CODE_UNIT_STARTED|[EXTERNAL]|0661H000002Q8fN|VF: /apex/Potential_Manager
14:04:16.0 (2710347)|SYSTEM_MODE_ENTER|true
14:04:16.0 (3158124)|HEAP_ALLOCATE|[72]|Bytes:3
14:04:16.0 (3215676)|HEAP_ALLOCATE|[77]|Bytes:152
14:04:16.0 (3232052)|HEAP_ALLOCATE|[342]|Bytes:408
14:04:16.0 (3246196)|HEAP_ALLOCATE|[355]|Bytes:408
14:04:16.0 (3258156)|HEAP_ALLOCATE|[467]|Bytes:48
14:04:16.0 (3287566)|HEAP_ALLOCATE|[139]|Bytes:6
14:04:16.0 (3305900)|HEAP_ALLOCATE|[EXTERNAL]|Bytes:148
14:04:16.0 (3328860)|HEAP_ALLOCATE|[EXTERNAL]|Bytes:16
14:04:16.0 (3353622)|METHOD_ENTRY|[1]|01p1H000005w2NJ|potential_Manager.potential_Manager()
14:04:16.0 (3361441)|STATEMENT_EXECUTE|[1]
14:04:16.0 (3366482)|STATEMENT_EXECUTE|[1]
14:04:16.0 (3398708)|HEAP_ALLOCATE|[50]|Bytes:5
14:04:16.0 (3422956)|HEAP_ALLOCATE|[56]|Bytes:5
14:04:16.0 (3431859)|HEAP_ALLOCATE|[64]|Bytes:7
14:04:16.0 (3450017)|SYSTEM_MODE_ENTER|false
14:04:16.0 (3463598)|HEAP_ALLOCATE|[EXTERNAL]|Bytes:5
14:04:16.0 (3471651)|SYSTEM_MODE_EXIT|false
14:04:16.0 (3494832)|METHOD_EXIT|[1]|potential_Manager
14:04:16.0 (3609503)|HEAP_ALLOCATE|[EXTERNAL]|Bytes:16
14:04:16.0 (3621447)|VARIABLE_SCOPE_BEGIN|[8]|this|potential_Manager|true|false
14:04:16.0 (3677948)|VARIABLE_ASSIGNMENT|[8]|this|{}|0x3ac0a6c
14:04:16.0 (3694889)|SYSTEM_MODE_ENTER|false
14:04:16.0 (3702118)|HEAP_ALLOCATE|[9]|Bytes:5
14:04:16.0 (3707242)|STATEMENT_EXECUTE|[1]
14:04:16.0 (3710337)|HEAP_ALLOCATE|[9]|Bytes:5
14:04:16.0 (3730743)|STATEMENT_EXECUTE|[4]
14:04:16.0 (3732745)|STATEMENT_EXECUTE|[5]
14:04:16.0 (3734222)|STATEMENT_EXECUTE|[6]
14:04:16.0 (3743575)|HEAP_ALLOCATE|[9]|Bytes:6
14:04:16.0 (3779832)|STATEMENT_EXECUTE|[8]
14:04:16.0 (3782187)|STATEMENT_EXECUTE|[9]
14:04:16.0 (3807887)|HEAP_ALLOCATE|[9]|Bytes:4
14:04:16.0 (3963741)|VARIABLE_ASSIGNMENT|[EXTERNAL]|this|{}|0x3ac0a6c
14:04:16.0 (3980846)|VARIABLE_ASSIGNMENT|[EXTERNAL]|value|{}|0x3e507dbb
14:04:16.0 (3995384)|VARIABLE_ASSIGNMENT|[4]|this.placeholderPotential|{}|0x3ac0a6c
14:04:16.0 (4007192)|STATEMENT_EXECUTE|[10]
14:04:16.0 (4020946)|HEAP_ALLOCATE|[10]|Bytes:4
14:04:16.0 (4118544)|VARIABLE_ASSIGNMENT|[EXTERNAL]|this|{"placeholderPotential":"0x3e507dbb"}|0x3ac0a6c
14:04:16.0 (4130963)|HEAP_ALLOCATE|[EXTERNAL]|Bytes:4
14:04:16.0 (4141267)|VARIABLE_ASSIGNMENT|[EXTERNAL]|value|[]|0x7a954623
14:04:16.0 (4153159)|VARIABLE_ASSIGNMENT|[5]|this.accountPotentials|[]|0x3ac0a6c
14:04:16.0 (4164045)|STATEMENT_EXECUTE|[11]
14:04:16.0 (4172519)|HEAP_ALLOCATE|[11]|Bytes:4
14:04:16.0 (4217236)|VARIABLE_ASSIGNMENT|[EXTERNAL]|this|{"accountPotentials":"0x7a954623","placeholderPotential":"0x3e507dbb"}|0x3ac0a6c
14:04:16.0 (4227461)|HEAP_ALLOCATE|[EXTERNAL]|Bytes:4
14:04:16.0 (4233814)|VARIABLE_ASSIGNMENT|[EXTERNAL]|value|[]|0x64d76578
14:04:16.0 (4243813)|VARIABLE_ASSIGNMENT|[6]|this.accountPot|[]|0x3ac0a6c
14:04:16.0 (4256513)|SYSTEM_MODE_EXIT|false
14:04:16.0 (5381117)|VF_SERIALIZE_VIEWSTATE_BEGIN|0661H000002Q8fN
14:04:16.0 (7079302)|VF_SERIALIZE_VIEWSTATE_END
14:04:16.9 (9165283)|CUMULATIVE_LIMIT_USAGE
14:04:16.9 (9165283)|LIMIT_USAGE_FOR_NS|(default)|
  Number of SOQL queries: 0 out of 100
  Number of query rows: 0 out of 50000
  Number of SOSL queries: 0 out of 20
  Number of DML statements: 0 out of 150
  Number of DML rows: 0 out of 10000
  Maximum CPU time: 0 out of 10000
  Maximum heap size: 0 out of 6000000
  Number of callouts: 0 out of 100
  Number of Email Invocations: 0 out of 10
  Number of future calls: 0 out of 50
  Number of queueable jobs added to the queue: 0 out of 50
  Number of Mobile Apex push calls: 0 out of 10

14:04:16.9 (9165283)|CUMULATIVE_LIMIT_USAGE_END

14:04:16.0 (9197470)|CODE_UNIT_FINISHED|VF: /apex/Potential_Manager
14:04:16.0 (9904084)|EXECUTION_FINISHED
