34.0 APEX_CODE,FINEST;APEX_PROFILING,INFO;CALLOUT,INFO;DB,INFO;NBA,INFO;SYSTEM,DEBUG;VALIDATION,INFO;VISUALFORCE,INFO;WAVE,INFO;WORKFLOW,INFO
13:32:32.0 (413016)|USER_INFO|[EXTERNAL]|0051H000008yiOQ|pavel@topengineer.io|Pacific Standard Time|GMT-07:00
13:32:32.0 (469452)|EXECUTION_STARTED
13:32:32.0 (475907)|CODE_UNIT_STARTED|[EXTERNAL]|0661H000002Q8fN|VF: /apex/Potential_Manager
13:32:32.0 (7604297)|SYSTEM_MODE_ENTER|true
13:32:32.0 (8057596)|HEAP_ALLOCATE|[72]|Bytes:3
13:32:32.0 (8128196)|HEAP_ALLOCATE|[77]|Bytes:152
13:32:32.0 (8149702)|HEAP_ALLOCATE|[342]|Bytes:408
13:32:32.0 (8170626)|HEAP_ALLOCATE|[355]|Bytes:408
13:32:32.0 (8206007)|HEAP_ALLOCATE|[467]|Bytes:48
13:32:32.0 (8236870)|HEAP_ALLOCATE|[139]|Bytes:6
13:32:32.0 (8253727)|HEAP_ALLOCATE|[EXTERNAL]|Bytes:148
13:32:32.0 (8294126)|HEAP_ALLOCATE|[EXTERNAL]|Bytes:16
13:32:32.0 (8305767)|METHOD_ENTRY|[1]|01p1H000005w2NJ|potential_Manager.potential_Manager()
13:32:32.0 (8312534)|STATEMENT_EXECUTE|[1]
13:32:32.0 (8316976)|STATEMENT_EXECUTE|[1]
13:32:32.0 (8349340)|HEAP_ALLOCATE|[50]|Bytes:5
13:32:32.0 (8367607)|HEAP_ALLOCATE|[56]|Bytes:5
13:32:32.0 (8375459)|HEAP_ALLOCATE|[64]|Bytes:7
13:32:32.0 (8390465)|SYSTEM_MODE_ENTER|false
13:32:32.0 (8402792)|HEAP_ALLOCATE|[EXTERNAL]|Bytes:5
13:32:32.0 (8409914)|SYSTEM_MODE_EXIT|false
13:32:32.0 (8418064)|METHOD_EXIT|[1]|potential_Manager
13:32:32.0 (8518351)|HEAP_ALLOCATE|[EXTERNAL]|Bytes:16
13:32:32.0 (8532690)|VARIABLE_SCOPE_BEGIN|[8]|this|potential_Manager|true|false
13:32:32.0 (8592972)|VARIABLE_ASSIGNMENT|[8]|this|{}|0x37bdfd04
13:32:32.0 (8606980)|SYSTEM_MODE_ENTER|false
13:32:32.0 (8613787)|HEAP_ALLOCATE|[9]|Bytes:5
13:32:32.0 (8618750)|STATEMENT_EXECUTE|[1]
13:32:32.0 (8621767)|HEAP_ALLOCATE|[9]|Bytes:5
13:32:32.0 (8624843)|STATEMENT_EXECUTE|[4]
13:32:32.0 (8626714)|STATEMENT_EXECUTE|[5]
13:32:32.0 (8628150)|STATEMENT_EXECUTE|[6]
13:32:32.0 (8635850)|HEAP_ALLOCATE|[9]|Bytes:6
13:32:32.0 (8671821)|STATEMENT_EXECUTE|[8]
13:32:32.0 (8673849)|STATEMENT_EXECUTE|[9]
13:32:32.0 (8694903)|HEAP_ALLOCATE|[9]|Bytes:4
13:32:32.0 (8828923)|VARIABLE_ASSIGNMENT|[EXTERNAL]|this|{}|0x37bdfd04
13:32:32.0 (8844996)|VARIABLE_ASSIGNMENT|[EXTERNAL]|value|{}|0xc1cd381
13:32:32.0 (8859597)|VARIABLE_ASSIGNMENT|[4]|this.placeholderPotential|{}|0x37bdfd04
13:32:32.0 (8872920)|STATEMENT_EXECUTE|[10]
13:32:32.0 (8883064)|HEAP_ALLOCATE|[10]|Bytes:4
13:32:32.0 (8963102)|VARIABLE_ASSIGNMENT|[EXTERNAL]|this|{"placeholderPotential":"0xc1cd381"}|0x37bdfd04
13:32:32.0 (8974845)|HEAP_ALLOCATE|[EXTERNAL]|Bytes:4
13:32:32.0 (8986591)|VARIABLE_ASSIGNMENT|[EXTERNAL]|value|[]|0x3848f157
13:32:32.0 (8997927)|VARIABLE_ASSIGNMENT|[5]|this.accountPotentials|[]|0x37bdfd04
13:32:32.0 (9007063)|STATEMENT_EXECUTE|[11]
13:32:32.0 (9014777)|HEAP_ALLOCATE|[11]|Bytes:4
13:32:32.0 (9053016)|VARIABLE_ASSIGNMENT|[EXTERNAL]|this|{"accountPotentials":"0x3848f157","placeholderPotential":"0xc1cd381"}|0x37bdfd04
13:32:32.0 (9062606)|HEAP_ALLOCATE|[EXTERNAL]|Bytes:4
13:32:32.0 (9068100)|VARIABLE_ASSIGNMENT|[EXTERNAL]|value|[]|0x23f73c3b
13:32:32.0 (9077632)|VARIABLE_ASSIGNMENT|[6]|this.accountPot|[]|0x37bdfd04
13:32:32.0 (9088385)|SYSTEM_MODE_EXIT|false
13:32:32.0 (10305043)|VF_SERIALIZE_VIEWSTATE_BEGIN|0661H000002Q8fN
13:32:32.0 (12040321)|VF_SERIALIZE_VIEWSTATE_END
13:32:32.17 (17690387)|CUMULATIVE_LIMIT_USAGE
13:32:32.17 (17690387)|LIMIT_USAGE_FOR_NS|(default)|
  Number of SOQL queries: 0 out of 100
  Number of query rows: 0 out of 50000
  Number of SOSL queries: 0 out of 20
  Number of DML statements: 0 out of 150
  Number of DML rows: 0 out of 10000
  Maximum CPU time: 0 out of 10000
  Maximum heap size: 0 out of 6000000
  Number of callouts: 0 out of 100
  Number of Email Invocations: 0 out of 10
  Number of future calls: 0 out of 50
  Number of queueable jobs added to the queue: 0 out of 50
  Number of Mobile Apex push calls: 0 out of 10

13:32:32.17 (17690387)|CUMULATIVE_LIMIT_USAGE_END

13:32:32.0 (17731473)|CODE_UNIT_FINISHED|VF: /apex/Potential_Manager
13:32:32.0 (18855334)|EXECUTION_FINISHED
