34.0 APEX_CODE,FINEST;APEX_PROFILING,INFO;CALLOUT,INFO;DB,INFO;NBA,INFO;SYSTEM,DEBUG;VALIDATION,INFO;VISUALFORCE,INFO;WAVE,INFO;WORKFLOW,INFO
13:32:52.0 (363604)|USER_INFO|[EXTERNAL]|0051H000008yiOQ|pavel@topengineer.io|Pacific Standard Time|GMT-07:00
13:32:52.0 (398773)|EXECUTION_STARTED
13:32:52.0 (403480)|CODE_UNIT_STARTED|[EXTERNAL]|0661H000002Q8fN|VF: /apex/Potential_Manager
13:32:52.0 (7341911)|SYSTEM_MODE_ENTER|true
13:32:52.0 (8022950)|HEAP_ALLOCATE|[72]|Bytes:3
13:32:52.0 (8091763)|HEAP_ALLOCATE|[77]|Bytes:152
13:32:52.0 (8110230)|HEAP_ALLOCATE|[342]|Bytes:408
13:32:52.0 (8133772)|HEAP_ALLOCATE|[355]|Bytes:408
13:32:52.0 (8153734)|HEAP_ALLOCATE|[467]|Bytes:48
13:32:52.0 (8191774)|HEAP_ALLOCATE|[139]|Bytes:6
13:32:52.0 (8217507)|HEAP_ALLOCATE|[EXTERNAL]|Bytes:148
13:32:52.0 (8249580)|HEAP_ALLOCATE|[EXTERNAL]|Bytes:16
13:32:52.0 (8289440)|METHOD_ENTRY|[1]|01p1H000005w2NJ|potential_Manager.potential_Manager()
13:32:52.0 (8299727)|STATEMENT_EXECUTE|[1]
13:32:52.0 (8306333)|STATEMENT_EXECUTE|[1]
13:32:52.0 (8343698)|HEAP_ALLOCATE|[50]|Bytes:5
13:32:52.0 (8375758)|HEAP_ALLOCATE|[56]|Bytes:5
13:32:52.0 (8387321)|HEAP_ALLOCATE|[64]|Bytes:7
13:32:52.0 (8408887)|SYSTEM_MODE_ENTER|false
13:32:52.0 (8422508)|HEAP_ALLOCATE|[EXTERNAL]|Bytes:5
13:32:52.0 (8432288)|SYSTEM_MODE_EXIT|false
13:32:52.0 (8460856)|METHOD_EXIT|[1]|potential_Manager
13:32:52.0 (8600620)|HEAP_ALLOCATE|[EXTERNAL]|Bytes:16
13:32:52.0 (8612626)|VARIABLE_SCOPE_BEGIN|[8]|this|potential_Manager|true|false
13:32:52.0 (8672031)|VARIABLE_ASSIGNMENT|[8]|this|{}|0x2b87404c
13:32:52.0 (8687022)|SYSTEM_MODE_ENTER|false
13:32:52.0 (8694564)|HEAP_ALLOCATE|[9]|Bytes:5
13:32:52.0 (8699830)|STATEMENT_EXECUTE|[1]
13:32:52.0 (8702875)|HEAP_ALLOCATE|[9]|Bytes:5
13:32:52.0 (8706871)|STATEMENT_EXECUTE|[4]
13:32:52.0 (8708550)|STATEMENT_EXECUTE|[5]
13:32:52.0 (8709929)|STATEMENT_EXECUTE|[6]
13:32:52.0 (8718908)|HEAP_ALLOCATE|[9]|Bytes:6
13:32:52.0 (8756648)|STATEMENT_EXECUTE|[8]
13:32:52.0 (8758868)|STATEMENT_EXECUTE|[9]
13:32:52.0 (8782616)|HEAP_ALLOCATE|[9]|Bytes:4
13:32:52.0 (8991154)|VARIABLE_ASSIGNMENT|[EXTERNAL]|this|{}|0x2b87404c
13:32:52.0 (9011871)|VARIABLE_ASSIGNMENT|[EXTERNAL]|value|{}|0x401edf9b
13:32:52.0 (9034162)|VARIABLE_ASSIGNMENT|[4]|this.placeholderPotential|{}|0x2b87404c
13:32:52.0 (9071537)|STATEMENT_EXECUTE|[10]
13:32:52.0 (9089442)|HEAP_ALLOCATE|[10]|Bytes:4
13:32:52.0 (9288057)|VARIABLE_ASSIGNMENT|[EXTERNAL]|this|{"placeholderPotential":"0x401edf9b"}|0x2b87404c
13:32:52.0 (9307258)|HEAP_ALLOCATE|[EXTERNAL]|Bytes:4
13:32:52.0 (9322308)|VARIABLE_ASSIGNMENT|[EXTERNAL]|value|[]|0x264828e5
13:32:52.0 (9340451)|VARIABLE_ASSIGNMENT|[5]|this.accountPotentials|[]|0x2b87404c
13:32:52.0 (9356208)|STATEMENT_EXECUTE|[11]
13:32:52.0 (9368736)|HEAP_ALLOCATE|[11]|Bytes:4
13:32:52.0 (9434932)|VARIABLE_ASSIGNMENT|[EXTERNAL]|this|{"accountPotentials":"0x264828e5","placeholderPotential":"0x401edf9b"}|0x2b87404c
13:32:52.0 (9448340)|HEAP_ALLOCATE|[EXTERNAL]|Bytes:4
13:32:52.0 (9456517)|VARIABLE_ASSIGNMENT|[EXTERNAL]|value|[]|0x4ed8a016
13:32:52.0 (9471224)|VARIABLE_ASSIGNMENT|[6]|this.accountPot|[]|0x2b87404c
13:32:52.0 (9487926)|SYSTEM_MODE_EXIT|false
13:32:52.0 (11134094)|VF_SERIALIZE_VIEWSTATE_BEGIN|0661H000002Q8fN
13:32:52.0 (13393912)|VF_SERIALIZE_VIEWSTATE_END
13:32:52.19 (19285493)|CUMULATIVE_LIMIT_USAGE
13:32:52.19 (19285493)|LIMIT_USAGE_FOR_NS|(default)|
  Number of SOQL queries: 0 out of 100
  Number of query rows: 0 out of 50000
  Number of SOSL queries: 0 out of 20
  Number of DML statements: 0 out of 150
  Number of DML rows: 0 out of 10000
  Maximum CPU time: 0 out of 10000
  Maximum heap size: 0 out of 6000000
  Number of callouts: 0 out of 100
  Number of Email Invocations: 0 out of 10
  Number of future calls: 0 out of 50
  Number of queueable jobs added to the queue: 0 out of 50
  Number of Mobile Apex push calls: 0 out of 10

13:32:52.19 (19285493)|CUMULATIVE_LIMIT_USAGE_END

13:32:52.0 (19325837)|CODE_UNIT_FINISHED|VF: /apex/Potential_Manager
13:32:52.0 (20140736)|EXECUTION_FINISHED
