34.0 APEX_CODE,FINEST;APEX_PROFILING,INFO;CALLOUT,INFO;DB,INFO;NBA,INFO;SYSTEM,DEBUG;VALIDATION,INFO;VISUALFORCE,INFO;WAVE,INFO;WORKFLOW,INFO
12:15:15.0 (470391)|USER_INFO|[EXTERNAL]|0051H000008yiOQ|pavel@topengineer.io|Pacific Standard Time|GMT-07:00
12:15:15.0 (517905)|EXECUTION_STARTED
12:15:15.0 (522786)|CODE_UNIT_STARTED|[EXTERNAL]|0661H000002Q8fN|VF: /apex/Potential_Manager
12:15:15.0 (7795418)|SYSTEM_MODE_ENTER|true
12:15:15.0 (8189202)|HEAP_ALLOCATE|[72]|Bytes:3
12:15:15.0 (8223564)|HEAP_ALLOCATE|[77]|Bytes:152
12:15:15.0 (8237581)|HEAP_ALLOCATE|[342]|Bytes:408
12:15:15.0 (8256788)|HEAP_ALLOCATE|[355]|Bytes:408
12:15:15.0 (8271350)|HEAP_ALLOCATE|[467]|Bytes:48
12:15:15.0 (8297298)|HEAP_ALLOCATE|[139]|Bytes:6
12:15:15.0 (8312102)|HEAP_ALLOCATE|[EXTERNAL]|Bytes:148
12:15:15.0 (8324365)|HEAP_ALLOCATE|[EXTERNAL]|Bytes:16
12:15:15.0 (8337603)|METHOD_ENTRY|[1]|01p1H000005w2NJ|potential_Manager.potential_Manager()
12:15:15.0 (8345065)|STATEMENT_EXECUTE|[1]
12:15:15.0 (8351340)|STATEMENT_EXECUTE|[1]
12:15:15.0 (8381822)|HEAP_ALLOCATE|[50]|Bytes:5
12:15:15.0 (8402535)|HEAP_ALLOCATE|[56]|Bytes:5
12:15:15.0 (8411365)|HEAP_ALLOCATE|[64]|Bytes:7
12:15:15.0 (8426768)|SYSTEM_MODE_ENTER|false
12:15:15.0 (8437080)|HEAP_ALLOCATE|[EXTERNAL]|Bytes:5
12:15:15.0 (8445151)|SYSTEM_MODE_EXIT|false
12:15:15.0 (8452952)|METHOD_EXIT|[1]|potential_Manager
12:15:15.0 (8548136)|HEAP_ALLOCATE|[EXTERNAL]|Bytes:16
12:15:15.0 (8558351)|VARIABLE_SCOPE_BEGIN|[8]|this|potential_Manager|true|false
12:15:15.0 (8617958)|VARIABLE_ASSIGNMENT|[8]|this|{}|0x578d7f9a
12:15:15.0 (8635577)|SYSTEM_MODE_ENTER|false
12:15:15.0 (8642962)|HEAP_ALLOCATE|[9]|Bytes:5
12:15:15.0 (8648085)|STATEMENT_EXECUTE|[1]
12:15:15.0 (8651147)|HEAP_ALLOCATE|[9]|Bytes:5
12:15:15.0 (8655146)|STATEMENT_EXECUTE|[4]
12:15:15.0 (8656860)|STATEMENT_EXECUTE|[5]
12:15:15.0 (8658283)|STATEMENT_EXECUTE|[6]
12:15:15.0 (8666354)|HEAP_ALLOCATE|[9]|Bytes:6
12:15:15.0 (8699322)|STATEMENT_EXECUTE|[8]
12:15:15.0 (8701503)|STATEMENT_EXECUTE|[9]
12:15:15.0 (8723775)|HEAP_ALLOCATE|[9]|Bytes:4
12:15:15.0 (8864211)|VARIABLE_ASSIGNMENT|[EXTERNAL]|this|{}|0x578d7f9a
12:15:15.0 (8880927)|VARIABLE_ASSIGNMENT|[EXTERNAL]|value|{}|0x16c5afea
12:15:15.0 (8895975)|VARIABLE_ASSIGNMENT|[4]|this.placeholderPotential|{}|0x578d7f9a
12:15:15.0 (8909403)|STATEMENT_EXECUTE|[10]
12:15:15.0 (8919547)|HEAP_ALLOCATE|[10]|Bytes:4
12:15:15.0 (8998773)|VARIABLE_ASSIGNMENT|[EXTERNAL]|this|{"placeholderPotential":"0x16c5afea"}|0x578d7f9a
12:15:15.0 (9012012)|HEAP_ALLOCATE|[EXTERNAL]|Bytes:4
12:15:15.0 (9024019)|VARIABLE_ASSIGNMENT|[EXTERNAL]|value|[]|0x1e10d600
12:15:15.0 (9036734)|VARIABLE_ASSIGNMENT|[5]|this.accountPotentials|[]|0x578d7f9a
12:15:15.0 (9047234)|STATEMENT_EXECUTE|[11]
12:15:15.0 (9057357)|HEAP_ALLOCATE|[11]|Bytes:4
12:15:15.0 (9100622)|VARIABLE_ASSIGNMENT|[EXTERNAL]|this|{"accountPotentials":"0x1e10d600","placeholderPotential":"0x16c5afea"}|0x578d7f9a
12:15:15.0 (9111707)|HEAP_ALLOCATE|[EXTERNAL]|Bytes:4
12:15:15.0 (9119438)|VARIABLE_ASSIGNMENT|[EXTERNAL]|value|[]|0x3f771863
12:15:15.0 (9130370)|VARIABLE_ASSIGNMENT|[6]|this.accountPot|[]|0x578d7f9a
12:15:15.0 (9142837)|SYSTEM_MODE_EXIT|false
12:15:15.0 (10430119)|VF_SERIALIZE_VIEWSTATE_BEGIN|0661H000002Q8fN
12:15:15.0 (12528676)|VF_SERIALIZE_VIEWSTATE_END
12:15:15.15 (15187955)|CUMULATIVE_LIMIT_USAGE
12:15:15.15 (15187955)|LIMIT_USAGE_FOR_NS|(default)|
  Number of SOQL queries: 0 out of 100
  Number of query rows: 0 out of 50000
  Number of SOSL queries: 0 out of 20
  Number of DML statements: 0 out of 150
  Number of DML rows: 0 out of 10000
  Maximum CPU time: 0 out of 10000
  Maximum heap size: 0 out of 6000000
  Number of callouts: 0 out of 100
  Number of Email Invocations: 0 out of 10
  Number of future calls: 0 out of 50
  Number of queueable jobs added to the queue: 0 out of 50
  Number of Mobile Apex push calls: 0 out of 10

12:15:15.15 (15187955)|CUMULATIVE_LIMIT_USAGE_END

12:15:15.0 (15223733)|CODE_UNIT_FINISHED|VF: /apex/Potential_Manager
12:15:15.0 (16094966)|EXECUTION_FINISHED
