34.0 APEX_CODE,FINEST;APEX_PROFILING,INFO;CALLOUT,INFO;DB,INFO;NBA,INFO;SYSTEM,DEBUG;VALIDATION,INFO;VISUALFORCE,INFO;WAVE,INFO;WORKFLOW,INFO
12:18:32.0 (450225)|USER_INFO|[EXTERNAL]|0051H000008yiOQ|pavel@topengineer.io|Pacific Standard Time|GMT-07:00
12:18:32.0 (673095)|EXECUTION_STARTED
12:18:32.0 (679984)|CODE_UNIT_STARTED|[EXTERNAL]|0661H000002ugfO|VF: /apex/CustomerEvangelist
12:18:32.0 (3543779)|SYSTEM_MODE_ENTER|true
12:18:32.0 (4237448)|HEAP_ALLOCATE|[72]|Bytes:3
12:18:32.0 (4320584)|HEAP_ALLOCATE|[77]|Bytes:152
12:18:32.0 (4350921)|HEAP_ALLOCATE|[342]|Bytes:408
12:18:32.0 (4377838)|HEAP_ALLOCATE|[355]|Bytes:408
12:18:32.0 (4402369)|HEAP_ALLOCATE|[467]|Bytes:48
12:18:32.0 (4446485)|HEAP_ALLOCATE|[139]|Bytes:6
12:18:32.0 (4474332)|HEAP_ALLOCATE|[EXTERNAL]|Bytes:176
12:18:32.0 (4508466)|HEAP_ALLOCATE|[EXTERNAL]|Bytes:16
12:18:32.0 (4561972)|METHOD_ENTRY|[1]|01p1H000006LIeu|CustomerEvangelist.CustomerEvangelist()
12:18:32.0 (4574106)|STATEMENT_EXECUTE|[1]
12:18:32.0 (4580748)|STATEMENT_EXECUTE|[1]
12:18:32.0 (4618683)|HEAP_ALLOCATE|[50]|Bytes:5
12:18:32.0 (4645645)|HEAP_ALLOCATE|[56]|Bytes:5
12:18:32.0 (4655967)|HEAP_ALLOCATE|[64]|Bytes:7
12:18:32.0 (4676985)|SYSTEM_MODE_ENTER|false
12:18:32.0 (4688358)|HEAP_ALLOCATE|[EXTERNAL]|Bytes:5
12:18:32.0 (4695683)|SYSTEM_MODE_EXIT|false
12:18:32.0 (4715998)|METHOD_EXIT|[1]|CustomerEvangelist
12:18:32.0 (4787290)|HEAP_ALLOCATE|[EXTERNAL]|Bytes:20
12:18:32.0 (4798145)|VARIABLE_SCOPE_BEGIN|[9]|this|CustomerEvangelist|true|false
12:18:32.0 (4866675)|VARIABLE_ASSIGNMENT|[9]|this|{}|0x16936d2e
12:18:32.0 (4882584)|SYSTEM_MODE_ENTER|false
12:18:32.0 (4888987)|HEAP_ALLOCATE|[10]|Bytes:5
12:18:32.0 (4893700)|STATEMENT_EXECUTE|[1]
12:18:32.0 (4896656)|HEAP_ALLOCATE|[10]|Bytes:5
12:18:32.0 (4899653)|STATEMENT_EXECUTE|[5]
12:18:32.0 (4901608)|STATEMENT_EXECUTE|[6]
12:18:32.0 (4903242)|STATEMENT_EXECUTE|[7]
12:18:32.0 (4904670)|STATEMENT_EXECUTE|[50]
12:18:32.0 (4913564)|HEAP_ALLOCATE|[10]|Bytes:6
12:18:32.0 (4948908)|STATEMENT_EXECUTE|[9]
12:18:32.0 (4951451)|STATEMENT_EXECUTE|[10]
12:18:32.0 (4968243)|HEAP_ALLOCATE|[10]|Bytes:4
12:18:32.0 (5127293)|VARIABLE_ASSIGNMENT|[EXTERNAL]|this|{}|0x16936d2e
12:18:32.0 (5145184)|VARIABLE_ASSIGNMENT|[EXTERNAL]|value|{}|0x5e931e94
12:18:32.0 (5170183)|VARIABLE_ASSIGNMENT|[5]|this.placeholderContact|{}|0x16936d2e
12:18:32.0 (5198488)|STATEMENT_EXECUTE|[11]
12:18:32.0 (5208820)|HEAP_ALLOCATE|[11]|Bytes:4
12:18:32.0 (5339661)|VARIABLE_ASSIGNMENT|[EXTERNAL]|this|{"placeholderContact":"0x5e931e94"}|0x16936d2e
12:18:32.0 (5352279)|HEAP_ALLOCATE|[EXTERNAL]|Bytes:4
12:18:32.0 (5363928)|VARIABLE_ASSIGNMENT|[EXTERNAL]|value|[]|0x2aab6f9c
12:18:32.0 (5375214)|VARIABLE_ASSIGNMENT|[6]|this.accountContacts|[]|0x16936d2e
12:18:32.0 (5386757)|SYSTEM_MODE_EXIT|false
12:18:32.0 (5456297)|SYSTEM_MODE_ENTER|true
12:18:32.0 (38795142)|VF_SERIALIZE_VIEWSTATE_BEGIN|0661H000002ugfO
12:18:32.0 (40905027)|VF_SERIALIZE_VIEWSTATE_END
12:18:32.43 (43409456)|CUMULATIVE_LIMIT_USAGE
12:18:32.43 (43409456)|LIMIT_USAGE_FOR_NS|(default)|
  Number of SOQL queries: 0 out of 100
  Number of query rows: 0 out of 50000
  Number of SOSL queries: 0 out of 20
  Number of DML statements: 0 out of 150
  Number of DML rows: 0 out of 10000
  Maximum CPU time: 0 out of 10000
  Maximum heap size: 0 out of 6000000
  Number of callouts: 0 out of 100
  Number of Email Invocations: 0 out of 10
  Number of future calls: 0 out of 50
  Number of queueable jobs added to the queue: 0 out of 50
  Number of Mobile Apex push calls: 0 out of 10

12:18:32.43 (43409456)|CUMULATIVE_LIMIT_USAGE_END

12:18:32.0 (43464602)|CODE_UNIT_FINISHED|VF: /apex/CustomerEvangelist
12:18:32.0 (44326253)|EXECUTION_FINISHED
