34.0 APEX_CODE,FINEST;APEX_PROFILING,INFO;CALLOUT,INFO;DB,INFO;NBA,INFO;SYSTEM,DEBUG;VALIDATION,INFO;VISUALFORCE,INFO;WAVE,INFO;WORKFLOW,INFO
13:36:34.0 (340261)|USER_INFO|[EXTERNAL]|0051H000008yiOQ|pavel@topengineer.io|Pacific Standard Time|GMT-07:00
13:36:34.0 (378926)|EXECUTION_STARTED
13:36:34.0 (383881)|CODE_UNIT_STARTED|[EXTERNAL]|0661H000002Q8fN|VF: /apex/Potential_Manager
13:36:34.0 (6522851)|SYSTEM_MODE_ENTER|true
13:36:34.0 (7224015)|HEAP_ALLOCATE|[72]|Bytes:3
13:36:34.0 (7318218)|HEAP_ALLOCATE|[77]|Bytes:152
13:36:34.0 (7343072)|HEAP_ALLOCATE|[342]|Bytes:408
13:36:34.0 (7366732)|HEAP_ALLOCATE|[355]|Bytes:408
13:36:34.0 (7388509)|HEAP_ALLOCATE|[467]|Bytes:48
13:36:34.0 (7430890)|HEAP_ALLOCATE|[139]|Bytes:6
13:36:34.0 (7457325)|HEAP_ALLOCATE|[EXTERNAL]|Bytes:148
13:36:34.0 (7493954)|HEAP_ALLOCATE|[EXTERNAL]|Bytes:16
13:36:34.0 (7549823)|METHOD_ENTRY|[1]|01p1H000005w2NJ|potential_Manager.potential_Manager()
13:36:34.0 (7562597)|STATEMENT_EXECUTE|[1]
13:36:34.0 (7569340)|STATEMENT_EXECUTE|[1]
13:36:34.0 (7618365)|HEAP_ALLOCATE|[50]|Bytes:5
13:36:34.0 (7647386)|HEAP_ALLOCATE|[56]|Bytes:5
13:36:34.0 (7656040)|HEAP_ALLOCATE|[64]|Bytes:7
13:36:34.0 (7673852)|SYSTEM_MODE_ENTER|false
13:36:34.0 (7688318)|HEAP_ALLOCATE|[EXTERNAL]|Bytes:5
13:36:34.0 (7696607)|SYSTEM_MODE_EXIT|false
13:36:34.0 (7718909)|METHOD_EXIT|[1]|potential_Manager
13:36:34.0 (7839602)|HEAP_ALLOCATE|[EXTERNAL]|Bytes:16
13:36:34.0 (7850871)|VARIABLE_SCOPE_BEGIN|[8]|this|potential_Manager|true|false
13:36:34.0 (7910345)|VARIABLE_ASSIGNMENT|[8]|this|{}|0x7bd27723
13:36:34.0 (7925186)|SYSTEM_MODE_ENTER|false
13:36:34.0 (7932278)|HEAP_ALLOCATE|[9]|Bytes:5
13:36:34.0 (7936891)|STATEMENT_EXECUTE|[1]
13:36:34.0 (7939898)|HEAP_ALLOCATE|[9]|Bytes:5
13:36:34.0 (7943095)|STATEMENT_EXECUTE|[4]
13:36:34.0 (7944906)|STATEMENT_EXECUTE|[5]
13:36:34.0 (7946387)|STATEMENT_EXECUTE|[6]
13:36:34.0 (7955340)|HEAP_ALLOCATE|[9]|Bytes:6
13:36:34.0 (7992714)|STATEMENT_EXECUTE|[8]
13:36:34.0 (7994645)|STATEMENT_EXECUTE|[9]
13:36:34.0 (8018299)|HEAP_ALLOCATE|[9]|Bytes:4
13:36:34.0 (8197875)|VARIABLE_ASSIGNMENT|[EXTERNAL]|this|{}|0x7bd27723
13:36:34.0 (8214394)|VARIABLE_ASSIGNMENT|[EXTERNAL]|value|{}|0x7e6c9cd6
13:36:34.0 (8227498)|VARIABLE_ASSIGNMENT|[4]|this.placeholderPotential|{}|0x7bd27723
13:36:34.0 (8256508)|STATEMENT_EXECUTE|[10]
13:36:34.0 (8271302)|HEAP_ALLOCATE|[10]|Bytes:4
13:36:34.0 (8418937)|VARIABLE_ASSIGNMENT|[EXTERNAL]|this|{"placeholderPotential":"0x7e6c9cd6"}|0x7bd27723
13:36:34.0 (8432299)|HEAP_ALLOCATE|[EXTERNAL]|Bytes:4
13:36:34.0 (8443667)|VARIABLE_ASSIGNMENT|[EXTERNAL]|value|[]|0x1970a43f
13:36:34.0 (8454021)|VARIABLE_ASSIGNMENT|[5]|this.accountPotentials|[]|0x7bd27723
13:36:34.0 (8463500)|STATEMENT_EXECUTE|[11]
13:36:34.0 (8471007)|HEAP_ALLOCATE|[11]|Bytes:4
13:36:34.0 (8509586)|VARIABLE_ASSIGNMENT|[EXTERNAL]|this|{"accountPotentials":"0x1970a43f","placeholderPotential":"0x7e6c9cd6"}|0x7bd27723
13:36:34.0 (8518282)|HEAP_ALLOCATE|[EXTERNAL]|Bytes:4
13:36:34.0 (8523728)|VARIABLE_ASSIGNMENT|[EXTERNAL]|value|[]|0x3c46fd98
13:36:34.0 (8533132)|VARIABLE_ASSIGNMENT|[6]|this.accountPot|[]|0x7bd27723
13:36:34.0 (8544745)|SYSTEM_MODE_EXIT|false
13:36:34.0 (9698425)|VF_SERIALIZE_VIEWSTATE_BEGIN|0661H000002Q8fN
13:36:34.0 (11373176)|VF_SERIALIZE_VIEWSTATE_END
13:36:34.16 (16372366)|CUMULATIVE_LIMIT_USAGE
13:36:34.16 (16372366)|LIMIT_USAGE_FOR_NS|(default)|
  Number of SOQL queries: 0 out of 100
  Number of query rows: 0 out of 50000
  Number of SOSL queries: 0 out of 20
  Number of DML statements: 0 out of 150
  Number of DML rows: 0 out of 10000
  Maximum CPU time: 0 out of 10000
  Maximum heap size: 0 out of 6000000
  Number of callouts: 0 out of 100
  Number of Email Invocations: 0 out of 10
  Number of future calls: 0 out of 50
  Number of queueable jobs added to the queue: 0 out of 50
  Number of Mobile Apex push calls: 0 out of 10

13:36:34.16 (16372366)|CUMULATIVE_LIMIT_USAGE_END

13:36:34.0 (16410616)|CODE_UNIT_FINISHED|VF: /apex/Potential_Manager
13:36:34.0 (17133579)|EXECUTION_FINISHED
