34.0 APEX_CODE,FINEST;APEX_PROFILING,INFO;CALLOUT,INFO;DB,INFO;NBA,INFO;SYSTEM,DEBUG;VALIDATION,INFO;VISUALFORCE,INFO;WAVE,INFO;WORKFLOW,INFO
13:36:50.0 (472550)|USER_INFO|[EXTERNAL]|0051H000008yiOQ|pavel@topengineer.io|Pacific Standard Time|GMT-07:00
13:36:50.0 (511796)|EXECUTION_STARTED
13:36:50.0 (516358)|CODE_UNIT_STARTED|[EXTERNAL]|0661H000002Q8fN|VF: /apex/Potential_Manager
13:36:50.0 (5821157)|SYSTEM_MODE_ENTER|true
13:36:50.0 (6211840)|HEAP_ALLOCATE|[72]|Bytes:3
13:36:50.0 (6244607)|HEAP_ALLOCATE|[77]|Bytes:152
13:36:50.0 (6257858)|HEAP_ALLOCATE|[342]|Bytes:408
13:36:50.0 (6270437)|HEAP_ALLOCATE|[355]|Bytes:408
13:36:50.0 (6281048)|HEAP_ALLOCATE|[467]|Bytes:48
13:36:50.0 (6306029)|HEAP_ALLOCATE|[139]|Bytes:6
13:36:50.0 (6322437)|HEAP_ALLOCATE|[EXTERNAL]|Bytes:148
13:36:50.0 (6328050)|HEAP_ALLOCATE|[EXTERNAL]|Bytes:16
13:36:50.0 (6338556)|METHOD_ENTRY|[1]|01p1H000005w2NJ|potential_Manager.potential_Manager()
13:36:50.0 (6345246)|STATEMENT_EXECUTE|[1]
13:36:50.0 (6350442)|STATEMENT_EXECUTE|[1]
13:36:50.0 (6378919)|HEAP_ALLOCATE|[50]|Bytes:5
13:36:50.0 (6396744)|HEAP_ALLOCATE|[56]|Bytes:5
13:36:50.0 (6403924)|HEAP_ALLOCATE|[64]|Bytes:7
13:36:50.0 (6417564)|SYSTEM_MODE_ENTER|false
13:36:50.0 (6427203)|HEAP_ALLOCATE|[EXTERNAL]|Bytes:5
13:36:50.0 (6433213)|SYSTEM_MODE_EXIT|false
13:36:50.0 (6440129)|METHOD_EXIT|[1]|potential_Manager
13:36:50.0 (6538454)|HEAP_ALLOCATE|[EXTERNAL]|Bytes:16
13:36:50.0 (6549718)|VARIABLE_SCOPE_BEGIN|[8]|this|potential_Manager|true|false
13:36:50.0 (6605349)|VARIABLE_ASSIGNMENT|[8]|this|{}|0x247427d0
13:36:50.0 (6619801)|SYSTEM_MODE_ENTER|false
13:36:50.0 (6626049)|HEAP_ALLOCATE|[9]|Bytes:5
13:36:50.0 (6630730)|STATEMENT_EXECUTE|[1]
13:36:50.0 (6633681)|HEAP_ALLOCATE|[9]|Bytes:5
13:36:50.0 (6637009)|STATEMENT_EXECUTE|[4]
13:36:50.0 (6638513)|STATEMENT_EXECUTE|[5]
13:36:50.0 (6639991)|STATEMENT_EXECUTE|[6]
13:36:50.0 (6647385)|HEAP_ALLOCATE|[9]|Bytes:6
13:36:50.0 (6682021)|STATEMENT_EXECUTE|[8]
13:36:50.0 (6684089)|STATEMENT_EXECUTE|[9]
13:36:50.0 (6706899)|HEAP_ALLOCATE|[9]|Bytes:4
13:36:50.0 (6875813)|VARIABLE_ASSIGNMENT|[EXTERNAL]|this|{}|0x247427d0
13:36:50.0 (6891679)|VARIABLE_ASSIGNMENT|[EXTERNAL]|value|{}|0xd266521
13:36:50.0 (6905847)|VARIABLE_ASSIGNMENT|[4]|this.placeholderPotential|{}|0x247427d0
13:36:50.0 (6917375)|STATEMENT_EXECUTE|[10]
13:36:50.0 (6928064)|HEAP_ALLOCATE|[10]|Bytes:4
13:36:50.0 (7011466)|VARIABLE_ASSIGNMENT|[EXTERNAL]|this|{"placeholderPotential":"0xd266521"}|0x247427d0
13:36:50.0 (7023160)|HEAP_ALLOCATE|[EXTERNAL]|Bytes:4
13:36:50.0 (7034359)|VARIABLE_ASSIGNMENT|[EXTERNAL]|value|[]|0x3b6544a8
13:36:50.0 (7045081)|VARIABLE_ASSIGNMENT|[5]|this.accountPotentials|[]|0x247427d0
13:36:50.0 (7053192)|STATEMENT_EXECUTE|[11]
13:36:50.0 (7060831)|HEAP_ALLOCATE|[11]|Bytes:4
13:36:50.0 (7096409)|VARIABLE_ASSIGNMENT|[EXTERNAL]|this|{"accountPotentials":"0x3b6544a8","placeholderPotential":"0xd266521"}|0x247427d0
13:36:50.0 (7105017)|HEAP_ALLOCATE|[EXTERNAL]|Bytes:4
13:36:50.0 (7110495)|VARIABLE_ASSIGNMENT|[EXTERNAL]|value|[]|0x4577d62f
13:36:50.0 (7119733)|VARIABLE_ASSIGNMENT|[6]|this.accountPot|[]|0x247427d0
13:36:50.0 (7129839)|SYSTEM_MODE_EXIT|false
13:36:50.0 (8268388)|VF_SERIALIZE_VIEWSTATE_BEGIN|0661H000002Q8fN
13:36:50.0 (10089123)|VF_SERIALIZE_VIEWSTATE_END
13:36:50.14 (14938147)|CUMULATIVE_LIMIT_USAGE
13:36:50.14 (14938147)|LIMIT_USAGE_FOR_NS|(default)|
  Number of SOQL queries: 0 out of 100
  Number of query rows: 0 out of 50000
  Number of SOSL queries: 0 out of 20
  Number of DML statements: 0 out of 150
  Number of DML rows: 0 out of 10000
  Maximum CPU time: 0 out of 10000
  Maximum heap size: 0 out of 6000000
  Number of callouts: 0 out of 100
  Number of Email Invocations: 0 out of 10
  Number of future calls: 0 out of 50
  Number of queueable jobs added to the queue: 0 out of 50
  Number of Mobile Apex push calls: 0 out of 10

13:36:50.14 (14938147)|CUMULATIVE_LIMIT_USAGE_END

13:36:50.0 (14974070)|CODE_UNIT_FINISHED|VF: /apex/Potential_Manager
13:36:50.0 (15687456)|EXECUTION_FINISHED
