34.0 APEX_CODE,FINEST;APEX_PROFILING,INFO;CALLOUT,INFO;DB,INFO;NBA,INFO;SYSTEM,DEBUG;VALIDATION,INFO;VISUALFORCE,INFO;WAVE,INFO;WORKFLOW,INFO
12:17:18.0 (382168)|USER_INFO|[EXTERNAL]|0051H000008yiOQ|pavel@topengineer.io|Pacific Standard Time|GMT-07:00
12:17:18.0 (441154)|EXECUTION_STARTED
12:17:18.0 (448267)|CODE_UNIT_STARTED|[EXTERNAL]|0661H000002Q8fN|VF: /apex/Potential_Manager
12:17:18.0 (7242189)|SYSTEM_MODE_ENTER|true
12:17:18.0 (7728353)|HEAP_ALLOCATE|[72]|Bytes:3
12:17:18.0 (7787840)|HEAP_ALLOCATE|[77]|Bytes:152
12:17:18.0 (7814365)|HEAP_ALLOCATE|[342]|Bytes:408
12:17:18.0 (7839385)|HEAP_ALLOCATE|[355]|Bytes:408
12:17:18.0 (7861180)|HEAP_ALLOCATE|[467]|Bytes:48
12:17:18.0 (7900864)|HEAP_ALLOCATE|[139]|Bytes:6
12:17:18.0 (7926058)|HEAP_ALLOCATE|[EXTERNAL]|Bytes:148
12:17:18.0 (7976737)|HEAP_ALLOCATE|[EXTERNAL]|Bytes:16
12:17:18.0 (7990801)|METHOD_ENTRY|[1]|01p1H000005w2NJ|potential_Manager.potential_Manager()
12:17:18.0 (7999728)|STATEMENT_EXECUTE|[1]
12:17:18.0 (8006886)|STATEMENT_EXECUTE|[1]
12:17:18.0 (8052047)|HEAP_ALLOCATE|[50]|Bytes:5
12:17:18.0 (8085582)|HEAP_ALLOCATE|[56]|Bytes:5
12:17:18.0 (8094574)|HEAP_ALLOCATE|[64]|Bytes:7
12:17:18.0 (8112872)|SYSTEM_MODE_ENTER|false
12:17:18.0 (8129670)|HEAP_ALLOCATE|[EXTERNAL]|Bytes:5
12:17:18.0 (8137658)|SYSTEM_MODE_EXIT|false
12:17:18.0 (8145840)|METHOD_EXIT|[1]|potential_Manager
12:17:18.0 (8271047)|HEAP_ALLOCATE|[EXTERNAL]|Bytes:16
12:17:18.0 (8282197)|VARIABLE_SCOPE_BEGIN|[8]|this|potential_Manager|true|false
12:17:18.0 (8351623)|VARIABLE_ASSIGNMENT|[8]|this|{}|0x56b8e63c
12:17:18.0 (8370332)|SYSTEM_MODE_ENTER|false
12:17:18.0 (8388002)|HEAP_ALLOCATE|[9]|Bytes:5
12:17:18.0 (8395183)|STATEMENT_EXECUTE|[1]
12:17:18.0 (8399831)|HEAP_ALLOCATE|[9]|Bytes:5
12:17:18.0 (8404365)|STATEMENT_EXECUTE|[4]
12:17:18.0 (8407229)|STATEMENT_EXECUTE|[5]
12:17:18.0 (8409143)|STATEMENT_EXECUTE|[6]
12:17:18.0 (8421160)|HEAP_ALLOCATE|[9]|Bytes:6
12:17:18.0 (8460267)|STATEMENT_EXECUTE|[8]
12:17:18.0 (8462430)|STATEMENT_EXECUTE|[9]
12:17:18.0 (8487813)|HEAP_ALLOCATE|[9]|Bytes:4
12:17:18.0 (8678704)|VARIABLE_ASSIGNMENT|[EXTERNAL]|this|{}|0x56b8e63c
12:17:18.0 (8696716)|VARIABLE_ASSIGNMENT|[EXTERNAL]|value|{}|0x291ca38a
12:17:18.0 (8711715)|VARIABLE_ASSIGNMENT|[4]|this.placeholderPotential|{}|0x56b8e63c
12:17:18.0 (8724723)|STATEMENT_EXECUTE|[10]
12:17:18.0 (8740080)|HEAP_ALLOCATE|[10]|Bytes:4
12:17:18.0 (8840101)|VARIABLE_ASSIGNMENT|[EXTERNAL]|this|{"placeholderPotential":"0x291ca38a"}|0x56b8e63c
12:17:18.0 (8852192)|HEAP_ALLOCATE|[EXTERNAL]|Bytes:4
12:17:18.0 (8863524)|VARIABLE_ASSIGNMENT|[EXTERNAL]|value|[]|0x7a2420c
12:17:18.0 (8874374)|VARIABLE_ASSIGNMENT|[5]|this.accountPotentials|[]|0x56b8e63c
12:17:18.0 (8884016)|STATEMENT_EXECUTE|[11]
12:17:18.0 (8891667)|HEAP_ALLOCATE|[11]|Bytes:4
12:17:18.0 (8929037)|VARIABLE_ASSIGNMENT|[EXTERNAL]|this|{"accountPotentials":"0x7a2420c","placeholderPotential":"0x291ca38a"}|0x56b8e63c
12:17:18.0 (8938016)|HEAP_ALLOCATE|[EXTERNAL]|Bytes:4
12:17:18.0 (8943307)|VARIABLE_ASSIGNMENT|[EXTERNAL]|value|[]|0x783b108c
12:17:18.0 (8952810)|VARIABLE_ASSIGNMENT|[6]|this.accountPot|[]|0x56b8e63c
12:17:18.0 (8963356)|SYSTEM_MODE_EXIT|false
12:17:18.0 (10359231)|VF_SERIALIZE_VIEWSTATE_BEGIN|0661H000002Q8fN
12:17:18.0 (33504462)|VF_SERIALIZE_VIEWSTATE_END
12:17:18.36 (36405649)|CUMULATIVE_LIMIT_USAGE
12:17:18.36 (36405649)|LIMIT_USAGE_FOR_NS|(default)|
  Number of SOQL queries: 0 out of 100
  Number of query rows: 0 out of 50000
  Number of SOSL queries: 0 out of 20
  Number of DML statements: 0 out of 150
  Number of DML rows: 0 out of 10000
  Maximum CPU time: 0 out of 10000
  Maximum heap size: 0 out of 6000000
  Number of callouts: 0 out of 100
  Number of Email Invocations: 0 out of 10
  Number of future calls: 0 out of 50
  Number of queueable jobs added to the queue: 0 out of 50
  Number of Mobile Apex push calls: 0 out of 10

12:17:18.36 (36405649)|CUMULATIVE_LIMIT_USAGE_END

12:17:18.0 (36463275)|CODE_UNIT_FINISHED|VF: /apex/Potential_Manager
12:17:18.0 (37633681)|EXECUTION_FINISHED
