34.0 APEX_CODE,FINEST;APEX_PROFILING,INFO;CALLOUT,INFO;DB,INFO;NBA,INFO;SYSTEM,DEBUG;VALIDATION,INFO;VISUALFORCE,INFO;WAVE,INFO;WORKFLOW,INFO
13:19:06.0 (383295)|USER_INFO|[EXTERNAL]|0051H000008yiOQ|pavel@topengineer.io|Pacific Standard Time|GMT-07:00
13:19:06.0 (421310)|EXECUTION_STARTED
13:19:06.0 (426904)|CODE_UNIT_STARTED|[EXTERNAL]|0661H000002Q8fN|VF: /apex/Potential_Manager
13:19:06.0 (6483902)|SYSTEM_MODE_ENTER|true
13:19:06.0 (6877240)|HEAP_ALLOCATE|[72]|Bytes:3
13:19:06.0 (6910207)|HEAP_ALLOCATE|[77]|Bytes:152
13:19:06.0 (6924249)|HEAP_ALLOCATE|[342]|Bytes:408
13:19:06.0 (6939317)|HEAP_ALLOCATE|[355]|Bytes:408
13:19:06.0 (6950214)|HEAP_ALLOCATE|[467]|Bytes:48
13:19:06.0 (6974435)|HEAP_ALLOCATE|[139]|Bytes:6
13:19:06.0 (6989780)|HEAP_ALLOCATE|[EXTERNAL]|Bytes:148
13:19:06.0 (6994645)|HEAP_ALLOCATE|[EXTERNAL]|Bytes:16
13:19:06.0 (7037560)|METHOD_ENTRY|[1]|01p1H000005w2NJ|potential_Manager.potential_Manager()
13:19:06.0 (7045832)|STATEMENT_EXECUTE|[1]
13:19:06.0 (7050586)|STATEMENT_EXECUTE|[1]
13:19:06.0 (7096476)|HEAP_ALLOCATE|[50]|Bytes:5
13:19:06.0 (7118997)|HEAP_ALLOCATE|[56]|Bytes:5
13:19:06.0 (7126635)|HEAP_ALLOCATE|[64]|Bytes:7
13:19:06.0 (7140318)|SYSTEM_MODE_ENTER|false
13:19:06.0 (7150621)|HEAP_ALLOCATE|[EXTERNAL]|Bytes:5
13:19:06.0 (7159156)|SYSTEM_MODE_EXIT|false
13:19:06.0 (7180856)|METHOD_EXIT|[1]|potential_Manager
13:19:06.0 (7288314)|HEAP_ALLOCATE|[EXTERNAL]|Bytes:16
13:19:06.0 (7298100)|VARIABLE_SCOPE_BEGIN|[8]|this|potential_Manager|true|false
13:19:06.0 (7357298)|VARIABLE_ASSIGNMENT|[8]|this|{}|0x4359f352
13:19:06.0 (7371358)|SYSTEM_MODE_ENTER|false
13:19:06.0 (7377567)|HEAP_ALLOCATE|[9]|Bytes:5
13:19:06.0 (7382039)|STATEMENT_EXECUTE|[1]
13:19:06.0 (7385259)|HEAP_ALLOCATE|[9]|Bytes:5
13:19:06.0 (7388938)|STATEMENT_EXECUTE|[4]
13:19:06.0 (7390537)|STATEMENT_EXECUTE|[5]
13:19:06.0 (7391886)|STATEMENT_EXECUTE|[6]
13:19:06.0 (7399693)|HEAP_ALLOCATE|[9]|Bytes:6
13:19:06.0 (7437289)|STATEMENT_EXECUTE|[8]
13:19:06.0 (7439202)|STATEMENT_EXECUTE|[9]
13:19:06.0 (7468108)|HEAP_ALLOCATE|[9]|Bytes:4
13:19:06.0 (7667083)|VARIABLE_ASSIGNMENT|[EXTERNAL]|this|{}|0x4359f352
13:19:06.0 (7700655)|VARIABLE_ASSIGNMENT|[EXTERNAL]|value|{}|0x5b32fcbd
13:19:06.0 (7722842)|VARIABLE_ASSIGNMENT|[4]|this.placeholderPotential|{}|0x4359f352
13:19:06.0 (7764356)|STATEMENT_EXECUTE|[10]
13:19:06.0 (7776397)|HEAP_ALLOCATE|[10]|Bytes:4
13:19:06.0 (7934174)|VARIABLE_ASSIGNMENT|[EXTERNAL]|this|{"placeholderPotential":"0x5b32fcbd"}|0x4359f352
13:19:06.0 (7947493)|HEAP_ALLOCATE|[EXTERNAL]|Bytes:4
13:19:06.0 (7958407)|VARIABLE_ASSIGNMENT|[EXTERNAL]|value|[]|0x36d0b076
13:19:06.0 (7972175)|VARIABLE_ASSIGNMENT|[5]|this.accountPotentials|[]|0x4359f352
13:19:06.0 (7986272)|STATEMENT_EXECUTE|[11]
13:19:06.0 (7997871)|HEAP_ALLOCATE|[11]|Bytes:4
13:19:06.0 (8057799)|VARIABLE_ASSIGNMENT|[EXTERNAL]|this|{"accountPotentials":"0x36d0b076","placeholderPotential":"0x5b32fcbd"}|0x4359f352
13:19:06.0 (8080878)|HEAP_ALLOCATE|[EXTERNAL]|Bytes:4
13:19:06.0 (8091309)|VARIABLE_ASSIGNMENT|[EXTERNAL]|value|[]|0x3de68610
13:19:06.0 (8108175)|VARIABLE_ASSIGNMENT|[6]|this.accountPot|[]|0x4359f352
13:19:06.0 (8126387)|SYSTEM_MODE_EXIT|false
13:19:06.0 (9676214)|VF_SERIALIZE_VIEWSTATE_BEGIN|0661H000002Q8fN
13:19:06.0 (31512801)|VF_SERIALIZE_VIEWSTATE_END
13:19:06.34 (34360797)|CUMULATIVE_LIMIT_USAGE
13:19:06.34 (34360797)|LIMIT_USAGE_FOR_NS|(default)|
  Number of SOQL queries: 0 out of 100
  Number of query rows: 0 out of 50000
  Number of SOSL queries: 0 out of 20
  Number of DML statements: 0 out of 150
  Number of DML rows: 0 out of 10000
  Maximum CPU time: 0 out of 10000
  Maximum heap size: 0 out of 6000000
  Number of callouts: 0 out of 100
  Number of Email Invocations: 0 out of 10
  Number of future calls: 0 out of 50
  Number of queueable jobs added to the queue: 0 out of 50
  Number of Mobile Apex push calls: 0 out of 10

13:19:06.34 (34360797)|CUMULATIVE_LIMIT_USAGE_END

13:19:06.0 (34404037)|CODE_UNIT_FINISHED|VF: /apex/Potential_Manager
13:19:06.0 (35190757)|EXECUTION_FINISHED
