34.0 APEX_CODE,FINEST;APEX_PROFILING,INFO;CALLOUT,INFO;DB,INFO;NBA,INFO;SYSTEM,DEBUG;VALIDATION,INFO;VISUALFORCE,INFO;WAVE,INFO;WORKFLOW,INFO
14:30:59.0 (353337)|USER_INFO|[EXTERNAL]|0051H000008yiOQ|pavel@topengineer.io|Pacific Standard Time|GMT-07:00
14:30:59.0 (388637)|EXECUTION_STARTED
14:30:59.0 (392725)|CODE_UNIT_STARTED|[EXTERNAL]|0661H000002Q8fN|VF: /apex/Potential_Manager
14:30:59.0 (2972497)|SYSTEM_MODE_ENTER|true
14:30:59.0 (3321622)|HEAP_ALLOCATE|[72]|Bytes:3
14:30:59.0 (3354444)|HEAP_ALLOCATE|[77]|Bytes:152
14:30:59.0 (3368215)|HEAP_ALLOCATE|[342]|Bytes:408
14:30:59.0 (3382033)|HEAP_ALLOCATE|[355]|Bytes:408
14:30:59.0 (3392768)|HEAP_ALLOCATE|[467]|Bytes:48
14:30:59.0 (3415890)|HEAP_ALLOCATE|[139]|Bytes:6
14:30:59.0 (3461537)|HEAP_ALLOCATE|[EXTERNAL]|Bytes:148
14:30:59.0 (3468179)|HEAP_ALLOCATE|[EXTERNAL]|Bytes:16
14:30:59.0 (3478858)|METHOD_ENTRY|[1]|01p1H000005w2NJ|potential_Manager.potential_Manager()
14:30:59.0 (3485757)|STATEMENT_EXECUTE|[1]
14:30:59.0 (3492318)|STATEMENT_EXECUTE|[1]
14:30:59.0 (3521112)|HEAP_ALLOCATE|[50]|Bytes:5
14:30:59.0 (3542250)|HEAP_ALLOCATE|[56]|Bytes:5
14:30:59.0 (3549400)|HEAP_ALLOCATE|[64]|Bytes:7
14:30:59.0 (3564878)|SYSTEM_MODE_ENTER|false
14:30:59.0 (3574155)|HEAP_ALLOCATE|[EXTERNAL]|Bytes:5
14:30:59.0 (3581763)|SYSTEM_MODE_EXIT|false
14:30:59.0 (3589836)|METHOD_EXIT|[1]|potential_Manager
14:30:59.0 (3595446)|HEAP_ALLOCATE|[EXTERNAL]|Bytes:16
14:30:59.0 (3602656)|VARIABLE_SCOPE_BEGIN|[8]|this|potential_Manager|true|false
14:30:59.0 (3650581)|VARIABLE_ASSIGNMENT|[8]|this|{}|0x26d844f6
14:30:59.0 (3667603)|SYSTEM_MODE_ENTER|false
14:30:59.0 (3673569)|HEAP_ALLOCATE|[9]|Bytes:5
14:30:59.0 (3677603)|STATEMENT_EXECUTE|[1]
14:30:59.0 (3680454)|HEAP_ALLOCATE|[9]|Bytes:5
14:30:59.0 (3683212)|STATEMENT_EXECUTE|[4]
14:30:59.0 (3684908)|STATEMENT_EXECUTE|[5]
14:30:59.0 (3686290)|STATEMENT_EXECUTE|[6]
14:30:59.0 (3694342)|HEAP_ALLOCATE|[9]|Bytes:6
14:30:59.0 (3724379)|STATEMENT_EXECUTE|[8]
14:30:59.0 (3726518)|STATEMENT_EXECUTE|[9]
14:30:59.0 (3779701)|HEAP_ALLOCATE|[9]|Bytes:4
14:30:59.0 (3907166)|VARIABLE_ASSIGNMENT|[EXTERNAL]|this|{}|0x26d844f6
14:30:59.0 (3922154)|VARIABLE_ASSIGNMENT|[EXTERNAL]|value|{}|0x345bab93
14:30:59.0 (3935398)|VARIABLE_ASSIGNMENT|[4]|this.placeholderPotential|{}|0x26d844f6
14:30:59.0 (3946095)|STATEMENT_EXECUTE|[10]
14:30:59.0 (3987049)|HEAP_ALLOCATE|[10]|Bytes:4
14:30:59.0 (4098387)|VARIABLE_ASSIGNMENT|[EXTERNAL]|this|{"placeholderPotential":"0x345bab93"}|0x26d844f6
14:30:59.0 (4109371)|HEAP_ALLOCATE|[EXTERNAL]|Bytes:4
14:30:59.0 (4119935)|VARIABLE_ASSIGNMENT|[EXTERNAL]|value|[]|0x71f92ffe
14:30:59.0 (4131125)|VARIABLE_ASSIGNMENT|[5]|this.accountPotentials|[]|0x26d844f6
14:30:59.0 (4139482)|STATEMENT_EXECUTE|[11]
14:30:59.0 (4150766)|HEAP_ALLOCATE|[11]|Bytes:4
14:30:59.0 (4187462)|VARIABLE_ASSIGNMENT|[EXTERNAL]|this|{"accountPotentials":"0x71f92ffe","placeholderPotential":"0x345bab93"}|0x26d844f6
14:30:59.0 (4196230)|HEAP_ALLOCATE|[EXTERNAL]|Bytes:4
14:30:59.0 (4201750)|VARIABLE_ASSIGNMENT|[EXTERNAL]|value|[]|0x399604dc
14:30:59.0 (4210617)|VARIABLE_ASSIGNMENT|[6]|this.accountPot|[]|0x26d844f6
14:30:59.0 (4221832)|SYSTEM_MODE_EXIT|false
14:30:59.0 (5331516)|VF_SERIALIZE_VIEWSTATE_BEGIN|0661H000002Q8fN
14:30:59.0 (7157411)|VF_SERIALIZE_VIEWSTATE_END
14:30:59.9 (9344697)|CUMULATIVE_LIMIT_USAGE
14:30:59.9 (9344697)|LIMIT_USAGE_FOR_NS|(default)|
  Number of SOQL queries: 0 out of 100
  Number of query rows: 0 out of 50000
  Number of SOSL queries: 0 out of 20
  Number of DML statements: 0 out of 150
  Number of DML rows: 0 out of 10000
  Maximum CPU time: 0 out of 10000
  Maximum heap size: 0 out of 6000000
  Number of callouts: 0 out of 100
  Number of Email Invocations: 0 out of 10
  Number of future calls: 0 out of 50
  Number of queueable jobs added to the queue: 0 out of 50
  Number of Mobile Apex push calls: 0 out of 10

14:30:59.9 (9344697)|CUMULATIVE_LIMIT_USAGE_END

14:30:59.0 (9384993)|CODE_UNIT_FINISHED|VF: /apex/Potential_Manager
14:30:59.0 (10118881)|EXECUTION_FINISHED
