34.0 APEX_CODE,FINEST;APEX_PROFILING,INFO;CALLOUT,INFO;DB,INFO;NBA,INFO;SYSTEM,DEBUG;VALIDATION,INFO;VISUALFORCE,INFO;WAVE,INFO;WORKFLOW,INFO
16:41:54.0 (396228)|USER_INFO|[EXTERNAL]|0051H000008yiOQ|pavel@topengineer.io|Pacific Standard Time|GMT-07:00
16:41:54.0 (573800)|EXECUTION_STARTED
16:41:54.0 (579701)|CODE_UNIT_STARTED|[EXTERNAL]|0661H000002ugfO|VF: /apex/CustomerEvangelist
16:41:54.0 (2556989)|SYSTEM_MODE_ENTER|true
16:41:54.0 (3074174)|HEAP_ALLOCATE|[72]|Bytes:3
16:41:54.0 (3138882)|HEAP_ALLOCATE|[77]|Bytes:152
16:41:54.0 (3156590)|HEAP_ALLOCATE|[342]|Bytes:408
16:41:54.0 (3170301)|HEAP_ALLOCATE|[355]|Bytes:408
16:41:54.0 (3182006)|HEAP_ALLOCATE|[467]|Bytes:48
16:41:54.0 (3208653)|HEAP_ALLOCATE|[139]|Bytes:6
16:41:54.0 (3224785)|HEAP_ALLOCATE|[EXTERNAL]|Bytes:176
16:41:54.0 (3243459)|HEAP_ALLOCATE|[EXTERNAL]|Bytes:19
16:41:54.0 (3266226)|METHOD_ENTRY|[1]|01p1H000006LIeu|CustomerEvangelist.CustomerEvangelist()
16:41:54.0 (3273561)|STATEMENT_EXECUTE|[1]
16:41:54.0 (3279887)|STATEMENT_EXECUTE|[1]
16:41:54.0 (3312105)|HEAP_ALLOCATE|[50]|Bytes:5
16:41:54.0 (3337251)|HEAP_ALLOCATE|[56]|Bytes:5
16:41:54.0 (3344564)|HEAP_ALLOCATE|[64]|Bytes:7
16:41:54.0 (3360241)|SYSTEM_MODE_ENTER|false
16:41:54.0 (3373625)|HEAP_ALLOCATE|[EXTERNAL]|Bytes:5
16:41:54.0 (3383229)|SYSTEM_MODE_EXIT|false
16:41:54.0 (3401954)|METHOD_EXIT|[1]|CustomerEvangelist
16:41:54.0 (3476892)|HEAP_ALLOCATE|[EXTERNAL]|Bytes:20
16:41:54.0 (3486482)|VARIABLE_SCOPE_BEGIN|[9]|this|CustomerEvangelist|true|false
16:41:54.0 (3547650)|VARIABLE_ASSIGNMENT|[9]|this|{}|0x1673d80e
16:41:54.0 (3560909)|SYSTEM_MODE_ENTER|false
16:41:54.0 (3567014)|HEAP_ALLOCATE|[10]|Bytes:5
16:41:54.0 (3572026)|STATEMENT_EXECUTE|[1]
16:41:54.0 (3575112)|HEAP_ALLOCATE|[10]|Bytes:5
16:41:54.0 (3578382)|STATEMENT_EXECUTE|[5]
16:41:54.0 (3579944)|STATEMENT_EXECUTE|[6]
16:41:54.0 (3581560)|STATEMENT_EXECUTE|[7]
16:41:54.0 (3587239)|STATEMENT_EXECUTE|[43]
16:41:54.0 (3596193)|HEAP_ALLOCATE|[10]|Bytes:6
16:41:54.0 (3628425)|STATEMENT_EXECUTE|[9]
16:41:54.0 (3630426)|STATEMENT_EXECUTE|[10]
16:41:54.0 (3649234)|HEAP_ALLOCATE|[10]|Bytes:4
16:41:54.0 (3819597)|VARIABLE_ASSIGNMENT|[EXTERNAL]|this|{}|0x1673d80e
16:41:54.0 (3836263)|VARIABLE_ASSIGNMENT|[EXTERNAL]|value|{}|0x7b0c24d9
16:41:54.0 (3852329)|VARIABLE_ASSIGNMENT|[5]|this.placeholderContact|{}|0x1673d80e
16:41:54.0 (3881159)|STATEMENT_EXECUTE|[11]
16:41:54.0 (3893176)|HEAP_ALLOCATE|[11]|Bytes:4
16:41:54.0 (4030906)|VARIABLE_ASSIGNMENT|[EXTERNAL]|this|{"placeholderContact":"0x7b0c24d9"}|0x1673d80e
16:41:54.0 (4043044)|HEAP_ALLOCATE|[EXTERNAL]|Bytes:4
16:41:54.0 (4053193)|VARIABLE_ASSIGNMENT|[EXTERNAL]|value|[]|0x63636a51
16:41:54.0 (4064656)|VARIABLE_ASSIGNMENT|[6]|this.accountContacts|[]|0x1673d80e
16:41:54.0 (4073210)|STATEMENT_EXECUTE|[12]
16:41:54.0 (4081567)|HEAP_ALLOCATE|[12]|Bytes:4
16:41:54.0 (4139872)|VARIABLE_ASSIGNMENT|[EXTERNAL]|this|{"accountContacts":"0x63636a51","placeholderContact":"0x7b0c24d9"}|0x1673d80e
16:41:54.0 (4149193)|HEAP_ALLOCATE|[EXTERNAL]|Bytes:4
16:41:54.0 (4154844)|VARIABLE_ASSIGNMENT|[EXTERNAL]|value|[]|0xfba037c
16:41:54.0 (4164859)|VARIABLE_ASSIGNMENT|[7]|this.accountAccount|[]|0x1673d80e
16:41:54.0 (4174935)|SYSTEM_MODE_EXIT|false
16:41:54.0 (4223240)|SYSTEM_MODE_ENTER|true
16:41:54.0 (31494767)|VF_SERIALIZE_VIEWSTATE_BEGIN|0661H000002ugfO
16:41:54.0 (33440454)|VF_SERIALIZE_VIEWSTATE_END
16:41:54.35 (35546701)|CUMULATIVE_LIMIT_USAGE
16:41:54.35 (35546701)|LIMIT_USAGE_FOR_NS|(default)|
  Number of SOQL queries: 0 out of 100
  Number of query rows: 0 out of 50000
  Number of SOSL queries: 0 out of 20
  Number of DML statements: 0 out of 150
  Number of DML rows: 0 out of 10000
  Maximum CPU time: 0 out of 10000
  Maximum heap size: 0 out of 6000000
  Number of callouts: 0 out of 100
  Number of Email Invocations: 0 out of 10
  Number of future calls: 0 out of 50
  Number of queueable jobs added to the queue: 0 out of 50
  Number of Mobile Apex push calls: 0 out of 10

16:41:54.35 (35546701)|CUMULATIVE_LIMIT_USAGE_END

16:41:54.0 (35587151)|CODE_UNIT_FINISHED|VF: /apex/CustomerEvangelist
16:41:54.0 (36325393)|EXECUTION_FINISHED
