43.0 APEX_CODE,FINEST;APEX_PROFILING,INFO;CALLOUT,INFO;DB,INFO;NBA,INFO;SYSTEM,DEBUG;VALIDATION,INFO;VISUALFORCE,INFO;WAVE,INFO;WORKFLOW,INFO
13:14:53.0 (363100)|EXECUTION_STARTED
13:14:53.0 (384088)|CODE_UNIT_STARTED|[EXTERNAL]|VisualForce View State
13:14:53.0 (5870805)|HEAP_ALLOCATE|[72]|Bytes:3
13:14:53.0 (5926451)|HEAP_ALLOCATE|[77]|Bytes:152
13:14:53.0 (5942591)|HEAP_ALLOCATE|[342]|Bytes:408
13:14:53.0 (5956220)|HEAP_ALLOCATE|[355]|Bytes:408
13:14:53.0 (5966781)|HEAP_ALLOCATE|[467]|Bytes:48
13:14:53.0 (5991891)|HEAP_ALLOCATE|[139]|Bytes:6
13:14:53.0 (6248664)|HEAP_ALLOCATE|[50]|Bytes:5
13:14:53.0 (6273184)|HEAP_ALLOCATE|[56]|Bytes:5
13:14:53.0 (6282467)|HEAP_ALLOCATE|[64]|Bytes:7
13:14:53.0 (7034830)|VARIABLE_SCOPE_BEGIN|[14]|Dns.SitePageOverrideExtension.STANDARD_PAGES|List<Schema.SObjectField>|true|true
13:14:53.0 (9075747)|CODE_UNIT_FINISHED|VisualForce View State
13:14:53.0 (10063765)|EXECUTION_FINISHED
13:14:53.11 (11436285)|SYSTEM_MODE_ENTER|true
13:14:53.11 (11514390)|HEAP_ALLOCATE|[EXTERNAL]|Bytes:38
13:14:53.11 (11524517)|HEAP_ALLOCATE|[EXTERNAL]|Bytes:7
13:14:53.19 (19619652)|CUMULATIVE_LIMIT_USAGE
13:14:53.19 (19619652)|LIMIT_USAGE_FOR_NS|(default)|
  Number of SOQL queries: 0 out of 100
  Number of query rows: 0 out of 50000
  Number of SOSL queries: 0 out of 20
  Number of DML statements: 0 out of 150
  Number of DML rows: 0 out of 10000
  Maximum CPU time: 0 out of 10000
  Maximum heap size: 0 out of 6000000
  Number of callouts: 0 out of 100
  Number of Email Invocations: 0 out of 10
  Number of future calls: 0 out of 50
  Number of queueable jobs added to the queue: 0 out of 50
  Number of Mobile Apex push calls: 0 out of 10

13:14:53.19 (19619652)|CUMULATIVE_LIMIT_USAGE_END

