43.0 APEX_CODE,FINEST;APEX_PROFILING,INFO;CALLOUT,INFO;DB,INFO;NBA,INFO;SYSTEM,DEBUG;VALIDATION,INFO;VISUALFORCE,INFO;WAVE,INFO;WORKFLOW,INFO
21:27:34.0 (471448)|USER_INFO|[EXTERNAL]|0051H000008yiOQ|pavel@topengineer.io|Pacific Standard Time|GMT-07:00
21:27:34.0 (522926)|EXECUTION_STARTED
21:27:34.0 (532426)|CODE_UNIT_STARTED|[EXTERNAL]|Aura
21:27:34.0 (2510444)|CODE_UNIT_STARTED|[EXTERNAL]|01p1H000007eSqs|D3ChartsController.getData()
21:27:34.0 (2978889)|HEAP_ALLOCATE|[72]|Bytes:3
21:27:34.0 (3089121)|HEAP_ALLOCATE|[77]|Bytes:152
21:27:34.0 (3105628)|HEAP_ALLOCATE|[342]|Bytes:408
21:27:34.0 (3122267)|HEAP_ALLOCATE|[355]|Bytes:408
21:27:34.0 (3133999)|HEAP_ALLOCATE|[467]|Bytes:48
21:27:34.0 (3164158)|HEAP_ALLOCATE|[139]|Bytes:6
21:27:34.0 (3181338)|HEAP_ALLOCATE|[EXTERNAL]|Bytes:4
21:27:34.0 (3218110)|METHOD_ENTRY|[1]|01p1H000007eSqs|D3ChartsController.D3ChartsController()
21:27:34.0 (3230829)|STATEMENT_EXECUTE|[1]
21:27:34.0 (3236994)|STATEMENT_EXECUTE|[1]
21:27:34.0 (3243967)|METHOD_EXIT|[1]|D3ChartsController
21:27:34.0 (3260344)|SYSTEM_MODE_ENTER|false
21:27:34.0 (3305247)|STATEMENT_EXECUTE|[4]
21:27:34.0 (3308134)|STATEMENT_EXECUTE|[6]
21:27:34.0 (3324567)|HEAP_ALLOCATE|[6]|Bytes:4
21:27:34.0 (3433452)|VARIABLE_SCOPE_BEGIN|[6]|lstData|List<Integer>|true|false
21:27:34.0 (3473787)|HEAP_ALLOCATE|[EXTERNAL]|Bytes:4
21:27:34.0 (3520541)|VARIABLE_ASSIGNMENT|[6]|lstData|[]|0x7e4ecfd9
21:27:34.0 (3533595)|STATEMENT_EXECUTE|[7]
21:27:34.0 (3613945)|HEAP_ALLOCATE|[7]|Bytes:4
21:27:34.0 (3624954)|HEAP_ALLOCATE|[EXTERNAL]|Bytes:4
21:27:34.0 (3667167)|STATEMENT_EXECUTE|[8]
21:27:34.0 (3696890)|HEAP_ALLOCATE|[8]|Bytes:4
21:27:34.0 (3704024)|HEAP_ALLOCATE|[EXTERNAL]|Bytes:4
21:27:34.0 (3717387)|STATEMENT_EXECUTE|[9]
21:27:34.0 (3734871)|HEAP_ALLOCATE|[9]|Bytes:4
21:27:34.0 (3741997)|HEAP_ALLOCATE|[EXTERNAL]|Bytes:4
21:27:34.0 (3749382)|STATEMENT_EXECUTE|[11]
21:27:34.0 (3761487)|SYSTEM_MODE_EXIT|false
21:27:34.3 (3793820)|CUMULATIVE_LIMIT_USAGE
21:27:34.3 (3793820)|LIMIT_USAGE_FOR_NS|(default)|
  Number of SOQL queries: 0 out of 100
  Number of query rows: 0 out of 50000
  Number of SOSL queries: 0 out of 20
  Number of DML statements: 0 out of 150
  Number of DML rows: 0 out of 10000
  Maximum CPU time: 0 out of 10000
  Maximum heap size: 0 out of 6000000
  Number of callouts: 0 out of 100
  Number of Email Invocations: 0 out of 10
  Number of future calls: 0 out of 50
  Number of queueable jobs added to the queue: 0 out of 50
  Number of Mobile Apex push calls: 0 out of 10

21:27:34.3 (3793820)|CUMULATIVE_LIMIT_USAGE_END

21:27:34.0 (3841806)|CODE_UNIT_FINISHED|D3ChartsController.getData()
21:27:34.0 (3921679)|CODE_UNIT_FINISHED|Aura
21:27:34.0 (4853458)|EXECUTION_FINISHED
