43.0 APEX_CODE,FINEST;APEX_PROFILING,INFO;CALLOUT,INFO;DB,INFO;NBA,INFO;SYSTEM,DEBUG;VALIDATION,INFO;VISUALFORCE,INFO;WAVE,INFO;WORKFLOW,INFO
20:13:53.0 (497781)|USER_INFO|[EXTERNAL]|0051H000008yiOQ|pavel@topengineer.io|Pacific Standard Time|GMT-07:00
20:13:53.0 (574131)|EXECUTION_STARTED
20:13:53.0 (587394)|CODE_UNIT_STARTED|[EXTERNAL]|0661H000002NMWZ|VF: /apex/properVF
20:13:53.10 (10223281)|CUMULATIVE_LIMIT_USAGE
20:13:53.10 (10223281)|LIMIT_USAGE_FOR_NS|(default)|
  Number of SOQL queries: 0 out of 100
  Number of query rows: 0 out of 50000
  Number of SOSL queries: 0 out of 20
  Number of DML statements: 0 out of 150
  Number of DML rows: 0 out of 10000
  Maximum CPU time: 0 out of 10000
  Maximum heap size: 0 out of 6000000
  Number of callouts: 0 out of 100
  Number of Email Invocations: 0 out of 10
  Number of future calls: 0 out of 50
  Number of queueable jobs added to the queue: 0 out of 50
  Number of Mobile Apex push calls: 0 out of 10

20:13:53.10 (10223281)|CUMULATIVE_LIMIT_USAGE_END

20:13:53.0 (10659906)|CODE_UNIT_FINISHED|VF: /apex/properVF
20:13:53.0 (11557704)|EXECUTION_FINISHED
