43.0 APEX_CODE,FINEST;APEX_PROFILING,INFO;CALLOUT,INFO;DB,INFO;NBA,INFO;SYSTEM,DEBUG;VALIDATION,INFO;VISUALFORCE,INFO;WAVE,INFO;WORKFLOW,INFO
16:55:41.0 (368546)|USER_INFO|[EXTERNAL]|0051H000008yiOQ|pavel@topengineer.io|Pacific Standard Time|GMT-07:00
16:55:41.0 (605853)|EXECUTION_STARTED
16:55:41.0 (611976)|CODE_UNIT_STARTED|[EXTERNAL]|VF: /apextemplate/apexremote
16:55:41.44 (44488881)|CUMULATIVE_LIMIT_USAGE
16:55:41.44 (44488881)|LIMIT_USAGE_FOR_NS|(default)|
  Number of SOQL queries: 0 out of 100
  Number of query rows: 0 out of 50000
  Number of SOSL queries: 0 out of 20
  Number of DML statements: 0 out of 150
  Number of DML rows: 0 out of 10000
  Maximum CPU time: 0 out of 10000
  Maximum heap size: 0 out of 6000000
  Number of callouts: 0 out of 100
  Number of Email Invocations: 0 out of 10
  Number of future calls: 0 out of 50
  Number of queueable jobs added to the queue: 0 out of 50
  Number of Mobile Apex push calls: 0 out of 10

16:55:41.44 (44488881)|CUMULATIVE_LIMIT_USAGE_END

16:55:41.0 (44554174)|CODE_UNIT_FINISHED|VF: /apextemplate/apexremote
16:55:41.0 (45620013)|EXECUTION_FINISHED
