43.0 APEX_CODE,FINEST;APEX_PROFILING,INFO;CALLOUT,INFO;DB,INFO;NBA,INFO;SYSTEM,DEBUG;VALIDATION,INFO;VISUALFORCE,INFO;WAVE,INFO;WORKFLOW,INFO
21:42:19.0 (484005)|USER_INFO|[EXTERNAL]|0051H000008yiOQ|pavel@topengineer.io|Pacific Standard Time|GMT-07:00
21:42:19.0 (537924)|EXECUTION_STARTED
21:42:19.0 (546248)|CODE_UNIT_STARTED|[EXTERNAL]|Aura
21:42:19.0 (1956809)|CODE_UNIT_STARTED|[EXTERNAL]|01p1H000007eSqs|D3ChartsController.getData()
21:42:19.0 (2215079)|HEAP_ALLOCATE|[72]|Bytes:3
21:42:19.0 (2288790)|HEAP_ALLOCATE|[77]|Bytes:152
21:42:19.0 (2302612)|HEAP_ALLOCATE|[342]|Bytes:408
21:42:19.0 (2315067)|HEAP_ALLOCATE|[355]|Bytes:408
21:42:19.0 (2331358)|HEAP_ALLOCATE|[467]|Bytes:48
21:42:19.0 (2356247)|HEAP_ALLOCATE|[139]|Bytes:6
21:42:19.0 (2371004)|HEAP_ALLOCATE|[EXTERNAL]|Bytes:4
21:42:19.0 (2391706)|METHOD_ENTRY|[1]|01p1H000007eSqs|D3ChartsController.D3ChartsController()
21:42:19.0 (2403974)|STATEMENT_EXECUTE|[1]
21:42:19.0 (2410664)|STATEMENT_EXECUTE|[1]
21:42:19.0 (2418464)|METHOD_EXIT|[1]|D3ChartsController
21:42:19.0 (2434129)|SYSTEM_MODE_ENTER|false
21:42:19.0 (2450732)|STATEMENT_EXECUTE|[4]
21:42:19.0 (2455849)|STATEMENT_EXECUTE|[6]
21:42:19.0 (2474173)|HEAP_ALLOCATE|[6]|Bytes:4
21:42:19.0 (2580137)|VARIABLE_SCOPE_BEGIN|[6]|lstData|List<Integer>|true|false
21:42:19.0 (2618583)|HEAP_ALLOCATE|[EXTERNAL]|Bytes:4
21:42:19.0 (2665472)|VARIABLE_ASSIGNMENT|[6]|lstData|[]|0x6d6b74b4
21:42:19.0 (2673934)|STATEMENT_EXECUTE|[7]
21:42:19.0 (2743587)|HEAP_ALLOCATE|[7]|Bytes:4
21:42:19.0 (2752827)|HEAP_ALLOCATE|[EXTERNAL]|Bytes:4
21:42:19.0 (2781393)|STATEMENT_EXECUTE|[8]
21:42:19.0 (2802592)|HEAP_ALLOCATE|[8]|Bytes:4
21:42:19.0 (2808323)|HEAP_ALLOCATE|[EXTERNAL]|Bytes:4
21:42:19.0 (2816543)|STATEMENT_EXECUTE|[9]
21:42:19.0 (2831520)|HEAP_ALLOCATE|[9]|Bytes:4
21:42:19.0 (2836293)|HEAP_ALLOCATE|[EXTERNAL]|Bytes:4
21:42:19.0 (2842970)|STATEMENT_EXECUTE|[11]
21:42:19.0 (2852012)|SYSTEM_MODE_EXIT|false
21:42:19.2 (2883095)|CUMULATIVE_LIMIT_USAGE
21:42:19.2 (2883095)|LIMIT_USAGE_FOR_NS|(default)|
  Number of SOQL queries: 0 out of 100
  Number of query rows: 0 out of 50000
  Number of SOSL queries: 0 out of 20
  Number of DML statements: 0 out of 150
  Number of DML rows: 0 out of 10000
  Maximum CPU time: 0 out of 10000
  Maximum heap size: 0 out of 6000000
  Number of callouts: 0 out of 100
  Number of Email Invocations: 0 out of 10
  Number of future calls: 0 out of 50
  Number of queueable jobs added to the queue: 0 out of 50
  Number of Mobile Apex push calls: 0 out of 10

21:42:19.2 (2883095)|CUMULATIVE_LIMIT_USAGE_END

21:42:19.0 (2931511)|CODE_UNIT_FINISHED|D3ChartsController.getData()
21:42:19.0 (3006715)|CODE_UNIT_FINISHED|Aura
21:42:19.0 (3806042)|EXECUTION_FINISHED
