34.0 APEX_CODE,FINEST;APEX_PROFILING,INFO;CALLOUT,INFO;DB,INFO;NBA,INFO;SYSTEM,DEBUG;VALIDATION,INFO;VISUALFORCE,INFO;WAVE,INFO;WORKFLOW,INFO
16:33:54.0 (391960)|USER_INFO|[EXTERNAL]|0051H000008yiOQ|pavel@topengineer.io|Pacific Standard Time|GMT-07:00
16:33:54.0 (439991)|EXECUTION_STARTED
16:33:54.0 (446079)|CODE_UNIT_STARTED|[EXTERNAL]|0661H000002ugfO|VF: /apex/CustomerEvangelist
16:33:54.0 (2456729)|SYSTEM_MODE_ENTER|true
16:33:54.0 (3268555)|HEAP_ALLOCATE|[72]|Bytes:3
16:33:54.0 (3331434)|HEAP_ALLOCATE|[77]|Bytes:152
16:33:54.0 (3351747)|HEAP_ALLOCATE|[342]|Bytes:408
16:33:54.0 (3373569)|HEAP_ALLOCATE|[355]|Bytes:408
16:33:54.0 (3394638)|HEAP_ALLOCATE|[467]|Bytes:48
16:33:54.0 (3431198)|HEAP_ALLOCATE|[139]|Bytes:6
16:33:54.0 (3454029)|HEAP_ALLOCATE|[EXTERNAL]|Bytes:176
16:33:54.0 (3488075)|HEAP_ALLOCATE|[EXTERNAL]|Bytes:19
16:33:54.0 (3503052)|METHOD_ENTRY|[1]|01p1H000006LIeu|CustomerEvangelist.CustomerEvangelist()
16:33:54.0 (3511246)|STATEMENT_EXECUTE|[1]
16:33:54.0 (3518116)|STATEMENT_EXECUTE|[1]
16:33:54.0 (3554481)|HEAP_ALLOCATE|[50]|Bytes:5
16:33:54.0 (3583801)|HEAP_ALLOCATE|[56]|Bytes:5
16:33:54.0 (3595848)|HEAP_ALLOCATE|[64]|Bytes:7
16:33:54.0 (3617687)|SYSTEM_MODE_ENTER|false
16:33:54.0 (3635989)|HEAP_ALLOCATE|[EXTERNAL]|Bytes:5
16:33:54.0 (3646326)|SYSTEM_MODE_EXIT|false
16:33:54.0 (3654690)|METHOD_EXIT|[1]|CustomerEvangelist
16:33:54.0 (3719650)|HEAP_ALLOCATE|[EXTERNAL]|Bytes:20
16:33:54.0 (3730509)|VARIABLE_SCOPE_BEGIN|[9]|this|CustomerEvangelist|true|false
16:33:54.0 (3788790)|VARIABLE_ASSIGNMENT|[9]|this|{}|0x79087433
16:33:54.0 (3802218)|SYSTEM_MODE_ENTER|false
16:33:54.0 (3808207)|HEAP_ALLOCATE|[10]|Bytes:5
16:33:54.0 (3812511)|STATEMENT_EXECUTE|[1]
16:33:54.0 (3815504)|HEAP_ALLOCATE|[10]|Bytes:5
16:33:54.0 (3818726)|STATEMENT_EXECUTE|[5]
16:33:54.0 (3820260)|STATEMENT_EXECUTE|[6]
16:33:54.0 (3821675)|STATEMENT_EXECUTE|[7]
16:33:54.0 (3823022)|STATEMENT_EXECUTE|[43]
16:33:54.0 (3831224)|HEAP_ALLOCATE|[10]|Bytes:6
16:33:54.0 (3865022)|STATEMENT_EXECUTE|[9]
16:33:54.0 (3867065)|STATEMENT_EXECUTE|[10]
16:33:54.0 (3884335)|HEAP_ALLOCATE|[10]|Bytes:4
16:33:54.0 (4024042)|VARIABLE_ASSIGNMENT|[EXTERNAL]|this|{}|0x79087433
16:33:54.0 (4040201)|VARIABLE_ASSIGNMENT|[EXTERNAL]|value|{}|0x276773e
16:33:54.0 (4053612)|VARIABLE_ASSIGNMENT|[5]|this.placeholderContact|{}|0x79087433
16:33:54.0 (4064375)|STATEMENT_EXECUTE|[11]
16:33:54.0 (4074904)|HEAP_ALLOCATE|[11]|Bytes:4
16:33:54.0 (4164501)|VARIABLE_ASSIGNMENT|[EXTERNAL]|this|{"placeholderContact":"0x276773e"}|0x79087433
16:33:54.0 (4176720)|HEAP_ALLOCATE|[EXTERNAL]|Bytes:4
16:33:54.0 (4186949)|VARIABLE_ASSIGNMENT|[EXTERNAL]|value|[]|0x6f29044b
16:33:54.0 (4197909)|VARIABLE_ASSIGNMENT|[6]|this.accountContacts|[]|0x79087433
16:33:54.0 (4206406)|STATEMENT_EXECUTE|[12]
16:33:54.0 (4214165)|HEAP_ALLOCATE|[12]|Bytes:4
16:33:54.0 (4267423)|VARIABLE_ASSIGNMENT|[EXTERNAL]|this|{"accountContacts":"0x6f29044b","placeholderContact":"0x276773e"}|0x79087433
16:33:54.0 (4276693)|HEAP_ALLOCATE|[EXTERNAL]|Bytes:4
16:33:54.0 (4282307)|VARIABLE_ASSIGNMENT|[EXTERNAL]|value|[]|0xd84672c
16:33:54.0 (4291363)|VARIABLE_ASSIGNMENT|[7]|this.accountAccount|[]|0x79087433
16:33:54.0 (4301747)|SYSTEM_MODE_EXIT|false
16:33:54.0 (4351367)|SYSTEM_MODE_ENTER|true
16:33:54.0 (34283272)|VF_SERIALIZE_VIEWSTATE_BEGIN|0661H000002ugfO
16:33:54.0 (36208928)|VF_SERIALIZE_VIEWSTATE_END
16:33:54.38 (38457067)|CUMULATIVE_LIMIT_USAGE
16:33:54.38 (38457067)|LIMIT_USAGE_FOR_NS|(default)|
  Number of SOQL queries: 0 out of 100
  Number of query rows: 0 out of 50000
  Number of SOSL queries: 0 out of 20
  Number of DML statements: 0 out of 150
  Number of DML rows: 0 out of 10000
  Maximum CPU time: 0 out of 10000
  Maximum heap size: 0 out of 6000000
  Number of callouts: 0 out of 100
  Number of Email Invocations: 0 out of 10
  Number of future calls: 0 out of 50
  Number of queueable jobs added to the queue: 0 out of 50
  Number of Mobile Apex push calls: 0 out of 10

16:33:54.38 (38457067)|CUMULATIVE_LIMIT_USAGE_END

16:33:54.0 (38501595)|CODE_UNIT_FINISHED|VF: /apex/CustomerEvangelist
16:33:54.0 (39237164)|EXECUTION_FINISHED
