34.0 APEX_CODE,FINEST;APEX_PROFILING,INFO;CALLOUT,INFO;DB,INFO;NBA,INFO;SYSTEM,DEBUG;VALIDATION,INFO;VISUALFORCE,INFO;WAVE,INFO;WORKFLOW,INFO
12:53:04.0 (418712)|USER_INFO|[EXTERNAL]|0051H000008yiOQ|pavel@topengineer.io|Pacific Standard Time|GMT-07:00
12:53:04.0 (455993)|EXECUTION_STARTED
12:53:04.0 (460051)|CODE_UNIT_STARTED|[EXTERNAL]|0661H000002Q8fN|VF: /apex/Potential_Manager
12:53:04.0 (3080041)|SYSTEM_MODE_ENTER|true
12:53:04.0 (3469407)|HEAP_ALLOCATE|[72]|Bytes:3
12:53:04.0 (3533283)|HEAP_ALLOCATE|[77]|Bytes:152
12:53:04.0 (3554816)|HEAP_ALLOCATE|[342]|Bytes:408
12:53:04.0 (3587815)|HEAP_ALLOCATE|[355]|Bytes:408
12:53:04.0 (3601039)|HEAP_ALLOCATE|[467]|Bytes:48
12:53:04.0 (3628136)|HEAP_ALLOCATE|[139]|Bytes:6
12:53:04.0 (3647572)|HEAP_ALLOCATE|[EXTERNAL]|Bytes:148
12:53:04.0 (3692452)|HEAP_ALLOCATE|[EXTERNAL]|Bytes:16
12:53:04.0 (3709324)|METHOD_ENTRY|[1]|01p1H000005w2NJ|potential_Manager.potential_Manager()
12:53:04.0 (3718037)|STATEMENT_EXECUTE|[1]
12:53:04.0 (3723363)|STATEMENT_EXECUTE|[1]
12:53:04.0 (3757492)|HEAP_ALLOCATE|[50]|Bytes:5
12:53:04.0 (3781346)|HEAP_ALLOCATE|[56]|Bytes:5
12:53:04.0 (3790161)|HEAP_ALLOCATE|[64]|Bytes:7
12:53:04.0 (3807136)|SYSTEM_MODE_ENTER|false
12:53:04.0 (3819755)|HEAP_ALLOCATE|[EXTERNAL]|Bytes:5
12:53:04.0 (3827705)|SYSTEM_MODE_EXIT|false
12:53:04.0 (3837411)|METHOD_EXIT|[1]|potential_Manager
12:53:04.0 (3943863)|HEAP_ALLOCATE|[EXTERNAL]|Bytes:16
12:53:04.0 (3963002)|VARIABLE_SCOPE_BEGIN|[8]|this|potential_Manager|true|false
12:53:04.0 (4154797)|VARIABLE_ASSIGNMENT|[8]|this|{}|0x57702393
12:53:04.0 (4172617)|SYSTEM_MODE_ENTER|false
12:53:04.0 (4180595)|HEAP_ALLOCATE|[9]|Bytes:5
12:53:04.0 (4186265)|STATEMENT_EXECUTE|[1]
12:53:04.0 (4189499)|HEAP_ALLOCATE|[9]|Bytes:5
12:53:04.0 (4192835)|STATEMENT_EXECUTE|[4]
12:53:04.0 (4194386)|STATEMENT_EXECUTE|[5]
12:53:04.0 (4195778)|STATEMENT_EXECUTE|[6]
12:53:04.0 (4206605)|HEAP_ALLOCATE|[9]|Bytes:6
12:53:04.0 (4252717)|STATEMENT_EXECUTE|[8]
12:53:04.0 (4254957)|STATEMENT_EXECUTE|[9]
12:53:04.0 (4279424)|HEAP_ALLOCATE|[9]|Bytes:4
12:53:04.0 (4441545)|VARIABLE_ASSIGNMENT|[EXTERNAL]|this|{}|0x57702393
12:53:04.0 (4458084)|VARIABLE_ASSIGNMENT|[EXTERNAL]|value|{}|0x68f9bbb0
12:53:04.0 (4472677)|VARIABLE_ASSIGNMENT|[4]|this.placeholderPotential|{}|0x57702393
12:53:04.0 (4484867)|STATEMENT_EXECUTE|[10]
12:53:04.0 (4499382)|HEAP_ALLOCATE|[10]|Bytes:4
12:53:04.0 (4595515)|VARIABLE_ASSIGNMENT|[EXTERNAL]|this|{"placeholderPotential":"0x68f9bbb0"}|0x57702393
12:53:04.0 (4608159)|HEAP_ALLOCATE|[EXTERNAL]|Bytes:4
12:53:04.0 (4618681)|VARIABLE_ASSIGNMENT|[EXTERNAL]|value|[]|0x10d29ba1
12:53:04.0 (4629899)|VARIABLE_ASSIGNMENT|[5]|this.accountPotentials|[]|0x57702393
12:53:04.0 (4639326)|STATEMENT_EXECUTE|[11]
12:53:04.0 (4647412)|HEAP_ALLOCATE|[11]|Bytes:4
12:53:04.0 (4688349)|VARIABLE_ASSIGNMENT|[EXTERNAL]|this|{"accountPotentials":"0x10d29ba1","placeholderPotential":"0x68f9bbb0"}|0x57702393
12:53:04.0 (4697543)|HEAP_ALLOCATE|[EXTERNAL]|Bytes:4
12:53:04.0 (4703522)|VARIABLE_ASSIGNMENT|[EXTERNAL]|value|[]|0x28d164b
12:53:04.0 (4712857)|VARIABLE_ASSIGNMENT|[6]|this.accountPot|[]|0x57702393
12:53:04.0 (4724525)|SYSTEM_MODE_EXIT|false
12:53:04.0 (5914697)|VF_SERIALIZE_VIEWSTATE_BEGIN|0661H000002Q8fN
12:53:04.0 (7581616)|VF_SERIALIZE_VIEWSTATE_END
12:53:04.9 (9740715)|CUMULATIVE_LIMIT_USAGE
12:53:04.9 (9740715)|LIMIT_USAGE_FOR_NS|(default)|
  Number of SOQL queries: 0 out of 100
  Number of query rows: 0 out of 50000
  Number of SOSL queries: 0 out of 20
  Number of DML statements: 0 out of 150
  Number of DML rows: 0 out of 10000
  Maximum CPU time: 0 out of 10000
  Maximum heap size: 0 out of 6000000
  Number of callouts: 0 out of 100
  Number of Email Invocations: 0 out of 10
  Number of future calls: 0 out of 50
  Number of queueable jobs added to the queue: 0 out of 50
  Number of Mobile Apex push calls: 0 out of 10

12:53:04.9 (9740715)|CUMULATIVE_LIMIT_USAGE_END

12:53:04.0 (9782515)|CODE_UNIT_FINISHED|VF: /apex/Potential_Manager
12:53:04.0 (10517403)|EXECUTION_FINISHED
