34.0 APEX_CODE,FINEST;APEX_PROFILING,INFO;CALLOUT,INFO;DB,INFO;NBA,INFO;SYSTEM,DEBUG;VALIDATION,INFO;VISUALFORCE,INFO;WAVE,INFO;WORKFLOW,INFO
14:26:22.0 (287981)|USER_INFO|[EXTERNAL]|0051H000008yiOQ|pavel@topengineer.io|Pacific Standard Time|GMT-07:00
14:26:22.0 (445024)|EXECUTION_STARTED
14:26:22.0 (450317)|CODE_UNIT_STARTED|[EXTERNAL]|0661H000002Q8fN|VF: /apex/Potential_Manager
14:26:22.0 (2898193)|SYSTEM_MODE_ENTER|true
14:26:22.0 (3408766)|HEAP_ALLOCATE|[72]|Bytes:3
14:26:22.0 (3462260)|HEAP_ALLOCATE|[77]|Bytes:152
14:26:22.0 (3478062)|HEAP_ALLOCATE|[342]|Bytes:408
14:26:22.0 (3492210)|HEAP_ALLOCATE|[355]|Bytes:408
14:26:22.0 (3502980)|HEAP_ALLOCATE|[467]|Bytes:48
14:26:22.0 (3528869)|HEAP_ALLOCATE|[139]|Bytes:6
14:26:22.0 (3543899)|HEAP_ALLOCATE|[EXTERNAL]|Bytes:148
14:26:22.0 (3561558)|HEAP_ALLOCATE|[EXTERNAL]|Bytes:16
14:26:22.0 (3584857)|METHOD_ENTRY|[1]|01p1H000005w2NJ|potential_Manager.potential_Manager()
14:26:22.0 (3593245)|STATEMENT_EXECUTE|[1]
14:26:22.0 (3599819)|STATEMENT_EXECUTE|[1]
14:26:22.0 (3632056)|HEAP_ALLOCATE|[50]|Bytes:5
14:26:22.0 (3654186)|HEAP_ALLOCATE|[56]|Bytes:5
14:26:22.0 (3661447)|HEAP_ALLOCATE|[64]|Bytes:7
14:26:22.0 (3676603)|SYSTEM_MODE_ENTER|false
14:26:22.0 (3688072)|HEAP_ALLOCATE|[EXTERNAL]|Bytes:5
14:26:22.0 (3695200)|SYSTEM_MODE_EXIT|false
14:26:22.0 (3713584)|METHOD_EXIT|[1]|potential_Manager
14:26:22.0 (3806685)|HEAP_ALLOCATE|[EXTERNAL]|Bytes:16
14:26:22.0 (3818224)|VARIABLE_SCOPE_BEGIN|[8]|this|potential_Manager|true|false
14:26:22.0 (3878255)|VARIABLE_ASSIGNMENT|[8]|this|{}|0x91aaa84
14:26:22.0 (3893056)|SYSTEM_MODE_ENTER|false
14:26:22.0 (3900162)|HEAP_ALLOCATE|[9]|Bytes:5
14:26:22.0 (3904799)|STATEMENT_EXECUTE|[1]
14:26:22.0 (3907894)|HEAP_ALLOCATE|[9]|Bytes:5
14:26:22.0 (3910858)|STATEMENT_EXECUTE|[4]
14:26:22.0 (3912595)|STATEMENT_EXECUTE|[5]
14:26:22.0 (3914063)|STATEMENT_EXECUTE|[6]
14:26:22.0 (3922997)|HEAP_ALLOCATE|[9]|Bytes:6
14:26:22.0 (3956986)|STATEMENT_EXECUTE|[8]
14:26:22.0 (3958947)|STATEMENT_EXECUTE|[9]
14:26:22.0 (3978570)|HEAP_ALLOCATE|[9]|Bytes:4
14:26:22.0 (4144877)|VARIABLE_ASSIGNMENT|[EXTERNAL]|this|{}|0x91aaa84
14:26:22.0 (4164287)|VARIABLE_ASSIGNMENT|[EXTERNAL]|value|{}|0x753db299
14:26:22.0 (4178575)|VARIABLE_ASSIGNMENT|[4]|this.placeholderPotential|{}|0x91aaa84
14:26:22.0 (4207871)|STATEMENT_EXECUTE|[10]
14:26:22.0 (4223786)|HEAP_ALLOCATE|[10]|Bytes:4
14:26:22.0 (4349244)|VARIABLE_ASSIGNMENT|[EXTERNAL]|this|{"placeholderPotential":"0x753db299"}|0x91aaa84
14:26:22.0 (4362564)|HEAP_ALLOCATE|[EXTERNAL]|Bytes:4
14:26:22.0 (4374259)|VARIABLE_ASSIGNMENT|[EXTERNAL]|value|[]|0x12ac58b
14:26:22.0 (4386092)|VARIABLE_ASSIGNMENT|[5]|this.accountPotentials|[]|0x91aaa84
14:26:22.0 (4395704)|STATEMENT_EXECUTE|[11]
14:26:22.0 (4402670)|HEAP_ALLOCATE|[11]|Bytes:4
14:26:22.0 (4441459)|VARIABLE_ASSIGNMENT|[EXTERNAL]|this|{"accountPotentials":"0x12ac58b","placeholderPotential":"0x753db299"}|0x91aaa84
14:26:22.0 (4451061)|HEAP_ALLOCATE|[EXTERNAL]|Bytes:4
14:26:22.0 (4457135)|VARIABLE_ASSIGNMENT|[EXTERNAL]|value|[]|0x75c19954
14:26:22.0 (4466742)|VARIABLE_ASSIGNMENT|[6]|this.accountPot|[]|0x91aaa84
14:26:22.0 (4477788)|SYSTEM_MODE_EXIT|false
14:26:22.0 (5538295)|VF_SERIALIZE_VIEWSTATE_BEGIN|0661H000002Q8fN
14:26:22.0 (7079868)|VF_SERIALIZE_VIEWSTATE_END
14:26:22.8 (8965684)|CUMULATIVE_LIMIT_USAGE
14:26:22.8 (8965684)|LIMIT_USAGE_FOR_NS|(default)|
  Number of SOQL queries: 0 out of 100
  Number of query rows: 0 out of 50000
  Number of SOSL queries: 0 out of 20
  Number of DML statements: 0 out of 150
  Number of DML rows: 0 out of 10000
  Maximum CPU time: 0 out of 10000
  Maximum heap size: 0 out of 6000000
  Number of callouts: 0 out of 100
  Number of Email Invocations: 0 out of 10
  Number of future calls: 0 out of 50
  Number of queueable jobs added to the queue: 0 out of 50
  Number of Mobile Apex push calls: 0 out of 10

14:26:22.8 (8965684)|CUMULATIVE_LIMIT_USAGE_END

14:26:22.0 (9005932)|CODE_UNIT_FINISHED|VF: /apex/Potential_Manager
14:26:22.0 (9705868)|EXECUTION_FINISHED
