43.0 APEX_CODE,FINEST;APEX_PROFILING,INFO;CALLOUT,INFO;DB,INFO;NBA,INFO;SYSTEM,DEBUG;VALIDATION,INFO;VISUALFORCE,INFO;WAVE,INFO;WORKFLOW,INFO
21:25:26.0 (448270)|USER_INFO|[EXTERNAL]|0051H000008yiOQ|pavel@topengineer.io|Pacific Standard Time|GMT-07:00
21:25:26.0 (500187)|EXECUTION_STARTED
21:25:26.0 (509017)|CODE_UNIT_STARTED|[EXTERNAL]|Aura
21:25:26.0 (2207912)|CODE_UNIT_STARTED|[EXTERNAL]|01p1H000007eSqs|D3ChartsController.getData()
21:25:26.0 (2462999)|HEAP_ALLOCATE|[72]|Bytes:3
21:25:26.0 (2532250)|HEAP_ALLOCATE|[77]|Bytes:152
21:25:26.0 (2553763)|HEAP_ALLOCATE|[342]|Bytes:408
21:25:26.0 (2567516)|HEAP_ALLOCATE|[355]|Bytes:408
21:25:26.0 (2579314)|HEAP_ALLOCATE|[467]|Bytes:48
21:25:26.0 (2605066)|HEAP_ALLOCATE|[139]|Bytes:6
21:25:26.0 (2621797)|HEAP_ALLOCATE|[EXTERNAL]|Bytes:4
21:25:26.0 (2669452)|METHOD_ENTRY|[1]|01p1H000007eSqs|D3ChartsController.D3ChartsController()
21:25:26.0 (2699571)|STATEMENT_EXECUTE|[1]
21:25:26.0 (2706051)|STATEMENT_EXECUTE|[1]
21:25:26.0 (2714756)|METHOD_EXIT|[1]|D3ChartsController
21:25:26.0 (2734926)|SYSTEM_MODE_ENTER|false
21:25:26.0 (2771366)|STATEMENT_EXECUTE|[4]
21:25:26.0 (2774481)|STATEMENT_EXECUTE|[6]
21:25:26.0 (2786352)|HEAP_ALLOCATE|[6]|Bytes:4
21:25:26.0 (2893121)|VARIABLE_SCOPE_BEGIN|[6]|lstData|List<Integer>|true|false
21:25:26.0 (2927310)|HEAP_ALLOCATE|[EXTERNAL]|Bytes:4
21:25:26.0 (3080269)|VARIABLE_ASSIGNMENT|[6]|lstData|[]|0x4b0218a
21:25:26.0 (3090444)|STATEMENT_EXECUTE|[7]
21:25:26.0 (3137394)|HEAP_ALLOCATE|[7]|Bytes:4
21:25:26.0 (3153994)|HEAP_ALLOCATE|[EXTERNAL]|Bytes:4
21:25:26.0 (3175494)|STATEMENT_EXECUTE|[8]
21:25:26.0 (3187260)|SYSTEM_MODE_EXIT|false
21:25:26.3 (3239194)|CUMULATIVE_LIMIT_USAGE
21:25:26.3 (3239194)|LIMIT_USAGE_FOR_NS|(default)|
  Number of SOQL queries: 0 out of 100
  Number of query rows: 0 out of 50000
  Number of SOSL queries: 0 out of 20
  Number of DML statements: 0 out of 150
  Number of DML rows: 0 out of 10000
  Maximum CPU time: 0 out of 10000
  Maximum heap size: 0 out of 6000000
  Number of callouts: 0 out of 100
  Number of Email Invocations: 0 out of 10
  Number of future calls: 0 out of 50
  Number of queueable jobs added to the queue: 0 out of 50
  Number of Mobile Apex push calls: 0 out of 10

21:25:26.3 (3239194)|CUMULATIVE_LIMIT_USAGE_END

21:25:26.0 (3291724)|CODE_UNIT_FINISHED|D3ChartsController.getData()
21:25:26.0 (3396422)|CODE_UNIT_FINISHED|Aura
21:25:26.0 (4290515)|EXECUTION_FINISHED
