34.0 APEX_CODE,FINEST;APEX_PROFILING,INFO;CALLOUT,INFO;DB,INFO;NBA,INFO;SYSTEM,DEBUG;VALIDATION,INFO;VISUALFORCE,INFO;WAVE,INFO;WORKFLOW,INFO
12:07:47.0 (618699)|USER_INFO|[EXTERNAL]|0051H000008yiOQ|pavel@topengineer.io|Pacific Standard Time|GMT-07:00
12:07:47.0 (839539)|EXECUTION_STARTED
12:07:47.0 (845664)|CODE_UNIT_STARTED|[EXTERNAL]|0661H000002ugfO|VF: /apex/CustomerEvangelist
12:07:47.0 (1503628)|VF_DESERIALIZE_VIEWSTATE_BEGIN|0661H000002ugfO
12:07:47.0 (19588522)|HEAP_ALLOCATE|[72]|Bytes:3
12:07:47.0 (19653378)|HEAP_ALLOCATE|[77]|Bytes:152
12:07:47.0 (19669888)|HEAP_ALLOCATE|[342]|Bytes:408
12:07:47.0 (19685418)|HEAP_ALLOCATE|[355]|Bytes:408
12:07:47.0 (19696397)|HEAP_ALLOCATE|[467]|Bytes:48
12:07:47.0 (19729545)|HEAP_ALLOCATE|[139]|Bytes:6
12:07:47.0 (22823991)|VF_DESERIALIZE_VIEWSTATE_END
12:07:47.0 (24139833)|SYSTEM_MODE_ENTER|true
12:07:47.0 (24306449)|HEAP_ALLOCATE|[EXTERNAL]|Bytes:176
12:07:47.0 (24337017)|HEAP_ALLOCATE|[EXTERNAL]|Bytes:16
12:07:47.0 (24368355)|METHOD_ENTRY|[1]|01p1H000006LIeu|CustomerEvangelist.CustomerEvangelist()
12:07:47.0 (24377229)|STATEMENT_EXECUTE|[1]
12:07:47.0 (24386045)|STATEMENT_EXECUTE|[1]
12:07:47.0 (24447894)|HEAP_ALLOCATE|[50]|Bytes:5
12:07:47.0 (24475954)|HEAP_ALLOCATE|[56]|Bytes:5
12:07:47.0 (24486082)|HEAP_ALLOCATE|[64]|Bytes:7
12:07:47.0 (24522350)|SYSTEM_MODE_ENTER|false
12:07:47.0 (24535955)|HEAP_ALLOCATE|[EXTERNAL]|Bytes:5
12:07:47.0 (24543939)|SYSTEM_MODE_EXIT|false
12:07:47.0 (24566698)|METHOD_EXIT|[1]|CustomerEvangelist
12:07:47.0 (36460988)|HEAP_ALLOCATE|[EXTERNAL]|Bytes:20
12:07:47.0 (36485427)|VARIABLE_SCOPE_BEGIN|[16]|this|CustomerEvangelist|true|false
12:07:47.0 (36574217)|VARIABLE_ASSIGNMENT|[16]|this|{"accountContacts":"0x414bf934","placeholderContact":"0x144d0467"}|0x4f918bb
12:07:47.0 (36596828)|SYSTEM_MODE_ENTER|false
12:07:47.0 (36610764)|HEAP_ALLOCATE|[17]|Bytes:5
12:07:47.0 (36618604)|STATEMENT_EXECUTE|[16]
12:07:47.0 (36625889)|STATEMENT_EXECUTE|[17]
12:07:47.0 (36689366)|METHOD_ENTRY|[17]|01p1H000006LIeu|CustomerEvangelist.refreshContacts()
12:07:47.0 (36724214)|VARIABLE_SCOPE_BEGIN|[22]|this|CustomerEvangelist|true|false
12:07:47.0 (36750179)|VARIABLE_ASSIGNMENT|[22]|this|{"accountContacts":"0x414bf934","placeholderContact":"0x144d0467"}|0x4f918bb
12:07:47.0 (36762548)|HEAP_ALLOCATE|[24]|Bytes:5
12:07:47.0 (36767647)|STATEMENT_EXECUTE|[22]
12:07:47.0 (36769299)|STATEMENT_EXECUTE|[24]
12:07:47.0 (36772669)|HEAP_ALLOCATE|[24]|Bytes:48
12:07:47.0 (36798541)|HEAP_ALLOCATE|[24]|Bytes:4
12:07:47.0 (36826660)|HEAP_ALLOCATE|[24]|Bytes:7
12:07:47.0 (36868116)|VARIABLE_ASSIGNMENT|[EXTERNAL]|this|{"accountContacts":"0x414bf934","placeholderContact":"0x144d0467"}|0x4f918bb
12:07:47.0 (38951784)|SOQL_EXECUTE_BEGIN|[24]|Aggregations:0|SELECT id, Name FROM Account WHERE id = :tmpVar1
12:07:47.0 (45469380)|SOQL_EXECUTE_END|[24]|Rows:1
12:07:47.0 (45506193)|HEAP_ALLOCATE|[24]|Bytes:8
12:07:47.0 (45527525)|HEAP_ALLOCATE|[24]|Bytes:48
12:07:47.0 (45585326)|HEAP_ALLOCATE|[24]|Bytes:8
12:07:47.0 (45607593)|HEAP_ALLOCATE|[24]|Bytes:33
12:07:47.0 (45687179)|HEAP_ALLOCATE|[24]|Bytes:12
12:07:47.0 (45768154)|VARIABLE_ASSIGNMENT|[EXTERNAL]|this|{"accountContacts":"0x414bf934","placeholderContact":"0x144d0467"}|0x4f918bb
12:07:47.0 (45879983)|VARIABLE_ASSIGNMENT|[24]|this.Account|{"Id":"0011H00001QiDMrQAN","Name":"Exxon Mobil"}|0x144d0467
12:07:47.0 (45889253)|STATEMENT_EXECUTE|[29]
12:07:47.0 (45894277)|HEAP_ALLOCATE|[29]|Bytes:141
12:07:47.0 (45914851)|HEAP_ALLOCATE|[29]|Bytes:4
12:07:47.0 (47747433)|SOQL_EXECUTE_BEGIN|[29]|Aggregations:2|SELECT Name, (SELECT FirstName, LastName FROM Contacts), (SELECT Product__c FROM AccountPurchased__r) FROM Account WHERE Name = 'Exxon Mobil'
12:07:47.0 (66838700)|SOQL_EXECUTE_END|[29]|Rows:1
12:07:47.0 (66893825)|HEAP_ALLOCATE|[29]|Bytes:8
12:07:47.0 (66934975)|HEAP_ALLOCATE|[29]|Bytes:676
12:07:47.0 (66972303)|HEAP_ALLOCATE|[29]|Bytes:8
12:07:47.0 (67095529)|VARIABLE_ASSIGNMENT|[EXTERNAL]|this|{"accountContacts":"0x414bf934","placeholderContact":"0x144d0467"}|0x4f918bb
12:07:47.0 (67178588)|VARIABLE_ASSIGNMENT|[EXTERNAL]|value|[{"Name":"Exxon Mobil","Id":"0011H00001QiDMrQAN","AccountPurchased__r":[{"Account__c":"0011H00001QiDMrQAN","Id":"a031H00000M5yPgQAJ","Product__c":"Sales"},{"Account__c":"0011H00001QiDMrQAN","Id":"a031H00000M5yPWQAZ","Product__c":"Service"},{"Account__c":"0011H00001QiDMrQAN","Id":"a031H00000M5yPMQAZ","Product__c":"Mobile"},{"Account__c":"0011H00001QiDMrQAN","Id":"a031H00000M5yPRQAZ","Product__c":"Work.com"},{"Account__c":"0011H00001QiDMrQAN","Id":"a031H00000M5yPbQAJ","Product__c":"Platform"},{"Account__c":"0011H00001QiDMrQAN","Id":"a031H00000M5yPlQAJ","Product__c":"Service Cloud"}],"Contacts":[{"AccountId":"0011H00001QiDMrQAN","Id":"0031H00001rgbsaQAA","FirstName":"Justin","LastName":"Tweed"}]}]|0x57e262e1
12:07:47.0 (67259750)|VARIABLE_ASSIGNMENT|[7]|this.accountAccount|[{"Name":"Exxon Mobil","Id":"0011H00001QiDMrQAN","AccountPurchased__r":[{"Account__c":"0011H00001QiDMrQAN","Id":"a031H00000M5yPgQAJ","Product__c":"Sales"},{"Account__c":"0011H00001QiDMrQAN","Id":"a031H00000M5yPWQAZ","Product__c":"Service"},{"Account__c":"0011H00001QiDMrQAN","Id":"a031H00000M5yPMQAZ","Product__c":"Mobile"},{"Account__c":"0011H00001QiDMrQAN","Id":"a031H00000M5yPRQAZ","Product__c":"Work.com"},{"Account__c":"0011H00001QiDMrQAN","Id":"a031H00000M5yPbQAJ","Product__c":"Platform"},{"Account__c":"0011H00001QiDMrQAN","Id":"a031H00000M5yPlQAJ","Product__c":"Service Cloud"}],"Contacts":[{"AccountId":"0011H00001QiDMrQAN","Id":"0031H00001rgbsaQAA","FirstName":"Justin","LastName":"Tweed"}]}]|0x4f918bb
12:07:47.0 (67303782)|METHOD_EXIT|[17]|01p1H000006LIeu|CustomerEvangelist.refreshContacts()
12:07:47.0 (67312812)|SYSTEM_MODE_EXIT|false
12:07:47.70 (70211930)|SYSTEM_MODE_ENTER|true
12:07:47.70 (70364112)|HEAP_ALLOCATE|[EXTERNAL]|Bytes:38
12:07:47.70 (70376981)|HEAP_ALLOCATE|[EXTERNAL]|Bytes:7
12:07:47.70 (70616461)|SYSTEM_MODE_ENTER|true
12:07:47.70 (70659335)|HEAP_ALLOCATE|[EXTERNAL]|Bytes:8
12:07:47.70 (70667637)|VARIABLE_SCOPE_BEGIN|[2]|this|ApexPage.PageMessagesComponentController|true|false
12:07:47.70 (70734158)|VARIABLE_ASSIGNMENT|[2]|this|{}|0x561860e6
12:07:47.0 (71685907)|SYSTEM_MODE_ENTER|true
12:07:47.0 (75408632)|SYSTEM_MODE_ENTER|true
12:07:47.0 (81959135)|VF_SERIALIZE_VIEWSTATE_BEGIN|0661H000002ugfO
12:07:47.0 (85995720)|VF_SERIALIZE_VIEWSTATE_END
12:07:47.89 (89081647)|CUMULATIVE_LIMIT_USAGE
12:07:47.89 (89081647)|LIMIT_USAGE_FOR_NS|(default)|
  Number of SOQL queries: 2 out of 100
  Number of query rows: 9 out of 50000
  Number of SOSL queries: 0 out of 20
  Number of DML statements: 0 out of 150
  Number of DML rows: 0 out of 10000
  Maximum CPU time: 0 out of 10000
  Maximum heap size: 0 out of 6000000
  Number of callouts: 0 out of 100
  Number of Email Invocations: 0 out of 10
  Number of future calls: 0 out of 50
  Number of queueable jobs added to the queue: 0 out of 50
  Number of Mobile Apex push calls: 0 out of 10

12:07:47.89 (89081647)|CUMULATIVE_LIMIT_USAGE_END

12:07:47.0 (89162253)|CODE_UNIT_FINISHED|VF: /apex/CustomerEvangelist
12:07:47.0 (90075797)|EXECUTION_FINISHED
