43.0 APEX_CODE,FINEST;APEX_PROFILING,INFO;CALLOUT,INFO;DB,INFO;NBA,INFO;SYSTEM,DEBUG;VALIDATION,INFO;VISUALFORCE,INFO;WAVE,INFO;WORKFLOW,INFO
13:44:11.0 (83408)|USER_INFO|[EXTERNAL]|0051H000008yiOQ|pavel@topengineer.io|Pacific Standard Time|GMT-07:00
13:44:11.0 (115722)|EXECUTION_STARTED
13:44:11.0 (119310)|CODE_UNIT_STARTED|[EXTERNAL]|Aura
13:44:11.0 (1111648)|CODE_UNIT_STARTED|[EXTERNAL]|01p1H000007eSqs|D3ChartsController.selectPot()
13:44:11.0 (1277160)|HEAP_ALLOCATE|[72]|Bytes:3
13:44:11.0 (1336658)|HEAP_ALLOCATE|[77]|Bytes:152
13:44:11.0 (1349460)|HEAP_ALLOCATE|[342]|Bytes:408
13:44:11.0 (1362201)|HEAP_ALLOCATE|[355]|Bytes:408
13:44:11.0 (1372976)|HEAP_ALLOCATE|[467]|Bytes:48
13:44:11.0 (1414891)|HEAP_ALLOCATE|[139]|Bytes:6
13:44:11.0 (1456679)|HEAP_ALLOCATE|[EXTERNAL]|Bytes:7
13:44:11.0 (1498790)|METHOD_ENTRY|[1]|01p1H000007eSqs|D3ChartsController.D3ChartsController()
13:44:11.0 (1506237)|STATEMENT_EXECUTE|[1]
13:44:11.0 (1510745)|STATEMENT_EXECUTE|[1]
13:44:11.0 (1526925)|METHOD_EXIT|[1]|D3ChartsController
13:44:11.0 (1538897)|SYSTEM_MODE_ENTER|false
13:44:11.0 (1654689)|STATEMENT_EXECUTE|[14]
13:44:11.0 (1656861)|STATEMENT_EXECUTE|[16]
13:44:11.0 (1660058)|HEAP_ALLOCATE|[16]|Bytes:65
13:44:11.0 (1675740)|HEAP_ALLOCATE|[16]|Bytes:4
13:44:11.0 (1713097)|HEAP_ALLOCATE|[50]|Bytes:5
13:44:11.0 (1730384)|HEAP_ALLOCATE|[56]|Bytes:5
13:44:11.0 (1737480)|HEAP_ALLOCATE|[64]|Bytes:7
13:44:11.0 (1987518)|SOQL_EXECUTE_BEGIN|[16]|Aggregations:0|SELECT product__c, potential__c, probability__c FROM Potential__c
13:44:11.0 (3872761)|SOQL_EXECUTE_END|[16]|Rows:10
13:44:11.0 (3895178)|HEAP_ALLOCATE|[16]|Bytes:44
13:44:11.0 (3929927)|HEAP_ALLOCATE|[16]|Bytes:1568
13:44:11.0 (4001363)|HEAP_ALLOCATE|[16]|Bytes:44
13:44:11.0 (4031411)|SYSTEM_MODE_EXIT|false
13:44:11.4 (4051788)|CUMULATIVE_LIMIT_USAGE
13:44:11.4 (4051788)|LIMIT_USAGE_FOR_NS|(default)|
  Number of SOQL queries: 1 out of 100
  Number of query rows: 10 out of 50000
  Number of SOSL queries: 0 out of 20
  Number of DML statements: 0 out of 150
  Number of DML rows: 0 out of 10000
  Maximum CPU time: 0 out of 10000
  Maximum heap size: 0 out of 6000000
  Number of callouts: 0 out of 100
  Number of Email Invocations: 0 out of 10
  Number of future calls: 0 out of 50
  Number of queueable jobs added to the queue: 0 out of 50
  Number of Mobile Apex push calls: 0 out of 10

13:44:11.4 (4051788)|CUMULATIVE_LIMIT_USAGE_END

13:44:11.0 (4088235)|CODE_UNIT_FINISHED|D3ChartsController.selectPot()
13:44:11.0 (4235146)|CODE_UNIT_FINISHED|Aura
13:44:11.0 (5296226)|EXECUTION_FINISHED
13:44:11.12 (12949700)|USER_INFO|[EXTERNAL]|0051H000008yiOQ|pavel@topengineer.io|Pacific Standard Time|GMT-07:00
13:44:11.12 (12964612)|EXECUTION_STARTED
13:44:11.12 (12968047)|CODE_UNIT_STARTED|[EXTERNAL]|Aura
13:44:11.12 (13829895)|CODE_UNIT_STARTED|[EXTERNAL]|01p1H000007eSqs|D3ChartsController.selectPurchased()
13:44:11.12 (13887166)|SYSTEM_MODE_ENTER|false
13:44:11.12 (13899964)|STATEMENT_EXECUTE|[22]
13:44:11.12 (13902906)|STATEMENT_EXECUTE|[24]
13:44:11.12 (13908096)|HEAP_ALLOCATE|[24]|Bytes:283
13:44:11.12 (13924885)|HEAP_ALLOCATE|[24]|Bytes:4
13:44:11.12 (14984539)|SOQL_EXECUTE_BEGIN|[24]|Aggregations:2|SELECT Name, NumberOfEmployees, BillingAddress, Industry, (SELECT FirstName, LastName FROM Contacts), (SELECT Product__c FROM AccountPurchased__r) FROM Account WHERE (NumberOfEmployees > 10000 AND (Name = 'AXA' OR Name = 'Exxon Mobil' OR Name = 'General Electric' OR Name = 'Apple'))
13:44:11.12 (25385994)|SOQL_EXECUTE_END|[24]|Rows:4
13:44:11.12 (25437163)|HEAP_ALLOCATE|[24]|Bytes:20
13:44:11.12 (25496543)|HEAP_ALLOCATE|[24]|Bytes:2062
13:44:11.12 (25575282)|HEAP_ALLOCATE|[24]|Bytes:20
13:44:11.12 (25594195)|SYSTEM_MODE_EXIT|false
13:44:11.25 (25615595)|CUMULATIVE_LIMIT_USAGE
13:44:11.25 (25615595)|LIMIT_USAGE_FOR_NS|(default)|
  Number of SOQL queries: 2 out of 100
  Number of query rows: 32 out of 50000
  Number of SOSL queries: 0 out of 20
  Number of DML statements: 0 out of 150
  Number of DML rows: 0 out of 10000
  Maximum CPU time: 0 out of 10000
  Maximum heap size: 0 out of 6000000
  Number of callouts: 0 out of 100
  Number of Email Invocations: 0 out of 10
  Number of future calls: 0 out of 50
  Number of queueable jobs added to the queue: 0 out of 50
  Number of Mobile Apex push calls: 0 out of 10

13:44:11.25 (25615595)|CUMULATIVE_LIMIT_USAGE_END

13:44:11.12 (25654810)|CODE_UNIT_FINISHED|D3ChartsController.selectPurchased()
13:44:11.12 (25940145)|CODE_UNIT_FINISHED|Aura
13:44:11.12 (27040366)|EXECUTION_FINISHED
