34.0 APEX_CODE,FINEST;APEX_PROFILING,INFO;CALLOUT,INFO;DB,INFO;NBA,INFO;SYSTEM,DEBUG;VALIDATION,INFO;VISUALFORCE,INFO;WAVE,INFO;WORKFLOW,INFO
13:35:20.0 (406654)|USER_INFO|[EXTERNAL]|0051H000008yiOQ|pavel@topengineer.io|Pacific Standard Time|GMT-07:00
13:35:20.0 (446500)|EXECUTION_STARTED
13:35:20.0 (451377)|CODE_UNIT_STARTED|[EXTERNAL]|0661H000002Q8fN|VF: /apex/Potential_Manager
13:35:20.0 (3535828)|SYSTEM_MODE_ENTER|true
13:35:20.0 (4154549)|HEAP_ALLOCATE|[72]|Bytes:3
13:35:20.0 (4222915)|HEAP_ALLOCATE|[77]|Bytes:152
13:35:20.0 (4241381)|HEAP_ALLOCATE|[342]|Bytes:408
13:35:20.0 (4254438)|HEAP_ALLOCATE|[355]|Bytes:408
13:35:20.0 (4268400)|HEAP_ALLOCATE|[467]|Bytes:48
13:35:20.0 (4296829)|HEAP_ALLOCATE|[139]|Bytes:6
13:35:20.0 (4312481)|HEAP_ALLOCATE|[EXTERNAL]|Bytes:148
13:35:20.0 (4330105)|HEAP_ALLOCATE|[EXTERNAL]|Bytes:16
13:35:20.0 (4354672)|METHOD_ENTRY|[1]|01p1H000005w2NJ|potential_Manager.potential_Manager()
13:35:20.0 (4362161)|STATEMENT_EXECUTE|[1]
13:35:20.0 (4367323)|STATEMENT_EXECUTE|[1]
13:35:20.0 (4404240)|HEAP_ALLOCATE|[50]|Bytes:5
13:35:20.0 (4429727)|HEAP_ALLOCATE|[56]|Bytes:5
13:35:20.0 (4437609)|HEAP_ALLOCATE|[64]|Bytes:7
13:35:20.0 (4453435)|SYSTEM_MODE_ENTER|false
13:35:20.0 (4469674)|HEAP_ALLOCATE|[EXTERNAL]|Bytes:5
13:35:20.0 (4478846)|SYSTEM_MODE_EXIT|false
13:35:20.0 (4498423)|METHOD_EXIT|[1]|potential_Manager
13:35:20.0 (4617324)|HEAP_ALLOCATE|[EXTERNAL]|Bytes:16
13:35:20.0 (4628865)|VARIABLE_SCOPE_BEGIN|[8]|this|potential_Manager|true|false
13:35:20.0 (4761982)|VARIABLE_ASSIGNMENT|[8]|this|{}|0x609d6416
13:35:20.0 (4780475)|SYSTEM_MODE_ENTER|false
13:35:20.0 (4787769)|HEAP_ALLOCATE|[9]|Bytes:5
13:35:20.0 (4792718)|STATEMENT_EXECUTE|[1]
13:35:20.0 (4795668)|HEAP_ALLOCATE|[9]|Bytes:5
13:35:20.0 (4798527)|STATEMENT_EXECUTE|[4]
13:35:20.0 (4800286)|STATEMENT_EXECUTE|[5]
13:35:20.0 (4801677)|STATEMENT_EXECUTE|[6]
13:35:20.0 (4809840)|HEAP_ALLOCATE|[9]|Bytes:6
13:35:20.0 (4845156)|STATEMENT_EXECUTE|[8]
13:35:20.0 (4847873)|STATEMENT_EXECUTE|[9]
13:35:20.0 (4877125)|HEAP_ALLOCATE|[9]|Bytes:4
13:35:20.0 (5047378)|VARIABLE_ASSIGNMENT|[EXTERNAL]|this|{}|0x609d6416
13:35:20.0 (5066616)|VARIABLE_ASSIGNMENT|[EXTERNAL]|value|{}|0x7e6db64c
13:35:20.0 (5082190)|VARIABLE_ASSIGNMENT|[4]|this.placeholderPotential|{}|0x609d6416
13:35:20.0 (5094655)|STATEMENT_EXECUTE|[10]
13:35:20.0 (5112078)|HEAP_ALLOCATE|[10]|Bytes:4
13:35:20.0 (5203518)|VARIABLE_ASSIGNMENT|[EXTERNAL]|this|{"placeholderPotential":"0x7e6db64c"}|0x609d6416
13:35:20.0 (5217537)|HEAP_ALLOCATE|[EXTERNAL]|Bytes:4
13:35:20.0 (5228257)|VARIABLE_ASSIGNMENT|[EXTERNAL]|value|[]|0x5d8b6353
13:35:20.0 (5240537)|VARIABLE_ASSIGNMENT|[5]|this.accountPotentials|[]|0x609d6416
13:35:20.0 (5248981)|STATEMENT_EXECUTE|[11]
13:35:20.0 (5255826)|HEAP_ALLOCATE|[11]|Bytes:4
13:35:20.0 (5292795)|VARIABLE_ASSIGNMENT|[EXTERNAL]|this|{"accountPotentials":"0x5d8b6353","placeholderPotential":"0x7e6db64c"}|0x609d6416
13:35:20.0 (5302681)|HEAP_ALLOCATE|[EXTERNAL]|Bytes:4
13:35:20.0 (5308745)|VARIABLE_ASSIGNMENT|[EXTERNAL]|value|[]|0x9be830f
13:35:20.0 (5323499)|VARIABLE_ASSIGNMENT|[6]|this.accountPot|[]|0x609d6416
13:35:20.0 (5335346)|SYSTEM_MODE_EXIT|false
13:35:20.0 (6679360)|VF_SERIALIZE_VIEWSTATE_BEGIN|0661H000002Q8fN
13:35:20.0 (8629842)|VF_SERIALIZE_VIEWSTATE_END
13:35:20.10 (10952352)|CUMULATIVE_LIMIT_USAGE
13:35:20.10 (10952352)|LIMIT_USAGE_FOR_NS|(default)|
  Number of SOQL queries: 0 out of 100
  Number of query rows: 0 out of 50000
  Number of SOSL queries: 0 out of 20
  Number of DML statements: 0 out of 150
  Number of DML rows: 0 out of 10000
  Maximum CPU time: 0 out of 10000
  Maximum heap size: 0 out of 6000000
  Number of callouts: 0 out of 100
  Number of Email Invocations: 0 out of 10
  Number of future calls: 0 out of 50
  Number of queueable jobs added to the queue: 0 out of 50
  Number of Mobile Apex push calls: 0 out of 10

13:35:20.10 (10952352)|CUMULATIVE_LIMIT_USAGE_END

13:35:20.0 (11001684)|CODE_UNIT_FINISHED|VF: /apex/Potential_Manager
13:35:20.0 (11912978)|EXECUTION_FINISHED
