34.0 APEX_CODE,FINEST;APEX_PROFILING,INFO;CALLOUT,INFO;DB,INFO;NBA,INFO;SYSTEM,DEBUG;VALIDATION,INFO;VISUALFORCE,INFO;WAVE,INFO;WORKFLOW,INFO
13:03:31.0 (504991)|USER_INFO|[EXTERNAL]|0051H000008yiOQ|pavel@topengineer.io|Pacific Standard Time|GMT-07:00
13:03:31.0 (561021)|EXECUTION_STARTED
13:03:31.0 (567472)|CODE_UNIT_STARTED|[EXTERNAL]|0661H000002Q8fN|VF: /apex/Potential_Manager
13:03:31.0 (7788681)|SYSTEM_MODE_ENTER|true
13:03:31.0 (8302003)|HEAP_ALLOCATE|[72]|Bytes:3
13:03:31.0 (8359977)|HEAP_ALLOCATE|[77]|Bytes:152
13:03:31.0 (8374769)|HEAP_ALLOCATE|[342]|Bytes:408
13:03:31.0 (8387107)|HEAP_ALLOCATE|[355]|Bytes:408
13:03:31.0 (8398274)|HEAP_ALLOCATE|[467]|Bytes:48
13:03:31.0 (8426387)|HEAP_ALLOCATE|[139]|Bytes:6
13:03:31.0 (8442377)|HEAP_ALLOCATE|[EXTERNAL]|Bytes:148
13:03:31.0 (8462675)|HEAP_ALLOCATE|[EXTERNAL]|Bytes:16
13:03:31.0 (8488702)|METHOD_ENTRY|[1]|01p1H000005w2NJ|potential_Manager.potential_Manager()
13:03:31.0 (8495961)|STATEMENT_EXECUTE|[1]
13:03:31.0 (8500455)|STATEMENT_EXECUTE|[1]
13:03:31.0 (8532671)|HEAP_ALLOCATE|[50]|Bytes:5
13:03:31.0 (8552850)|HEAP_ALLOCATE|[56]|Bytes:5
13:03:31.0 (8560266)|HEAP_ALLOCATE|[64]|Bytes:7
13:03:31.0 (8576063)|SYSTEM_MODE_ENTER|false
13:03:31.0 (8587525)|HEAP_ALLOCATE|[EXTERNAL]|Bytes:5
13:03:31.0 (8600249)|SYSTEM_MODE_EXIT|false
13:03:31.0 (8619569)|METHOD_EXIT|[1]|potential_Manager
13:03:31.0 (8719530)|HEAP_ALLOCATE|[EXTERNAL]|Bytes:16
13:03:31.0 (8730577)|VARIABLE_SCOPE_BEGIN|[8]|this|potential_Manager|true|false
13:03:31.0 (8981390)|VARIABLE_ASSIGNMENT|[8]|this|{}|0x79f8034c
13:03:31.0 (8996977)|SYSTEM_MODE_ENTER|false
13:03:31.0 (9003732)|HEAP_ALLOCATE|[9]|Bytes:5
13:03:31.0 (9009104)|STATEMENT_EXECUTE|[1]
13:03:31.0 (9012230)|HEAP_ALLOCATE|[9]|Bytes:5
13:03:31.0 (9014984)|STATEMENT_EXECUTE|[4]
13:03:31.0 (9016794)|STATEMENT_EXECUTE|[5]
13:03:31.0 (9018195)|STATEMENT_EXECUTE|[6]
13:03:31.0 (9026879)|HEAP_ALLOCATE|[9]|Bytes:6
13:03:31.0 (9064006)|STATEMENT_EXECUTE|[8]
13:03:31.0 (9066268)|STATEMENT_EXECUTE|[9]
13:03:31.0 (9088832)|HEAP_ALLOCATE|[9]|Bytes:4
13:03:31.0 (9258650)|VARIABLE_ASSIGNMENT|[EXTERNAL]|this|{}|0x79f8034c
13:03:31.0 (9275791)|VARIABLE_ASSIGNMENT|[EXTERNAL]|value|{}|0x7d2eb2ba
13:03:31.0 (9291335)|VARIABLE_ASSIGNMENT|[4]|this.placeholderPotential|{}|0x79f8034c
13:03:31.0 (9321856)|STATEMENT_EXECUTE|[10]
13:03:31.0 (9332938)|HEAP_ALLOCATE|[10]|Bytes:4
13:03:31.0 (9470412)|VARIABLE_ASSIGNMENT|[EXTERNAL]|this|{"placeholderPotential":"0x7d2eb2ba"}|0x79f8034c
13:03:31.0 (9484078)|HEAP_ALLOCATE|[EXTERNAL]|Bytes:4
13:03:31.0 (9495044)|VARIABLE_ASSIGNMENT|[EXTERNAL]|value|[]|0x42c93b61
13:03:31.0 (9507880)|VARIABLE_ASSIGNMENT|[5]|this.accountPotentials|[]|0x79f8034c
13:03:31.0 (9517679)|STATEMENT_EXECUTE|[11]
13:03:31.0 (9526119)|HEAP_ALLOCATE|[11]|Bytes:4
13:03:31.0 (9566687)|VARIABLE_ASSIGNMENT|[EXTERNAL]|this|{"accountPotentials":"0x42c93b61","placeholderPotential":"0x7d2eb2ba"}|0x79f8034c
13:03:31.0 (9576272)|HEAP_ALLOCATE|[EXTERNAL]|Bytes:4
13:03:31.0 (9582038)|VARIABLE_ASSIGNMENT|[EXTERNAL]|value|[]|0x52e4484a
13:03:31.0 (9596612)|VARIABLE_ASSIGNMENT|[6]|this.accountPot|[]|0x79f8034c
13:03:31.0 (9609206)|SYSTEM_MODE_EXIT|false
13:03:31.0 (10938849)|VF_SERIALIZE_VIEWSTATE_BEGIN|0661H000002Q8fN
13:03:31.0 (12736354)|VF_SERIALIZE_VIEWSTATE_END
13:03:31.15 (15342457)|CUMULATIVE_LIMIT_USAGE
13:03:31.15 (15342457)|LIMIT_USAGE_FOR_NS|(default)|
  Number of SOQL queries: 0 out of 100
  Number of query rows: 0 out of 50000
  Number of SOSL queries: 0 out of 20
  Number of DML statements: 0 out of 150
  Number of DML rows: 0 out of 10000
  Maximum CPU time: 0 out of 10000
  Maximum heap size: 0 out of 6000000
  Number of callouts: 0 out of 100
  Number of Email Invocations: 0 out of 10
  Number of future calls: 0 out of 50
  Number of queueable jobs added to the queue: 0 out of 50
  Number of Mobile Apex push calls: 0 out of 10

13:03:31.15 (15342457)|CUMULATIVE_LIMIT_USAGE_END

13:03:31.0 (15381080)|CODE_UNIT_FINISHED|VF: /apex/Potential_Manager
13:03:31.0 (16461715)|EXECUTION_FINISHED
