43.0 APEX_CODE,FINEST;APEX_PROFILING,INFO;CALLOUT,INFO;DB,INFO;NBA,INFO;SYSTEM,DEBUG;VALIDATION,INFO;VISUALFORCE,INFO;WAVE,INFO;WORKFLOW,INFO
13:29:51.0 (361863)|USER_INFO|[EXTERNAL]|0051H000008yiOQ|pavel@topengineer.io|Pacific Standard Time|GMT-07:00
13:29:51.0 (395490)|EXECUTION_STARTED
13:29:51.0 (399386)|CODE_UNIT_STARTED|[EXTERNAL]|Aura
13:29:51.0 (1790114)|CODE_UNIT_STARTED|[EXTERNAL]|01p1H000007eSqs|D3ChartsController.selectPot()
13:29:51.0 (2003863)|HEAP_ALLOCATE|[72]|Bytes:3
13:29:51.0 (2071491)|HEAP_ALLOCATE|[77]|Bytes:152
13:29:51.0 (2088805)|HEAP_ALLOCATE|[342]|Bytes:408
13:29:51.0 (2105236)|HEAP_ALLOCATE|[355]|Bytes:408
13:29:51.0 (2116128)|HEAP_ALLOCATE|[467]|Bytes:48
13:29:51.0 (2161267)|HEAP_ALLOCATE|[139]|Bytes:6
13:29:51.0 (2232122)|HEAP_ALLOCATE|[EXTERNAL]|Bytes:7
13:29:51.0 (2273444)|METHOD_ENTRY|[1]|01p1H000007eSqs|D3ChartsController.D3ChartsController()
13:29:51.0 (2280895)|STATEMENT_EXECUTE|[1]
13:29:51.0 (2286258)|STATEMENT_EXECUTE|[1]
13:29:51.0 (2302860)|METHOD_EXIT|[1]|D3ChartsController
13:29:51.0 (2316314)|SYSTEM_MODE_ENTER|false
13:29:51.0 (2447425)|STATEMENT_EXECUTE|[14]
13:29:51.0 (2450026)|STATEMENT_EXECUTE|[16]
13:29:51.0 (2452731)|HEAP_ALLOCATE|[16]|Bytes:65
13:29:51.0 (2478324)|HEAP_ALLOCATE|[16]|Bytes:4
13:29:51.0 (2522455)|HEAP_ALLOCATE|[50]|Bytes:5
13:29:51.0 (2547793)|HEAP_ALLOCATE|[56]|Bytes:5
13:29:51.0 (2555225)|HEAP_ALLOCATE|[64]|Bytes:7
13:29:51.0 (2906431)|SOQL_EXECUTE_BEGIN|[16]|Aggregations:0|SELECT product__c, potential__c, probability__c FROM Potential__c
13:29:51.0 (5147210)|SOQL_EXECUTE_END|[16]|Rows:10
13:29:51.0 (5173558)|HEAP_ALLOCATE|[16]|Bytes:44
13:29:51.0 (5212460)|HEAP_ALLOCATE|[16]|Bytes:1568
13:29:51.0 (5325733)|HEAP_ALLOCATE|[16]|Bytes:44
13:29:51.0 (5363486)|SYSTEM_MODE_EXIT|false
13:29:51.5 (5392139)|CUMULATIVE_LIMIT_USAGE
13:29:51.5 (5392139)|LIMIT_USAGE_FOR_NS|(default)|
  Number of SOQL queries: 1 out of 100
  Number of query rows: 10 out of 50000
  Number of SOSL queries: 0 out of 20
  Number of DML statements: 0 out of 150
  Number of DML rows: 0 out of 10000
  Maximum CPU time: 0 out of 10000
  Maximum heap size: 0 out of 6000000
  Number of callouts: 0 out of 100
  Number of Email Invocations: 0 out of 10
  Number of future calls: 0 out of 50
  Number of queueable jobs added to the queue: 0 out of 50
  Number of Mobile Apex push calls: 0 out of 10

13:29:51.5 (5392139)|CUMULATIVE_LIMIT_USAGE_END

13:29:51.0 (5429249)|CODE_UNIT_FINISHED|D3ChartsController.selectPot()
13:29:51.0 (5581317)|CODE_UNIT_FINISHED|Aura
13:29:51.0 (6657386)|EXECUTION_FINISHED
13:29:51.13 (13072456)|USER_INFO|[EXTERNAL]|0051H000008yiOQ|pavel@topengineer.io|Pacific Standard Time|GMT-07:00
13:29:51.13 (13093286)|EXECUTION_STARTED
13:29:51.13 (13097056)|CODE_UNIT_STARTED|[EXTERNAL]|Aura
13:29:51.13 (13839084)|CODE_UNIT_STARTED|[EXTERNAL]|01p1H000007eSqs|D3ChartsController.selectPurchased()
13:29:51.13 (13909431)|SYSTEM_MODE_ENTER|false
13:29:51.13 (13923367)|STATEMENT_EXECUTE|[22]
13:29:51.13 (13926205)|STATEMENT_EXECUTE|[24]
13:29:51.13 (13932107)|HEAP_ALLOCATE|[24]|Bytes:283
13:29:51.13 (13955179)|HEAP_ALLOCATE|[24]|Bytes:4
13:29:51.13 (15931116)|SOQL_EXECUTE_BEGIN|[24]|Aggregations:2|SELECT Name, NumberOfEmployees, BillingAddress, Industry, (SELECT FirstName, LastName FROM Contacts), (SELECT Product__c FROM AccountPurchased__r) FROM Account WHERE (NumberOfEmployees > 10000 AND (Name = 'AXA' OR Name = 'Exxon Mobil' OR Name = 'General Electric' OR Name = 'Apple'))
13:29:51.13 (26873837)|SOQL_EXECUTE_END|[24]|Rows:4
13:29:51.13 (26923168)|HEAP_ALLOCATE|[24]|Bytes:20
13:29:51.13 (26984502)|HEAP_ALLOCATE|[24]|Bytes:2062
13:29:51.13 (27075226)|HEAP_ALLOCATE|[24]|Bytes:20
13:29:51.13 (27097333)|SYSTEM_MODE_EXIT|false
13:29:51.27 (27121417)|CUMULATIVE_LIMIT_USAGE
13:29:51.27 (27121417)|LIMIT_USAGE_FOR_NS|(default)|
  Number of SOQL queries: 2 out of 100
  Number of query rows: 32 out of 50000
  Number of SOSL queries: 0 out of 20
  Number of DML statements: 0 out of 150
  Number of DML rows: 0 out of 10000
  Maximum CPU time: 0 out of 10000
  Maximum heap size: 0 out of 6000000
  Number of callouts: 0 out of 100
  Number of Email Invocations: 0 out of 10
  Number of future calls: 0 out of 50
  Number of queueable jobs added to the queue: 0 out of 50
  Number of Mobile Apex push calls: 0 out of 10

13:29:51.27 (27121417)|CUMULATIVE_LIMIT_USAGE_END

13:29:51.13 (27158260)|CODE_UNIT_FINISHED|D3ChartsController.selectPurchased()
13:29:51.13 (27427579)|CODE_UNIT_FINISHED|Aura
13:29:51.13 (28602990)|EXECUTION_FINISHED
