34.0 APEX_CODE,FINEST;APEX_PROFILING,INFO;CALLOUT,INFO;DB,INFO;NBA,INFO;SYSTEM,DEBUG;VALIDATION,INFO;VISUALFORCE,INFO;WAVE,INFO;WORKFLOW,INFO
13:38:25.0 (352941)|USER_INFO|[EXTERNAL]|0051H000008yiOQ|pavel@topengineer.io|Pacific Standard Time|GMT-07:00
13:38:25.0 (383839)|EXECUTION_STARTED
13:38:25.0 (387557)|CODE_UNIT_STARTED|[EXTERNAL]|0661H000002Q8fN|VF: /apex/Potential_Manager
13:38:25.0 (2811220)|SYSTEM_MODE_ENTER|true
13:38:25.0 (3182183)|HEAP_ALLOCATE|[72]|Bytes:3
13:38:25.0 (3212713)|HEAP_ALLOCATE|[77]|Bytes:152
13:38:25.0 (3224663)|HEAP_ALLOCATE|[342]|Bytes:408
13:38:25.0 (3236371)|HEAP_ALLOCATE|[355]|Bytes:408
13:38:25.0 (3247465)|HEAP_ALLOCATE|[467]|Bytes:48
13:38:25.0 (3271222)|HEAP_ALLOCATE|[139]|Bytes:6
13:38:25.0 (3286426)|HEAP_ALLOCATE|[EXTERNAL]|Bytes:148
13:38:25.0 (3292042)|HEAP_ALLOCATE|[EXTERNAL]|Bytes:16
13:38:25.0 (3324060)|METHOD_ENTRY|[1]|01p1H000005w2NJ|potential_Manager.potential_Manager()
13:38:25.0 (3330774)|STATEMENT_EXECUTE|[1]
13:38:25.0 (3335918)|STATEMENT_EXECUTE|[1]
13:38:25.0 (3366206)|HEAP_ALLOCATE|[50]|Bytes:5
13:38:25.0 (3384425)|HEAP_ALLOCATE|[56]|Bytes:5
13:38:25.0 (3392082)|HEAP_ALLOCATE|[64]|Bytes:7
13:38:25.0 (3406505)|SYSTEM_MODE_ENTER|false
13:38:25.0 (3419868)|HEAP_ALLOCATE|[EXTERNAL]|Bytes:5
13:38:25.0 (3429484)|SYSTEM_MODE_EXIT|false
13:38:25.0 (3440579)|METHOD_EXIT|[1]|potential_Manager
13:38:25.0 (3550180)|HEAP_ALLOCATE|[EXTERNAL]|Bytes:16
13:38:25.0 (3562061)|VARIABLE_SCOPE_BEGIN|[8]|this|potential_Manager|true|false
13:38:25.0 (3613562)|VARIABLE_ASSIGNMENT|[8]|this|{}|0x5042270d
13:38:25.0 (3628216)|SYSTEM_MODE_ENTER|false
13:38:25.0 (3634798)|HEAP_ALLOCATE|[9]|Bytes:5
13:38:25.0 (3639551)|STATEMENT_EXECUTE|[1]
13:38:25.0 (3642486)|HEAP_ALLOCATE|[9]|Bytes:5
13:38:25.0 (3645458)|STATEMENT_EXECUTE|[4]
13:38:25.0 (3647568)|STATEMENT_EXECUTE|[5]
13:38:25.0 (3649122)|STATEMENT_EXECUTE|[6]
13:38:25.0 (3657503)|HEAP_ALLOCATE|[9]|Bytes:6
13:38:25.0 (3690125)|STATEMENT_EXECUTE|[8]
13:38:25.0 (3692352)|STATEMENT_EXECUTE|[9]
13:38:25.0 (3712319)|HEAP_ALLOCATE|[9]|Bytes:4
13:38:25.0 (3849199)|VARIABLE_ASSIGNMENT|[EXTERNAL]|this|{}|0x5042270d
13:38:25.0 (3865187)|VARIABLE_ASSIGNMENT|[EXTERNAL]|value|{}|0x7c5c9de0
13:38:25.0 (3879306)|VARIABLE_ASSIGNMENT|[4]|this.placeholderPotential|{}|0x5042270d
13:38:25.0 (3895433)|STATEMENT_EXECUTE|[10]
13:38:25.0 (3905100)|HEAP_ALLOCATE|[10]|Bytes:4
13:38:25.0 (3985305)|VARIABLE_ASSIGNMENT|[EXTERNAL]|this|{"placeholderPotential":"0x7c5c9de0"}|0x5042270d
13:38:25.0 (3999046)|HEAP_ALLOCATE|[EXTERNAL]|Bytes:4
13:38:25.0 (4008449)|VARIABLE_ASSIGNMENT|[EXTERNAL]|value|[]|0x688efe02
13:38:25.0 (4020317)|VARIABLE_ASSIGNMENT|[5]|this.accountPotentials|[]|0x5042270d
13:38:25.0 (4029653)|STATEMENT_EXECUTE|[11]
13:38:25.0 (4036909)|HEAP_ALLOCATE|[11]|Bytes:4
13:38:25.0 (4074306)|VARIABLE_ASSIGNMENT|[EXTERNAL]|this|{"accountPotentials":"0x688efe02","placeholderPotential":"0x7c5c9de0"}|0x5042270d
13:38:25.0 (4083409)|HEAP_ALLOCATE|[EXTERNAL]|Bytes:4
13:38:25.0 (4088949)|VARIABLE_ASSIGNMENT|[EXTERNAL]|value|[]|0x3bfe4cda
13:38:25.0 (4098279)|VARIABLE_ASSIGNMENT|[6]|this.accountPot|[]|0x5042270d
13:38:25.0 (4109774)|SYSTEM_MODE_EXIT|false
13:38:25.0 (5181053)|VF_SERIALIZE_VIEWSTATE_BEGIN|0661H000002Q8fN
13:38:25.0 (6936956)|VF_SERIALIZE_VIEWSTATE_END
13:38:25.8 (8932074)|CUMULATIVE_LIMIT_USAGE
13:38:25.8 (8932074)|LIMIT_USAGE_FOR_NS|(default)|
  Number of SOQL queries: 0 out of 100
  Number of query rows: 0 out of 50000
  Number of SOSL queries: 0 out of 20
  Number of DML statements: 0 out of 150
  Number of DML rows: 0 out of 10000
  Maximum CPU time: 0 out of 10000
  Maximum heap size: 0 out of 6000000
  Number of callouts: 0 out of 100
  Number of Email Invocations: 0 out of 10
  Number of future calls: 0 out of 50
  Number of queueable jobs added to the queue: 0 out of 50
  Number of Mobile Apex push calls: 0 out of 10

13:38:25.8 (8932074)|CUMULATIVE_LIMIT_USAGE_END

13:38:25.0 (8970020)|CODE_UNIT_FINISHED|VF: /apex/Potential_Manager
13:38:25.0 (9672442)|EXECUTION_FINISHED
