43.0 APEX_CODE,FINEST;APEX_PROFILING,INFO;CALLOUT,INFO;DB,INFO;NBA,INFO;SYSTEM,DEBUG;VALIDATION,INFO;VISUALFORCE,INFO;WAVE,INFO;WORKFLOW,INFO
20:20:40.0 (524975)|USER_INFO|[EXTERNAL]|0051H000008yiOQ|pavel@topengineer.io|Pacific Standard Time|GMT-07:00
20:20:40.0 (600602)|EXECUTION_STARTED
20:20:40.0 (613784)|CODE_UNIT_STARTED|[EXTERNAL]|0661H000002NMb5|VF: /apex/newAccount
20:20:40.0 (641761)|CODE_UNIT_STARTED|[EXTERNAL]|VF Controller Save
20:20:40.0 (685079)|CODE_UNIT_FINISHED|VF Controller Save
20:20:40.0 (16600130)|VF_SERIALIZE_VIEWSTATE_BEGIN|0661H000002NMb5
20:20:40.0 (182346008)|VF_SERIALIZE_VIEWSTATE_END
20:20:40.0 (187208126)|CODE_UNIT_STARTED|[EXTERNAL]|Generate Metadata
20:20:40.0 (252487980)|CODE_UNIT_FINISHED|Generate Metadata
20:20:40.255 (255110047)|CUMULATIVE_LIMIT_USAGE
20:20:40.255 (255110047)|LIMIT_USAGE_FOR_NS|(default)|
  Number of SOQL queries: 0 out of 100
  Number of query rows: 0 out of 50000
  Number of SOSL queries: 0 out of 20
  Number of DML statements: 0 out of 150
  Number of DML rows: 0 out of 10000
  Maximum CPU time: 0 out of 10000
  Maximum heap size: 0 out of 6000000
  Number of callouts: 0 out of 100
  Number of Email Invocations: 0 out of 10
  Number of future calls: 0 out of 50
  Number of queueable jobs added to the queue: 0 out of 50
  Number of Mobile Apex push calls: 0 out of 10

20:20:40.255 (255110047)|CUMULATIVE_LIMIT_USAGE_END

20:20:40.0 (255198025)|CODE_UNIT_FINISHED|VF: /apex/newAccount
20:20:40.0 (255937293)|EXECUTION_FINISHED
