34.0 APEX_CODE,FINEST;APEX_PROFILING,INFO;CALLOUT,INFO;DB,INFO;NBA,INFO;SYSTEM,DEBUG;VALIDATION,INFO;VISUALFORCE,INFO;WAVE,INFO;WORKFLOW,INFO
12:14:45.0 (499410)|USER_INFO|[EXTERNAL]|0051H000008yiOQ|pavel@topengineer.io|Pacific Standard Time|GMT-07:00
12:14:45.0 (543406)|EXECUTION_STARTED
12:14:45.0 (548563)|CODE_UNIT_STARTED|[EXTERNAL]|0661H000002Q8fN|VF: /apex/Potential_Manager
12:14:45.0 (7071323)|SYSTEM_MODE_ENTER|true
12:14:45.0 (7515047)|HEAP_ALLOCATE|[72]|Bytes:3
12:14:45.0 (7593979)|HEAP_ALLOCATE|[77]|Bytes:152
12:14:45.0 (7614190)|HEAP_ALLOCATE|[342]|Bytes:408
12:14:45.0 (7633572)|HEAP_ALLOCATE|[355]|Bytes:408
12:14:45.0 (7651473)|HEAP_ALLOCATE|[467]|Bytes:48
12:14:45.0 (7686774)|HEAP_ALLOCATE|[139]|Bytes:6
12:14:45.0 (7718660)|HEAP_ALLOCATE|[EXTERNAL]|Bytes:148
12:14:45.0 (7783866)|HEAP_ALLOCATE|[EXTERNAL]|Bytes:16
12:14:45.0 (7798658)|METHOD_ENTRY|[1]|01p1H000005w2NJ|potential_Manager.potential_Manager()
12:14:45.0 (7807373)|STATEMENT_EXECUTE|[1]
12:14:45.0 (7813361)|STATEMENT_EXECUTE|[1]
12:14:45.0 (7852594)|HEAP_ALLOCATE|[50]|Bytes:5
12:14:45.0 (7878372)|HEAP_ALLOCATE|[56]|Bytes:5
12:14:45.0 (7887303)|HEAP_ALLOCATE|[64]|Bytes:7
12:14:45.0 (7907311)|SYSTEM_MODE_ENTER|false
12:14:45.0 (7920720)|HEAP_ALLOCATE|[EXTERNAL]|Bytes:5
12:14:45.0 (7927686)|SYSTEM_MODE_EXIT|false
12:14:45.0 (7935672)|METHOD_EXIT|[1]|potential_Manager
12:14:45.0 (8042975)|HEAP_ALLOCATE|[EXTERNAL]|Bytes:16
12:14:45.0 (8053673)|VARIABLE_SCOPE_BEGIN|[8]|this|potential_Manager|true|false
12:14:45.0 (8109109)|VARIABLE_ASSIGNMENT|[8]|this|{}|0x17d4e7c7
12:14:45.0 (8123150)|SYSTEM_MODE_ENTER|false
12:14:45.0 (8130572)|HEAP_ALLOCATE|[9]|Bytes:5
12:14:45.0 (8135665)|STATEMENT_EXECUTE|[1]
12:14:45.0 (8138848)|HEAP_ALLOCATE|[9]|Bytes:5
12:14:45.0 (8142192)|STATEMENT_EXECUTE|[4]
12:14:45.0 (8143947)|STATEMENT_EXECUTE|[5]
12:14:45.0 (8145312)|STATEMENT_EXECUTE|[6]
12:14:45.0 (8153428)|HEAP_ALLOCATE|[9]|Bytes:6
12:14:45.0 (8189754)|STATEMENT_EXECUTE|[8]
12:14:45.0 (8191739)|STATEMENT_EXECUTE|[9]
12:14:45.0 (8214541)|HEAP_ALLOCATE|[9]|Bytes:4
12:14:45.0 (8389884)|VARIABLE_ASSIGNMENT|[EXTERNAL]|this|{}|0x17d4e7c7
12:14:45.0 (8405036)|VARIABLE_ASSIGNMENT|[EXTERNAL]|value|{}|0x33a5621c
12:14:45.0 (8418559)|VARIABLE_ASSIGNMENT|[4]|this.placeholderPotential|{}|0x17d4e7c7
12:14:45.0 (8449330)|STATEMENT_EXECUTE|[10]
12:14:45.0 (8462519)|HEAP_ALLOCATE|[10]|Bytes:4
12:14:45.0 (8594197)|VARIABLE_ASSIGNMENT|[EXTERNAL]|this|{"placeholderPotential":"0x33a5621c"}|0x17d4e7c7
12:14:45.0 (8606303)|HEAP_ALLOCATE|[EXTERNAL]|Bytes:4
12:14:45.0 (8617544)|VARIABLE_ASSIGNMENT|[EXTERNAL]|value|[]|0x4343ac22
12:14:45.0 (8628869)|VARIABLE_ASSIGNMENT|[5]|this.accountPotentials|[]|0x17d4e7c7
12:14:45.0 (8637848)|STATEMENT_EXECUTE|[11]
12:14:45.0 (8646404)|HEAP_ALLOCATE|[11]|Bytes:4
12:14:45.0 (8687464)|VARIABLE_ASSIGNMENT|[EXTERNAL]|this|{"accountPotentials":"0x4343ac22","placeholderPotential":"0x33a5621c"}|0x17d4e7c7
12:14:45.0 (8696458)|HEAP_ALLOCATE|[EXTERNAL]|Bytes:4
12:14:45.0 (8702288)|VARIABLE_ASSIGNMENT|[EXTERNAL]|value|[]|0x5e6a22ac
12:14:45.0 (8712014)|VARIABLE_ASSIGNMENT|[6]|this.accountPot|[]|0x17d4e7c7
12:14:45.0 (8722486)|SYSTEM_MODE_EXIT|false
12:14:45.0 (9803668)|VF_SERIALIZE_VIEWSTATE_BEGIN|0661H000002Q8fN
12:14:45.0 (11350782)|VF_SERIALIZE_VIEWSTATE_END
12:14:45.13 (13427657)|CUMULATIVE_LIMIT_USAGE
12:14:45.13 (13427657)|LIMIT_USAGE_FOR_NS|(default)|
  Number of SOQL queries: 0 out of 100
  Number of query rows: 0 out of 50000
  Number of SOSL queries: 0 out of 20
  Number of DML statements: 0 out of 150
  Number of DML rows: 0 out of 10000
  Maximum CPU time: 0 out of 10000
  Maximum heap size: 0 out of 6000000
  Number of callouts: 0 out of 100
  Number of Email Invocations: 0 out of 10
  Number of future calls: 0 out of 50
  Number of queueable jobs added to the queue: 0 out of 50
  Number of Mobile Apex push calls: 0 out of 10

12:14:45.13 (13427657)|CUMULATIVE_LIMIT_USAGE_END

12:14:45.0 (13460952)|CODE_UNIT_FINISHED|VF: /apex/Potential_Manager
12:14:45.0 (14248063)|EXECUTION_FINISHED
