34.0 APEX_CODE,FINEST;APEX_PROFILING,INFO;CALLOUT,INFO;DB,INFO;NBA,INFO;SYSTEM,DEBUG;VALIDATION,INFO;VISUALFORCE,INFO;WAVE,INFO;WORKFLOW,INFO
13:30:04.0 (435994)|USER_INFO|[EXTERNAL]|0051H000008yiOQ|pavel@topengineer.io|Pacific Standard Time|GMT-07:00
13:30:04.0 (482904)|EXECUTION_STARTED
13:30:04.0 (487982)|CODE_UNIT_STARTED|[EXTERNAL]|0661H000002Q8fN|VF: /apex/Potential_Manager
13:30:04.0 (7045928)|SYSTEM_MODE_ENTER|true
13:30:04.0 (7450534)|HEAP_ALLOCATE|[72]|Bytes:3
13:30:04.0 (7496116)|HEAP_ALLOCATE|[77]|Bytes:152
13:30:04.0 (7511034)|HEAP_ALLOCATE|[342]|Bytes:408
13:30:04.0 (7523333)|HEAP_ALLOCATE|[355]|Bytes:408
13:30:04.0 (7533889)|HEAP_ALLOCATE|[467]|Bytes:48
13:30:04.0 (7560957)|HEAP_ALLOCATE|[139]|Bytes:6
13:30:04.0 (7624347)|HEAP_ALLOCATE|[EXTERNAL]|Bytes:148
13:30:04.0 (7646461)|HEAP_ALLOCATE|[EXTERNAL]|Bytes:16
13:30:04.0 (7671573)|METHOD_ENTRY|[1]|01p1H000005w2NJ|potential_Manager.potential_Manager()
13:30:04.0 (7678620)|STATEMENT_EXECUTE|[1]
13:30:04.0 (7684156)|STATEMENT_EXECUTE|[1]
13:30:04.0 (7714457)|HEAP_ALLOCATE|[50]|Bytes:5
13:30:04.0 (7738742)|HEAP_ALLOCATE|[56]|Bytes:5
13:30:04.0 (7747254)|HEAP_ALLOCATE|[64]|Bytes:7
13:30:04.0 (7762022)|SYSTEM_MODE_ENTER|false
13:30:04.0 (7775824)|HEAP_ALLOCATE|[EXTERNAL]|Bytes:5
13:30:04.0 (7783583)|SYSTEM_MODE_EXIT|false
13:30:04.0 (7810211)|METHOD_EXIT|[1]|potential_Manager
13:30:04.0 (7817770)|HEAP_ALLOCATE|[EXTERNAL]|Bytes:16
13:30:04.0 (7824054)|VARIABLE_SCOPE_BEGIN|[8]|this|potential_Manager|true|false
13:30:04.0 (7872000)|VARIABLE_ASSIGNMENT|[8]|this|{}|0x27dd593e
13:30:04.0 (7884412)|SYSTEM_MODE_ENTER|false
13:30:04.0 (7889831)|HEAP_ALLOCATE|[9]|Bytes:5
13:30:04.0 (7894572)|STATEMENT_EXECUTE|[1]
13:30:04.0 (7897683)|HEAP_ALLOCATE|[9]|Bytes:5
13:30:04.0 (7900955)|STATEMENT_EXECUTE|[4]
13:30:04.0 (7902664)|STATEMENT_EXECUTE|[5]
13:30:04.0 (7904170)|STATEMENT_EXECUTE|[6]
13:30:04.0 (7911162)|HEAP_ALLOCATE|[9]|Bytes:6
13:30:04.0 (7941792)|STATEMENT_EXECUTE|[8]
13:30:04.0 (7943864)|STATEMENT_EXECUTE|[9]
13:30:04.0 (8015438)|HEAP_ALLOCATE|[9]|Bytes:4
13:30:04.0 (8217169)|VARIABLE_ASSIGNMENT|[EXTERNAL]|this|{}|0x27dd593e
13:30:04.0 (8233935)|VARIABLE_ASSIGNMENT|[EXTERNAL]|value|{}|0x2931b3ad
13:30:04.0 (8248614)|VARIABLE_ASSIGNMENT|[4]|this.placeholderPotential|{}|0x27dd593e
13:30:04.0 (8278953)|STATEMENT_EXECUTE|[10]
13:30:04.0 (8357933)|HEAP_ALLOCATE|[10]|Bytes:4
13:30:04.0 (8523111)|VARIABLE_ASSIGNMENT|[EXTERNAL]|this|{"placeholderPotential":"0x2931b3ad"}|0x27dd593e
13:30:04.0 (8536352)|HEAP_ALLOCATE|[EXTERNAL]|Bytes:4
13:30:04.0 (8547684)|VARIABLE_ASSIGNMENT|[EXTERNAL]|value|[]|0x35d2afcd
13:30:04.0 (8559121)|VARIABLE_ASSIGNMENT|[5]|this.accountPotentials|[]|0x27dd593e
13:30:04.0 (8568452)|STATEMENT_EXECUTE|[11]
13:30:04.0 (8577056)|HEAP_ALLOCATE|[11]|Bytes:4
13:30:04.0 (8616927)|VARIABLE_ASSIGNMENT|[EXTERNAL]|this|{"accountPotentials":"0x35d2afcd","placeholderPotential":"0x2931b3ad"}|0x27dd593e
13:30:04.0 (8625509)|HEAP_ALLOCATE|[EXTERNAL]|Bytes:4
13:30:04.0 (8631218)|VARIABLE_ASSIGNMENT|[EXTERNAL]|value|[]|0x1e2e6b41
13:30:04.0 (8640286)|VARIABLE_ASSIGNMENT|[6]|this.accountPot|[]|0x27dd593e
13:30:04.0 (8651816)|SYSTEM_MODE_EXIT|false
13:30:04.0 (10130752)|VF_SERIALIZE_VIEWSTATE_BEGIN|0661H000002Q8fN
13:30:04.0 (12201772)|VF_SERIALIZE_VIEWSTATE_END
13:30:04.14 (14575179)|CUMULATIVE_LIMIT_USAGE
13:30:04.14 (14575179)|LIMIT_USAGE_FOR_NS|(default)|
  Number of SOQL queries: 0 out of 100
  Number of query rows: 0 out of 50000
  Number of SOSL queries: 0 out of 20
  Number of DML statements: 0 out of 150
  Number of DML rows: 0 out of 10000
  Maximum CPU time: 0 out of 10000
  Maximum heap size: 0 out of 6000000
  Number of callouts: 0 out of 100
  Number of Email Invocations: 0 out of 10
  Number of future calls: 0 out of 50
  Number of queueable jobs added to the queue: 0 out of 50
  Number of Mobile Apex push calls: 0 out of 10

13:30:04.14 (14575179)|CUMULATIVE_LIMIT_USAGE_END

13:30:04.0 (14623589)|CODE_UNIT_FINISHED|VF: /apex/Potential_Manager
13:30:04.0 (15530289)|EXECUTION_FINISHED
