34.0 APEX_CODE,FINEST;APEX_PROFILING,INFO;CALLOUT,INFO;DB,INFO;NBA,INFO;SYSTEM,DEBUG;VALIDATION,INFO;VISUALFORCE,INFO;WAVE,INFO;WORKFLOW,INFO
12:09:13.0 (390149)|USER_INFO|[EXTERNAL]|0051H000008yiOQ|pavel@topengineer.io|Pacific Standard Time|GMT-07:00
12:09:13.0 (658650)|EXECUTION_STARTED
12:09:13.0 (664812)|CODE_UNIT_STARTED|[EXTERNAL]|0661H000002ugfO|VF: /apex/CustomerEvangelist
12:09:13.0 (1184197)|VF_DESERIALIZE_VIEWSTATE_BEGIN|0661H000002ugfO
12:09:13.0 (5800878)|HEAP_ALLOCATE|[72]|Bytes:3
12:09:13.0 (5853406)|HEAP_ALLOCATE|[77]|Bytes:152
12:09:13.0 (5870182)|HEAP_ALLOCATE|[342]|Bytes:408
12:09:13.0 (5884885)|HEAP_ALLOCATE|[355]|Bytes:408
12:09:13.0 (5896368)|HEAP_ALLOCATE|[467]|Bytes:48
12:09:13.0 (5921466)|HEAP_ALLOCATE|[139]|Bytes:6
12:09:13.0 (8128187)|VF_DESERIALIZE_VIEWSTATE_END
12:09:13.0 (8695735)|SYSTEM_MODE_ENTER|true
12:09:13.0 (8822386)|HEAP_ALLOCATE|[EXTERNAL]|Bytes:176
12:09:13.0 (8846985)|HEAP_ALLOCATE|[EXTERNAL]|Bytes:16
12:09:13.0 (8869922)|METHOD_ENTRY|[1]|01p1H000006LIeu|CustomerEvangelist.CustomerEvangelist()
12:09:13.0 (8877133)|STATEMENT_EXECUTE|[1]
12:09:13.0 (8882663)|STATEMENT_EXECUTE|[1]
12:09:13.0 (8917422)|HEAP_ALLOCATE|[50]|Bytes:5
12:09:13.0 (8947307)|HEAP_ALLOCATE|[56]|Bytes:5
12:09:13.0 (8957156)|HEAP_ALLOCATE|[64]|Bytes:7
12:09:13.0 (8975177)|SYSTEM_MODE_ENTER|false
12:09:13.0 (8984556)|HEAP_ALLOCATE|[EXTERNAL]|Bytes:5
12:09:13.0 (8991227)|SYSTEM_MODE_EXIT|false
12:09:13.0 (9010478)|METHOD_EXIT|[1]|CustomerEvangelist
12:09:13.0 (17905179)|HEAP_ALLOCATE|[EXTERNAL]|Bytes:20
12:09:13.0 (17921008)|VARIABLE_SCOPE_BEGIN|[16]|this|CustomerEvangelist|true|false
12:09:13.0 (18002212)|VARIABLE_ASSIGNMENT|[16]|this|{"accountContacts":"0x5bc712b5","placeholderContact":"0x4a96e86b"}|0x6a804b3f
12:09:13.0 (18027675)|SYSTEM_MODE_ENTER|false
12:09:13.0 (18035805)|HEAP_ALLOCATE|[17]|Bytes:5
12:09:13.0 (18041995)|STATEMENT_EXECUTE|[16]
12:09:13.0 (18044128)|STATEMENT_EXECUTE|[17]
12:09:13.0 (18088756)|METHOD_ENTRY|[17]|01p1H000006LIeu|CustomerEvangelist.refreshContacts()
12:09:13.0 (18123479)|VARIABLE_SCOPE_BEGIN|[22]|this|CustomerEvangelist|true|false
12:09:13.0 (18150347)|VARIABLE_ASSIGNMENT|[22]|this|{"accountContacts":"0x5bc712b5","placeholderContact":"0x4a96e86b"}|0x6a804b3f
12:09:13.0 (18162759)|HEAP_ALLOCATE|[24]|Bytes:5
12:09:13.0 (18167655)|STATEMENT_EXECUTE|[22]
12:09:13.0 (18169398)|STATEMENT_EXECUTE|[24]
12:09:13.0 (18172400)|HEAP_ALLOCATE|[24]|Bytes:48
12:09:13.0 (18190713)|HEAP_ALLOCATE|[24]|Bytes:4
12:09:13.0 (18212577)|HEAP_ALLOCATE|[24]|Bytes:7
12:09:13.0 (18253931)|VARIABLE_ASSIGNMENT|[EXTERNAL]|this|{"accountContacts":"0x5bc712b5","placeholderContact":"0x4a96e86b"}|0x6a804b3f
12:09:13.0 (19570457)|SOQL_EXECUTE_BEGIN|[24]|Aggregations:0|SELECT id, Name FROM Account WHERE id = :tmpVar1
12:09:13.0 (22613269)|SOQL_EXECUTE_END|[24]|Rows:1
12:09:13.0 (22638536)|HEAP_ALLOCATE|[24]|Bytes:8
12:09:13.0 (22657386)|HEAP_ALLOCATE|[24]|Bytes:48
12:09:13.0 (22689536)|HEAP_ALLOCATE|[24]|Bytes:8
12:09:13.0 (22703026)|HEAP_ALLOCATE|[24]|Bytes:33
12:09:13.0 (22757000)|HEAP_ALLOCATE|[24]|Bytes:12
12:09:13.0 (22808620)|VARIABLE_ASSIGNMENT|[EXTERNAL]|this|{"accountContacts":"0x5bc712b5","placeholderContact":"0x4a96e86b"}|0x6a804b3f
12:09:13.0 (22898400)|VARIABLE_ASSIGNMENT|[24]|this.Account|{"Id":"0011H00001QiDMrQAN","Name":"Exxon Mobil"}|0x4a96e86b
12:09:13.0 (22906580)|STATEMENT_EXECUTE|[29]
12:09:13.0 (22911211)|HEAP_ALLOCATE|[29]|Bytes:141
12:09:13.0 (22926110)|HEAP_ALLOCATE|[29]|Bytes:4
12:09:13.0 (24224340)|SOQL_EXECUTE_BEGIN|[29]|Aggregations:2|SELECT Name, (SELECT FirstName, LastName FROM Contacts), (SELECT Product__c FROM AccountPurchased__r) FROM Account WHERE Name = 'Exxon Mobil'
12:09:13.0 (33768505)|SOQL_EXECUTE_END|[29]|Rows:1
12:09:13.0 (33823411)|HEAP_ALLOCATE|[29]|Bytes:8
12:09:13.0 (33870144)|HEAP_ALLOCATE|[29]|Bytes:676
12:09:13.0 (33907990)|HEAP_ALLOCATE|[29]|Bytes:8
12:09:13.0 (34019118)|VARIABLE_ASSIGNMENT|[EXTERNAL]|this|{"accountContacts":"0x5bc712b5","placeholderContact":"0x4a96e86b"}|0x6a804b3f
12:09:13.0 (34117741)|VARIABLE_ASSIGNMENT|[EXTERNAL]|value|[{"Name":"Exxon Mobil","Id":"0011H00001QiDMrQAN","AccountPurchased__r":[{"Account__c":"0011H00001QiDMrQAN","Id":"a031H00000M5yPgQAJ","Product__c":"Sales"},{"Account__c":"0011H00001QiDMrQAN","Id":"a031H00000M5yPWQAZ","Product__c":"Service"},{"Account__c":"0011H00001QiDMrQAN","Id":"a031H00000M5yPMQAZ","Product__c":"Mobile"},{"Account__c":"0011H00001QiDMrQAN","Id":"a031H00000M5yPRQAZ","Product__c":"Work.com"},{"Account__c":"0011H00001QiDMrQAN","Id":"a031H00000M5yPbQAJ","Product__c":"Platform"},{"Account__c":"0011H00001QiDMrQAN","Id":"a031H00000M5yPlQAJ","Product__c":"Service Cloud"}],"Contacts":[{"AccountId":"0011H00001QiDMrQAN","Id":"0031H00001rgbsaQAA","FirstName":"Justin","LastName":"Tweed"}]}]|0x71ed092b
12:09:13.0 (34223247)|VARIABLE_ASSIGNMENT|[7]|this.accountAccount|[{"Name":"Exxon Mobil","Id":"0011H00001QiDMrQAN","AccountPurchased__r":[{"Account__c":"0011H00001QiDMrQAN","Id":"a031H00000M5yPgQAJ","Product__c":"Sales"},{"Account__c":"0011H00001QiDMrQAN","Id":"a031H00000M5yPWQAZ","Product__c":"Service"},{"Account__c":"0011H00001QiDMrQAN","Id":"a031H00000M5yPMQAZ","Product__c":"Mobile"},{"Account__c":"0011H00001QiDMrQAN","Id":"a031H00000M5yPRQAZ","Product__c":"Work.com"},{"Account__c":"0011H00001QiDMrQAN","Id":"a031H00000M5yPbQAJ","Product__c":"Platform"},{"Account__c":"0011H00001QiDMrQAN","Id":"a031H00000M5yPlQAJ","Product__c":"Service Cloud"}],"Contacts":[{"AccountId":"0011H00001QiDMrQAN","Id":"0031H00001rgbsaQAA","FirstName":"Justin","LastName":"Tweed"}]}]|0x6a804b3f
12:09:13.0 (34267380)|METHOD_EXIT|[17]|01p1H000006LIeu|CustomerEvangelist.refreshContacts()
12:09:13.0 (34281423)|SYSTEM_MODE_EXIT|false
12:09:13.38 (38259318)|SYSTEM_MODE_ENTER|true
12:09:13.38 (38385737)|HEAP_ALLOCATE|[EXTERNAL]|Bytes:38
12:09:13.38 (38400219)|HEAP_ALLOCATE|[EXTERNAL]|Bytes:7
12:09:13.38 (38721872)|SYSTEM_MODE_ENTER|true
12:09:13.38 (38776631)|HEAP_ALLOCATE|[EXTERNAL]|Bytes:8
12:09:13.38 (38788597)|VARIABLE_SCOPE_BEGIN|[2]|this|ApexPage.PageMessagesComponentController|true|false
12:09:13.38 (38871902)|VARIABLE_ASSIGNMENT|[2]|this|{}|0x24f78a91
12:09:13.0 (39787415)|SYSTEM_MODE_ENTER|true
12:09:13.0 (44103058)|SYSTEM_MODE_ENTER|true
12:09:13.0 (49263214)|VF_SERIALIZE_VIEWSTATE_BEGIN|0661H000002ugfO
12:09:13.0 (52025905)|VF_SERIALIZE_VIEWSTATE_END
12:09:13.54 (54333244)|CUMULATIVE_LIMIT_USAGE
12:09:13.54 (54333244)|LIMIT_USAGE_FOR_NS|(default)|
  Number of SOQL queries: 2 out of 100
  Number of query rows: 9 out of 50000
  Number of SOSL queries: 0 out of 20
  Number of DML statements: 0 out of 150
  Number of DML rows: 0 out of 10000
  Maximum CPU time: 0 out of 10000
  Maximum heap size: 0 out of 6000000
  Number of callouts: 0 out of 100
  Number of Email Invocations: 0 out of 10
  Number of future calls: 0 out of 50
  Number of queueable jobs added to the queue: 0 out of 50
  Number of Mobile Apex push calls: 0 out of 10

12:09:13.54 (54333244)|CUMULATIVE_LIMIT_USAGE_END

12:09:13.0 (54374294)|CODE_UNIT_FINISHED|VF: /apex/CustomerEvangelist
12:09:13.0 (55162354)|EXECUTION_FINISHED
