34.0 APEX_CODE,FINEST;APEX_PROFILING,INFO;CALLOUT,INFO;DB,INFO;NBA,INFO;SYSTEM,DEBUG;VALIDATION,INFO;VISUALFORCE,INFO;WAVE,INFO;WORKFLOW,INFO
12:08:55.0 (482687)|USER_INFO|[EXTERNAL]|0051H000008yiOQ|pavel@topengineer.io|Pacific Standard Time|GMT-07:00
12:08:55.0 (537008)|EXECUTION_STARTED
12:08:55.0 (542463)|CODE_UNIT_STARTED|[EXTERNAL]|0661H000002ugfO|VF: /apex/CustomerEvangelist
12:08:55.3 (3071772)|SYSTEM_MODE_ENTER|true
12:08:55.3 (3498582)|SYSTEM_MODE_ENTER|true
12:08:55.3 (3568301)|HEAP_ALLOCATE|[EXTERNAL]|Bytes:8
12:08:55.3 (3580588)|VARIABLE_SCOPE_BEGIN|[88]|this|ApexPage.PageMessagesComponentController|true|false
12:08:55.3 (3643808)|VARIABLE_ASSIGNMENT|[88]|this|{}|0x697d6fe1
12:08:55.3 (3652556)|VARIABLE_SCOPE_BEGIN|[88]|escape|Boolean|false|false
12:08:55.3 (3662237)|VARIABLE_ASSIGNMENT|[88]|escape|null
12:08:55.3 (3848896)|SYSTEM_MODE_ENTER|true
12:08:55.3 (3906312)|HEAP_ALLOCATE|[EXTERNAL]|Bytes:8
12:08:55.3 (3916683)|VARIABLE_SCOPE_BEGIN|[2]|this|ApexPage.PageMessagesComponentController|true|false
12:08:55.3 (3946022)|VARIABLE_ASSIGNMENT|[2]|this|{}|0x697d6fe1
12:08:55.0 (4979721)|SYSTEM_MODE_ENTER|true
12:08:55.0 (5266626)|HEAP_ALLOCATE|[EXTERNAL]|Bytes:176
12:08:55.0 (5279488)|HEAP_ALLOCATE|[EXTERNAL]|Bytes:16
12:08:55.0 (5292346)|METHOD_ENTRY|[1]|01p1H000006LIeu|CustomerEvangelist.CustomerEvangelist()
12:08:55.0 (5301236)|STATEMENT_EXECUTE|[1]
12:08:55.0 (5307229)|STATEMENT_EXECUTE|[1]
12:08:55.0 (5318352)|SYSTEM_MODE_ENTER|false
12:08:55.0 (5327978)|HEAP_ALLOCATE|[EXTERNAL]|Bytes:5
12:08:55.0 (5337630)|SYSTEM_MODE_EXIT|false
12:08:55.0 (5347975)|METHOD_EXIT|[1]|CustomerEvangelist
12:08:55.0 (5413170)|HEAP_ALLOCATE|[EXTERNAL]|Bytes:20
12:08:55.0 (5423990)|VARIABLE_SCOPE_BEGIN|[9]|this|CustomerEvangelist|true|false
12:08:55.0 (5482183)|VARIABLE_ASSIGNMENT|[9]|this|{}|0x59a3c079
12:08:55.0 (5501545)|SYSTEM_MODE_ENTER|false
12:08:55.0 (5510390)|HEAP_ALLOCATE|[10]|Bytes:5
12:08:55.0 (5517146)|STATEMENT_EXECUTE|[1]
12:08:55.0 (5521899)|HEAP_ALLOCATE|[10]|Bytes:5
12:08:55.0 (5526434)|STATEMENT_EXECUTE|[5]
12:08:55.0 (5528687)|STATEMENT_EXECUTE|[6]
12:08:55.0 (5530485)|STATEMENT_EXECUTE|[7]
12:08:55.0 (5532639)|STATEMENT_EXECUTE|[50]
12:08:55.0 (5555015)|STATEMENT_EXECUTE|[9]
12:08:55.0 (5557479)|STATEMENT_EXECUTE|[10]
12:08:55.0 (5582305)|HEAP_ALLOCATE|[10]|Bytes:4
12:08:55.0 (5733829)|VARIABLE_ASSIGNMENT|[EXTERNAL]|this|{}|0x59a3c079
12:08:55.0 (5751347)|VARIABLE_ASSIGNMENT|[EXTERNAL]|value|{}|0x3ba47bae
12:08:55.0 (5765301)|VARIABLE_ASSIGNMENT|[5]|this.placeholderContact|{}|0x59a3c079
12:08:55.0 (5775961)|STATEMENT_EXECUTE|[11]
12:08:55.0 (5786063)|HEAP_ALLOCATE|[11]|Bytes:4
12:08:55.0 (5854221)|VARIABLE_ASSIGNMENT|[EXTERNAL]|this|{"placeholderContact":"0x3ba47bae"}|0x59a3c079
12:08:55.0 (5865275)|HEAP_ALLOCATE|[EXTERNAL]|Bytes:4
12:08:55.0 (5876981)|VARIABLE_ASSIGNMENT|[EXTERNAL]|value|[]|0x273e96eb
12:08:55.0 (5888340)|VARIABLE_ASSIGNMENT|[6]|this.accountContacts|[]|0x59a3c079
12:08:55.0 (5900648)|SYSTEM_MODE_EXIT|false
12:08:55.0 (5941605)|SYSTEM_MODE_ENTER|true
12:08:55.36 (36409818)|SYSTEM_MODE_ENTER|true
12:08:55.36 (36511893)|HEAP_ALLOCATE|[EXTERNAL]|Bytes:8
12:08:55.36 (36527073)|VARIABLE_SCOPE_BEGIN|[88]|this|ApexPage.PageMessagesComponentController|true|false
12:08:55.36 (36570582)|VARIABLE_ASSIGNMENT|[88]|this|{}|0x697d6fe1
12:08:55.36 (36578934)|VARIABLE_SCOPE_BEGIN|[88]|escape|Boolean|false|false
12:08:55.36 (36588245)|VARIABLE_ASSIGNMENT|[88]|escape|null
12:08:55.36 (36736374)|SYSTEM_MODE_ENTER|true
12:08:55.36 (36775929)|HEAP_ALLOCATE|[EXTERNAL]|Bytes:8
12:08:55.36 (36783274)|VARIABLE_SCOPE_BEGIN|[2]|this|ApexPage.PageMessagesComponentController|true|false
12:08:55.36 (36804980)|VARIABLE_ASSIGNMENT|[2]|this|{}|0x697d6fe1
12:08:55.0 (40584785)|VF_SERIALIZE_VIEWSTATE_BEGIN|0661H000002ugfO
12:08:55.0 (43530272)|VF_SERIALIZE_VIEWSTATE_END
12:08:55.46 (46183436)|CUMULATIVE_LIMIT_USAGE
12:08:55.46 (46183436)|LIMIT_USAGE_FOR_NS|(default)|
  Number of SOQL queries: 0 out of 100
  Number of query rows: 0 out of 50000
  Number of SOSL queries: 0 out of 20
  Number of DML statements: 0 out of 150
  Number of DML rows: 0 out of 10000
  Maximum CPU time: 0 out of 10000
  Maximum heap size: 0 out of 6000000
  Number of callouts: 0 out of 100
  Number of Email Invocations: 0 out of 10
  Number of future calls: 0 out of 50
  Number of queueable jobs added to the queue: 0 out of 50
  Number of Mobile Apex push calls: 0 out of 10

12:08:55.46 (46183436)|CUMULATIVE_LIMIT_USAGE_END

12:08:55.0 (46226950)|CODE_UNIT_FINISHED|VF: /apex/CustomerEvangelist
12:08:55.0 (47049949)|EXECUTION_FINISHED
