34.0 APEX_CODE,FINEST;APEX_PROFILING,INFO;CALLOUT,INFO;DB,INFO;NBA,INFO;SYSTEM,DEBUG;VALIDATION,INFO;VISUALFORCE,INFO;WAVE,INFO;WORKFLOW,INFO
12:08:53.0 (461766)|USER_INFO|[EXTERNAL]|0051H000008yiOQ|pavel@topengineer.io|Pacific Standard Time|GMT-07:00
12:08:53.0 (510305)|EXECUTION_STARTED
12:08:53.0 (514606)|CODE_UNIT_STARTED|[EXTERNAL]|0661H000002Q8fN|VF: /apex/Potential_Manager
12:08:53.0 (3463952)|SYSTEM_MODE_ENTER|true
12:08:53.0 (3954685)|HEAP_ALLOCATE|[72]|Bytes:3
12:08:53.0 (3986771)|HEAP_ALLOCATE|[77]|Bytes:152
12:08:53.0 (4000245)|HEAP_ALLOCATE|[342]|Bytes:408
12:08:53.0 (4015118)|HEAP_ALLOCATE|[355]|Bytes:408
12:08:53.0 (4026438)|HEAP_ALLOCATE|[467]|Bytes:48
12:08:53.0 (4051808)|HEAP_ALLOCATE|[139]|Bytes:6
12:08:53.0 (4077825)|HEAP_ALLOCATE|[EXTERNAL]|Bytes:148
12:08:53.0 (4083794)|HEAP_ALLOCATE|[EXTERNAL]|Bytes:16
12:08:53.0 (4143577)|METHOD_ENTRY|[1]|01p1H000005w2NJ|potential_Manager.potential_Manager()
12:08:53.0 (4151540)|STATEMENT_EXECUTE|[1]
12:08:53.0 (4156626)|STATEMENT_EXECUTE|[1]
12:08:53.0 (4193045)|HEAP_ALLOCATE|[50]|Bytes:5
12:08:53.0 (4213253)|HEAP_ALLOCATE|[56]|Bytes:5
12:08:53.0 (4221464)|HEAP_ALLOCATE|[64]|Bytes:7
12:08:53.0 (4237302)|SYSTEM_MODE_ENTER|false
12:08:53.0 (4246765)|HEAP_ALLOCATE|[EXTERNAL]|Bytes:5
12:08:53.0 (4253052)|SYSTEM_MODE_EXIT|false
12:08:53.0 (4260472)|METHOD_EXIT|[1]|potential_Manager
12:08:53.0 (4331066)|HEAP_ALLOCATE|[EXTERNAL]|Bytes:16
12:08:53.0 (4391465)|VARIABLE_SCOPE_BEGIN|[8]|this|potential_Manager|true|false
12:08:53.0 (4465623)|VARIABLE_ASSIGNMENT|[8]|this|{}|0x53352633
12:08:53.0 (4481414)|SYSTEM_MODE_ENTER|false
12:08:53.0 (4488571)|HEAP_ALLOCATE|[9]|Bytes:5
12:08:53.0 (4493702)|STATEMENT_EXECUTE|[1]
12:08:53.0 (4496926)|HEAP_ALLOCATE|[9]|Bytes:5
12:08:53.0 (4500292)|STATEMENT_EXECUTE|[4]
12:08:53.0 (4501905)|STATEMENT_EXECUTE|[5]
12:08:53.0 (4503270)|STATEMENT_EXECUTE|[6]
12:08:53.0 (4511062)|HEAP_ALLOCATE|[9]|Bytes:6
12:08:53.0 (4552340)|STATEMENT_EXECUTE|[8]
12:08:53.0 (4554402)|STATEMENT_EXECUTE|[9]
12:08:53.0 (4584278)|HEAP_ALLOCATE|[9]|Bytes:4
12:08:53.0 (4738836)|VARIABLE_ASSIGNMENT|[EXTERNAL]|this|{}|0x53352633
12:08:53.0 (4755951)|VARIABLE_ASSIGNMENT|[EXTERNAL]|value|{}|0x2b6f246e
12:08:53.0 (4783697)|VARIABLE_ASSIGNMENT|[4]|this.placeholderPotential|{}|0x53352633
12:08:53.0 (4802104)|STATEMENT_EXECUTE|[10]
12:08:53.0 (4812692)|HEAP_ALLOCATE|[10]|Bytes:4
12:08:53.0 (4891818)|VARIABLE_ASSIGNMENT|[EXTERNAL]|this|{"placeholderPotential":"0x2b6f246e"}|0x53352633
12:08:53.0 (4903450)|HEAP_ALLOCATE|[EXTERNAL]|Bytes:4
12:08:53.0 (4913150)|VARIABLE_ASSIGNMENT|[EXTERNAL]|value|[]|0x2e6ccacc
12:08:53.0 (4924075)|VARIABLE_ASSIGNMENT|[5]|this.accountPotentials|[]|0x53352633
12:08:53.0 (4933899)|STATEMENT_EXECUTE|[11]
12:08:53.0 (4941756)|HEAP_ALLOCATE|[11]|Bytes:4
12:08:53.0 (5006567)|VARIABLE_ASSIGNMENT|[EXTERNAL]|this|{"accountPotentials":"0x2e6ccacc","placeholderPotential":"0x2b6f246e"}|0x53352633
12:08:53.0 (5017852)|HEAP_ALLOCATE|[EXTERNAL]|Bytes:4
12:08:53.0 (5024740)|VARIABLE_ASSIGNMENT|[EXTERNAL]|value|[]|0x4d7ef2c1
12:08:53.0 (5035938)|VARIABLE_ASSIGNMENT|[6]|this.accountPot|[]|0x53352633
12:08:53.0 (5046844)|SYSTEM_MODE_EXIT|false
12:08:53.0 (6740205)|VF_SERIALIZE_VIEWSTATE_BEGIN|0661H000002Q8fN
12:08:53.0 (29837975)|VF_SERIALIZE_VIEWSTATE_END
12:08:53.32 (32603345)|CUMULATIVE_LIMIT_USAGE
12:08:53.32 (32603345)|LIMIT_USAGE_FOR_NS|(default)|
  Number of SOQL queries: 0 out of 100
  Number of query rows: 0 out of 50000
  Number of SOSL queries: 0 out of 20
  Number of DML statements: 0 out of 150
  Number of DML rows: 0 out of 10000
  Maximum CPU time: 0 out of 10000
  Maximum heap size: 0 out of 6000000
  Number of callouts: 0 out of 100
  Number of Email Invocations: 0 out of 10
  Number of future calls: 0 out of 50
  Number of queueable jobs added to the queue: 0 out of 50
  Number of Mobile Apex push calls: 0 out of 10

12:08:53.32 (32603345)|CUMULATIVE_LIMIT_USAGE_END

12:08:53.0 (32640173)|CODE_UNIT_FINISHED|VF: /apex/Potential_Manager
12:08:53.0 (33417627)|EXECUTION_FINISHED
