43.0 APEX_CODE,FINEST;APEX_PROFILING,INFO;CALLOUT,INFO;DB,INFO;NBA,INFO;SYSTEM,DEBUG;VALIDATION,INFO;VISUALFORCE,INFO;WAVE,INFO;WORKFLOW,INFO
12:43:45.0 (332540)|USER_INFO|[EXTERNAL]|0051H000008yiOQ|pavel@topengineer.io|Pacific Standard Time|GMT-07:00
12:43:45.0 (382409)|EXECUTION_STARTED
12:43:45.0 (386685)|CODE_UNIT_STARTED|[EXTERNAL]|0661H000002NMb5|VF: /apex/newAccount
12:43:45.0 (863005)|VF_DESERIALIZE_VIEWSTATE_BEGIN|0661H000002NMb5
12:43:45.0 (4270256)|VF_DESERIALIZE_VIEWSTATE_END
12:43:45.13 (13607712)|HEAP_ALLOCATE|[EXTERNAL]|Bytes:-4
12:43:45.13 (13714186)|HEAP_ALLOCATE|[EXTERNAL]|Bytes:-4
12:43:45.13 (13800736)|HEAP_ALLOCATE|[EXTERNAL]|Bytes:-4
12:43:45.14 (14010048)|HEAP_ALLOCATE|[EXTERNAL]|Bytes:-4
12:43:45.0 (14147849)|CODE_UNIT_STARTED|[EXTERNAL]|VF Controller Save
12:43:45.0 (14168280)|SYSTEM_MODE_ENTER|false
12:43:45.0 (24513689)|CODE_UNIT_STARTED|[EXTERNAL]|01q1H000000rd4q|AccounbeforeInsert on Account trigger event BeforeInsert|__sfdc_trigger/AccounbeforeInsert
12:43:45.0 (24560673)|HEAP_ALLOCATE|[EXTERNAL]|Bytes:8
12:43:45.0 (24927810)|HEAP_ALLOCATE|[72]|Bytes:3
12:43:45.0 (24984937)|HEAP_ALLOCATE|[77]|Bytes:152
12:43:45.0 (25000686)|HEAP_ALLOCATE|[342]|Bytes:408
12:43:45.0 (25015885)|HEAP_ALLOCATE|[355]|Bytes:408
12:43:45.0 (25027356)|HEAP_ALLOCATE|[467]|Bytes:48
12:43:45.0 (25054555)|HEAP_ALLOCATE|[139]|Bytes:6
12:43:45.0 (25078478)|HEAP_ALLOCATE|[EXTERNAL]|Bytes:4
12:43:45.0 (25099621)|VARIABLE_SCOPE_BEGIN|[5]|this|AccounbeforeInsert|true|false
12:43:45.0 (25161308)|VARIABLE_ASSIGNMENT|[5]|this|{}|0xcfef53a
12:43:45.0 (25370003)|HEAP_ALLOCATE|[EXTERNAL]|Bytes:4
12:43:45.0 (25399307)|VARIABLE_SCOPE_BEGIN|[5]|this|AccounbeforeInsert|true|false
12:43:45.0 (25423555)|VARIABLE_ASSIGNMENT|[5]|this|{}|0xcfef53a
12:43:45.0 (25436524)|STATEMENT_EXECUTE|[5]
12:43:45.0 (25478660)|HEAP_ALLOCATE|[50]|Bytes:5
12:43:45.0 (25510076)|HEAP_ALLOCATE|[56]|Bytes:5
12:43:45.0 (25524815)|HEAP_ALLOCATE|[64]|Bytes:7
12:43:45.0 (25930502)|HEAP_ALLOCATE|[6]|Bytes:5
12:43:45.0 (25972422)|HEAP_ALLOCATE|[6]|Bytes:4
12:43:45.0 (25984962)|VARIABLE_SCOPE_BEGIN|[6]|a|Account|true|false
12:43:45.0 (26592657)|VARIABLE_ASSIGNMENT|[6]|a|{"ParentId":"0011H00001QMC2DQAX","IsDeleted":false,"CleanStatus":"Pending","Description":"none","OwnerId":"0051H000008yiOQQAY","Phone":"(951) 123-4567","Name":"test01"}|0x5d9532ae
12:43:45.0 (26604047)|STATEMENT_EXECUTE|[6]
12:43:45.0 (26626219)|STATEMENT_EXECUTE|[10]
12:43:45.0 (26688452)|HEAP_ALLOCATE|[10]|Bytes:6
12:43:45.0 (27051789)|VARIABLE_ASSIGNMENT|[10]|this.Name|"Test01"|0x5d9532ae
12:43:45.0 (27073302)|HEAP_ALLOCATE|[6]|Bytes:5
12:43:45.0 (27089136)|VARIABLE_ASSIGNMENT|[6]|a|null|
12:43:45.27 (27099724)|CUMULATIVE_LIMIT_USAGE
12:43:45.27 (27099724)|LIMIT_USAGE_FOR_NS|(default)|
  Number of SOQL queries: 0 out of 100
  Number of query rows: 0 out of 50000
  Number of SOSL queries: 0 out of 20
  Number of DML statements: 0 out of 150
  Number of DML rows: 0 out of 10000
  Maximum CPU time: 0 out of 10000
  Maximum heap size: 0 out of 6000000
  Number of callouts: 0 out of 100
  Number of Email Invocations: 0 out of 10
  Number of future calls: 0 out of 50
  Number of queueable jobs added to the queue: 0 out of 50
  Number of Mobile Apex push calls: 0 out of 10

12:43:45.27 (27099724)|CUMULATIVE_LIMIT_USAGE_END

12:43:45.0 (27960858)|CODE_UNIT_FINISHED|AccounbeforeInsert on Account trigger event BeforeInsert|__sfdc_trigger/AccounbeforeInsert
12:43:45.0 (30534295)|CODE_UNIT_STARTED|[EXTERNAL]|01q1H000000rd4W|myAccountTrigger on Account trigger event BeforeInsert|__sfdc_trigger/myAccountTrigger
12:43:45.0 (30562087)|HEAP_ALLOCATE|[EXTERNAL]|Bytes:8
12:43:45.0 (30611903)|HEAP_ALLOCATE|[EXTERNAL]|Bytes:4
12:43:45.0 (30619825)|VARIABLE_SCOPE_BEGIN|[1]|this|myAccountTrigger|true|false
12:43:45.0 (30657815)|VARIABLE_ASSIGNMENT|[1]|this|{}|0x4b66fba1
12:43:45.0 (30710938)|HEAP_ALLOCATE|[EXTERNAL]|Bytes:4
12:43:45.0 (30718394)|VARIABLE_SCOPE_BEGIN|[1]|this|myAccountTrigger|true|false
12:43:45.0 (30732036)|VARIABLE_ASSIGNMENT|[1]|this|{}|0x4b66fba1
12:43:45.0 (30739436)|STATEMENT_EXECUTE|[1]
12:43:45.0 (30756637)|STATEMENT_EXECUTE|[2]
12:43:45.0 (30762076)|STATEMENT_EXECUTE|[5]
12:43:45.30 (30765600)|CUMULATIVE_LIMIT_USAGE
12:43:45.30 (30765600)|LIMIT_USAGE_FOR_NS|(default)|
  Number of SOQL queries: 0 out of 100
  Number of query rows: 0 out of 50000
  Number of SOSL queries: 0 out of 20
  Number of DML statements: 0 out of 150
  Number of DML rows: 0 out of 10000
  Maximum CPU time: 0 out of 10000
  Maximum heap size: 0 out of 6000000
  Number of callouts: 0 out of 100
  Number of Email Invocations: 0 out of 10
  Number of future calls: 0 out of 50
  Number of queueable jobs added to the queue: 0 out of 50
  Number of Mobile Apex push calls: 0 out of 10

12:43:45.30 (30765600)|CUMULATIVE_LIMIT_USAGE_END

12:43:45.0 (31493250)|CODE_UNIT_FINISHED|myAccountTrigger on Account trigger event BeforeInsert|__sfdc_trigger/myAccountTrigger
12:43:45.0 (36016725)|CODE_UNIT_STARTED|[EXTERNAL]|DuplicateDetector
12:43:45.0 (36032158)|DUPLICATE_DETECTION_BEGIN
12:43:45.0 (36649577)|DUPLICATE_DETECTION_RULE_INVOCATION|DuplicateRuleId:0Bm1H000000SIWW|DuplicateRuleName:Standard Account Duplicate Rule|DmlType:INSERT
12:43:45.0 (60919776)|DUPLICATE_DETECTION_MATCH_INVOCATION_DETAILS|EntityType:Account|ActionTaken:Allow_[Alert,Report]|DuplicateRecordIds:
12:43:45.0 (60937694)|DUPLICATE_DETECTION_MATCH_INVOCATION_SUMMARY|EntityType:Account|NumRecordsToBeSaved:1|NumRecordsToBeSavedWithDuplicates:0|NumDuplicateRecordsFound:0
12:43:45.0 (61141917)|DUPLICATE_DETECTION_END
12:43:45.0 (61151799)|CODE_UNIT_FINISHED|DuplicateDetector
12:43:45.0 (91406623)|CODE_UNIT_STARTED|[EXTERNAL]|01q1H000000rd4W|myAccountTrigger on Account trigger event AfterInsert|__sfdc_trigger/myAccountTrigger
12:43:45.0 (91476324)|HEAP_ALLOCATE|[EXTERNAL]|Bytes:8
12:43:45.0 (91594722)|HEAP_ALLOCATE|[EXTERNAL]|Bytes:4
12:43:45.0 (91611538)|VARIABLE_SCOPE_BEGIN|[1]|this|myAccountTrigger|true|false
12:43:45.0 (91655038)|VARIABLE_ASSIGNMENT|[1]|this|{}|0x62ffaae0
12:43:45.0 (91714516)|HEAP_ALLOCATE|[EXTERNAL]|Bytes:4
12:43:45.0 (91724942)|VARIABLE_SCOPE_BEGIN|[1]|this|myAccountTrigger|true|false
12:43:45.0 (91742771)|VARIABLE_ASSIGNMENT|[1]|this|{}|0x62ffaae0
12:43:45.0 (91760365)|STATEMENT_EXECUTE|[1]
12:43:45.0 (91786713)|STATEMENT_EXECUTE|[2]
12:43:45.0 (91815302)|STATEMENT_EXECUTE|[5]
12:43:45.91 (91822302)|CUMULATIVE_LIMIT_USAGE
12:43:45.91 (91822302)|LIMIT_USAGE_FOR_NS|(default)|
  Number of SOQL queries: 0 out of 100
  Number of query rows: 0 out of 50000
  Number of SOSL queries: 0 out of 20
  Number of DML statements: 0 out of 150
  Number of DML rows: 0 out of 10000
  Maximum CPU time: 0 out of 10000
  Maximum heap size: 0 out of 6000000
  Number of callouts: 0 out of 100
  Number of Email Invocations: 0 out of 10
  Number of future calls: 0 out of 50
  Number of queueable jobs added to the queue: 0 out of 50
  Number of Mobile Apex push calls: 0 out of 10

12:43:45.91 (91822302)|CUMULATIVE_LIMIT_USAGE_END

12:43:45.0 (92669294)|CODE_UNIT_FINISHED|myAccountTrigger on Account trigger event AfterInsert|__sfdc_trigger/myAccountTrigger
12:43:45.0 (130955902)|CODE_UNIT_STARTED|[EXTERNAL]|DuplicateDetector
12:43:45.0 (130977602)|DUPLICATE_DETECTION_BEGIN
12:43:45.0 (131023478)|DUPLICATE_DETECTION_RULE_INVOCATION|DuplicateRuleId:0Bm1H000000SIWW|DuplicateRuleName:Standard Account Duplicate Rule|DmlType:INSERT
12:43:45.0 (141018781)|DUPLICATE_DETECTION_END
12:43:45.0 (141027979)|CODE_UNIT_FINISHED|DuplicateDetector
12:43:45.0 (142382672)|CODE_UNIT_FINISHED|VF Controller Save
12:43:45.144 (144280730)|CUMULATIVE_LIMIT_USAGE
12:43:45.144 (144280730)|LIMIT_USAGE_FOR_NS|(default)|
  Number of SOQL queries: 0 out of 100
  Number of query rows: 0 out of 50000
  Number of SOSL queries: 0 out of 20
  Number of DML statements: 0 out of 150
  Number of DML rows: 0 out of 10000
  Maximum CPU time: 0 out of 10000
  Maximum heap size: 0 out of 6000000
  Number of callouts: 0 out of 100
  Number of Email Invocations: 0 out of 10
  Number of future calls: 0 out of 50
  Number of queueable jobs added to the queue: 0 out of 50
  Number of Mobile Apex push calls: 0 out of 10

12:43:45.144 (144280730)|CUMULATIVE_LIMIT_USAGE_END

12:43:45.0 (144323091)|CODE_UNIT_FINISHED|VF: /apex/newAccount
12:43:45.0 (145083663)|EXECUTION_FINISHED
