34.0 APEX_CODE,FINEST;APEX_PROFILING,INFO;CALLOUT,INFO;DB,INFO;NBA,INFO;SYSTEM,DEBUG;VALIDATION,INFO;VISUALFORCE,INFO;WAVE,INFO;WORKFLOW,INFO
12:20:07.0 (377070)|USER_INFO|[EXTERNAL]|0051H000008yiOQ|pavel@topengineer.io|Pacific Standard Time|GMT-07:00
12:20:07.0 (409245)|EXECUTION_STARTED
12:20:07.0 (413976)|CODE_UNIT_STARTED|[EXTERNAL]|0661H000002ugfO|VF: /apex/CustomerEvangelist
12:20:07.0 (43927080)|SYSTEM_MODE_ENTER|true
12:20:07.0 (44304458)|HEAP_ALLOCATE|[72]|Bytes:3
12:20:07.0 (44369248)|HEAP_ALLOCATE|[77]|Bytes:152
12:20:07.0 (44385872)|HEAP_ALLOCATE|[342]|Bytes:408
12:20:07.0 (44399594)|HEAP_ALLOCATE|[355]|Bytes:408
12:20:07.0 (44409871)|HEAP_ALLOCATE|[467]|Bytes:48
12:20:07.0 (44434712)|HEAP_ALLOCATE|[139]|Bytes:6
12:20:07.0 (44450007)|HEAP_ALLOCATE|[EXTERNAL]|Bytes:176
12:20:07.0 (44475482)|HEAP_ALLOCATE|[EXTERNAL]|Bytes:16
12:20:07.0 (44506675)|METHOD_ENTRY|[1]|01p1H000006LIeu|CustomerEvangelist.CustomerEvangelist()
12:20:07.0 (44513835)|STATEMENT_EXECUTE|[1]
12:20:07.0 (44520088)|STATEMENT_EXECUTE|[1]
12:20:07.0 (44553500)|HEAP_ALLOCATE|[50]|Bytes:5
12:20:07.0 (44576964)|HEAP_ALLOCATE|[56]|Bytes:5
12:20:07.0 (44585052)|HEAP_ALLOCATE|[64]|Bytes:7
12:20:07.0 (44602069)|SYSTEM_MODE_ENTER|false
12:20:07.0 (44615255)|HEAP_ALLOCATE|[EXTERNAL]|Bytes:5
12:20:07.0 (44622728)|SYSTEM_MODE_EXIT|false
12:20:07.0 (44642840)|METHOD_EXIT|[1]|CustomerEvangelist
12:20:07.0 (44694772)|HEAP_ALLOCATE|[EXTERNAL]|Bytes:20
12:20:07.0 (44728058)|VARIABLE_SCOPE_BEGIN|[9]|this|CustomerEvangelist|true|false
12:20:07.0 (44900124)|VARIABLE_ASSIGNMENT|[9]|this|{}|0x73b26bea
12:20:07.0 (44916923)|SYSTEM_MODE_ENTER|false
12:20:07.0 (44923354)|HEAP_ALLOCATE|[10]|Bytes:5
12:20:07.0 (44928332)|STATEMENT_EXECUTE|[1]
12:20:07.0 (44931551)|HEAP_ALLOCATE|[10]|Bytes:5
12:20:07.0 (44934344)|STATEMENT_EXECUTE|[5]
12:20:07.0 (44936041)|STATEMENT_EXECUTE|[6]
12:20:07.0 (44937548)|STATEMENT_EXECUTE|[7]
12:20:07.0 (44938987)|STATEMENT_EXECUTE|[50]
12:20:07.0 (44947872)|HEAP_ALLOCATE|[10]|Bytes:6
12:20:07.0 (44983817)|STATEMENT_EXECUTE|[9]
12:20:07.0 (44985740)|STATEMENT_EXECUTE|[10]
12:20:07.0 (45006704)|HEAP_ALLOCATE|[10]|Bytes:4
12:20:07.0 (45175765)|VARIABLE_ASSIGNMENT|[EXTERNAL]|this|{}|0x73b26bea
12:20:07.0 (45192134)|VARIABLE_ASSIGNMENT|[EXTERNAL]|value|{}|0x3c497c2f
12:20:07.0 (45204985)|VARIABLE_ASSIGNMENT|[5]|this.placeholderContact|{}|0x73b26bea
12:20:07.0 (45216144)|STATEMENT_EXECUTE|[11]
12:20:07.0 (45227585)|HEAP_ALLOCATE|[11]|Bytes:4
12:20:07.0 (45312843)|VARIABLE_ASSIGNMENT|[EXTERNAL]|this|{"placeholderContact":"0x3c497c2f"}|0x73b26bea
12:20:07.0 (45325564)|HEAP_ALLOCATE|[EXTERNAL]|Bytes:4
12:20:07.0 (45336796)|VARIABLE_ASSIGNMENT|[EXTERNAL]|value|[]|0x31283d81
12:20:07.0 (45346860)|VARIABLE_ASSIGNMENT|[6]|this.accountContacts|[]|0x73b26bea
12:20:07.0 (45358656)|SYSTEM_MODE_EXIT|false
12:20:07.0 (45407574)|SYSTEM_MODE_ENTER|true
12:20:07.0 (76235006)|VF_SERIALIZE_VIEWSTATE_BEGIN|0661H000002ugfO
12:20:07.0 (78067188)|VF_SERIALIZE_VIEWSTATE_END
12:20:07.80 (80269213)|CUMULATIVE_LIMIT_USAGE
12:20:07.80 (80269213)|LIMIT_USAGE_FOR_NS|(default)|
  Number of SOQL queries: 0 out of 100
  Number of query rows: 0 out of 50000
  Number of SOSL queries: 0 out of 20
  Number of DML statements: 0 out of 150
  Number of DML rows: 0 out of 10000
  Maximum CPU time: 0 out of 10000
  Maximum heap size: 0 out of 6000000
  Number of callouts: 0 out of 100
  Number of Email Invocations: 0 out of 10
  Number of future calls: 0 out of 50
  Number of queueable jobs added to the queue: 0 out of 50
  Number of Mobile Apex push calls: 0 out of 10

12:20:07.80 (80269213)|CUMULATIVE_LIMIT_USAGE_END

12:20:07.0 (80303335)|CODE_UNIT_FINISHED|VF: /apex/CustomerEvangelist
12:20:07.0 (81093721)|EXECUTION_FINISHED
