34.0 APEX_CODE,FINEST;APEX_PROFILING,INFO;CALLOUT,INFO;DB,INFO;NBA,INFO;SYSTEM,DEBUG;VALIDATION,INFO;VISUALFORCE,INFO;WAVE,INFO;WORKFLOW,INFO
14:05:10.0 (370204)|USER_INFO|[EXTERNAL]|0051H000008yiOQ|pavel@topengineer.io|Pacific Standard Time|GMT-07:00
14:05:10.0 (557184)|EXECUTION_STARTED
14:05:10.0 (562934)|CODE_UNIT_STARTED|[EXTERNAL]|0661H000002Q8fN|VF: /apex/Potential_Manager
14:05:10.0 (3301121)|SYSTEM_MODE_ENTER|true
14:05:10.0 (3870203)|HEAP_ALLOCATE|[72]|Bytes:3
14:05:10.0 (3921230)|HEAP_ALLOCATE|[77]|Bytes:152
14:05:10.0 (3935293)|HEAP_ALLOCATE|[342]|Bytes:408
14:05:10.0 (3947792)|HEAP_ALLOCATE|[355]|Bytes:408
14:05:10.0 (3958064)|HEAP_ALLOCATE|[467]|Bytes:48
14:05:10.0 (3986519)|HEAP_ALLOCATE|[139]|Bytes:6
14:05:10.0 (4006472)|HEAP_ALLOCATE|[EXTERNAL]|Bytes:148
14:05:10.0 (4028053)|HEAP_ALLOCATE|[EXTERNAL]|Bytes:16
14:05:10.0 (4052969)|METHOD_ENTRY|[1]|01p1H000005w2NJ|potential_Manager.potential_Manager()
14:05:10.0 (4060678)|STATEMENT_EXECUTE|[1]
14:05:10.0 (4067061)|STATEMENT_EXECUTE|[1]
14:05:10.0 (4100656)|HEAP_ALLOCATE|[50]|Bytes:5
14:05:10.0 (4122234)|HEAP_ALLOCATE|[56]|Bytes:5
14:05:10.0 (4129924)|HEAP_ALLOCATE|[64]|Bytes:7
14:05:10.0 (4145566)|SYSTEM_MODE_ENTER|false
14:05:10.0 (4159123)|HEAP_ALLOCATE|[EXTERNAL]|Bytes:5
14:05:10.0 (4167320)|SYSTEM_MODE_EXIT|false
14:05:10.0 (4186656)|METHOD_EXIT|[1]|potential_Manager
14:05:10.0 (4296526)|HEAP_ALLOCATE|[EXTERNAL]|Bytes:16
14:05:10.0 (4307193)|VARIABLE_SCOPE_BEGIN|[8]|this|potential_Manager|true|false
14:05:10.0 (4368606)|VARIABLE_ASSIGNMENT|[8]|this|{}|0x79d492ab
14:05:10.0 (4383539)|SYSTEM_MODE_ENTER|false
14:05:10.0 (4390335)|HEAP_ALLOCATE|[9]|Bytes:5
14:05:10.0 (4394699)|STATEMENT_EXECUTE|[1]
14:05:10.0 (4398140)|HEAP_ALLOCATE|[9]|Bytes:5
14:05:10.0 (4400788)|STATEMENT_EXECUTE|[4]
14:05:10.0 (4402751)|STATEMENT_EXECUTE|[5]
14:05:10.0 (4404465)|STATEMENT_EXECUTE|[6]
14:05:10.0 (4413370)|HEAP_ALLOCATE|[9]|Bytes:6
14:05:10.0 (4447416)|STATEMENT_EXECUTE|[8]
14:05:10.0 (4449438)|STATEMENT_EXECUTE|[9]
14:05:10.0 (4472069)|HEAP_ALLOCATE|[9]|Bytes:4
14:05:10.0 (4647240)|VARIABLE_ASSIGNMENT|[EXTERNAL]|this|{}|0x79d492ab
14:05:10.0 (4665364)|VARIABLE_ASSIGNMENT|[EXTERNAL]|value|{}|0x41567ebe
14:05:10.0 (4680730)|VARIABLE_ASSIGNMENT|[4]|this.placeholderPotential|{}|0x79d492ab
14:05:10.0 (4709443)|STATEMENT_EXECUTE|[10]
14:05:10.0 (4723247)|HEAP_ALLOCATE|[10]|Bytes:4
14:05:10.0 (4855640)|VARIABLE_ASSIGNMENT|[EXTERNAL]|this|{"placeholderPotential":"0x41567ebe"}|0x79d492ab
14:05:10.0 (4869040)|HEAP_ALLOCATE|[EXTERNAL]|Bytes:4
14:05:10.0 (4880279)|VARIABLE_ASSIGNMENT|[EXTERNAL]|value|[]|0x143fef86
14:05:10.0 (4892213)|VARIABLE_ASSIGNMENT|[5]|this.accountPotentials|[]|0x79d492ab
14:05:10.0 (4901429)|STATEMENT_EXECUTE|[11]
14:05:10.0 (4909151)|HEAP_ALLOCATE|[11]|Bytes:4
14:05:10.0 (4949279)|VARIABLE_ASSIGNMENT|[EXTERNAL]|this|{"accountPotentials":"0x143fef86","placeholderPotential":"0x41567ebe"}|0x79d492ab
14:05:10.0 (4958910)|HEAP_ALLOCATE|[EXTERNAL]|Bytes:4
14:05:10.0 (4964769)|VARIABLE_ASSIGNMENT|[EXTERNAL]|value|[]|0x499d2073
14:05:10.0 (4974946)|VARIABLE_ASSIGNMENT|[6]|this.accountPot|[]|0x79d492ab
14:05:10.0 (4986723)|SYSTEM_MODE_EXIT|false
14:05:10.0 (6213364)|VF_SERIALIZE_VIEWSTATE_BEGIN|0661H000002Q8fN
14:05:10.0 (7988410)|VF_SERIALIZE_VIEWSTATE_END
14:05:10.10 (10436752)|CUMULATIVE_LIMIT_USAGE
14:05:10.10 (10436752)|LIMIT_USAGE_FOR_NS|(default)|
  Number of SOQL queries: 0 out of 100
  Number of query rows: 0 out of 50000
  Number of SOSL queries: 0 out of 20
  Number of DML statements: 0 out of 150
  Number of DML rows: 0 out of 10000
  Maximum CPU time: 0 out of 10000
  Maximum heap size: 0 out of 6000000
  Number of callouts: 0 out of 100
  Number of Email Invocations: 0 out of 10
  Number of future calls: 0 out of 50
  Number of queueable jobs added to the queue: 0 out of 50
  Number of Mobile Apex push calls: 0 out of 10

14:05:10.10 (10436752)|CUMULATIVE_LIMIT_USAGE_END

14:05:10.0 (10487371)|CODE_UNIT_FINISHED|VF: /apex/Potential_Manager
14:05:10.0 (11530451)|EXECUTION_FINISHED
