34.0 APEX_CODE,FINEST;APEX_PROFILING,INFO;CALLOUT,INFO;DB,INFO;NBA,INFO;SYSTEM,DEBUG;VALIDATION,INFO;VISUALFORCE,INFO;WAVE,INFO;WORKFLOW,INFO
14:25:33.0 (363341)|USER_INFO|[EXTERNAL]|0051H000008yiOQ|pavel@topengineer.io|Pacific Standard Time|GMT-07:00
14:25:33.0 (512722)|EXECUTION_STARTED
14:25:33.0 (517394)|CODE_UNIT_STARTED|[EXTERNAL]|0661H000002Q8fN|VF: /apex/Potential_Manager
14:25:33.0 (2828493)|SYSTEM_MODE_ENTER|true
14:25:33.0 (3304394)|HEAP_ALLOCATE|[72]|Bytes:3
14:25:33.0 (3353866)|HEAP_ALLOCATE|[77]|Bytes:152
14:25:33.0 (3367135)|HEAP_ALLOCATE|[342]|Bytes:408
14:25:33.0 (3379830)|HEAP_ALLOCATE|[355]|Bytes:408
14:25:33.0 (3390773)|HEAP_ALLOCATE|[467]|Bytes:48
14:25:33.0 (3415351)|HEAP_ALLOCATE|[139]|Bytes:6
14:25:33.0 (3430394)|HEAP_ALLOCATE|[EXTERNAL]|Bytes:148
14:25:33.0 (3445025)|HEAP_ALLOCATE|[EXTERNAL]|Bytes:16
14:25:33.0 (3464822)|METHOD_ENTRY|[1]|01p1H000005w2NJ|potential_Manager.potential_Manager()
14:25:33.0 (3472323)|STATEMENT_EXECUTE|[1]
14:25:33.0 (3477007)|STATEMENT_EXECUTE|[1]
14:25:33.0 (3505704)|HEAP_ALLOCATE|[50]|Bytes:5
14:25:33.0 (3523019)|HEAP_ALLOCATE|[56]|Bytes:5
14:25:33.0 (3530494)|HEAP_ALLOCATE|[64]|Bytes:7
14:25:33.0 (3545884)|SYSTEM_MODE_ENTER|false
14:25:33.0 (3555078)|HEAP_ALLOCATE|[EXTERNAL]|Bytes:5
14:25:33.0 (3561510)|SYSTEM_MODE_EXIT|false
14:25:33.0 (3579664)|METHOD_EXIT|[1]|potential_Manager
14:25:33.0 (3677722)|HEAP_ALLOCATE|[EXTERNAL]|Bytes:16
14:25:33.0 (3688185)|VARIABLE_SCOPE_BEGIN|[8]|this|potential_Manager|true|false
14:25:33.0 (3742565)|VARIABLE_ASSIGNMENT|[8]|this|{}|0x28fde7a8
14:25:33.0 (3758032)|SYSTEM_MODE_ENTER|false
14:25:33.0 (3764700)|HEAP_ALLOCATE|[9]|Bytes:5
14:25:33.0 (3769935)|STATEMENT_EXECUTE|[1]
14:25:33.0 (3773356)|HEAP_ALLOCATE|[9]|Bytes:5
14:25:33.0 (3776510)|STATEMENT_EXECUTE|[4]
14:25:33.0 (3778000)|STATEMENT_EXECUTE|[5]
14:25:33.0 (3779403)|STATEMENT_EXECUTE|[6]
14:25:33.0 (3786793)|HEAP_ALLOCATE|[9]|Bytes:6
14:25:33.0 (3819310)|STATEMENT_EXECUTE|[8]
14:25:33.0 (3821220)|STATEMENT_EXECUTE|[9]
14:25:33.0 (3844057)|HEAP_ALLOCATE|[9]|Bytes:4
14:25:33.0 (3998476)|VARIABLE_ASSIGNMENT|[EXTERNAL]|this|{}|0x28fde7a8
14:25:33.0 (4014105)|VARIABLE_ASSIGNMENT|[EXTERNAL]|value|{}|0xbe8330f
14:25:33.0 (4029822)|VARIABLE_ASSIGNMENT|[4]|this.placeholderPotential|{}|0x28fde7a8
14:25:33.0 (4058594)|STATEMENT_EXECUTE|[10]
14:25:33.0 (4074790)|HEAP_ALLOCATE|[10]|Bytes:4
14:25:33.0 (4202937)|VARIABLE_ASSIGNMENT|[EXTERNAL]|this|{"placeholderPotential":"0xbe8330f"}|0x28fde7a8
14:25:33.0 (4215024)|HEAP_ALLOCATE|[EXTERNAL]|Bytes:4
14:25:33.0 (4225180)|VARIABLE_ASSIGNMENT|[EXTERNAL]|value|[]|0x7b2816f9
14:25:33.0 (4237170)|VARIABLE_ASSIGNMENT|[5]|this.accountPotentials|[]|0x28fde7a8
14:25:33.0 (4246933)|STATEMENT_EXECUTE|[11]
14:25:33.0 (4253858)|HEAP_ALLOCATE|[11]|Bytes:4
14:25:33.0 (4292635)|VARIABLE_ASSIGNMENT|[EXTERNAL]|this|{"accountPotentials":"0x7b2816f9","placeholderPotential":"0xbe8330f"}|0x28fde7a8
14:25:33.0 (4302531)|HEAP_ALLOCATE|[EXTERNAL]|Bytes:4
14:25:33.0 (4307910)|VARIABLE_ASSIGNMENT|[EXTERNAL]|value|[]|0x5ad38044
14:25:33.0 (4317733)|VARIABLE_ASSIGNMENT|[6]|this.accountPot|[]|0x28fde7a8
14:25:33.0 (4329863)|SYSTEM_MODE_EXIT|false
14:25:33.0 (5404291)|VF_SERIALIZE_VIEWSTATE_BEGIN|0661H000002Q8fN
14:25:33.0 (7086117)|VF_SERIALIZE_VIEWSTATE_END
14:25:33.9 (9071418)|CUMULATIVE_LIMIT_USAGE
14:25:33.9 (9071418)|LIMIT_USAGE_FOR_NS|(default)|
  Number of SOQL queries: 0 out of 100
  Number of query rows: 0 out of 50000
  Number of SOSL queries: 0 out of 20
  Number of DML statements: 0 out of 150
  Number of DML rows: 0 out of 10000
  Maximum CPU time: 0 out of 10000
  Maximum heap size: 0 out of 6000000
  Number of callouts: 0 out of 100
  Number of Email Invocations: 0 out of 10
  Number of future calls: 0 out of 50
  Number of queueable jobs added to the queue: 0 out of 50
  Number of Mobile Apex push calls: 0 out of 10

14:25:33.9 (9071418)|CUMULATIVE_LIMIT_USAGE_END

14:25:33.0 (9107726)|CODE_UNIT_FINISHED|VF: /apex/Potential_Manager
14:25:33.0 (9820802)|EXECUTION_FINISHED
