34.0 APEX_CODE,FINEST;APEX_PROFILING,INFO;CALLOUT,INFO;DB,INFO;NBA,INFO;SYSTEM,DEBUG;VALIDATION,INFO;VISUALFORCE,INFO;WAVE,INFO;WORKFLOW,INFO
13:32:23.0 (460189)|USER_INFO|[EXTERNAL]|0051H000008yiOQ|pavel@topengineer.io|Pacific Standard Time|GMT-07:00
13:32:23.0 (1578174)|EXECUTION_STARTED
13:32:23.0 (1586236)|CODE_UNIT_STARTED|[EXTERNAL]|0661H000002Q8fN|VF: /apex/Potential_Manager
13:32:23.0 (4470470)|SYSTEM_MODE_ENTER|true
13:32:23.0 (5184366)|HEAP_ALLOCATE|[72]|Bytes:3
13:32:23.0 (5232226)|HEAP_ALLOCATE|[77]|Bytes:152
13:32:23.0 (5249587)|HEAP_ALLOCATE|[342]|Bytes:408
13:32:23.0 (5264647)|HEAP_ALLOCATE|[355]|Bytes:408
13:32:23.0 (5275938)|HEAP_ALLOCATE|[467]|Bytes:48
13:32:23.0 (5302180)|HEAP_ALLOCATE|[139]|Bytes:6
13:32:23.0 (5318076)|HEAP_ALLOCATE|[EXTERNAL]|Bytes:148
13:32:23.0 (5346415)|HEAP_ALLOCATE|[EXTERNAL]|Bytes:16
13:32:23.0 (5383484)|METHOD_ENTRY|[1]|01p1H000005w2NJ|potential_Manager.potential_Manager()
13:32:23.0 (5395779)|STATEMENT_EXECUTE|[1]
13:32:23.0 (5402125)|STATEMENT_EXECUTE|[1]
13:32:23.0 (5433403)|HEAP_ALLOCATE|[50]|Bytes:5
13:32:23.0 (5457723)|HEAP_ALLOCATE|[56]|Bytes:5
13:32:23.0 (5465299)|HEAP_ALLOCATE|[64]|Bytes:7
13:32:23.0 (5481040)|SYSTEM_MODE_ENTER|false
13:32:23.0 (5491726)|HEAP_ALLOCATE|[EXTERNAL]|Bytes:5
13:32:23.0 (5499219)|SYSTEM_MODE_EXIT|false
13:32:23.0 (5527601)|METHOD_EXIT|[1]|potential_Manager
13:32:23.0 (5630246)|HEAP_ALLOCATE|[EXTERNAL]|Bytes:16
13:32:23.0 (5641105)|VARIABLE_SCOPE_BEGIN|[8]|this|potential_Manager|true|false
13:32:23.0 (5704377)|VARIABLE_ASSIGNMENT|[8]|this|{}|0x7b1c9b3e
13:32:23.0 (5718010)|SYSTEM_MODE_ENTER|false
13:32:23.0 (5724630)|HEAP_ALLOCATE|[9]|Bytes:5
13:32:23.0 (5729562)|STATEMENT_EXECUTE|[1]
13:32:23.0 (5732453)|HEAP_ALLOCATE|[9]|Bytes:5
13:32:23.0 (5735678)|STATEMENT_EXECUTE|[4]
13:32:23.0 (5737264)|STATEMENT_EXECUTE|[5]
13:32:23.0 (5738819)|STATEMENT_EXECUTE|[6]
13:32:23.0 (5747056)|HEAP_ALLOCATE|[9]|Bytes:6
13:32:23.0 (5779647)|STATEMENT_EXECUTE|[8]
13:32:23.0 (5781697)|STATEMENT_EXECUTE|[9]
13:32:23.0 (5803699)|HEAP_ALLOCATE|[9]|Bytes:4
13:32:23.0 (5990153)|VARIABLE_ASSIGNMENT|[EXTERNAL]|this|{}|0x7b1c9b3e
13:32:23.0 (6007924)|VARIABLE_ASSIGNMENT|[EXTERNAL]|value|{}|0x46939959
13:32:23.0 (6029437)|VARIABLE_ASSIGNMENT|[4]|this.placeholderPotential|{}|0x7b1c9b3e
13:32:23.0 (6056866)|STATEMENT_EXECUTE|[10]
13:32:23.0 (6067345)|HEAP_ALLOCATE|[10]|Bytes:4
13:32:23.0 (6188143)|VARIABLE_ASSIGNMENT|[EXTERNAL]|this|{"placeholderPotential":"0x46939959"}|0x7b1c9b3e
13:32:23.0 (6203200)|HEAP_ALLOCATE|[EXTERNAL]|Bytes:4
13:32:23.0 (6219189)|VARIABLE_ASSIGNMENT|[EXTERNAL]|value|[]|0x2c5f3350
13:32:23.0 (6237319)|VARIABLE_ASSIGNMENT|[5]|this.accountPotentials|[]|0x7b1c9b3e
13:32:23.0 (6247739)|STATEMENT_EXECUTE|[11]
13:32:23.0 (6256600)|HEAP_ALLOCATE|[11]|Bytes:4
13:32:23.0 (6297728)|VARIABLE_ASSIGNMENT|[EXTERNAL]|this|{"accountPotentials":"0x2c5f3350","placeholderPotential":"0x46939959"}|0x7b1c9b3e
13:32:23.0 (6306341)|HEAP_ALLOCATE|[EXTERNAL]|Bytes:4
13:32:23.0 (6314262)|VARIABLE_ASSIGNMENT|[EXTERNAL]|value|[]|0x46ddd12e
13:32:23.0 (6329170)|VARIABLE_ASSIGNMENT|[6]|this.accountPot|[]|0x7b1c9b3e
13:32:23.0 (6344690)|SYSTEM_MODE_EXIT|false
13:32:23.0 (7739606)|VF_SERIALIZE_VIEWSTATE_BEGIN|0661H000002Q8fN
13:32:23.0 (9666616)|VF_SERIALIZE_VIEWSTATE_END
13:32:23.11 (11794877)|CUMULATIVE_LIMIT_USAGE
13:32:23.11 (11794877)|LIMIT_USAGE_FOR_NS|(default)|
  Number of SOQL queries: 0 out of 100
  Number of query rows: 0 out of 50000
  Number of SOSL queries: 0 out of 20
  Number of DML statements: 0 out of 150
  Number of DML rows: 0 out of 10000
  Maximum CPU time: 0 out of 10000
  Maximum heap size: 0 out of 6000000
  Number of callouts: 0 out of 100
  Number of Email Invocations: 0 out of 10
  Number of future calls: 0 out of 50
  Number of queueable jobs added to the queue: 0 out of 50
  Number of Mobile Apex push calls: 0 out of 10

13:32:23.11 (11794877)|CUMULATIVE_LIMIT_USAGE_END

13:32:23.0 (11836682)|CODE_UNIT_FINISHED|VF: /apex/Potential_Manager
13:32:23.0 (12681666)|EXECUTION_FINISHED
