43.0 APEX_CODE,FINEST;APEX_PROFILING,INFO;CALLOUT,INFO;DB,INFO;NBA,INFO;SYSTEM,DEBUG;VALIDATION,INFO;VISUALFORCE,INFO;WAVE,INFO;WORKFLOW,INFO
21:19:14.2 (2077121)|USER_INFO|[EXTERNAL]|0051H000008yiOQ|pavel@topengineer.io|Pacific Standard Time|GMT-07:00
21:19:14.2 (2150040)|EXECUTION_STARTED
21:19:14.2 (2160858)|CODE_UNIT_STARTED|[EXTERNAL]|Aura
21:19:14.2 (4480243)|CODE_UNIT_STARTED|[EXTERNAL]|01p1H000007eSqs|D3ChartsController.getData()
21:19:14.2 (4749752)|HEAP_ALLOCATE|[72]|Bytes:3
21:19:14.2 (4812722)|HEAP_ALLOCATE|[77]|Bytes:152
21:19:14.2 (4829847)|HEAP_ALLOCATE|[342]|Bytes:408
21:19:14.2 (4844014)|HEAP_ALLOCATE|[355]|Bytes:408
21:19:14.2 (4856530)|HEAP_ALLOCATE|[467]|Bytes:48
21:19:14.2 (4882359)|HEAP_ALLOCATE|[139]|Bytes:6
21:19:14.2 (4901377)|HEAP_ALLOCATE|[EXTERNAL]|Bytes:1
21:19:14.2 (4951461)|METHOD_ENTRY|[1]|01p1H000007eSqs|D3ChartsController.D3ChartsController()
21:19:14.2 (4981679)|STATEMENT_EXECUTE|[1]
21:19:14.2 (5009469)|STATEMENT_EXECUTE|[1]
21:19:14.2 (5040839)|METHOD_EXIT|[1]|D3ChartsController
21:19:14.2 (5080419)|SYSTEM_MODE_ENTER|false
21:19:14.2 (5098330)|STATEMENT_EXECUTE|[4]
21:19:14.2 (5103329)|STATEMENT_EXECUTE|[6]
21:19:14.2 (5116955)|HEAP_ALLOCATE|[6]|Bytes:4
21:19:14.2 (5453650)|VARIABLE_SCOPE_BEGIN|[6]|lstData|List<String>|true|false
21:19:14.2 (5562369)|HEAP_ALLOCATE|[EXTERNAL]|Bytes:4
21:19:14.2 (5743371)|VARIABLE_ASSIGNMENT|[6]|lstData|[]|0x43f5b8f7
21:19:14.2 (5762290)|STATEMENT_EXECUTE|[7]
21:19:14.2 (5769852)|HEAP_ALLOCATE|[7]|Bytes:2
21:19:14.2 (5902825)|HEAP_ALLOCATE|[EXTERNAL]|Bytes:4
21:19:14.2 (5968810)|STATEMENT_EXECUTE|[8]
21:19:14.2 (5986992)|SYSTEM_MODE_EXIT|false
21:19:14.6 (6067961)|CUMULATIVE_LIMIT_USAGE
21:19:14.6 (6067961)|LIMIT_USAGE_FOR_NS|(default)|
  Number of SOQL queries: 0 out of 100
  Number of query rows: 0 out of 50000
  Number of SOSL queries: 0 out of 20
  Number of DML statements: 0 out of 150
  Number of DML rows: 0 out of 10000
  Maximum CPU time: 0 out of 10000
  Maximum heap size: 0 out of 6000000
  Number of callouts: 0 out of 100
  Number of Email Invocations: 0 out of 10
  Number of future calls: 0 out of 50
  Number of queueable jobs added to the queue: 0 out of 50
  Number of Mobile Apex push calls: 0 out of 10

21:19:14.6 (6067961)|CUMULATIVE_LIMIT_USAGE_END

21:19:14.2 (6146895)|CODE_UNIT_FINISHED|D3ChartsController.getData()
21:19:14.2 (6252898)|CODE_UNIT_FINISHED|Aura
21:19:14.2 (7345600)|EXECUTION_FINISHED
