34.0 APEX_CODE,FINEST;APEX_PROFILING,INFO;CALLOUT,INFO;DB,INFO;NBA,INFO;SYSTEM,DEBUG;VALIDATION,INFO;VISUALFORCE,INFO;WAVE,INFO;WORKFLOW,INFO
13:31:06.0 (108289)|USER_INFO|[EXTERNAL]|0051H000008yiOQ|pavel@topengineer.io|Pacific Standard Time|GMT-07:00
13:31:06.0 (154511)|EXECUTION_STARTED
13:31:06.0 (160001)|CODE_UNIT_STARTED|[EXTERNAL]|0661H000002Q8fN|VF: /apex/Potential_Manager
13:31:06.0 (5231377)|SYSTEM_MODE_ENTER|true
13:31:06.0 (5600648)|HEAP_ALLOCATE|[72]|Bytes:3
13:31:06.0 (5636518)|HEAP_ALLOCATE|[77]|Bytes:152
13:31:06.0 (5650669)|HEAP_ALLOCATE|[342]|Bytes:408
13:31:06.0 (5663416)|HEAP_ALLOCATE|[355]|Bytes:408
13:31:06.0 (5673903)|HEAP_ALLOCATE|[467]|Bytes:48
13:31:06.0 (5698805)|HEAP_ALLOCATE|[139]|Bytes:6
13:31:06.0 (5752296)|HEAP_ALLOCATE|[EXTERNAL]|Bytes:148
13:31:06.0 (5757891)|HEAP_ALLOCATE|[EXTERNAL]|Bytes:16
13:31:06.0 (5767279)|METHOD_ENTRY|[1]|01p1H000005w2NJ|potential_Manager.potential_Manager()
13:31:06.0 (5773946)|STATEMENT_EXECUTE|[1]
13:31:06.0 (5778370)|STATEMENT_EXECUTE|[1]
13:31:06.0 (5811552)|HEAP_ALLOCATE|[50]|Bytes:5
13:31:06.0 (5833238)|HEAP_ALLOCATE|[56]|Bytes:5
13:31:06.0 (5840524)|HEAP_ALLOCATE|[64]|Bytes:7
13:31:06.0 (5854027)|SYSTEM_MODE_ENTER|false
13:31:06.0 (5866646)|HEAP_ALLOCATE|[EXTERNAL]|Bytes:5
13:31:06.0 (5874291)|SYSTEM_MODE_EXIT|false
13:31:06.0 (5883001)|METHOD_EXIT|[1]|potential_Manager
13:31:06.0 (5889007)|HEAP_ALLOCATE|[EXTERNAL]|Bytes:16
13:31:06.0 (5895901)|VARIABLE_SCOPE_BEGIN|[8]|this|potential_Manager|true|false
13:31:06.0 (5944584)|VARIABLE_ASSIGNMENT|[8]|this|{}|0x1bdd1793
13:31:06.0 (5956702)|SYSTEM_MODE_ENTER|false
13:31:06.0 (5962076)|HEAP_ALLOCATE|[9]|Bytes:5
13:31:06.0 (5966662)|STATEMENT_EXECUTE|[1]
13:31:06.0 (5969579)|HEAP_ALLOCATE|[9]|Bytes:5
13:31:06.0 (5972919)|STATEMENT_EXECUTE|[4]
13:31:06.0 (5974638)|STATEMENT_EXECUTE|[5]
13:31:06.0 (5976001)|STATEMENT_EXECUTE|[6]
13:31:06.0 (5983124)|HEAP_ALLOCATE|[9]|Bytes:6
13:31:06.0 (6012043)|STATEMENT_EXECUTE|[8]
13:31:06.0 (6014626)|STATEMENT_EXECUTE|[9]
13:31:06.0 (6078575)|HEAP_ALLOCATE|[9]|Bytes:4
13:31:06.0 (6214206)|VARIABLE_ASSIGNMENT|[EXTERNAL]|this|{}|0x1bdd1793
13:31:06.0 (6228592)|VARIABLE_ASSIGNMENT|[EXTERNAL]|value|{}|0xdcf29cd
13:31:06.0 (6241767)|VARIABLE_ASSIGNMENT|[4]|this.placeholderPotential|{}|0x1bdd1793
13:31:06.0 (6252189)|STATEMENT_EXECUTE|[10]
13:31:06.0 (6297606)|HEAP_ALLOCATE|[10]|Bytes:4
13:31:06.0 (6382655)|VARIABLE_ASSIGNMENT|[EXTERNAL]|this|{"placeholderPotential":"0xdcf29cd"}|0x1bdd1793
13:31:06.0 (6395529)|HEAP_ALLOCATE|[EXTERNAL]|Bytes:4
13:31:06.0 (6405558)|VARIABLE_ASSIGNMENT|[EXTERNAL]|value|[]|0x77ea5241
13:31:06.0 (6416337)|VARIABLE_ASSIGNMENT|[5]|this.accountPotentials|[]|0x1bdd1793
13:31:06.0 (6424795)|STATEMENT_EXECUTE|[11]
13:31:06.0 (6432206)|HEAP_ALLOCATE|[11]|Bytes:4
13:31:06.0 (6467258)|VARIABLE_ASSIGNMENT|[EXTERNAL]|this|{"accountPotentials":"0x77ea5241","placeholderPotential":"0xdcf29cd"}|0x1bdd1793
13:31:06.0 (6476216)|HEAP_ALLOCATE|[EXTERNAL]|Bytes:4
13:31:06.0 (6481700)|VARIABLE_ASSIGNMENT|[EXTERNAL]|value|[]|0x500bf408
13:31:06.0 (6489997)|VARIABLE_ASSIGNMENT|[6]|this.accountPot|[]|0x1bdd1793
13:31:06.0 (6500285)|SYSTEM_MODE_EXIT|false
13:31:06.0 (7613366)|VF_SERIALIZE_VIEWSTATE_BEGIN|0661H000002Q8fN
13:31:06.0 (9386009)|VF_SERIALIZE_VIEWSTATE_END
13:31:06.11 (11622993)|CUMULATIVE_LIMIT_USAGE
13:31:06.11 (11622993)|LIMIT_USAGE_FOR_NS|(default)|
  Number of SOQL queries: 0 out of 100
  Number of query rows: 0 out of 50000
  Number of SOSL queries: 0 out of 20
  Number of DML statements: 0 out of 150
  Number of DML rows: 0 out of 10000
  Maximum CPU time: 0 out of 10000
  Maximum heap size: 0 out of 6000000
  Number of callouts: 0 out of 100
  Number of Email Invocations: 0 out of 10
  Number of future calls: 0 out of 50
  Number of queueable jobs added to the queue: 0 out of 50
  Number of Mobile Apex push calls: 0 out of 10

13:31:06.11 (11622993)|CUMULATIVE_LIMIT_USAGE_END

13:31:06.0 (11669442)|CODE_UNIT_FINISHED|VF: /apex/Potential_Manager
13:31:06.0 (12864665)|EXECUTION_FINISHED
