34.0 APEX_CODE,FINEST;APEX_PROFILING,INFO;CALLOUT,INFO;DB,INFO;NBA,INFO;SYSTEM,DEBUG;VALIDATION,INFO;VISUALFORCE,INFO;WAVE,INFO;WORKFLOW,INFO
14:29:14.0 (375423)|USER_INFO|[EXTERNAL]|0051H000008yiOQ|pavel@topengineer.io|Pacific Standard Time|GMT-07:00
14:29:14.0 (528377)|EXECUTION_STARTED
14:29:14.0 (533251)|CODE_UNIT_STARTED|[EXTERNAL]|0661H000002Q8fN|VF: /apex/Potential_Manager
14:29:14.0 (3182450)|SYSTEM_MODE_ENTER|true
14:29:14.0 (3702726)|HEAP_ALLOCATE|[72]|Bytes:3
14:29:14.0 (3764498)|HEAP_ALLOCATE|[77]|Bytes:152
14:29:14.0 (3782160)|HEAP_ALLOCATE|[342]|Bytes:408
14:29:14.0 (3795019)|HEAP_ALLOCATE|[355]|Bytes:408
14:29:14.0 (3806155)|HEAP_ALLOCATE|[467]|Bytes:48
14:29:14.0 (3833884)|HEAP_ALLOCATE|[139]|Bytes:6
14:29:14.0 (3849806)|HEAP_ALLOCATE|[EXTERNAL]|Bytes:148
14:29:14.0 (3868684)|HEAP_ALLOCATE|[EXTERNAL]|Bytes:16
14:29:14.0 (3891057)|METHOD_ENTRY|[1]|01p1H000005w2NJ|potential_Manager.potential_Manager()
14:29:14.0 (3898766)|STATEMENT_EXECUTE|[1]
14:29:14.0 (3903545)|STATEMENT_EXECUTE|[1]
14:29:14.0 (3933049)|HEAP_ALLOCATE|[50]|Bytes:5
14:29:14.0 (3953408)|HEAP_ALLOCATE|[56]|Bytes:5
14:29:14.0 (3960536)|HEAP_ALLOCATE|[64]|Bytes:7
14:29:14.0 (3975375)|SYSTEM_MODE_ENTER|false
14:29:14.0 (3985309)|HEAP_ALLOCATE|[EXTERNAL]|Bytes:5
14:29:14.0 (3992357)|SYSTEM_MODE_EXIT|false
14:29:14.0 (4011881)|METHOD_EXIT|[1]|potential_Manager
14:29:14.0 (4118086)|HEAP_ALLOCATE|[EXTERNAL]|Bytes:16
14:29:14.0 (4129995)|VARIABLE_SCOPE_BEGIN|[8]|this|potential_Manager|true|false
14:29:14.0 (4213390)|VARIABLE_ASSIGNMENT|[8]|this|{}|0xcb42d6f
14:29:14.0 (4228564)|SYSTEM_MODE_ENTER|false
14:29:14.0 (4235111)|HEAP_ALLOCATE|[9]|Bytes:5
14:29:14.0 (4239575)|STATEMENT_EXECUTE|[1]
14:29:14.0 (4242519)|HEAP_ALLOCATE|[9]|Bytes:5
14:29:14.0 (4245669)|STATEMENT_EXECUTE|[4]
14:29:14.0 (4247170)|STATEMENT_EXECUTE|[5]
14:29:14.0 (4248538)|STATEMENT_EXECUTE|[6]
14:29:14.0 (4258153)|HEAP_ALLOCATE|[9]|Bytes:6
14:29:14.0 (4290034)|STATEMENT_EXECUTE|[8]
14:29:14.0 (4292010)|STATEMENT_EXECUTE|[9]
14:29:14.0 (4315724)|HEAP_ALLOCATE|[9]|Bytes:4
14:29:14.0 (4491153)|VARIABLE_ASSIGNMENT|[EXTERNAL]|this|{}|0xcb42d6f
14:29:14.0 (4508109)|VARIABLE_ASSIGNMENT|[EXTERNAL]|value|{}|0x5fe33885
14:29:14.0 (4521234)|VARIABLE_ASSIGNMENT|[4]|this.placeholderPotential|{}|0xcb42d6f
14:29:14.0 (4550492)|STATEMENT_EXECUTE|[10]
14:29:14.0 (4562195)|HEAP_ALLOCATE|[10]|Bytes:4
14:29:14.0 (4685169)|VARIABLE_ASSIGNMENT|[EXTERNAL]|this|{"placeholderPotential":"0x5fe33885"}|0xcb42d6f
14:29:14.0 (4697929)|HEAP_ALLOCATE|[EXTERNAL]|Bytes:4
14:29:14.0 (4710165)|VARIABLE_ASSIGNMENT|[EXTERNAL]|value|[]|0x41add2d4
14:29:14.0 (4721633)|VARIABLE_ASSIGNMENT|[5]|this.accountPotentials|[]|0xcb42d6f
14:29:14.0 (4730631)|STATEMENT_EXECUTE|[11]
14:29:14.0 (4737853)|HEAP_ALLOCATE|[11]|Bytes:4
14:29:14.0 (4783213)|VARIABLE_ASSIGNMENT|[EXTERNAL]|this|{"accountPotentials":"0x41add2d4","placeholderPotential":"0x5fe33885"}|0xcb42d6f
14:29:14.0 (4792848)|HEAP_ALLOCATE|[EXTERNAL]|Bytes:4
14:29:14.0 (4798857)|VARIABLE_ASSIGNMENT|[EXTERNAL]|value|[]|0x7e04520f
14:29:14.0 (4808040)|VARIABLE_ASSIGNMENT|[6]|this.accountPot|[]|0xcb42d6f
14:29:14.0 (4818480)|SYSTEM_MODE_EXIT|false
14:29:14.0 (5938591)|VF_SERIALIZE_VIEWSTATE_BEGIN|0661H000002Q8fN
14:29:14.0 (7526319)|VF_SERIALIZE_VIEWSTATE_END
14:29:14.9 (9611626)|CUMULATIVE_LIMIT_USAGE
14:29:14.9 (9611626)|LIMIT_USAGE_FOR_NS|(default)|
  Number of SOQL queries: 0 out of 100
  Number of query rows: 0 out of 50000
  Number of SOSL queries: 0 out of 20
  Number of DML statements: 0 out of 150
  Number of DML rows: 0 out of 10000
  Maximum CPU time: 0 out of 10000
  Maximum heap size: 0 out of 6000000
  Number of callouts: 0 out of 100
  Number of Email Invocations: 0 out of 10
  Number of future calls: 0 out of 50
  Number of queueable jobs added to the queue: 0 out of 50
  Number of Mobile Apex push calls: 0 out of 10

14:29:14.9 (9611626)|CUMULATIVE_LIMIT_USAGE_END

14:29:14.0 (9649831)|CODE_UNIT_FINISHED|VF: /apex/Potential_Manager
14:29:14.0 (10391106)|EXECUTION_FINISHED
