34.0 APEX_CODE,FINEST;APEX_PROFILING,INFO;CALLOUT,INFO;DB,INFO;NBA,INFO;SYSTEM,DEBUG;VALIDATION,INFO;VISUALFORCE,INFO;WAVE,INFO;WORKFLOW,INFO
12:36:48.0 (369139)|USER_INFO|[EXTERNAL]|0051H000008yiOQ|pavel@topengineer.io|Pacific Standard Time|GMT-07:00
12:36:48.0 (408124)|EXECUTION_STARTED
12:36:48.0 (412709)|CODE_UNIT_STARTED|[EXTERNAL]|0661H000002Q8fN|VF: /apex/Potential_Manager
12:36:48.0 (6919455)|SYSTEM_MODE_ENTER|true
12:36:48.0 (7382089)|HEAP_ALLOCATE|[72]|Bytes:3
12:36:48.0 (7422153)|HEAP_ALLOCATE|[77]|Bytes:152
12:36:48.0 (7439820)|HEAP_ALLOCATE|[342]|Bytes:408
12:36:48.0 (7452475)|HEAP_ALLOCATE|[355]|Bytes:408
12:36:48.0 (7463806)|HEAP_ALLOCATE|[467]|Bytes:48
12:36:48.0 (7490295)|HEAP_ALLOCATE|[139]|Bytes:6
12:36:48.0 (7505120)|HEAP_ALLOCATE|[EXTERNAL]|Bytes:148
12:36:48.0 (7527341)|HEAP_ALLOCATE|[EXTERNAL]|Bytes:16
12:36:48.0 (7552418)|METHOD_ENTRY|[1]|01p1H000005w2NJ|potential_Manager.potential_Manager()
12:36:48.0 (7562690)|STATEMENT_EXECUTE|[1]
12:36:48.0 (7567545)|STATEMENT_EXECUTE|[1]
12:36:48.0 (7599665)|HEAP_ALLOCATE|[50]|Bytes:5
12:36:48.0 (7621530)|HEAP_ALLOCATE|[56]|Bytes:5
12:36:48.0 (7629775)|HEAP_ALLOCATE|[64]|Bytes:7
12:36:48.0 (7643732)|SYSTEM_MODE_ENTER|false
12:36:48.0 (7655338)|HEAP_ALLOCATE|[EXTERNAL]|Bytes:5
12:36:48.0 (7661385)|SYSTEM_MODE_EXIT|false
12:36:48.0 (7679414)|METHOD_EXIT|[1]|potential_Manager
12:36:48.0 (7775012)|HEAP_ALLOCATE|[EXTERNAL]|Bytes:16
12:36:48.0 (7785201)|VARIABLE_SCOPE_BEGIN|[8]|this|potential_Manager|true|false
12:36:48.0 (7843922)|VARIABLE_ASSIGNMENT|[8]|this|{}|0x31cc6169
12:36:48.0 (7857823)|SYSTEM_MODE_ENTER|false
12:36:48.0 (7865679)|HEAP_ALLOCATE|[9]|Bytes:5
12:36:48.0 (7870666)|STATEMENT_EXECUTE|[1]
12:36:48.0 (7873752)|HEAP_ALLOCATE|[9]|Bytes:5
12:36:48.0 (7877293)|STATEMENT_EXECUTE|[4]
12:36:48.0 (7878894)|STATEMENT_EXECUTE|[5]
12:36:48.0 (7882847)|STATEMENT_EXECUTE|[6]
12:36:48.0 (7890949)|HEAP_ALLOCATE|[9]|Bytes:6
12:36:48.0 (7924542)|STATEMENT_EXECUTE|[8]
12:36:48.0 (7926409)|STATEMENT_EXECUTE|[9]
12:36:48.0 (7947790)|HEAP_ALLOCATE|[9]|Bytes:4
12:36:48.0 (8103528)|VARIABLE_ASSIGNMENT|[EXTERNAL]|this|{}|0x31cc6169
12:36:48.0 (8121756)|VARIABLE_ASSIGNMENT|[EXTERNAL]|value|{}|0x611425fb
12:36:48.0 (8138176)|VARIABLE_ASSIGNMENT|[4]|this.placeholderPotential|{}|0x31cc6169
12:36:48.0 (8168825)|STATEMENT_EXECUTE|[10]
12:36:48.0 (8179799)|HEAP_ALLOCATE|[10]|Bytes:4
12:36:48.0 (8308516)|VARIABLE_ASSIGNMENT|[EXTERNAL]|this|{"placeholderPotential":"0x611425fb"}|0x31cc6169
12:36:48.0 (8322132)|HEAP_ALLOCATE|[EXTERNAL]|Bytes:4
12:36:48.0 (8333258)|VARIABLE_ASSIGNMENT|[EXTERNAL]|value|[]|0x5c8a8157
12:36:48.0 (8346314)|VARIABLE_ASSIGNMENT|[5]|this.accountPotentials|[]|0x31cc6169
12:36:48.0 (8355641)|STATEMENT_EXECUTE|[11]
12:36:48.0 (8364995)|HEAP_ALLOCATE|[11]|Bytes:4
12:36:48.0 (8406173)|VARIABLE_ASSIGNMENT|[EXTERNAL]|this|{"accountPotentials":"0x5c8a8157","placeholderPotential":"0x611425fb"}|0x31cc6169
12:36:48.0 (8415743)|HEAP_ALLOCATE|[EXTERNAL]|Bytes:4
12:36:48.0 (8421739)|VARIABLE_ASSIGNMENT|[EXTERNAL]|value|[]|0x7386bad7
12:36:48.0 (8432294)|VARIABLE_ASSIGNMENT|[6]|this.accountPot|[]|0x31cc6169
12:36:48.0 (8443435)|SYSTEM_MODE_EXIT|false
12:36:48.0 (9588805)|VF_SERIALIZE_VIEWSTATE_BEGIN|0661H000002Q8fN
12:36:48.0 (11655188)|VF_SERIALIZE_VIEWSTATE_END
12:36:48.14 (14127851)|CUMULATIVE_LIMIT_USAGE
12:36:48.14 (14127851)|LIMIT_USAGE_FOR_NS|(default)|
  Number of SOQL queries: 0 out of 100
  Number of query rows: 0 out of 50000
  Number of SOSL queries: 0 out of 20
  Number of DML statements: 0 out of 150
  Number of DML rows: 0 out of 10000
  Maximum CPU time: 0 out of 10000
  Maximum heap size: 0 out of 6000000
  Number of callouts: 0 out of 100
  Number of Email Invocations: 0 out of 10
  Number of future calls: 0 out of 50
  Number of queueable jobs added to the queue: 0 out of 50
  Number of Mobile Apex push calls: 0 out of 10

12:36:48.14 (14127851)|CUMULATIVE_LIMIT_USAGE_END

12:36:48.0 (14166922)|CODE_UNIT_FINISHED|VF: /apex/Potential_Manager
12:36:48.0 (15129459)|EXECUTION_FINISHED
