34.0 APEX_CODE,FINEST;APEX_PROFILING,INFO;CALLOUT,INFO;DB,INFO;NBA,INFO;SYSTEM,DEBUG;VALIDATION,INFO;VISUALFORCE,INFO;WAVE,INFO;WORKFLOW,INFO
14:28:21.0 (371954)|USER_INFO|[EXTERNAL]|0051H000008yiOQ|pavel@topengineer.io|Pacific Standard Time|GMT-07:00
14:28:21.0 (404437)|EXECUTION_STARTED
14:28:21.0 (408309)|CODE_UNIT_STARTED|[EXTERNAL]|0661H000002Q8fN|VF: /apex/Potential_Manager
14:28:21.0 (2702394)|SYSTEM_MODE_ENTER|true
14:28:21.0 (3112527)|HEAP_ALLOCATE|[72]|Bytes:3
14:28:21.0 (3165113)|HEAP_ALLOCATE|[77]|Bytes:152
14:28:21.0 (3178306)|HEAP_ALLOCATE|[342]|Bytes:408
14:28:21.0 (3191696)|HEAP_ALLOCATE|[355]|Bytes:408
14:28:21.0 (3203629)|HEAP_ALLOCATE|[467]|Bytes:48
14:28:21.0 (3228027)|HEAP_ALLOCATE|[139]|Bytes:6
14:28:21.0 (3242020)|HEAP_ALLOCATE|[EXTERNAL]|Bytes:148
14:28:21.0 (3262854)|HEAP_ALLOCATE|[EXTERNAL]|Bytes:16
14:28:21.0 (3285489)|METHOD_ENTRY|[1]|01p1H000005w2NJ|potential_Manager.potential_Manager()
14:28:21.0 (3292861)|STATEMENT_EXECUTE|[1]
14:28:21.0 (3297796)|STATEMENT_EXECUTE|[1]
14:28:21.0 (3329410)|HEAP_ALLOCATE|[50]|Bytes:5
14:28:21.0 (3348661)|HEAP_ALLOCATE|[56]|Bytes:5
14:28:21.0 (3356034)|HEAP_ALLOCATE|[64]|Bytes:7
14:28:21.0 (3369303)|SYSTEM_MODE_ENTER|false
14:28:21.0 (3379743)|HEAP_ALLOCATE|[EXTERNAL]|Bytes:5
14:28:21.0 (3387749)|SYSTEM_MODE_EXIT|false
14:28:21.0 (3405536)|METHOD_EXIT|[1]|potential_Manager
14:28:21.0 (3501842)|HEAP_ALLOCATE|[EXTERNAL]|Bytes:16
14:28:21.0 (3512578)|VARIABLE_SCOPE_BEGIN|[8]|this|potential_Manager|true|false
14:28:21.0 (3683286)|VARIABLE_ASSIGNMENT|[8]|this|{}|0x4533d6ed
14:28:21.0 (3697939)|SYSTEM_MODE_ENTER|false
14:28:21.0 (3704969)|HEAP_ALLOCATE|[9]|Bytes:5
14:28:21.0 (3709789)|STATEMENT_EXECUTE|[1]
14:28:21.0 (3713930)|HEAP_ALLOCATE|[9]|Bytes:5
14:28:21.0 (3718843)|STATEMENT_EXECUTE|[4]
14:28:21.0 (3720917)|STATEMENT_EXECUTE|[5]
14:28:21.0 (3722757)|STATEMENT_EXECUTE|[6]
14:28:21.0 (3733937)|HEAP_ALLOCATE|[9]|Bytes:6
14:28:21.0 (3778781)|STATEMENT_EXECUTE|[8]
14:28:21.0 (3781011)|STATEMENT_EXECUTE|[9]
14:28:21.0 (3810249)|HEAP_ALLOCATE|[9]|Bytes:4
14:28:21.0 (3947804)|VARIABLE_ASSIGNMENT|[EXTERNAL]|this|{}|0x4533d6ed
14:28:21.0 (3964174)|VARIABLE_ASSIGNMENT|[EXTERNAL]|value|{}|0x657ad10b
14:28:21.0 (3978635)|VARIABLE_ASSIGNMENT|[4]|this.placeholderPotential|{}|0x4533d6ed
14:28:21.0 (3989224)|STATEMENT_EXECUTE|[10]
14:28:21.0 (4000582)|HEAP_ALLOCATE|[10]|Bytes:4
14:28:21.0 (4086349)|VARIABLE_ASSIGNMENT|[EXTERNAL]|this|{"placeholderPotential":"0x657ad10b"}|0x4533d6ed
14:28:21.0 (4097650)|HEAP_ALLOCATE|[EXTERNAL]|Bytes:4
14:28:21.0 (4107519)|VARIABLE_ASSIGNMENT|[EXTERNAL]|value|[]|0x436c4d65
14:28:21.0 (4119551)|VARIABLE_ASSIGNMENT|[5]|this.accountPotentials|[]|0x4533d6ed
14:28:21.0 (4128031)|STATEMENT_EXECUTE|[11]
14:28:21.0 (4135293)|HEAP_ALLOCATE|[11]|Bytes:4
14:28:21.0 (4173853)|VARIABLE_ASSIGNMENT|[EXTERNAL]|this|{"accountPotentials":"0x436c4d65","placeholderPotential":"0x657ad10b"}|0x4533d6ed
14:28:21.0 (4183715)|HEAP_ALLOCATE|[EXTERNAL]|Bytes:4
14:28:21.0 (4189667)|VARIABLE_ASSIGNMENT|[EXTERNAL]|value|[]|0x61d6b9ca
14:28:21.0 (4199172)|VARIABLE_ASSIGNMENT|[6]|this.accountPot|[]|0x4533d6ed
14:28:21.0 (4210746)|SYSTEM_MODE_EXIT|false
14:28:21.0 (5285553)|VF_SERIALIZE_VIEWSTATE_BEGIN|0661H000002Q8fN
14:28:21.0 (7263735)|VF_SERIALIZE_VIEWSTATE_END
14:28:21.9 (9530517)|CUMULATIVE_LIMIT_USAGE
14:28:21.9 (9530517)|LIMIT_USAGE_FOR_NS|(default)|
  Number of SOQL queries: 0 out of 100
  Number of query rows: 0 out of 50000
  Number of SOSL queries: 0 out of 20
  Number of DML statements: 0 out of 150
  Number of DML rows: 0 out of 10000
  Maximum CPU time: 0 out of 10000
  Maximum heap size: 0 out of 6000000
  Number of callouts: 0 out of 100
  Number of Email Invocations: 0 out of 10
  Number of future calls: 0 out of 50
  Number of queueable jobs added to the queue: 0 out of 50
  Number of Mobile Apex push calls: 0 out of 10

14:28:21.9 (9530517)|CUMULATIVE_LIMIT_USAGE_END

14:28:21.0 (9574069)|CODE_UNIT_FINISHED|VF: /apex/Potential_Manager
14:28:21.0 (10446249)|EXECUTION_FINISHED
