34.0 APEX_CODE,FINEST;APEX_PROFILING,INFO;CALLOUT,INFO;DB,INFO;NBA,INFO;SYSTEM,DEBUG;VALIDATION,INFO;VISUALFORCE,INFO;WAVE,INFO;WORKFLOW,INFO
14:24:20.0 (382107)|USER_INFO|[EXTERNAL]|0051H000008yiOQ|pavel@topengineer.io|Pacific Standard Time|GMT-07:00
14:24:20.0 (443978)|EXECUTION_STARTED
14:24:20.0 (450994)|CODE_UNIT_STARTED|[EXTERNAL]|0661H000002Q8fN|VF: /apex/Potential_Manager
14:24:20.0 (3740305)|SYSTEM_MODE_ENTER|true
14:24:20.0 (4279904)|HEAP_ALLOCATE|[72]|Bytes:3
14:24:20.0 (4364758)|HEAP_ALLOCATE|[77]|Bytes:152
14:24:20.0 (4382689)|HEAP_ALLOCATE|[342]|Bytes:408
14:24:20.0 (4396576)|HEAP_ALLOCATE|[355]|Bytes:408
14:24:20.0 (4408770)|HEAP_ALLOCATE|[467]|Bytes:48
14:24:20.0 (4437573)|HEAP_ALLOCATE|[139]|Bytes:6
14:24:20.0 (4454087)|HEAP_ALLOCATE|[EXTERNAL]|Bytes:148
14:24:20.0 (4474485)|HEAP_ALLOCATE|[EXTERNAL]|Bytes:16
14:24:20.0 (4502737)|METHOD_ENTRY|[1]|01p1H000005w2NJ|potential_Manager.potential_Manager()
14:24:20.0 (4512065)|STATEMENT_EXECUTE|[1]
14:24:20.0 (4520486)|STATEMENT_EXECUTE|[1]
14:24:20.0 (4561055)|HEAP_ALLOCATE|[50]|Bytes:5
14:24:20.0 (4585174)|HEAP_ALLOCATE|[56]|Bytes:5
14:24:20.0 (4593140)|HEAP_ALLOCATE|[64]|Bytes:7
14:24:20.0 (4639274)|SYSTEM_MODE_ENTER|false
14:24:20.0 (4657328)|HEAP_ALLOCATE|[EXTERNAL]|Bytes:5
14:24:20.0 (4668933)|SYSTEM_MODE_EXIT|false
14:24:20.0 (4694199)|METHOD_EXIT|[1]|potential_Manager
14:24:20.0 (4810915)|HEAP_ALLOCATE|[EXTERNAL]|Bytes:16
14:24:20.0 (4822718)|VARIABLE_SCOPE_BEGIN|[8]|this|potential_Manager|true|false
14:24:20.0 (4888185)|VARIABLE_ASSIGNMENT|[8]|this|{}|0x188a5946
14:24:20.0 (4902624)|SYSTEM_MODE_ENTER|false
14:24:20.0 (4909587)|HEAP_ALLOCATE|[9]|Bytes:5
14:24:20.0 (4914949)|STATEMENT_EXECUTE|[1]
14:24:20.0 (4917641)|HEAP_ALLOCATE|[9]|Bytes:5
14:24:20.0 (4921331)|STATEMENT_EXECUTE|[4]
14:24:20.0 (4923002)|STATEMENT_EXECUTE|[5]
14:24:20.0 (4924523)|STATEMENT_EXECUTE|[6]
14:24:20.0 (4933956)|HEAP_ALLOCATE|[9]|Bytes:6
14:24:20.0 (4968762)|STATEMENT_EXECUTE|[8]
14:24:20.0 (4970634)|STATEMENT_EXECUTE|[9]
14:24:20.0 (4995489)|HEAP_ALLOCATE|[9]|Bytes:4
14:24:20.0 (5182129)|VARIABLE_ASSIGNMENT|[EXTERNAL]|this|{}|0x188a5946
14:24:20.0 (5199861)|VARIABLE_ASSIGNMENT|[EXTERNAL]|value|{}|0xf85f6a5
14:24:20.0 (5215574)|VARIABLE_ASSIGNMENT|[4]|this.placeholderPotential|{}|0x188a5946
14:24:20.0 (5257693)|STATEMENT_EXECUTE|[10]
14:24:20.0 (5274875)|HEAP_ALLOCATE|[10]|Bytes:4
14:24:20.0 (5412290)|VARIABLE_ASSIGNMENT|[EXTERNAL]|this|{"placeholderPotential":"0xf85f6a5"}|0x188a5946
14:24:20.0 (5425873)|HEAP_ALLOCATE|[EXTERNAL]|Bytes:4
14:24:20.0 (5436965)|VARIABLE_ASSIGNMENT|[EXTERNAL]|value|[]|0x287dce16
14:24:20.0 (5448420)|VARIABLE_ASSIGNMENT|[5]|this.accountPotentials|[]|0x188a5946
14:24:20.0 (5457796)|STATEMENT_EXECUTE|[11]
14:24:20.0 (5465725)|HEAP_ALLOCATE|[11]|Bytes:4
14:24:20.0 (5504539)|VARIABLE_ASSIGNMENT|[EXTERNAL]|this|{"accountPotentials":"0x287dce16","placeholderPotential":"0xf85f6a5"}|0x188a5946
14:24:20.0 (5514588)|HEAP_ALLOCATE|[EXTERNAL]|Bytes:4
14:24:20.0 (5520778)|VARIABLE_ASSIGNMENT|[EXTERNAL]|value|[]|0x17aa3d19
14:24:20.0 (5531354)|VARIABLE_ASSIGNMENT|[6]|this.accountPot|[]|0x188a5946
14:24:20.0 (5542244)|SYSTEM_MODE_EXIT|false
14:24:20.0 (7039633)|VF_SERIALIZE_VIEWSTATE_BEGIN|0661H000002Q8fN
14:24:20.0 (9320090)|VF_SERIALIZE_VIEWSTATE_END
14:24:20.11 (11886413)|CUMULATIVE_LIMIT_USAGE
14:24:20.11 (11886413)|LIMIT_USAGE_FOR_NS|(default)|
  Number of SOQL queries: 0 out of 100
  Number of query rows: 0 out of 50000
  Number of SOSL queries: 0 out of 20
  Number of DML statements: 0 out of 150
  Number of DML rows: 0 out of 10000
  Maximum CPU time: 0 out of 10000
  Maximum heap size: 0 out of 6000000
  Number of callouts: 0 out of 100
  Number of Email Invocations: 0 out of 10
  Number of future calls: 0 out of 50
  Number of queueable jobs added to the queue: 0 out of 50
  Number of Mobile Apex push calls: 0 out of 10

14:24:20.11 (11886413)|CUMULATIVE_LIMIT_USAGE_END

14:24:20.0 (11946245)|CODE_UNIT_FINISHED|VF: /apex/Potential_Manager
14:24:20.0 (13234333)|EXECUTION_FINISHED
