34.0 APEX_CODE,FINEST;APEX_PROFILING,INFO;CALLOUT,INFO;DB,INFO;NBA,INFO;SYSTEM,DEBUG;VALIDATION,INFO;VISUALFORCE,INFO;WAVE,INFO;WORKFLOW,INFO
16:57:18.0 (367025)|USER_INFO|[EXTERNAL]|0051H000008yiOQ|pavel@topengineer.io|Pacific Standard Time|GMT-07:00
16:57:18.0 (541980)|EXECUTION_STARTED
16:57:18.0 (547578)|CODE_UNIT_STARTED|[EXTERNAL]|0661H000002ugfO|VF: /apex/CustomerEvangelist
16:57:18.0 (2553055)|SYSTEM_MODE_ENTER|true
16:57:18.0 (3053649)|HEAP_ALLOCATE|[72]|Bytes:3
16:57:18.0 (3116296)|HEAP_ALLOCATE|[77]|Bytes:152
16:57:18.0 (3133004)|HEAP_ALLOCATE|[342]|Bytes:408
16:57:18.0 (3146596)|HEAP_ALLOCATE|[355]|Bytes:408
16:57:18.0 (3157109)|HEAP_ALLOCATE|[467]|Bytes:48
16:57:18.0 (3184260)|HEAP_ALLOCATE|[139]|Bytes:6
16:57:18.0 (3200699)|HEAP_ALLOCATE|[EXTERNAL]|Bytes:176
16:57:18.0 (3220380)|HEAP_ALLOCATE|[EXTERNAL]|Bytes:19
16:57:18.0 (3246423)|METHOD_ENTRY|[1]|01p1H000006LIeu|CustomerEvangelist.CustomerEvangelist()
16:57:18.0 (3254093)|STATEMENT_EXECUTE|[1]
16:57:18.0 (3260735)|STATEMENT_EXECUTE|[1]
16:57:18.0 (3297078)|HEAP_ALLOCATE|[50]|Bytes:5
16:57:18.0 (3323274)|HEAP_ALLOCATE|[56]|Bytes:5
16:57:18.0 (3331764)|HEAP_ALLOCATE|[64]|Bytes:7
16:57:18.0 (3349700)|SYSTEM_MODE_ENTER|false
16:57:18.0 (3364815)|HEAP_ALLOCATE|[EXTERNAL]|Bytes:5
16:57:18.0 (3374031)|SYSTEM_MODE_EXIT|false
16:57:18.0 (3394034)|METHOD_EXIT|[1]|CustomerEvangelist
16:57:18.0 (3466504)|HEAP_ALLOCATE|[EXTERNAL]|Bytes:20
16:57:18.0 (3477191)|VARIABLE_SCOPE_BEGIN|[9]|this|CustomerEvangelist|true|false
16:57:18.0 (3539162)|VARIABLE_ASSIGNMENT|[9]|this|{}|0x33798575
16:57:18.0 (3554009)|SYSTEM_MODE_ENTER|false
16:57:18.0 (3560520)|HEAP_ALLOCATE|[10]|Bytes:5
16:57:18.0 (3565110)|STATEMENT_EXECUTE|[1]
16:57:18.0 (3568197)|HEAP_ALLOCATE|[10]|Bytes:5
16:57:18.0 (3571052)|STATEMENT_EXECUTE|[5]
16:57:18.0 (3572636)|STATEMENT_EXECUTE|[6]
16:57:18.0 (3573982)|STATEMENT_EXECUTE|[7]
16:57:18.0 (3575343)|STATEMENT_EXECUTE|[43]
16:57:18.0 (3583921)|HEAP_ALLOCATE|[10]|Bytes:6
16:57:18.0 (3615288)|STATEMENT_EXECUTE|[9]
16:57:18.0 (3617246)|STATEMENT_EXECUTE|[10]
16:57:18.0 (3636628)|HEAP_ALLOCATE|[10]|Bytes:4
16:57:18.0 (3836658)|VARIABLE_ASSIGNMENT|[EXTERNAL]|this|{}|0x33798575
16:57:18.0 (3853987)|VARIABLE_ASSIGNMENT|[EXTERNAL]|value|{}|0x4e9ceb39
16:57:18.0 (3872020)|VARIABLE_ASSIGNMENT|[5]|this.placeholderContact|{}|0x33798575
16:57:18.0 (3900593)|STATEMENT_EXECUTE|[11]
16:57:18.0 (3914397)|HEAP_ALLOCATE|[11]|Bytes:4
16:57:18.0 (4057313)|VARIABLE_ASSIGNMENT|[EXTERNAL]|this|{"placeholderContact":"0x4e9ceb39"}|0x33798575
16:57:18.0 (4071593)|HEAP_ALLOCATE|[EXTERNAL]|Bytes:4
16:57:18.0 (4082214)|VARIABLE_ASSIGNMENT|[EXTERNAL]|value|[]|0x10d452b7
16:57:18.0 (4094219)|VARIABLE_ASSIGNMENT|[6]|this.accountContacts|[]|0x33798575
16:57:18.0 (4103618)|STATEMENT_EXECUTE|[12]
16:57:18.0 (4111575)|HEAP_ALLOCATE|[12]|Bytes:4
16:57:18.0 (4167163)|VARIABLE_ASSIGNMENT|[EXTERNAL]|this|{"accountContacts":"0x10d452b7","placeholderContact":"0x4e9ceb39"}|0x33798575
16:57:18.0 (4178448)|HEAP_ALLOCATE|[EXTERNAL]|Bytes:4
16:57:18.0 (4184712)|VARIABLE_ASSIGNMENT|[EXTERNAL]|value|[]|0x20d1cae5
16:57:18.0 (4194274)|VARIABLE_ASSIGNMENT|[7]|this.accountAccount|[]|0x33798575
16:57:18.0 (4205984)|SYSTEM_MODE_EXIT|false
16:57:18.0 (4276457)|SYSTEM_MODE_ENTER|true
16:57:18.0 (32299757)|VF_SERIALIZE_VIEWSTATE_BEGIN|0661H000002ugfO
16:57:18.0 (34401771)|VF_SERIALIZE_VIEWSTATE_END
16:57:18.36 (36597601)|CUMULATIVE_LIMIT_USAGE
16:57:18.36 (36597601)|LIMIT_USAGE_FOR_NS|(default)|
  Number of SOQL queries: 0 out of 100
  Number of query rows: 0 out of 50000
  Number of SOSL queries: 0 out of 20
  Number of DML statements: 0 out of 150
  Number of DML rows: 0 out of 10000
  Maximum CPU time: 0 out of 10000
  Maximum heap size: 0 out of 6000000
  Number of callouts: 0 out of 100
  Number of Email Invocations: 0 out of 10
  Number of future calls: 0 out of 50
  Number of queueable jobs added to the queue: 0 out of 50
  Number of Mobile Apex push calls: 0 out of 10

16:57:18.36 (36597601)|CUMULATIVE_LIMIT_USAGE_END

16:57:18.0 (36638366)|CODE_UNIT_FINISHED|VF: /apex/CustomerEvangelist
16:57:18.0 (37339204)|EXECUTION_FINISHED
