34.0 APEX_CODE,FINEST;APEX_PROFILING,INFO;CALLOUT,INFO;DB,INFO;NBA,INFO;SYSTEM,DEBUG;VALIDATION,INFO;VISUALFORCE,INFO;WAVE,INFO;WORKFLOW,INFO
13:24:17.0 (368978)|USER_INFO|[EXTERNAL]|0051H000008yiOQ|pavel@topengineer.io|Pacific Standard Time|GMT-07:00
13:24:17.0 (417680)|EXECUTION_STARTED
13:24:17.0 (422502)|CODE_UNIT_STARTED|[EXTERNAL]|0661H000002Q8fN|VF: /apex/Potential_Manager
13:24:17.0 (8119851)|SYSTEM_MODE_ENTER|true
13:24:17.0 (8626323)|HEAP_ALLOCATE|[72]|Bytes:3
13:24:17.0 (8692751)|HEAP_ALLOCATE|[77]|Bytes:152
13:24:17.0 (8712677)|HEAP_ALLOCATE|[342]|Bytes:408
13:24:17.0 (8732986)|HEAP_ALLOCATE|[355]|Bytes:408
13:24:17.0 (8751790)|HEAP_ALLOCATE|[467]|Bytes:48
13:24:17.0 (8787490)|HEAP_ALLOCATE|[139]|Bytes:6
13:24:17.0 (8809165)|HEAP_ALLOCATE|[EXTERNAL]|Bytes:148
13:24:17.0 (8838033)|HEAP_ALLOCATE|[EXTERNAL]|Bytes:16
13:24:17.0 (8875554)|METHOD_ENTRY|[1]|01p1H000005w2NJ|potential_Manager.potential_Manager()
13:24:17.0 (8885713)|STATEMENT_EXECUTE|[1]
13:24:17.0 (8892856)|STATEMENT_EXECUTE|[1]
13:24:17.0 (8938326)|HEAP_ALLOCATE|[50]|Bytes:5
13:24:17.0 (8964233)|HEAP_ALLOCATE|[56]|Bytes:5
13:24:17.0 (8976047)|HEAP_ALLOCATE|[64]|Bytes:7
13:24:17.0 (8996361)|SYSTEM_MODE_ENTER|false
13:24:17.0 (9009406)|HEAP_ALLOCATE|[EXTERNAL]|Bytes:5
13:24:17.0 (9019435)|SYSTEM_MODE_EXIT|false
13:24:17.0 (9046070)|METHOD_EXIT|[1]|potential_Manager
13:24:17.0 (9172083)|HEAP_ALLOCATE|[EXTERNAL]|Bytes:16
13:24:17.0 (9187670)|VARIABLE_SCOPE_BEGIN|[8]|this|potential_Manager|true|false
13:24:17.0 (9256685)|VARIABLE_ASSIGNMENT|[8]|this|{}|0x2a67da43
13:24:17.0 (9275307)|SYSTEM_MODE_ENTER|false
13:24:17.0 (9284781)|HEAP_ALLOCATE|[9]|Bytes:5
13:24:17.0 (9291530)|STATEMENT_EXECUTE|[1]
13:24:17.0 (9295970)|HEAP_ALLOCATE|[9]|Bytes:5
13:24:17.0 (9300660)|STATEMENT_EXECUTE|[4]
13:24:17.0 (9303225)|STATEMENT_EXECUTE|[5]
13:24:17.0 (9305321)|STATEMENT_EXECUTE|[6]
13:24:17.0 (9315767)|HEAP_ALLOCATE|[9]|Bytes:6
13:24:17.0 (9362011)|STATEMENT_EXECUTE|[8]
13:24:17.0 (9365061)|STATEMENT_EXECUTE|[9]
13:24:17.0 (9391504)|HEAP_ALLOCATE|[9]|Bytes:4
13:24:17.0 (9617087)|VARIABLE_ASSIGNMENT|[EXTERNAL]|this|{}|0x2a67da43
13:24:17.0 (9639381)|VARIABLE_ASSIGNMENT|[EXTERNAL]|value|{}|0x46375663
13:24:17.0 (9676111)|VARIABLE_ASSIGNMENT|[4]|this.placeholderPotential|{}|0x2a67da43
13:24:17.0 (9715948)|STATEMENT_EXECUTE|[10]
13:24:17.0 (9730319)|HEAP_ALLOCATE|[10]|Bytes:4
13:24:17.0 (9945269)|VARIABLE_ASSIGNMENT|[EXTERNAL]|this|{"placeholderPotential":"0x46375663"}|0x2a67da43
13:24:17.0 (9967210)|HEAP_ALLOCATE|[EXTERNAL]|Bytes:4
13:24:17.0 (9980021)|VARIABLE_ASSIGNMENT|[EXTERNAL]|value|[]|0x4f09a30
13:24:17.0 (9994556)|VARIABLE_ASSIGNMENT|[5]|this.accountPotentials|[]|0x2a67da43
13:24:17.0 (10006667)|STATEMENT_EXECUTE|[11]
13:24:17.0 (10019972)|HEAP_ALLOCATE|[11]|Bytes:4
13:24:17.0 (10074068)|VARIABLE_ASSIGNMENT|[EXTERNAL]|this|{"accountPotentials":"0x4f09a30","placeholderPotential":"0x46375663"}|0x2a67da43
13:24:17.0 (10084149)|HEAP_ALLOCATE|[EXTERNAL]|Bytes:4
13:24:17.0 (10090185)|VARIABLE_ASSIGNMENT|[EXTERNAL]|value|[]|0x7bf03b33
13:24:17.0 (10100949)|VARIABLE_ASSIGNMENT|[6]|this.accountPot|[]|0x2a67da43
13:24:17.0 (10112822)|SYSTEM_MODE_EXIT|false
13:24:17.0 (11451832)|VF_SERIALIZE_VIEWSTATE_BEGIN|0661H000002Q8fN
13:24:17.0 (13151295)|VF_SERIALIZE_VIEWSTATE_END
13:24:17.15 (15479820)|CUMULATIVE_LIMIT_USAGE
13:24:17.15 (15479820)|LIMIT_USAGE_FOR_NS|(default)|
  Number of SOQL queries: 0 out of 100
  Number of query rows: 0 out of 50000
  Number of SOSL queries: 0 out of 20
  Number of DML statements: 0 out of 150
  Number of DML rows: 0 out of 10000
  Maximum CPU time: 0 out of 10000
  Maximum heap size: 0 out of 6000000
  Number of callouts: 0 out of 100
  Number of Email Invocations: 0 out of 10
  Number of future calls: 0 out of 50
  Number of queueable jobs added to the queue: 0 out of 50
  Number of Mobile Apex push calls: 0 out of 10

13:24:17.15 (15479820)|CUMULATIVE_LIMIT_USAGE_END

13:24:17.0 (15522845)|CODE_UNIT_FINISHED|VF: /apex/Potential_Manager
13:24:17.0 (16344680)|EXECUTION_FINISHED
