34.0 APEX_CODE,FINEST;APEX_PROFILING,INFO;CALLOUT,INFO;DB,INFO;NBA,INFO;SYSTEM,DEBUG;VALIDATION,INFO;VISUALFORCE,INFO;WAVE,INFO;WORKFLOW,INFO
10:49:39.0 (582191)|USER_INFO|[EXTERNAL]|0051H000008yiOQ|pavel@topengineer.io|Pacific Standard Time|GMT-07:00
10:49:39.0 (687396)|EXECUTION_STARTED
10:49:39.0 (695861)|CODE_UNIT_STARTED|[EXTERNAL]|0661H000002ugfO|VF: /apex/CustomerEvangelist
10:49:39.0 (43640718)|SYSTEM_MODE_ENTER|true
10:49:39.0 (44206795)|HEAP_ALLOCATE|[72]|Bytes:3
10:49:39.0 (44261448)|HEAP_ALLOCATE|[77]|Bytes:152
10:49:39.0 (44277747)|HEAP_ALLOCATE|[342]|Bytes:408
10:49:39.0 (44291724)|HEAP_ALLOCATE|[355]|Bytes:408
10:49:39.0 (44302137)|HEAP_ALLOCATE|[467]|Bytes:48
10:49:39.0 (44329713)|HEAP_ALLOCATE|[139]|Bytes:6
10:49:39.0 (44346357)|HEAP_ALLOCATE|[EXTERNAL]|Bytes:176
10:49:39.0 (44366941)|HEAP_ALLOCATE|[EXTERNAL]|Bytes:19
10:49:39.0 (44398820)|METHOD_ENTRY|[1]|01p1H000006LIeu|CustomerEvangelist.CustomerEvangelist()
10:49:39.0 (44406275)|STATEMENT_EXECUTE|[1]
10:49:39.0 (44411468)|STATEMENT_EXECUTE|[1]
10:49:39.0 (44443932)|HEAP_ALLOCATE|[50]|Bytes:5
10:49:39.0 (44464804)|HEAP_ALLOCATE|[56]|Bytes:5
10:49:39.0 (44473176)|HEAP_ALLOCATE|[64]|Bytes:7
10:49:39.0 (44488717)|SYSTEM_MODE_ENTER|false
10:49:39.0 (44503976)|HEAP_ALLOCATE|[EXTERNAL]|Bytes:5
10:49:39.0 (44511893)|SYSTEM_MODE_EXIT|false
10:49:39.0 (44535339)|METHOD_EXIT|[1]|CustomerEvangelist
10:49:39.0 (44587225)|HEAP_ALLOCATE|[EXTERNAL]|Bytes:20
10:49:39.0 (44625914)|VARIABLE_SCOPE_BEGIN|[9]|this|CustomerEvangelist|true|false
10:49:39.0 (44755834)|VARIABLE_ASSIGNMENT|[9]|this|{}|0x70d84eb7
10:49:39.0 (44771496)|SYSTEM_MODE_ENTER|false
10:49:39.0 (44783939)|HEAP_ALLOCATE|[10]|Bytes:5
10:49:39.0 (44788914)|STATEMENT_EXECUTE|[1]
10:49:39.0 (44792666)|HEAP_ALLOCATE|[10]|Bytes:5
10:49:39.0 (44796215)|STATEMENT_EXECUTE|[5]
10:49:39.0 (44797797)|STATEMENT_EXECUTE|[6]
10:49:39.0 (44799217)|STATEMENT_EXECUTE|[7]
10:49:39.0 (44800590)|STATEMENT_EXECUTE|[50]
10:49:39.0 (44809090)|HEAP_ALLOCATE|[10]|Bytes:6
10:49:39.0 (44850393)|STATEMENT_EXECUTE|[9]
10:49:39.0 (44852612)|STATEMENT_EXECUTE|[10]
10:49:39.0 (44871516)|HEAP_ALLOCATE|[10]|Bytes:4
10:49:39.0 (45081614)|VARIABLE_ASSIGNMENT|[EXTERNAL]|this|{}|0x70d84eb7
10:49:39.0 (45100377)|VARIABLE_ASSIGNMENT|[EXTERNAL]|value|{}|0x7c11677
10:49:39.0 (45117126)|VARIABLE_ASSIGNMENT|[5]|this.placeholderContact|{}|0x70d84eb7
10:49:39.0 (45150137)|STATEMENT_EXECUTE|[11]
10:49:39.0 (45162910)|HEAP_ALLOCATE|[11]|Bytes:4
10:49:39.0 (45312525)|VARIABLE_ASSIGNMENT|[EXTERNAL]|this|{"placeholderContact":"0x7c11677"}|0x70d84eb7
10:49:39.0 (45327619)|HEAP_ALLOCATE|[EXTERNAL]|Bytes:4
10:49:39.0 (45339978)|VARIABLE_ASSIGNMENT|[EXTERNAL]|value|[]|0x7fa64351
10:49:39.0 (45352450)|VARIABLE_ASSIGNMENT|[6]|this.accountContacts|[]|0x70d84eb7
10:49:39.0 (45363127)|STATEMENT_EXECUTE|[12]
10:49:39.0 (45371132)|HEAP_ALLOCATE|[12]|Bytes:4
10:49:39.0 (45435586)|VARIABLE_ASSIGNMENT|[EXTERNAL]|this|{"accountContacts":"0x7fa64351","placeholderContact":"0x7c11677"}|0x70d84eb7
10:49:39.0 (45446277)|HEAP_ALLOCATE|[EXTERNAL]|Bytes:4
10:49:39.0 (45452906)|VARIABLE_ASSIGNMENT|[EXTERNAL]|value|[]|0x5c353f42
10:49:39.0 (45463059)|VARIABLE_ASSIGNMENT|[7]|this.accountAccount|[]|0x70d84eb7
10:49:39.0 (45475886)|SYSTEM_MODE_EXIT|false
10:49:39.0 (45525836)|SYSTEM_MODE_ENTER|true
10:49:39.0 (79619362)|VF_SERIALIZE_VIEWSTATE_BEGIN|0661H000002ugfO
10:49:39.0 (81848246)|VF_SERIALIZE_VIEWSTATE_END
10:49:39.84 (84761488)|CUMULATIVE_LIMIT_USAGE
10:49:39.84 (84761488)|LIMIT_USAGE_FOR_NS|(default)|
  Number of SOQL queries: 0 out of 100
  Number of query rows: 0 out of 50000
  Number of SOSL queries: 0 out of 20
  Number of DML statements: 0 out of 150
  Number of DML rows: 0 out of 10000
  Maximum CPU time: 0 out of 10000
  Maximum heap size: 0 out of 6000000
  Number of callouts: 0 out of 100
  Number of Email Invocations: 0 out of 10
  Number of future calls: 0 out of 50
  Number of queueable jobs added to the queue: 0 out of 50
  Number of Mobile Apex push calls: 0 out of 10

10:49:39.84 (84761488)|CUMULATIVE_LIMIT_USAGE_END

10:49:39.0 (84833280)|CODE_UNIT_FINISHED|VF: /apex/CustomerEvangelist
10:49:39.0 (85653024)|EXECUTION_FINISHED
