34.0 APEX_CODE,FINEST;APEX_PROFILING,INFO;CALLOUT,INFO;DB,INFO;NBA,INFO;SYSTEM,DEBUG;VALIDATION,INFO;VISUALFORCE,INFO;WAVE,INFO;WORKFLOW,INFO
13:33:29.0 (442168)|USER_INFO|[EXTERNAL]|0051H000008yiOQ|pavel@topengineer.io|Pacific Standard Time|GMT-07:00
13:33:29.0 (515291)|EXECUTION_STARTED
13:33:29.0 (521408)|CODE_UNIT_STARTED|[EXTERNAL]|0661H000002Q8fN|VF: /apex/Potential_Manager
13:33:29.0 (1155131)|VF_DESERIALIZE_VIEWSTATE_BEGIN|0661H000002Q8fN
13:33:29.0 (120576667)|HEAP_ALLOCATE|[72]|Bytes:3
13:33:29.0 (120658344)|HEAP_ALLOCATE|[77]|Bytes:152
13:33:29.0 (120689678)|HEAP_ALLOCATE|[342]|Bytes:408
13:33:29.0 (120720596)|HEAP_ALLOCATE|[355]|Bytes:408
13:33:29.0 (120756123)|HEAP_ALLOCATE|[467]|Bytes:48
13:33:29.0 (120814901)|HEAP_ALLOCATE|[139]|Bytes:6
13:33:29.0 (122307255)|VF_DESERIALIZE_VIEWSTATE_END
13:33:29.0 (147625832)|HEAP_ALLOCATE|[EXTERNAL]|Bytes:148
13:33:29.0 (147681549)|HEAP_ALLOCATE|[EXTERNAL]|Bytes:16
13:33:29.0 (147735049)|METHOD_ENTRY|[1]|01p1H000005w2NJ|potential_Manager.potential_Manager()
13:33:29.0 (147755904)|STATEMENT_EXECUTE|[1]
13:33:29.0 (147764415)|STATEMENT_EXECUTE|[1]
13:33:29.0 (147841395)|HEAP_ALLOCATE|[50]|Bytes:5
13:33:29.0 (147887963)|HEAP_ALLOCATE|[56]|Bytes:5
13:33:29.0 (147906476)|HEAP_ALLOCATE|[64]|Bytes:7
13:33:29.0 (147942357)|SYSTEM_MODE_ENTER|false
13:33:29.0 (184727231)|HEAP_ALLOCATE|[EXTERNAL]|Bytes:5
13:33:29.0 (184756148)|SYSTEM_MODE_EXIT|false
13:33:29.0 (184801104)|METHOD_EXIT|[1]|potential_Manager
13:33:29.0 (184822448)|HEAP_ALLOCATE|[EXTERNAL]|Bytes:16
13:33:29.0 (184835252)|VARIABLE_SCOPE_BEGIN|[14]|this|potential_Manager|true|false
13:33:29.0 (185038943)|VARIABLE_ASSIGNMENT|[14]|this|{"accountPot":"0x6846bbac","accountPotentials":"0x4a1d61ba","placeholderPotential":"0x3c3a8078"}|0x5b674516
13:33:29.0 (185077935)|SYSTEM_MODE_ENTER|false
13:33:29.0 (185094564)|HEAP_ALLOCATE|[16]|Bytes:5
13:33:29.0 (185106573)|STATEMENT_EXECUTE|[14]
13:33:29.0 (185109897)|STATEMENT_EXECUTE|[16]
13:33:29.0 (185115583)|HEAP_ALLOCATE|[16]|Bytes:65
13:33:29.0 (185141079)|HEAP_ALLOCATE|[16]|Bytes:4
13:33:29.0 (212129698)|SOQL_EXECUTE_BEGIN|[16]|Aggregations:0|SELECT product__c, potential__c, probability__c FROM Potential__c
13:33:29.0 (223869067)|SOQL_EXECUTE_END|[16]|Rows:10
13:33:29.0 (323951155)|HEAP_ALLOCATE|[16]|Bytes:44
13:33:29.0 (324025432)|HEAP_ALLOCATE|[16]|Bytes:1568
13:33:29.0 (324063478)|HEAP_ALLOCATE|[16]|Bytes:44
13:33:29.0 (324210835)|VARIABLE_ASSIGNMENT|[EXTERNAL]|this|{"accountPot":"0x6846bbac","accountPotentials":"0x4a1d61ba","placeholderPotential":"0x3c3a8078"}|0x5b674516
13:33:29.0 (324246590)|VARIABLE_ASSIGNMENT|[EXTERNAL]|value|"List of size 10 too large to display"|0x311defc4
13:33:29.0 (324271244)|VARIABLE_ASSIGNMENT|[5]|this.accountPotentials|"List of size 10 too large to display"|0x5b674516
13:33:29.0 (324312818)|SYSTEM_MODE_EXIT|false
13:33:29.0 (331898715)|VF_SERIALIZE_VIEWSTATE_BEGIN|0661H000002Q8fN
13:33:29.0 (336256734)|VF_SERIALIZE_VIEWSTATE_END
13:33:29.368 (368334398)|CUMULATIVE_LIMIT_USAGE
13:33:29.368 (368334398)|LIMIT_USAGE_FOR_NS|(default)|
  Number of SOQL queries: 1 out of 100
  Number of query rows: 10 out of 50000
  Number of SOSL queries: 0 out of 20
  Number of DML statements: 0 out of 150
  Number of DML rows: 0 out of 10000
  Maximum CPU time: 0 out of 10000
  Maximum heap size: 0 out of 6000000
  Number of callouts: 0 out of 100
  Number of Email Invocations: 0 out of 10
  Number of future calls: 0 out of 50
  Number of queueable jobs added to the queue: 0 out of 50
  Number of Mobile Apex push calls: 0 out of 10

13:33:29.368 (368334398)|CUMULATIVE_LIMIT_USAGE_END

13:33:29.0 (368558534)|CODE_UNIT_FINISHED|VF: /apex/Potential_Manager
13:33:29.0 (369478295)|EXECUTION_FINISHED
