34.0 APEX_CODE,FINEST;APEX_PROFILING,INFO;CALLOUT,INFO;DB,INFO;NBA,INFO;SYSTEM,DEBUG;VALIDATION,INFO;VISUALFORCE,INFO;WAVE,INFO;WORKFLOW,INFO
12:56:11.0 (371112)|USER_INFO|[EXTERNAL]|0051H000008yiOQ|pavel@topengineer.io|Pacific Standard Time|GMT-07:00
12:56:11.0 (553063)|EXECUTION_STARTED
12:56:11.0 (558038)|CODE_UNIT_STARTED|[EXTERNAL]|0661H000002ugfO|VF: /apex/CustomerEvangelist
12:56:11.0 (2507118)|SYSTEM_MODE_ENTER|true
12:56:11.0 (3020231)|HEAP_ALLOCATE|[72]|Bytes:3
12:56:11.0 (3074142)|HEAP_ALLOCATE|[77]|Bytes:152
12:56:11.0 (3088737)|HEAP_ALLOCATE|[342]|Bytes:408
12:56:11.0 (3101474)|HEAP_ALLOCATE|[355]|Bytes:408
12:56:11.0 (3112613)|HEAP_ALLOCATE|[467]|Bytes:48
12:56:11.0 (3197476)|HEAP_ALLOCATE|[139]|Bytes:6
12:56:11.0 (3216790)|HEAP_ALLOCATE|[EXTERNAL]|Bytes:176
12:56:11.0 (3241597)|HEAP_ALLOCATE|[EXTERNAL]|Bytes:19
12:56:11.0 (3267094)|METHOD_ENTRY|[1]|01p1H000006LIeu|CustomerEvangelist.CustomerEvangelist()
12:56:11.0 (3275019)|STATEMENT_EXECUTE|[1]
12:56:11.0 (3279373)|STATEMENT_EXECUTE|[1]
12:56:11.0 (3322526)|HEAP_ALLOCATE|[50]|Bytes:5
12:56:11.0 (3345282)|HEAP_ALLOCATE|[56]|Bytes:5
12:56:11.0 (3352505)|HEAP_ALLOCATE|[64]|Bytes:7
12:56:11.0 (3391605)|SYSTEM_MODE_ENTER|false
12:56:11.0 (3402649)|HEAP_ALLOCATE|[EXTERNAL]|Bytes:5
12:56:11.0 (3410546)|SYSTEM_MODE_EXIT|false
12:56:11.0 (3444314)|METHOD_EXIT|[1]|CustomerEvangelist
12:56:11.0 (3512309)|HEAP_ALLOCATE|[EXTERNAL]|Bytes:20
12:56:11.0 (3522119)|VARIABLE_SCOPE_BEGIN|[9]|this|CustomerEvangelist|true|false
12:56:11.0 (3588007)|VARIABLE_ASSIGNMENT|[9]|this|{}|0x187d52c6
12:56:11.0 (3602007)|SYSTEM_MODE_ENTER|false
12:56:11.0 (3608166)|HEAP_ALLOCATE|[10]|Bytes:5
12:56:11.0 (3613024)|STATEMENT_EXECUTE|[1]
12:56:11.0 (3616129)|HEAP_ALLOCATE|[10]|Bytes:5
12:56:11.0 (3619593)|STATEMENT_EXECUTE|[5]
12:56:11.0 (3621281)|STATEMENT_EXECUTE|[6]
12:56:11.0 (3622654)|STATEMENT_EXECUTE|[7]
12:56:11.0 (3624212)|STATEMENT_EXECUTE|[50]
12:56:11.0 (3632530)|HEAP_ALLOCATE|[10]|Bytes:6
12:56:11.0 (3665436)|STATEMENT_EXECUTE|[9]
12:56:11.0 (3667589)|STATEMENT_EXECUTE|[10]
12:56:11.0 (3684018)|HEAP_ALLOCATE|[10]|Bytes:4
12:56:11.0 (3894500)|VARIABLE_ASSIGNMENT|[EXTERNAL]|this|{}|0x187d52c6
12:56:11.0 (3923756)|VARIABLE_ASSIGNMENT|[EXTERNAL]|value|{}|0x22aeddb0
12:56:11.0 (3952293)|VARIABLE_ASSIGNMENT|[5]|this.placeholderContact|{}|0x187d52c6
12:56:11.0 (3987485)|STATEMENT_EXECUTE|[11]
12:56:11.0 (4001513)|HEAP_ALLOCATE|[11]|Bytes:4
12:56:11.0 (4139025)|VARIABLE_ASSIGNMENT|[EXTERNAL]|this|{"placeholderContact":"0x22aeddb0"}|0x187d52c6
12:56:11.0 (4151485)|HEAP_ALLOCATE|[EXTERNAL]|Bytes:4
12:56:11.0 (4163054)|VARIABLE_ASSIGNMENT|[EXTERNAL]|value|[]|0x17b88a64
12:56:11.0 (4175098)|VARIABLE_ASSIGNMENT|[6]|this.accountContacts|[]|0x187d52c6
12:56:11.0 (4184781)|STATEMENT_EXECUTE|[12]
12:56:11.0 (4193926)|HEAP_ALLOCATE|[12]|Bytes:4
12:56:11.0 (4253138)|VARIABLE_ASSIGNMENT|[EXTERNAL]|this|{"accountContacts":"0x17b88a64","placeholderContact":"0x22aeddb0"}|0x187d52c6
12:56:11.0 (4262821)|HEAP_ALLOCATE|[EXTERNAL]|Bytes:4
12:56:11.0 (4268737)|VARIABLE_ASSIGNMENT|[EXTERNAL]|value|[]|0x44a0547e
12:56:11.0 (4279696)|VARIABLE_ASSIGNMENT|[7]|this.accountAccount|[]|0x187d52c6
12:56:11.0 (4291158)|SYSTEM_MODE_EXIT|false
12:56:11.0 (4347864)|SYSTEM_MODE_ENTER|true
12:56:11.0 (38754418)|VF_SERIALIZE_VIEWSTATE_BEGIN|0661H000002ugfO
12:56:11.0 (51731932)|VF_SERIALIZE_VIEWSTATE_END
12:56:11.54 (54807621)|CUMULATIVE_LIMIT_USAGE
12:56:11.54 (54807621)|LIMIT_USAGE_FOR_NS|(default)|
  Number of SOQL queries: 0 out of 100
  Number of query rows: 0 out of 50000
  Number of SOSL queries: 0 out of 20
  Number of DML statements: 0 out of 150
  Number of DML rows: 0 out of 10000
  Maximum CPU time: 0 out of 10000
  Maximum heap size: 0 out of 6000000
  Number of callouts: 0 out of 100
  Number of Email Invocations: 0 out of 10
  Number of future calls: 0 out of 50
  Number of queueable jobs added to the queue: 0 out of 50
  Number of Mobile Apex push calls: 0 out of 10

12:56:11.54 (54807621)|CUMULATIVE_LIMIT_USAGE_END

12:56:11.0 (54859355)|CODE_UNIT_FINISHED|VF: /apex/CustomerEvangelist
12:56:11.0 (55750071)|EXECUTION_FINISHED
