34.0 APEX_CODE,FINEST;APEX_PROFILING,INFO;CALLOUT,INFO;DB,INFO;NBA,INFO;SYSTEM,DEBUG;VALIDATION,INFO;VISUALFORCE,INFO;WAVE,INFO;WORKFLOW,INFO
13:31:45.0 (401640)|USER_INFO|[EXTERNAL]|0051H000008yiOQ|pavel@topengineer.io|Pacific Standard Time|GMT-07:00
13:31:45.0 (437862)|EXECUTION_STARTED
13:31:45.0 (442820)|CODE_UNIT_STARTED|[EXTERNAL]|0661H000002Q8fN|VF: /apex/Potential_Manager
13:31:45.0 (6665909)|SYSTEM_MODE_ENTER|true
13:31:45.0 (7063385)|HEAP_ALLOCATE|[72]|Bytes:3
13:31:45.0 (7124559)|HEAP_ALLOCATE|[77]|Bytes:152
13:31:45.0 (7139910)|HEAP_ALLOCATE|[342]|Bytes:408
13:31:45.0 (7153744)|HEAP_ALLOCATE|[355]|Bytes:408
13:31:45.0 (7164111)|HEAP_ALLOCATE|[467]|Bytes:48
13:31:45.0 (7189717)|HEAP_ALLOCATE|[139]|Bytes:6
13:31:45.0 (7204489)|HEAP_ALLOCATE|[EXTERNAL]|Bytes:148
13:31:45.0 (7232193)|HEAP_ALLOCATE|[EXTERNAL]|Bytes:16
13:31:45.0 (7254576)|METHOD_ENTRY|[1]|01p1H000005w2NJ|potential_Manager.potential_Manager()
13:31:45.0 (7261599)|STATEMENT_EXECUTE|[1]
13:31:45.0 (7266983)|STATEMENT_EXECUTE|[1]
13:31:45.0 (7295524)|HEAP_ALLOCATE|[50]|Bytes:5
13:31:45.0 (7315383)|HEAP_ALLOCATE|[56]|Bytes:5
13:31:45.0 (7323300)|HEAP_ALLOCATE|[64]|Bytes:7
13:31:45.0 (7338365)|SYSTEM_MODE_ENTER|false
13:31:45.0 (7348896)|HEAP_ALLOCATE|[EXTERNAL]|Bytes:5
13:31:45.0 (7360654)|SYSTEM_MODE_EXIT|false
13:31:45.0 (7380381)|METHOD_EXIT|[1]|potential_Manager
13:31:45.0 (7476586)|HEAP_ALLOCATE|[EXTERNAL]|Bytes:16
13:31:45.0 (7487352)|VARIABLE_SCOPE_BEGIN|[8]|this|potential_Manager|true|false
13:31:45.0 (7542037)|VARIABLE_ASSIGNMENT|[8]|this|{}|0x76a42afc
13:31:45.0 (7557042)|SYSTEM_MODE_ENTER|false
13:31:45.0 (7564240)|HEAP_ALLOCATE|[9]|Bytes:5
13:31:45.0 (7568862)|STATEMENT_EXECUTE|[1]
13:31:45.0 (7571651)|HEAP_ALLOCATE|[9]|Bytes:5
13:31:45.0 (7574432)|STATEMENT_EXECUTE|[4]
13:31:45.0 (7576444)|STATEMENT_EXECUTE|[5]
13:31:45.0 (7577885)|STATEMENT_EXECUTE|[6]
13:31:45.0 (7585969)|HEAP_ALLOCATE|[9]|Bytes:6
13:31:45.0 (7619443)|STATEMENT_EXECUTE|[8]
13:31:45.0 (7621516)|STATEMENT_EXECUTE|[9]
13:31:45.0 (7642669)|HEAP_ALLOCATE|[9]|Bytes:4
13:31:45.0 (7799536)|VARIABLE_ASSIGNMENT|[EXTERNAL]|this|{}|0x76a42afc
13:31:45.0 (7816012)|VARIABLE_ASSIGNMENT|[EXTERNAL]|value|{}|0x3f4c166d
13:31:45.0 (7828926)|VARIABLE_ASSIGNMENT|[4]|this.placeholderPotential|{}|0x76a42afc
13:31:45.0 (7858560)|STATEMENT_EXECUTE|[10]
13:31:45.0 (7868821)|HEAP_ALLOCATE|[10]|Bytes:4
13:31:45.0 (7999873)|VARIABLE_ASSIGNMENT|[EXTERNAL]|this|{"placeholderPotential":"0x3f4c166d"}|0x76a42afc
13:31:45.0 (8011790)|HEAP_ALLOCATE|[EXTERNAL]|Bytes:4
13:31:45.0 (8022711)|VARIABLE_ASSIGNMENT|[EXTERNAL]|value|[]|0x1e59cdfd
13:31:45.0 (8033467)|VARIABLE_ASSIGNMENT|[5]|this.accountPotentials|[]|0x76a42afc
13:31:45.0 (8042345)|STATEMENT_EXECUTE|[11]
13:31:45.0 (8049694)|HEAP_ALLOCATE|[11]|Bytes:4
13:31:45.0 (8087988)|VARIABLE_ASSIGNMENT|[EXTERNAL]|this|{"accountPotentials":"0x1e59cdfd","placeholderPotential":"0x3f4c166d"}|0x76a42afc
13:31:45.0 (8097214)|HEAP_ALLOCATE|[EXTERNAL]|Bytes:4
13:31:45.0 (8103063)|VARIABLE_ASSIGNMENT|[EXTERNAL]|value|[]|0x254d2184
13:31:45.0 (8112439)|VARIABLE_ASSIGNMENT|[6]|this.accountPot|[]|0x76a42afc
13:31:45.0 (8123621)|SYSTEM_MODE_EXIT|false
13:31:45.0 (9197095)|VF_SERIALIZE_VIEWSTATE_BEGIN|0661H000002Q8fN
13:31:45.0 (10833641)|VF_SERIALIZE_VIEWSTATE_END
13:31:45.15 (15703485)|CUMULATIVE_LIMIT_USAGE
13:31:45.15 (15703485)|LIMIT_USAGE_FOR_NS|(default)|
  Number of SOQL queries: 0 out of 100
  Number of query rows: 0 out of 50000
  Number of SOSL queries: 0 out of 20
  Number of DML statements: 0 out of 150
  Number of DML rows: 0 out of 10000
  Maximum CPU time: 0 out of 10000
  Maximum heap size: 0 out of 6000000
  Number of callouts: 0 out of 100
  Number of Email Invocations: 0 out of 10
  Number of future calls: 0 out of 50
  Number of queueable jobs added to the queue: 0 out of 50
  Number of Mobile Apex push calls: 0 out of 10

13:31:45.15 (15703485)|CUMULATIVE_LIMIT_USAGE_END

13:31:45.0 (15736668)|CODE_UNIT_FINISHED|VF: /apex/Potential_Manager
13:31:45.0 (16478562)|EXECUTION_FINISHED
